[ 2016-09-07T20:33:16+08:00 ] 127.0.0.1 /FrontUser/ajax_account_list
SQL: SHOW COLUMNS FROM `tp_config` [ RunTime:0.053501s ]
SQL: SELECT * FROM `tp_config`  [ RunTime:0.000793s ]
SQL: SELECT `user_id` FROM `tp_users` WHERE ( user_id = 39606 ) LIMIT 1   [ RunTime:0.019832s ]
SQL: SELECT `subscribe`,`openid` FROM `tp_users` WHERE ( user_id = 39606 AND is_enable = 1 ) LIMIT 1   [ RunTime:0.021602s ]
SQL: SHOW COLUMNS FROM `tp_user_address` [ RunTime:0.009669s ]
SQL: SELECT `user_address_id` FROM `tp_users` WHERE ( user_id = 39606 AND is_enable = 1 ) LIMIT 1   [ RunTime:0.000415s ]
SQL: SELECT * FROM `tp_user_address` WHERE ( user_address_id = 3 ) LIMIT 1   [ RunTime:0.003777s ]
SQL: SHOW COLUMNS FROM `tp_address_province` [ RunTime:0.012435s ]
SQL: SELECT `province_name` FROM `tp_address_province` WHERE ( province_id = 130000 ) LIMIT 1   [ RunTime:0.002273s ]
SQL: SHOW COLUMNS FROM `tp_address_city` [ RunTime:0.007504s ]
SQL: SELECT `city_name` FROM `tp_address_city` WHERE ( city_id = 130200 ) LIMIT 1   [ RunTime:0.024104s ]
SQL: SHOW COLUMNS FROM `tp_address_area` [ RunTime:0.006717s ]
SQL: SELECT `area_name` FROM `tp_address_area` WHERE ( area_id = 130202 ) LIMIT 1   [ RunTime:0.003578s ]
SQL: SHOW COLUMNS FROM `tp_config` [ RunTime:0.003975s ]
SQL: SELECT `config_value` FROM `tp_config` WHERE ( config_name= "jsapi_ticket" ) LIMIT 1   [ RunTime:0.000257s ]
SQL: SELECT `config_value` FROM `tp_config` WHERE ( config_name= "jsapi_ticket_expire_time" ) LIMIT 1   [ RunTime:0.000190s ]
SQL: SHOW COLUMNS FROM `tp_config` [ RunTime:0.003080s ]
SQL: SELECT `config_value` FROM `tp_config` WHERE ( config_name= "access_token" ) LIMIT 1   [ RunTime:0.000282s ]
SQL: SELECT `config_value` FROM `tp_config` WHERE ( config_name= "access_token_expire_time" ) LIMIT 1   [ RunTime:0.000179s ]
SQL: UPDATE `tp_config` SET `config_value`='XtzlCm0gBtHmmdyKtPMo-D5ikj_WWqijislwk06q1jGTwcgcVyl1H_0bg9FFXODLvy769rFeBl05-q1yM0_hXxpI6o5UkhBEXC6gqWaXyvhCC_BUkp27e8V099AV1ybqPNZiAGAXVH' WHERE ( config_name="access_token" ) [ RunTime:0.010306s ]
SQL: UPDATE `tp_config` SET `config_value`=1473258595 WHERE ( config_name="access_token_expire_time" ) [ RunTime:0.000365s ]
SQL: UPDATE `tp_config` SET `config_value`='sM4AOVdWfPE4DxkXGEs8VMkXF0G0i5AQDiP4pE-z34Gmz5eoUYmrq3K634gnb3_7IwnZ6uBahmuFDrkmZVRkDg' WHERE ( config_name="jsapi_ticket" ) [ RunTime:0.000504s ]
SQL: UPDATE `tp_config` SET `config_value`=1473258595 WHERE ( config_name="jsapi_ticket_expire_time" ) [ RunTime:0.000247s ]
SQL: SELECT `headimgurl` FROM `tp_users` WHERE ( user_id = 39606 AND is_enable = 1 ) LIMIT 1   [ RunTime:0.000438s ]
SQL: SELECT `mobile`,`role_type` FROM `tp_users` WHERE ( user_id = 39606 AND is_enable = 1 ) LIMIT 1   [ RunTime:0.000617s ]
SQL: SELECT COUNT(*) AS tp_count FROM `tp_account` WHERE ( user_id = 39606 ) LIMIT 1   [ RunTime:0.004869s ]
SQL: SELECT `remark`,`addtime`,`amount_before_pay`,`amount_after_pay`,`amount_in`,`amount_out`,`order_id`,`change_type`,`operater` FROM `tp_account` WHERE ( user_id = 39606 ) ORDER BY addtime DESC LIMIT 4, 1   [ RunTime:0.004450s ]
SQL: SELECT `nickname` FROM `tp_users` WHERE ( user_id = 1 AND is_enable = 1 ) LIMIT 1   [ RunTime:0.000520s ]

