[ 2016-11-17T09:15:14+08:00 ] 127.0.0.1 /FrontGuess/guess_index
SQL: SHOW COLUMNS FROM `tp_guess_user` [ RunTime:0.036905s ]
SQL: SHOW COLUMNS FROM `tp_config` [ RunTime:0.004796s ]
SQL: SELECT `config_value` FROM `tp_config` WHERE ( config_name= "draw_prop" ) LIMIT 1   [ RunTime:0.001638s ]

[ 2016-11-17T09:15:21+08:00 ] 127.0.0.1 /FrontGuess/guess_index
SQL: SHOW COLUMNS FROM `tp_guess_user` [ RunTime:0.010121s ]
SQL: SHOW COLUMNS FROM `tp_config` [ RunTime:0.003329s ]
SQL: SELECT `config_value` FROM `tp_config` WHERE ( config_name= "draw_prop" ) LIMIT 1   [ RunTime:0.000204s ]

[ 2016-11-17T09:15:21+08:00 ] 127.0.0.1 /FrontGuess/guess_index
SQL: SHOW COLUMNS FROM `tp_guess_user` [ RunTime:0.006031s ]
SQL: SHOW COLUMNS FROM `tp_config` [ RunTime:0.006802s ]
SQL: SELECT `config_value` FROM `tp_config` WHERE ( config_name= "draw_prop" ) LIMIT 1   [ RunTime:0.003203s ]

[ 2016-11-17T09:15:22+08:00 ] 127.0.0.1 /FrontGuess/guess_index
SQL: SHOW COLUMNS FROM `tp_guess_user` [ RunTime:0.006503s ]
SQL: SHOW COLUMNS FROM `tp_config` [ RunTime:0.006057s ]
SQL: SELECT `config_value` FROM `tp_config` WHERE ( config_name= "draw_prop" ) LIMIT 1   [ RunTime:0.000278s ]

[ 2016-11-17T09:15:22+08:00 ] 127.0.0.1 /FrontGuess/guess_index
SQL: SHOW COLUMNS FROM `tp_guess_user` [ RunTime:0.006168s ]
SQL: SHOW COLUMNS FROM `tp_config` [ RunTime:0.006809s ]
SQL: SELECT `config_value` FROM `tp_config` WHERE ( config_name= "draw_prop" ) LIMIT 1   [ RunTime:0.000347s ]

[ 2016-11-17T09:15:23+08:00 ] 127.0.0.1 /FrontGuess/guess_index
SQL: SHOW COLUMNS FROM `tp_guess_user` [ RunTime:0.003093s ]
SQL: SHOW COLUMNS FROM `tp_config` [ RunTime:0.003541s ]
SQL: SELECT `config_value` FROM `tp_config` WHERE ( config_name= "draw_prop" ) LIMIT 1   [ RunTime:0.000233s ]

[ 2016-11-17T09:15:23+08:00 ] 127.0.0.1 /FrontGuess/guess_index
SQL: SHOW COLUMNS FROM `tp_guess_user` [ RunTime:0.006156s ]
SQL: SHOW COLUMNS FROM `tp_config` [ RunTime:0.003263s ]
SQL: SELECT `config_value` FROM `tp_config` WHERE ( config_name= "draw_prop" ) LIMIT 1   [ RunTime:0.000454s ]

[ 2016-11-17T09:15:24+08:00 ] 127.0.0.1 /FrontGuess/guess_index
SQL: SHOW COLUMNS FROM `tp_guess_user` [ RunTime:0.003302s ]
SQL: SHOW COLUMNS FROM `tp_config` [ RunTime:0.003197s ]
SQL: SELECT `config_value` FROM `tp_config` WHERE ( config_name= "draw_prop" ) LIMIT 1   [ RunTime:0.000250s ]

[ 2016-11-17T09:15:24+08:00 ] 127.0.0.1 /FrontGuess/guess_index
SQL: SHOW COLUMNS FROM `tp_guess_user` [ RunTime:0.006000s ]
SQL: SHOW COLUMNS FROM `tp_config` [ RunTime:0.003493s ]
SQL: SELECT `config_value` FROM `tp_config` WHERE ( config_name= "draw_prop" ) LIMIT 1   [ RunTime:0.000792s ]

[ 2016-11-17T09:15:24+08:00 ] 127.0.0.1 /FrontGuess/guess_index
SQL: SHOW COLUMNS FROM `tp_guess_user` [ RunTime:0.006067s ]
SQL: SHOW COLUMNS FROM `tp_config` [ RunTime:0.003185s ]
SQL: SELECT `config_value` FROM `tp_config` WHERE ( config_name= "draw_prop" ) LIMIT 1   [ RunTime:0.000391s ]

[ 2016-11-17T09:15:24+08:00 ] 127.0.0.1 /FrontGuess/guess_index
SQL: SHOW COLUMNS FROM `tp_guess_user` [ RunTime:0.006198s ]
SQL: SHOW COLUMNS FROM `tp_config` [ RunTime:0.005786s ]
SQL: SELECT `config_value` FROM `tp_config` WHERE ( config_name= "draw_prop" ) LIMIT 1   [ RunTime:0.000276s ]

[ 2016-11-17T09:15:24+08:00 ] 127.0.0.1 /FrontGuess/guess_index
SQL: SHOW COLUMNS FROM `tp_guess_user` [ RunTime:0.008735s ]
SQL: SHOW COLUMNS FROM `tp_config` [ RunTime:0.002832s ]
SQL: SELECT `config_value` FROM `tp_config` WHERE ( config_name= "draw_prop" ) LIMIT 1   [ RunTime:0.000262s ]

[ 2016-11-17T09:15:50+08:00 ] 127.0.0.1 /FrontGuess/guess_index
SQL: SHOW COLUMNS FROM `tp_guess_user` [ RunTime:0.006165s ]
SQL: SHOW COLUMNS FROM `tp_config` [ RunTime:0.007087s ]
SQL: SELECT `config_value` FROM `tp_config` WHERE ( config_name= "draw_prop" ) LIMIT 1   [ RunTime:0.003070s ]

[ 2016-11-17T09:15:50+08:00 ] 127.0.0.1 /FrontGuess/guess_index
SQL: SHOW COLUMNS FROM `tp_guess_user` [ RunTime:0.006235s ]
SQL: SHOW COLUMNS FROM `tp_config` [ RunTime:0.006929s ]
SQL: SELECT `config_value` FROM `tp_config` WHERE ( config_name= "draw_prop" ) LIMIT 1   [ RunTime:0.000251s ]

[ 2016-11-17T09:15:51+08:00 ] 127.0.0.1 /FrontGuess/guess_index
SQL: SHOW COLUMNS FROM `tp_guess_user` [ RunTime:0.003326s ]
SQL: SHOW COLUMNS FROM `tp_config` [ RunTime:0.006940s ]
SQL: SELECT `config_value` FROM `tp_config` WHERE ( config_name= "draw_prop" ) LIMIT 1   [ RunTime:0.000325s ]

[ 2016-11-17T09:15:51+08:00 ] 127.0.0.1 /FrontGuess/guess_index
SQL: SHOW COLUMNS FROM `tp_guess_user` [ RunTime:0.006166s ]
SQL: SHOW COLUMNS FROM `tp_config` [ RunTime:0.006745s ]
SQL: SELECT `config_value` FROM `tp_config` WHERE ( config_name= "draw_prop" ) LIMIT 1   [ RunTime:0.000314s ]

[ 2016-11-17T09:16:05+08:00 ] 127.0.0.1 /FrontGuess/guess_index
SQL: SHOW COLUMNS FROM `tp_config` [ RunTime:0.005664s ]
SQL: SELECT * FROM `tp_config`  [ RunTime:0.004205s ]
SQL: SELECT `user_id` FROM `tp_users` WHERE ( user_id = 1 ) LIMIT 1   [ RunTime:0.003262s ]
SQL: SHOW COLUMNS FROM `tp_config` [ RunTime:0.006727s ]
SQL: SELECT `config_value` FROM `tp_config` WHERE ( config_name= "jsapi_ticket" ) LIMIT 1   [ RunTime:0.000238s ]
SQL: SELECT `config_value` FROM `tp_config` WHERE ( config_name= "jsapi_ticket_expire_time" ) LIMIT 1   [ RunTime:0.000168s ]
SQL: SHOW COLUMNS FROM `tp_config` [ RunTime:0.003172s ]
SQL: SELECT `config_value` FROM `tp_config` WHERE ( config_name= "access_token" ) LIMIT 1   [ RunTime:0.000631s ]
SQL: SELECT `config_value` FROM `tp_config` WHERE ( config_name= "access_token_expire_time" ) LIMIT 1   [ RunTime:0.000304s ]
SQL: UPDATE `tp_config` SET `config_value`='_aO2BCZZKJV-lbH8xc-Gr1Q2I5lBp4lZz5TqYrgdjv_yxTIOL47PHXruwR4PtwS5OeSldKE-YC_Lei_jpbsUMU0Lw5iwLKrsz0Pu-Ij9VidmH2K3hApzEVj-7je0dxZ8JYOeABAVKA' WHERE ( config_name="access_token" ) [ RunTime:0.007096s ]
SQL: UPDATE `tp_config` SET `config_value`=1479352364 WHERE ( config_name="access_token_expire_time" ) [ RunTime:0.000217s ]
SQL: UPDATE `tp_config` SET `config_value`='kgt8ON7yVITDhtdwci0qeYQAHREO0HbYL2-fFn3US2PDvOUtNQf-zvktjw0uWrA9FQGvEg2lQ0qtJ9_xCqlVQg' WHERE ( config_name="jsapi_ticket" ) [ RunTime:0.000410s ]
SQL: UPDATE `tp_config` SET `config_value`=1479352364 WHERE ( config_name="jsapi_ticket_expire_time" ) [ RunTime:0.000286s ]
SQL: SHOW COLUMNS FROM `tp_guess_user` [ RunTime:0.006793s ]
SQL: SELECT count(*) AS people_num,sum(add_money) AS total_money FROM `tp_guess_user` WHERE ( addtime >= 1479312000 AND addtime <= 1479398400 ) LIMIT 1   [ RunTime:0.024372s ]
SQL: SHOW COLUMNS FROM `tp_roll` [ RunTime:0.008383s ]
SQL: SELECT * FROM `tp_roll` WHERE ( isuse = 1 AND is_open = 0 AND start_time <= 1479345364 AND end_time >= 1479345364 ) LIMIT 1   [ RunTime:0.003415s ]
SQL: SHOW COLUMNS FROM `tp_prize` [ RunTime:0.008690s ]
SQL: SELECT * FROM `tp_prize` WHERE ( prize_id = 30 ) LIMIT 1   [ RunTime:0.003104s ]
SQL: SELECT (sum(prize_money) - sum(add_money)) AS total_prize,`user_id` FROM `tp_guess_user` WHERE ( is_pay = 1 AND addtime >= 1479052800 AND addtime <= 1479657600 ) GROUP BY user_id HAVING total_prize > 0 ORDER BY total_prize DESC LIMIT 5   [ RunTime:0.018334s ]
SQL: SELECT `nickname`,`realname`,`username`,`headimgurl`,`id` FROM `tp_users` WHERE ( user_id = 41123 AND is_enable = 1 ) LIMIT 1   [ RunTime:0.000877s ]
SQL: SELECT `nickname`,`realname`,`username`,`headimgurl`,`id` FROM `tp_users` WHERE ( user_id = 42367 AND is_enable = 1 ) LIMIT 1   [ RunTime:0.003930s ]
SQL: SELECT `nickname`,`realname`,`username`,`headimgurl`,`id` FROM `tp_users` WHERE ( user_id = 43276 AND is_enable = 1 ) LIMIT 1   [ RunTime:0.003523s ]
SQL: SELECT `nickname`,`realname`,`username`,`headimgurl`,`id` FROM `tp_users` WHERE ( user_id = 40142 AND is_enable = 1 ) LIMIT 1   [ RunTime:0.003500s ]
SQL: SELECT `nickname`,`realname`,`username`,`headimgurl`,`id` FROM `tp_users` WHERE ( user_id = 40879 AND is_enable = 1 ) LIMIT 1   [ RunTime:0.004111s ]
SQL: SHOW COLUMNS FROM `tp_guess_type` [ RunTime:0.011267s ]
SQL: SELECT * FROM `tp_guess_type` WHERE ( isuse = 1 ) ORDER BY serial LIMIT 4   [ RunTime:0.003386s ]
SQL: SHOW COLUMNS FROM `tp_guess` [ RunTime:0.008284s ]
SQL: SELECT COUNT(*) AS tp_count FROM `tp_guess` WHERE ( guess_type_id = 14 AND is_over = 0 ) LIMIT 1   [ RunTime:0.003798s ]
SQL: SELECT COUNT(*) AS tp_count FROM `tp_guess` WHERE ( guess_type_id = 16 AND is_over = 0 ) LIMIT 1   [ RunTime:0.000925s ]
SQL: SELECT COUNT(*) AS tp_count FROM `tp_guess` WHERE ( guess_type_id = 15 AND is_over = 0 ) LIMIT 1   [ RunTime:0.000938s ]
SQL: SHOW COLUMNS FROM `tp_guess` [ RunTime:0.003676s ]
SQL: SELECT COUNT(*) AS tp_count FROM `tp_guess` WHERE ( isuse = 1 AND guess_type_id = 14 ) LIMIT 1   [ RunTime:0.000913s ]
SQL: SELECT COUNT(*) AS tp_count FROM `tp_guess` WHERE ( isuse = 1 AND guess_type_id = 14 AND is_over = 0 ) LIMIT 1   [ RunTime:0.000797s ]
SQL: SELECT * FROM `tp_guess` WHERE ( isuse = 1 AND start_time <= 1479345364 AND guess_type_id = 14 ) ORDER BY (case when first_field_time <= 1479345364 AND is_over = 0  then 0
            when first_field_time > "1479345364" AND  is_over = 0 then 1 
        else 2 end), serial LIMIT 0, 3   [ RunTime:0.006250s ]
SQL: SELECT * FROM `tp_guess` WHERE ( isuse = 1 AND start_time <= 1479345364 AND guess_type_id = 14 ) ORDER BY (case when first_field_time <= 1479345364 AND is_over = 0  then 0
            when first_field_time > "1479345364" AND  is_over = 0 then 1 
        else 2 end), over_time DESC LIMIT 3, 3   [ RunTime:0.001516s ]
SQL: SHOW COLUMNS FROM `tp_team` [ RunTime:0.008473s ]
SQL: SELECT * FROM `tp_team` WHERE ( team_id = 124 ) LIMIT 1   [ RunTime:0.002590s ]
SQL: SELECT * FROM `tp_team` WHERE ( team_id = 190 ) LIMIT 1   [ RunTime:0.003240s ]
SQL: SHOW COLUMNS FROM `tp_guess_field` [ RunTime:0.011315s ]
SQL: SELECT COUNT(*) AS tp_count FROM `tp_guess_field` WHERE ( isuse = 1 AND guess_id = 1669 ) LIMIT 1   [ RunTime:0.004511s ]
SQL: SELECT * FROM `tp_team` WHERE ( team_id = 597 ) LIMIT 1   [ RunTime:0.003072s ]
SQL: SELECT * FROM `tp_team` WHERE ( team_id = 191 ) LIMIT 1   [ RunTime:0.000364s ]
SQL: SELECT COUNT(*) AS tp_count FROM `tp_guess_field` WHERE ( isuse = 1 AND guess_id = 1670 ) LIMIT 1   [ RunTime:0.002950s ]
SQL: SELECT * FROM `tp_team` WHERE ( team_id = 26 ) LIMIT 1   [ RunTime:0.002296s ]
SQL: SELECT * FROM `tp_team` WHERE ( team_id = 308 ) LIMIT 1   [ RunTime:0.003501s ]
SQL: SELECT COUNT(*) AS tp_count FROM `tp_guess_field` WHERE ( isuse = 1 AND guess_id = 1671 ) LIMIT 1   [ RunTime:0.001321s ]
SQL: SELECT * FROM `tp_team` WHERE ( team_id = 69 ) LIMIT 1   [ RunTime:0.002197s ]
SQL: SELECT * FROM `tp_team` WHERE ( team_id = 301 ) LIMIT 1   [ RunTime:0.000185s ]
SQL: SELECT COUNT(*) AS tp_count FROM `tp_guess_field` WHERE ( isuse = 1 AND guess_id = 1664 ) LIMIT 1   [ RunTime:0.001023s ]
SQL: SELECT * FROM `tp_team` WHERE ( team_id = 62 ) LIMIT 1   [ RunTime:0.000137s ]
SQL: SELECT * FROM `tp_team` WHERE ( team_id = 360 ) LIMIT 1   [ RunTime:0.002505s ]
SQL: SELECT COUNT(*) AS tp_count FROM `tp_guess_field` WHERE ( isuse = 1 AND guess_id = 1656 ) LIMIT 1   [ RunTime:0.001090s ]
SQL: SELECT * FROM `tp_team` WHERE ( team_id = 37 ) LIMIT 1   [ RunTime:0.000174s ]
SQL: SELECT * FROM `tp_team` WHERE ( team_id = 160 ) LIMIT 1   [ RunTime:0.002241s ]
SQL: SELECT COUNT(*) AS tp_count FROM `tp_guess_field` WHERE ( isuse = 1 AND guess_id = 1653 ) LIMIT 1   [ RunTime:0.001037s ]
SQL: SHOW COLUMNS FROM `tp_notice` [ RunTime:0.011685s ]
SQL: SELECT `notice_id` FROM `tp_notice` WHERE ( notice_sort_id = 2 AND isuse = 1 ) ORDER BY addtime DESC LIMIT 1   [ RunTime:0.003365s ]
SQL: SHOW COLUMNS FROM `tp_notice_txt` [ RunTime:0.008745s ]
SQL: SELECT `contents` FROM `tp_notice_txt` WHERE ( notice_id=5 ) LIMIT 1   [ RunTime:0.003240s ]

[ 2016-11-17T09:16:10+08:00 ] 127.0.0.1 /acp
SQL: SHOW COLUMNS FROM `tp_config` [ RunTime:0.010889s ]
SQL: SELECT * FROM `tp_config`  [ RunTime:0.000492s ]
SQL: SHOW COLUMNS FROM `tp_users` [ RunTime:0.011362s ]
SQL: SELECT * FROM `tp_users` LEFT JOIN  tp_users_group on tp_users.group_id = tp_users_group.group_id WHERE ( tp_users.user_id = 1 )  [ RunTime:0.004998s ]
SQL: SHOW COLUMNS FROM `tp_users` [ RunTime:0.010106s ]
SQL: SELECT COUNT(*) AS tp_count FROM `tp_users` WHERE ( role_type = 3 AND reg_time > 1479312000 ) LIMIT 1   [ RunTime:0.002169s ]
SQL: SELECT COUNT(*) AS tp_count FROM `tp_users` WHERE ( role_type = 4 ) LIMIT 1   [ RunTime:0.026563s ]
SQL: SELECT COUNT(*) AS tp_count FROM `tp_order` WHERE ( addtime> 1479312000 ) LIMIT 1   [ RunTime:0.002631s ]
SQL: SELECT COUNT(*) AS tp_count FROM `tp_order` LIMIT 1   [ RunTime:0.000326s ]
SQL: SELECT `username`,`realname`,`nickname` FROM `tp_users` WHERE ( user_id=1 ) LIMIT 1   [ RunTime:0.000497s ]

[ 2016-11-17T09:16:21+08:00 ] 127.0.0.1 /AcpGuessFieldQuestion/list_guess_field_question/mod_id/2
SQL: SHOW COLUMNS FROM `tp_config` [ RunTime:0.003770s ]
SQL: SELECT * FROM `tp_config`  [ RunTime:0.000649s ]
SQL: SHOW COLUMNS FROM `tp_users` [ RunTime:0.009877s ]
SQL: SELECT * FROM `tp_users` LEFT JOIN  tp_users_group on tp_users.group_id = tp_users_group.group_id WHERE ( tp_users.user_id = 1 )  [ RunTime:0.003025s ]
SQL: SHOW COLUMNS FROM `tp_guess_field_question` [ RunTime:0.011164s ]
SQL: SELECT COUNT(*) AS tp_count FROM `tp_guess_field_question` WHERE ( true AND isuse != 2 ) LIMIT 1   [ RunTime:0.009052s ]
SQL: SELECT * FROM `tp_guess_field_question` WHERE ( true AND isuse != 2 ) ORDER BY is_over, addtime ASC LIMIT 0, 10   [ RunTime:0.003412s ]
SQL: SHOW COLUMNS FROM `tp_guess_user` [ RunTime:0.006276s ]
SQL: SHOW COLUMNS FROM `tp_guess_field` [ RunTime:0.007074s ]
SQL: SELECT * FROM `tp_guess_field` WHERE ( guess_field_id = 2905 ) LIMIT 1   [ RunTime:0.003193s ]
SQL: SHOW COLUMNS FROM `tp_guess` [ RunTime:0.007346s ]
SQL: SELECT * FROM `tp_guess` WHERE ( guess_id = 1669 ) LIMIT 1   [ RunTime:0.002647s ]
SQL: SELECT COUNT(*) AS tp_count FROM `tp_guess_user` WHERE ( guess_field_question_id = 5377 ) LIMIT 1   [ RunTime:0.005700s ]
SQL: SELECT sum(add_money) AS host_bat_money FROM `tp_guess_user` WHERE ( user_id = 1 AND guess_field_question_id = 5377 AND team_type = 1 ) LIMIT 1   [ RunTime:0.006045s ]
SQL: SELECT sum(add_money) AS guest_bat_money FROM `tp_guess_user` WHERE ( user_id = 1 AND guess_field_question_id = 5377 AND team_type = 2 ) LIMIT 1   [ RunTime:0.005584s ]
SQL: SHOW COLUMNS FROM `tp_guess_bat_reback` [ RunTime:0.007102s ]
SQL: SELECT COUNT(*) AS tp_count FROM `tp_guess_bat_reback` WHERE ( user_id = 1 AND guess_field_question_id = 5377 ) LIMIT 1   [ RunTime:0.004481s ]
SQL: SELECT * FROM `tp_guess_field` WHERE ( guess_field_id = 2905 ) LIMIT 1   [ RunTime:0.000322s ]
SQL: SELECT * FROM `tp_guess` WHERE ( guess_id = 1669 ) LIMIT 1   [ RunTime:0.000254s ]
SQL: SELECT COUNT(*) AS tp_count FROM `tp_guess_user` WHERE ( guess_field_question_id = 5378 ) LIMIT 1   [ RunTime:0.005326s ]
SQL: SELECT sum(add_money) AS host_bat_money FROM `tp_guess_user` WHERE ( user_id = 1 AND guess_field_question_id = 5378 AND team_type = 1 ) LIMIT 1   [ RunTime:0.008216s ]
SQL: SELECT sum(add_money) AS guest_bat_money FROM `tp_guess_user` WHERE ( user_id = 1 AND guess_field_question_id = 5378 AND team_type = 2 ) LIMIT 1   [ RunTime:0.008139s ]
SQL: SELECT COUNT(*) AS tp_count FROM `tp_guess_bat_reback` WHERE ( user_id = 1 AND guess_field_question_id = 5378 ) LIMIT 1   [ RunTime:0.000328s ]
SQL: SELECT * FROM `tp_guess_field` WHERE ( guess_field_id = 2905 ) LIMIT 1   [ RunTime:0.000352s ]
SQL: SELECT * FROM `tp_guess` WHERE ( guess_id = 1669 ) LIMIT 1   [ RunTime:0.000278s ]
SQL: SELECT COUNT(*) AS tp_count FROM `tp_guess_user` WHERE ( guess_field_question_id = 5379 ) LIMIT 1   [ RunTime:0.006060s ]
SQL: SELECT sum(add_money) AS host_bat_money FROM `tp_guess_user` WHERE ( user_id = 1 AND guess_field_question_id = 5379 AND team_type = 1 ) LIMIT 1   [ RunTime:0.005652s ]
SQL: SELECT sum(add_money) AS guest_bat_money FROM `tp_guess_user` WHERE ( user_id = 1 AND guess_field_question_id = 5379 AND team_type = 2 ) LIMIT 1   [ RunTime:0.005722s ]
SQL: SELECT COUNT(*) AS tp_count FROM `tp_guess_bat_reback` WHERE ( user_id = 1 AND guess_field_question_id = 5379 ) LIMIT 1   [ RunTime:0.000517s ]
SQL: SELECT * FROM `tp_guess_field` WHERE ( guess_field_id = 2905 ) LIMIT 1   [ RunTime:0.000198s ]
SQL: SELECT * FROM `tp_guess` WHERE ( guess_id = 1669 ) LIMIT 1   [ RunTime:0.000230s ]
SQL: SELECT COUNT(*) AS tp_count FROM `tp_guess_user` WHERE ( guess_field_question_id = 5380 ) LIMIT 1   [ RunTime:0.007245s ]
SQL: SELECT sum(add_money) AS host_bat_money FROM `tp_guess_user` WHERE ( user_id = 1 AND guess_field_question_id = 5380 AND team_type = 1 ) LIMIT 1   [ RunTime:0.005921s ]
SQL: SELECT sum(add_money) AS guest_bat_money FROM `tp_guess_user` WHERE ( user_id = 1 AND guess_field_question_id = 5380 AND team_type = 2 ) LIMIT 1   [ RunTime:0.006230s ]
SQL: SELECT COUNT(*) AS tp_count FROM `tp_guess_bat_reback` WHERE ( user_id = 1 AND guess_field_question_id = 5380 ) LIMIT 1   [ RunTime:0.000484s ]
SQL: SELECT * FROM `tp_guess_field` WHERE ( guess_field_id = 2906 ) LIMIT 1   [ RunTime:0.000257s ]
SQL: SELECT * FROM `tp_guess` WHERE ( guess_id = 1669 ) LIMIT 1   [ RunTime:0.000309s ]
SQL: SELECT COUNT(*) AS tp_count FROM `tp_guess_user` WHERE ( guess_field_question_id = 5381 ) LIMIT 1   [ RunTime:0.005074s ]
SQL: SELECT sum(add_money) AS host_bat_money FROM `tp_guess_user` WHERE ( user_id = 1 AND guess_field_question_id = 5381 AND team_type = 1 ) LIMIT 1   [ RunTime:0.007396s ]
SQL: SELECT sum(add_money) AS guest_bat_money FROM `tp_guess_user` WHERE ( user_id = 1 AND guess_field_question_id = 5381 AND team_type = 2 ) LIMIT 1   [ RunTime:0.008386s ]
SQL: SELECT COUNT(*) AS tp_count FROM `tp_guess_bat_reback` WHERE ( user_id = 1 AND guess_field_question_id = 5381 ) LIMIT 1   [ RunTime:0.000389s ]
SQL: SELECT * FROM `tp_guess_field` WHERE ( guess_field_id = 2906 ) LIMIT 1   [ RunTime:0.000224s ]
SQL: SELECT * FROM `tp_guess` WHERE ( guess_id = 1669 ) LIMIT 1   [ RunTime:0.000194s ]
SQL: SELECT COUNT(*) AS tp_count FROM `tp_guess_user` WHERE ( guess_field_question_id = 5382 ) LIMIT 1   [ RunTime:0.005494s ]
SQL: SELECT sum(add_money) AS host_bat_money FROM `tp_guess_user` WHERE ( user_id = 1 AND guess_field_question_id = 5382 AND team_type = 1 ) LIMIT 1   [ RunTime:0.006180s ]
SQL: SELECT sum(add_money) AS guest_bat_money FROM `tp_guess_user` WHERE ( user_id = 1 AND guess_field_question_id = 5382 AND team_type = 2 ) LIMIT 1   [ RunTime:0.006570s ]
SQL: SELECT COUNT(*) AS tp_count FROM `tp_guess_bat_reback` WHERE ( user_id = 1 AND guess_field_question_id = 5382 ) LIMIT 1   [ RunTime:0.000543s ]
SQL: SELECT * FROM `tp_guess_field` WHERE ( guess_field_id = 2906 ) LIMIT 1   [ RunTime:0.000178s ]
SQL: SELECT * FROM `tp_guess` WHERE ( guess_id = 1669 ) LIMIT 1   [ RunTime:0.000214s ]
SQL: SELECT COUNT(*) AS tp_count FROM `tp_guess_user` WHERE ( guess_field_question_id = 5383 ) LIMIT 1   [ RunTime:0.008308s ]
SQL: SELECT sum(add_money) AS host_bat_money FROM `tp_guess_user` WHERE ( user_id = 1 AND guess_field_question_id = 5383 AND team_type = 1 ) LIMIT 1   [ RunTime:0.005457s ]
SQL: SELECT sum(add_money) AS guest_bat_money FROM `tp_guess_user` WHERE ( user_id = 1 AND guess_field_question_id = 5383 AND team_type = 2 ) LIMIT 1   [ RunTime:0.006826s ]
SQL: SELECT COUNT(*) AS tp_count FROM `tp_guess_bat_reback` WHERE ( user_id = 1 AND guess_field_question_id = 5383 ) LIMIT 1   [ RunTime:0.000516s ]
SQL: SELECT * FROM `tp_guess_field` WHERE ( guess_field_id = 2907 ) LIMIT 1   [ RunTime:0.000252s ]
SQL: SELECT * FROM `tp_guess` WHERE ( guess_id = 1669 ) LIMIT 1   [ RunTime:0.000307s ]
SQL: SELECT COUNT(*) AS tp_count FROM `tp_guess_user` WHERE ( guess_field_question_id = 5385 ) LIMIT 1   [ RunTime:0.005059s ]
SQL: SELECT sum(add_money) AS host_bat_money FROM `tp_guess_user` WHERE ( user_id = 1 AND guess_field_question_id = 5385 AND team_type = 1 ) LIMIT 1   [ RunTime:0.009258s ]
SQL: SELECT sum(add_money) AS guest_bat_money FROM `tp_guess_user` WHERE ( user_id = 1 AND guess_field_question_id = 5385 AND team_type = 2 ) LIMIT 1   [ RunTime:0.007447s ]
SQL: SELECT COUNT(*) AS tp_count FROM `tp_guess_bat_reback` WHERE ( user_id = 1 AND guess_field_question_id = 5385 ) LIMIT 1   [ RunTime:0.000572s ]
SQL: SELECT * FROM `tp_guess_field` WHERE ( guess_field_id = 2907 ) LIMIT 1   [ RunTime:0.000222s ]
SQL: SELECT * FROM `tp_guess` WHERE ( guess_id = 1669 ) LIMIT 1   [ RunTime:0.000156s ]
SQL: SELECT COUNT(*) AS tp_count FROM `tp_guess_user` WHERE ( guess_field_question_id = 5386 ) LIMIT 1   [ RunTime:0.005554s ]
SQL: SELECT sum(add_money) AS host_bat_money FROM `tp_guess_user` WHERE ( user_id = 1 AND guess_field_question_id = 5386 AND team_type = 1 ) LIMIT 1   [ RunTime:0.008004s ]
SQL: SELECT sum(add_money) AS guest_bat_money FROM `tp_guess_user` WHERE ( user_id = 1 AND guess_field_question_id = 5386 AND team_type = 2 ) LIMIT 1   [ RunTime:0.005817s ]
SQL: SELECT COUNT(*) AS tp_count FROM `tp_guess_bat_reback` WHERE ( user_id = 1 AND guess_field_question_id = 5386 ) LIMIT 1   [ RunTime:0.000567s ]
SQL: SELECT * FROM `tp_guess_field` WHERE ( guess_field_id = 2907 ) LIMIT 1   [ RunTime:0.000233s ]
SQL: SELECT * FROM `tp_guess` WHERE ( guess_id = 1669 ) LIMIT 1   [ RunTime:0.000169s ]
SQL: SELECT COUNT(*) AS tp_count FROM `tp_guess_user` WHERE ( guess_field_question_id = 5387 ) LIMIT 1   [ RunTime:0.006520s ]
SQL: SELECT sum(add_money) AS host_bat_money FROM `tp_guess_user` WHERE ( user_id = 1 AND guess_field_question_id = 5387 AND team_type = 1 ) LIMIT 1   [ RunTime:0.006401s ]
SQL: SELECT sum(add_money) AS guest_bat_money FROM `tp_guess_user` WHERE ( user_id = 1 AND guess_field_question_id = 5387 AND team_type = 2 ) LIMIT 1   [ RunTime:0.008472s ]
SQL: SELECT COUNT(*) AS tp_count FROM `tp_guess_bat_reback` WHERE ( user_id = 1 AND guess_field_question_id = 5387 ) LIMIT 1   [ RunTime:0.000713s ]
SQL: SHOW COLUMNS FROM `tp_guess_type` [ RunTime:0.004866s ]
SQL: SELECT * FROM `tp_guess_type` WHERE ( isuse = 1 )  [ RunTime:0.000233s ]

[ 2016-11-17T09:16:25+08:00 ] 127.0.0.1 /AcpGuessFieldQuestion/guess_field_question_detail/guess_field_question_id/5377.html
SQL: SHOW COLUMNS FROM `tp_config` [ RunTime:0.004181s ]
SQL: SELECT * FROM `tp_config`  [ RunTime:0.000489s ]
SQL: SHOW COLUMNS FROM `tp_users` [ RunTime:0.007524s ]
SQL: SELECT * FROM `tp_users` LEFT JOIN  tp_users_group on tp_users.group_id = tp_users_group.group_id WHERE ( tp_users.user_id = 1 )  [ RunTime:0.000401s ]
SQL: SHOW COLUMNS FROM `tp_guess_user` [ RunTime:0.012125s ]
SQL: SELECT COUNT(*) AS tp_count FROM `tp_guess_user` WHERE ( is_pay = 1 AND guess_field_question_id = 5377 ) LIMIT 1   [ RunTime:0.009480s ]
SQL: SELECT * FROM `tp_guess_user` WHERE ( is_pay = 1 AND guess_field_question_id = 5377 ) ORDER BY addtime DESC LIMIT 0, 10   [ RunTime:0.007898s ]
SQL: SELECT `nickname`,`realname`,`username`,`headimgurl`,`id` FROM `tp_users` WHERE ( user_id = 43487 AND is_enable = 1 ) LIMIT 1   [ RunTime:0.002381s ]
SQL: SHOW COLUMNS FROM `tp_guess` [ RunTime:0.003527s ]
SQL: SELECT * FROM `tp_guess` WHERE ( guess_id = 1669 ) LIMIT 1   [ RunTime:0.000200s ]
SQL: SHOW COLUMNS FROM `tp_team` [ RunTime:0.003600s ]
SQL: SELECT `team_name` FROM `tp_team` WHERE ( team_id = 124 ) LIMIT 1   [ RunTime:0.003042s ]
SQL: SELECT `team_name` FROM `tp_team` WHERE ( team_id = 190 ) LIMIT 1   [ RunTime:0.003341s ]
SQL: SHOW COLUMNS FROM `tp_guess_field_question` [ RunTime:0.005163s ]
SQL: SELECT * FROM `tp_guess_field_question` WHERE ( guess_field_question_id = 5377 ) LIMIT 1   [ RunTime:0.002165s ]
SQL: SHOW COLUMNS FROM `tp_guess_field` [ RunTime:0.004054s ]
SQL: SELECT `field_type` FROM `tp_guess_field` WHERE ( guess_field_id = 2905 ) LIMIT 1   [ RunTime:0.000203s ]
SQL: SELECT `nickname`,`realname`,`username`,`headimgurl`,`id` FROM `tp_users` WHERE ( user_id = 39851 AND is_enable = 1 ) LIMIT 1   [ RunTime:0.003942s ]
SQL: SELECT * FROM `tp_guess` WHERE ( guess_id = 1669 ) LIMIT 1   [ RunTime:0.000238s ]
SQL: SELECT `team_name` FROM `tp_team` WHERE ( team_id = 124 ) LIMIT 1   [ RunTime:0.000157s ]
SQL: SELECT `team_name` FROM `tp_team` WHERE ( team_id = 190 ) LIMIT 1   [ RunTime:0.000126s ]
SQL: SELECT * FROM `tp_guess_field_question` WHERE ( guess_field_question_id = 5377 ) LIMIT 1   [ RunTime:0.000164s ]
SQL: SELECT `field_type` FROM `tp_guess_field` WHERE ( guess_field_id = 2905 ) LIMIT 1   [ RunTime:0.000452s ]
SQL: SELECT `nickname`,`realname`,`username`,`headimgurl`,`id` FROM `tp_users` WHERE ( user_id = 45231 AND is_enable = 1 ) LIMIT 1   [ RunTime:0.002272s ]
SQL: SELECT * FROM `tp_guess` WHERE ( guess_id = 1669 ) LIMIT 1   [ RunTime:0.000326s ]
SQL: SELECT `team_name` FROM `tp_team` WHERE ( team_id = 124 ) LIMIT 1   [ RunTime:0.000441s ]
SQL: SELECT `team_name` FROM `tp_team` WHERE ( team_id = 190 ) LIMIT 1   [ RunTime:0.000309s ]
SQL: SELECT * FROM `tp_guess_field_question` WHERE ( guess_field_question_id = 5377 ) LIMIT 1   [ RunTime:0.000253s ]
SQL: SELECT `field_type` FROM `tp_guess_field` WHERE ( guess_field_id = 2905 ) LIMIT 1   [ RunTime:0.000168s ]
SQL: SELECT `nickname`,`realname`,`username`,`headimgurl`,`id` FROM `tp_users` WHERE ( user_id = 44068 AND is_enable = 1 ) LIMIT 1   [ RunTime:0.002213s ]
SQL: SELECT * FROM `tp_guess` WHERE ( guess_id = 1669 ) LIMIT 1   [ RunTime:0.000185s ]
SQL: SELECT `team_name` FROM `tp_team` WHERE ( team_id = 124 ) LIMIT 1   [ RunTime:0.000199s ]
SQL: SELECT `team_name` FROM `tp_team` WHERE ( team_id = 190 ) LIMIT 1   [ RunTime:0.000186s ]
SQL: SELECT * FROM `tp_guess_field_question` WHERE ( guess_field_question_id = 5377 ) LIMIT 1   [ RunTime:0.000182s ]
SQL: SELECT `field_type` FROM `tp_guess_field` WHERE ( guess_field_id = 2905 ) LIMIT 1   [ RunTime:0.000153s ]
SQL: SELECT `nickname`,`realname`,`username`,`headimgurl`,`id` FROM `tp_users` WHERE ( user_id = 39627 AND is_enable = 1 ) LIMIT 1   [ RunTime:0.002165s ]
SQL: SELECT * FROM `tp_guess` WHERE ( guess_id = 1669 ) LIMIT 1   [ RunTime:0.000275s ]
SQL: SELECT `team_name` FROM `tp_team` WHERE ( team_id = 124 ) LIMIT 1   [ RunTime:0.000167s ]
SQL: SELECT `team_name` FROM `tp_team` WHERE ( team_id = 190 ) LIMIT 1   [ RunTime:0.000202s ]
SQL: SELECT * FROM `tp_guess_field_question` WHERE ( guess_field_question_id = 5377 ) LIMIT 1   [ RunTime:0.000186s ]
SQL: SELECT `field_type` FROM `tp_guess_field` WHERE ( guess_field_id = 2905 ) LIMIT 1   [ RunTime:0.000134s ]
SQL: SELECT `nickname`,`realname`,`username`,`headimgurl`,`id` FROM `tp_users` WHERE ( user_id = 39627 AND is_enable = 1 ) LIMIT 1   [ RunTime:0.000160s ]
SQL: SELECT * FROM `tp_guess` WHERE ( guess_id = 1669 ) LIMIT 1   [ RunTime:0.000146s ]
SQL: SELECT `team_name` FROM `tp_team` WHERE ( team_id = 124 ) LIMIT 1   [ RunTime:0.000125s ]
SQL: SELECT `team_name` FROM `tp_team` WHERE ( team_id = 190 ) LIMIT 1   [ RunTime:0.000144s ]
SQL: SELECT * FROM `tp_guess_field_question` WHERE ( guess_field_question_id = 5377 ) LIMIT 1   [ RunTime:0.000163s ]
SQL: SELECT `field_type` FROM `tp_guess_field` WHERE ( guess_field_id = 2905 ) LIMIT 1   [ RunTime:0.000207s ]
SQL: SELECT `nickname`,`realname`,`username`,`headimgurl`,`id` FROM `tp_users` WHERE ( user_id = 44962 AND is_enable = 1 ) LIMIT 1   [ RunTime:0.002314s ]
SQL: SELECT * FROM `tp_guess` WHERE ( guess_id = 1669 ) LIMIT 1   [ RunTime:0.000241s ]
SQL: SELECT `team_name` FROM `tp_team` WHERE ( team_id = 124 ) LIMIT 1   [ RunTime:0.000186s ]
SQL: SELECT `team_name` FROM `tp_team` WHERE ( team_id = 190 ) LIMIT 1   [ RunTime:0.000225s ]
SQL: SELECT * FROM `tp_guess_field_question` WHERE ( guess_field_question_id = 5377 ) LIMIT 1   [ RunTime:0.000479s ]
SQL: SELECT `field_type` FROM `tp_guess_field` WHERE ( guess_field_id = 2905 ) LIMIT 1   [ RunTime:0.000177s ]
SQL: SELECT * FROM `tp_guess_field_question` WHERE ( guess_field_question_id = 5377 ) LIMIT 1   [ RunTime:0.000214s ]
SQL: SELECT `field_type` FROM `tp_guess_field` WHERE ( guess_field_id = 2905 ) LIMIT 1   [ RunTime:0.000147s ]
SQL: SELECT * FROM `tp_guess` WHERE ( guess_id = 1669 ) LIMIT 1   [ RunTime:0.000211s ]

[ 2016-11-17T09:16:29+08:00 ] 127.0.0.1 /AcpGuessFieldQuestion/look_odds_detail/guess_field_question_id/5377.html
SQL: SHOW COLUMNS FROM `tp_config` [ RunTime:0.003663s ]
SQL: SELECT * FROM `tp_config`  [ RunTime:0.000817s ]
SQL: SHOW COLUMNS FROM `tp_users` [ RunTime:0.007472s ]
SQL: SELECT * FROM `tp_users` LEFT JOIN  tp_users_group on tp_users.group_id = tp_users_group.group_id WHERE ( tp_users.user_id = 1 )  [ RunTime:0.000589s ]
SQL: SHOW COLUMNS FROM `tp_guess_user` [ RunTime:0.008633s ]
SQL: SELECT count(*) AS num,sum(add_money) AS total_money FROM `tp_guess_user` WHERE ( guess_field_question_id = 5377 AND team_type = 1 ) LIMIT 1   [ RunTime:0.012318s ]
SQL: SELECT count(*) AS num,sum(add_money) AS total_money FROM `tp_guess_user` WHERE ( guess_field_question_id = 5377 AND team_type = 2 ) LIMIT 1   [ RunTime:0.009740s ]
SQL: SHOW COLUMNS FROM `tp_guess_field_question` [ RunTime:0.006338s ]
SQL: SELECT * FROM `tp_guess_field_question` WHERE ( guess_field_question_id = 5377 ) LIMIT 1   [ RunTime:0.000390s ]
SQL: SHOW COLUMNS FROM `tp_guess` [ RunTime:0.003675s ]
SQL: SELECT * FROM `tp_guess` WHERE ( guess_id = 1669 ) LIMIT 1   [ RunTime:0.000354s ]
SQL: SHOW COLUMNS FROM `tp_team` [ RunTime:0.009054s ]
SQL: SELECT `team_name` FROM `tp_team` WHERE ( team_id = 124 ) LIMIT 1   [ RunTime:0.000298s ]
SQL: SELECT `team_name` FROM `tp_team` WHERE ( team_id = 190 ) LIMIT 1   [ RunTime:0.000197s ]
SQL: SHOW COLUMNS FROM `tp_guess_field` [ RunTime:0.007501s ]
SQL: SELECT `field_type` FROM `tp_guess_field` WHERE ( guess_field_id = 2905 ) LIMIT 1   [ RunTime:0.001205s ]

[ 2016-11-17T09:19:40+08:00 ] 127.0.0.1 /AcpGuessFieldQuestion/look_odds_detail/guess_field_question_id/5377.html
SQL: SHOW COLUMNS FROM `tp_config` [ RunTime:0.007689s ]
SQL: SELECT * FROM `tp_config`  [ RunTime:0.000345s ]
SQL: SHOW COLUMNS FROM `tp_users` [ RunTime:0.007597s ]
SQL: SELECT * FROM `tp_users` LEFT JOIN  tp_users_group on tp_users.group_id = tp_users_group.group_id WHERE ( tp_users.user_id = 1 )  [ RunTime:0.000364s ]
SQL: SHOW COLUMNS FROM `tp_guess_user` [ RunTime:0.003134s ]
SQL: SELECT count(*) AS num,sum(add_money) AS total_money FROM `tp_guess_user` WHERE ( guess_field_question_id = 5377 AND team_type = 1 ) LIMIT 1   [ RunTime:0.004279s ]
SQL: SELECT count(*) AS num,sum(add_money) AS total_money FROM `tp_guess_user` WHERE ( guess_field_question_id = 5377 AND team_type = 2 ) LIMIT 1   [ RunTime:0.004589s ]
SQL: SHOW COLUMNS FROM `tp_guess_field_question` [ RunTime:0.003982s ]
SQL: SELECT * FROM `tp_guess_field_question` WHERE ( guess_field_question_id = 5377 ) LIMIT 1   [ RunTime:0.000234s ]
SQL: SHOW COLUMNS FROM `tp_guess` [ RunTime:0.007060s ]
SQL: SELECT * FROM `tp_guess` WHERE ( guess_id = 1669 ) LIMIT 1   [ RunTime:0.000277s ]
SQL: SHOW COLUMNS FROM `tp_team` [ RunTime:0.004433s ]
SQL: SELECT `team_name` FROM `tp_team` WHERE ( team_id = 124 ) LIMIT 1   [ RunTime:0.000530s ]
SQL: SELECT `team_name` FROM `tp_team` WHERE ( team_id = 190 ) LIMIT 1   [ RunTime:0.000504s ]

[ 2016-11-17T09:20:06+08:00 ] 127.0.0.1 /AcpGuessFieldQuestion/look_odds_detail/guess_field_question_id/5377.html
SQL: SHOW COLUMNS FROM `tp_config` [ RunTime:0.006151s ]
SQL: SELECT * FROM `tp_config`  [ RunTime:0.000446s ]
SQL: SHOW COLUMNS FROM `tp_users` [ RunTime:0.007804s ]
SQL: SELECT * FROM `tp_users` LEFT JOIN  tp_users_group on tp_users.group_id = tp_users_group.group_id WHERE ( tp_users.user_id = 1 )  [ RunTime:0.000585s ]
SQL: SHOW COLUMNS FROM `tp_guess_user` [ RunTime:0.006713s ]
SQL: SELECT count(*) AS num,sum(add_money) AS total_money FROM `tp_guess_user` WHERE ( guess_field_question_id = 5377 AND team_type = 1 ) LIMIT 1   [ RunTime:0.007880s ]
SQL: SELECT count(*) AS num,sum(add_money) AS total_money FROM `tp_guess_user` WHERE ( guess_field_question_id = 5377 AND team_type = 2 ) LIMIT 1   [ RunTime:0.007334s ]
SQL: SHOW COLUMNS FROM `tp_guess_field_question` [ RunTime:0.006435s ]
SQL: SELECT * FROM `tp_guess_field_question` WHERE ( guess_field_question_id = 5377 ) LIMIT 1   [ RunTime:0.000485s ]

[ 2016-11-17T09:24:57+08:00 ] 127.0.0.1 /AcpGuessFieldQuestion/look_odds_detail/guess_field_question_id/5377.html
SQL: SHOW COLUMNS FROM `tp_config` [ RunTime:0.004268s ]
SQL: SELECT * FROM `tp_config`  [ RunTime:0.000472s ]
SQL: SHOW COLUMNS FROM `tp_users` [ RunTime:0.007053s ]
SQL: SELECT * FROM `tp_users` LEFT JOIN  tp_users_group on tp_users.group_id = tp_users_group.group_id WHERE ( tp_users.user_id = 1 )  [ RunTime:0.000400s ]
SQL: SHOW COLUMNS FROM `tp_guess_user` [ RunTime:0.010286s ]
SQL: SELECT count(*) AS num,sum(add_money) AS total_money FROM `tp_guess_user` WHERE ( guess_field_question_id = 5377 AND team_type = 1 ) LIMIT 1   [ RunTime:0.007509s ]
SQL: SELECT count(*) AS num,sum(add_money) AS total_money FROM `tp_guess_user` WHERE ( guess_field_question_id = 5377 AND team_type = 2 ) LIMIT 1   [ RunTime:0.009956s ]
SQL: SHOW COLUMNS FROM `tp_guess_field_question` [ RunTime:0.007410s ]
SQL: SELECT * FROM `tp_guess_field_question` WHERE ( guess_field_question_id = 5377 ) LIMIT 1   [ RunTime:0.000215s ]
SQL: SHOW COLUMNS FROM `tp_guess` [ RunTime:0.004086s ]
SQL: SELECT * FROM `tp_guess` WHERE ( guess_id = 1669 ) LIMIT 1   [ RunTime:0.000278s ]
SQL: SHOW COLUMNS FROM `tp_team` [ RunTime:0.006633s ]
SQL: SELECT `team_name` FROM `tp_team` WHERE ( team_id = 124 ) LIMIT 1   [ RunTime:0.003473s ]
SQL: SELECT `team_name` FROM `tp_team` WHERE ( team_id = 190 ) LIMIT 1   [ RunTime:0.003085s ]
SQL: SHOW COLUMNS FROM `tp_guess_field` [ RunTime:0.003998s ]
SQL: SELECT `field_type` FROM `tp_guess_field` WHERE ( guess_field_id = 2905 ) LIMIT 1   [ RunTime:0.000239s ]

[ 2016-11-17T09:25:13+08:00 ] 127.0.0.1 /AcpGuessFieldQuestion/look_odds_detail/guess_field_question_id/5378.html
SQL: SHOW COLUMNS FROM `tp_config` [ RunTime:0.006933s ]
SQL: SELECT * FROM `tp_config`  [ RunTime:0.001435s ]
SQL: SHOW COLUMNS FROM `tp_users` [ RunTime:0.004987s ]
SQL: SELECT * FROM `tp_users` LEFT JOIN  tp_users_group on tp_users.group_id = tp_users_group.group_id WHERE ( tp_users.user_id = 1 )  [ RunTime:0.000600s ]
SQL: SHOW COLUMNS FROM `tp_guess_user` [ RunTime:0.004281s ]
SQL: SELECT count(*) AS num,sum(add_money) AS total_money FROM `tp_guess_user` WHERE ( guess_field_question_id = 5378 AND team_type = 1 ) LIMIT 1   [ RunTime:0.009159s ]
SQL: SELECT count(*) AS num,sum(add_money) AS total_money FROM `tp_guess_user` WHERE ( guess_field_question_id = 5378 AND team_type = 2 ) LIMIT 1   [ RunTime:0.008652s ]
SQL: SHOW COLUMNS FROM `tp_guess_field_question` [ RunTime:0.004861s ]
SQL: SELECT * FROM `tp_guess_field_question` WHERE ( guess_field_question_id = 5378 ) LIMIT 1   [ RunTime:0.000434s ]
SQL: SHOW COLUMNS FROM `tp_guess` [ RunTime:0.003849s ]
SQL: SELECT * FROM `tp_guess` WHERE ( guess_id = 1669 ) LIMIT 1   [ RunTime:0.000319s ]
SQL: SHOW COLUMNS FROM `tp_team` [ RunTime:0.006316s ]
SQL: SELECT `team_name` FROM `tp_team` WHERE ( team_id = 124 ) LIMIT 1   [ RunTime:0.003179s ]
SQL: SELECT `team_name` FROM `tp_team` WHERE ( team_id = 190 ) LIMIT 1   [ RunTime:0.003032s ]
SQL: SHOW COLUMNS FROM `tp_guess_field` [ RunTime:0.004074s ]
SQL: SELECT `field_type` FROM `tp_guess_field` WHERE ( guess_field_id = 2905 ) LIMIT 1   [ RunTime:0.000206s ]

[ 2016-11-17T09:25:27+08:00 ] 127.0.0.1 /AcpGuessFieldQuestion/look_odds_detail/guess_field_question_id/5383.html
SQL: SHOW COLUMNS FROM `tp_config` [ RunTime:0.003114s ]
SQL: SELECT * FROM `tp_config`  [ RunTime:0.000346s ]
SQL: SHOW COLUMNS FROM `tp_users` [ RunTime:0.007378s ]
SQL: SELECT * FROM `tp_users` LEFT JOIN  tp_users_group on tp_users.group_id = tp_users_group.group_id WHERE ( tp_users.user_id = 1 )  [ RunTime:0.000436s ]
SQL: SHOW COLUMNS FROM `tp_guess_user` [ RunTime:0.006273s ]
SQL: SELECT count(*) AS num,sum(add_money) AS total_money FROM `tp_guess_user` WHERE ( guess_field_question_id = 5383 AND team_type = 1 ) LIMIT 1   [ RunTime:0.006157s ]
SQL: SELECT count(*) AS num,sum(add_money) AS total_money FROM `tp_guess_user` WHERE ( guess_field_question_id = 5383 AND team_type = 2 ) LIMIT 1   [ RunTime:0.004707s ]
SQL: SHOW COLUMNS FROM `tp_guess_field_question` [ RunTime:0.004219s ]
SQL: SELECT * FROM `tp_guess_field_question` WHERE ( guess_field_question_id = 5383 ) LIMIT 1   [ RunTime:0.000295s ]
SQL: SHOW COLUMNS FROM `tp_guess` [ RunTime:0.004574s ]
SQL: SELECT * FROM `tp_guess` WHERE ( guess_id = 1669 ) LIMIT 1   [ RunTime:0.000462s ]
SQL: SHOW COLUMNS FROM `tp_team` [ RunTime:0.008964s ]
SQL: SELECT `team_name` FROM `tp_team` WHERE ( team_id = 124 ) LIMIT 1   [ RunTime:0.003194s ]
SQL: SELECT `team_name` FROM `tp_team` WHERE ( team_id = 190 ) LIMIT 1   [ RunTime:0.003269s ]
SQL: SHOW COLUMNS FROM `tp_guess_field` [ RunTime:0.004840s ]
SQL: SELECT `field_type` FROM `tp_guess_field` WHERE ( guess_field_id = 2906 ) LIMIT 1   [ RunTime:0.000308s ]

[ 2016-11-17T09:33:54+08:00 ] 127.0.0.1 /AcpGuessFieldQuestion/look_odds_detail/guess_field_question_id/5377.html
SQL: SHOW COLUMNS FROM `tp_config` [ RunTime:0.010846s ]
SQL: SELECT * FROM `tp_config`  [ RunTime:0.000493s ]
SQL: SHOW COLUMNS FROM `tp_users` [ RunTime:0.007697s ]
SQL: SELECT * FROM `tp_users` LEFT JOIN  tp_users_group on tp_users.group_id = tp_users_group.group_id WHERE ( tp_users.user_id = 1 )  [ RunTime:0.001688s ]
SQL: SHOW COLUMNS FROM `tp_guess_user` [ RunTime:0.006433s ]
SQL: SELECT count(*) AS num,sum(add_money) AS total_money FROM `tp_guess_user` WHERE ( guess_field_question_id = 5377 AND team_type = 1 ) LIMIT 1   [ RunTime:0.018814s ]
SQL: SELECT count(*) AS num,sum(add_money) AS total_money FROM `tp_guess_user` WHERE ( guess_field_question_id = 5377 AND team_type = 2 ) LIMIT 1   [ RunTime:0.006672s ]
SQL: SHOW COLUMNS FROM `tp_guess_field_question` [ RunTime:0.016003s ]
SQL: SELECT * FROM `tp_guess_field_question` WHERE ( guess_field_question_id = 5377 ) LIMIT 1   [ RunTime:0.000354s ]
SQL: SHOW COLUMNS FROM `tp_guess` [ RunTime:0.011488s ]
SQL: SELECT * FROM `tp_guess` WHERE ( guess_id = 1669 ) LIMIT 1   [ RunTime:0.000342s ]
SQL: SHOW COLUMNS FROM `tp_team` [ RunTime:0.015794s ]
SQL: SELECT `team_name` FROM `tp_team` WHERE ( team_id = 124 ) LIMIT 1   [ RunTime:0.002519s ]
SQL: SELECT `team_name` FROM `tp_team` WHERE ( team_id = 190 ) LIMIT 1   [ RunTime:0.003743s ]
SQL: SHOW COLUMNS FROM `tp_guess_field` [ RunTime:0.005001s ]
SQL: SELECT `field_type` FROM `tp_guess_field` WHERE ( guess_field_id = 2905 ) LIMIT 1   [ RunTime:0.009625s ]

