[ 2016-12-09T10:47:18+08:00 ] 127.0.0.1 /FrontGuess/guess_index
SQL: SHOW COLUMNS FROM `tp_config` [ RunTime:0.024317s ]
SQL: SELECT * FROM `tp_config`  [ RunTime:0.003189s ]
SQL: SELECT `user_id` FROM `tp_users` WHERE ( user_id = 0 ) LIMIT 1   [ RunTime:0.010714s ]
SQL: SHOW COLUMNS FROM `tp_config` [ RunTime:0.003675s ]
SQL: SELECT `config_value` FROM `tp_config` WHERE ( config_name= "jsapi_ticket" ) LIMIT 1   [ RunTime:0.000256s ]
SQL: SELECT `config_value` FROM `tp_config` WHERE ( config_name= "jsapi_ticket_expire_time" ) LIMIT 1   [ RunTime:0.000150s ]
SQL: SHOW COLUMNS FROM `tp_config` [ RunTime:0.003123s ]
SQL: SELECT `config_value` FROM `tp_config` WHERE ( config_name= "access_token" ) LIMIT 1   [ RunTime:0.000207s ]
SQL: SELECT `config_value` FROM `tp_config` WHERE ( config_name= "access_token_expire_time" ) LIMIT 1   [ RunTime:0.000211s ]
SQL: UPDATE `tp_config` SET `config_value`='DRIePcUt2XlBFS5iFa11P4QT-QILRIo2nS6KjqYtdJ6kZSAhOU62kLqXssBn9pPQiNCLZXKiSkOCq8jQDJGvJEoI-jPRdymxAVFYZs263wI0LRHGND1rtUorQWVbWLy4TRZjACAECK' WHERE ( config_name="access_token" ) [ RunTime:0.000423s ]
SQL: UPDATE `tp_config` SET `config_value`=1481258637 WHERE ( config_name="access_token_expire_time" ) [ RunTime:0.000311s ]
SQL: UPDATE `tp_config` SET `config_value`='kgt8ON7yVITDhtdwci0qeYQAHREO0HbYL2-fFn3US2Nm2SkprHIumxmwljqujyyIvYRMXF7a900pmOzwDieMBA' WHERE ( config_name="jsapi_ticket" ) [ RunTime:0.000427s ]
SQL: UPDATE `tp_config` SET `config_value`=1481258637 WHERE ( config_name="jsapi_ticket_expire_time" ) [ RunTime:0.000343s ]
SQL: SHOW COLUMNS FROM `tp_guess_user` [ RunTime:0.014974s ]
SQL: SELECT count(*) AS people_num,sum(add_money) AS total_money FROM `tp_guess_user` WHERE ( addtime >= 1481212800 AND addtime <= 1481299200 ) LIMIT 1   [ RunTime:0.024176s ]
SQL: SHOW COLUMNS FROM `tp_roll` [ RunTime:0.008741s ]
SQL: SELECT * FROM `tp_roll` WHERE ( isuse = 1 AND is_open = 0 AND start_time <= 1481251637 AND end_time >= 1481251637 ) LIMIT 1   [ RunTime:0.003614s ]
SQL: SELECT (sum(prize_money) - sum(add_money)) AS total_prize,`user_id` FROM `tp_guess_user` WHERE ( is_pay = 1 AND addtime >= 1480867200 AND addtime <= 1481472000 ) GROUP BY user_id HAVING total_prize > 0 ORDER BY total_prize DESC LIMIT 5   [ RunTime:0.014000s ]
SQL: SHOW COLUMNS FROM `tp_guess_type` [ RunTime:0.008778s ]
SQL: SELECT * FROM `tp_guess_type` WHERE ( isuse = 1 ) ORDER BY serial LIMIT 4   [ RunTime:0.003043s ]
SQL: SHOW COLUMNS FROM `tp_guess` [ RunTime:0.009013s ]
SQL: SELECT COUNT(*) AS tp_count FROM `tp_guess` WHERE ( guess_type_id = 14 AND is_over = 0 ) LIMIT 1   [ RunTime:0.009462s ]
SQL: SELECT COUNT(*) AS tp_count FROM `tp_guess` WHERE ( guess_type_id = 16 AND is_over = 0 ) LIMIT 1   [ RunTime:0.000744s ]
SQL: SELECT COUNT(*) AS tp_count FROM `tp_guess` WHERE ( guess_type_id = 15 AND is_over = 0 ) LIMIT 1   [ RunTime:0.000681s ]
SQL: SHOW COLUMNS FROM `tp_guess` [ RunTime:0.003604s ]
SQL: SELECT COUNT(*) AS tp_count FROM `tp_guess` WHERE ( isuse = 1 AND guess_type_id = 14 ) LIMIT 1   [ RunTime:0.000957s ]
SQL: SELECT COUNT(*) AS tp_count FROM `tp_guess` WHERE ( isuse = 1 AND guess_type_id = 14 AND is_over = 0 ) LIMIT 1   [ RunTime:0.000783s ]
SQL: SELECT * FROM `tp_guess` WHERE ( isuse = 1 AND start_time <= 1481251637 AND guess_type_id = 14 ) ORDER BY (case when first_field_time <= 1481251637 AND is_over = 0  then 0
            when first_field_time > "1481251637" AND  is_over = 0 then 1 
        else 2 end), serial LIMIT 0, 6   [ RunTime:0.007120s ]
SQL: SHOW COLUMNS FROM `tp_team` [ RunTime:0.012372s ]
SQL: SELECT * FROM `tp_team` WHERE ( team_id = 107 ) LIMIT 1   [ RunTime:0.003187s ]
SQL: SELECT * FROM `tp_team` WHERE ( team_id = 112 ) LIMIT 1   [ RunTime:0.003767s ]
SQL: SHOW COLUMNS FROM `tp_guess_field` [ RunTime:0.014500s ]
SQL: SELECT COUNT(*) AS tp_count FROM `tp_guess_field` WHERE ( isuse = 1 AND guess_id = 1792 ) LIMIT 1   [ RunTime:0.004724s ]
SQL: SELECT * FROM `tp_team` WHERE ( team_id = 109 ) LIMIT 1   [ RunTime:0.000300s ]
SQL: SELECT * FROM `tp_team` WHERE ( team_id = 77 ) LIMIT 1   [ RunTime:0.002160s ]
SQL: SELECT COUNT(*) AS tp_count FROM `tp_guess_field` WHERE ( isuse = 1 AND guess_id = 1793 ) LIMIT 1   [ RunTime:0.001158s ]
SQL: SELECT * FROM `tp_team` WHERE ( team_id = 39 ) LIMIT 1   [ RunTime:0.002208s ]
SQL: SELECT * FROM `tp_team` WHERE ( team_id = 37 ) LIMIT 1   [ RunTime:0.000186s ]
SQL: SELECT COUNT(*) AS tp_count FROM `tp_guess_field` WHERE ( isuse = 1 AND guess_id = 1794 ) LIMIT 1   [ RunTime:0.000943s ]
SQL: SELECT * FROM `tp_team` WHERE ( team_id = 102 ) LIMIT 1   [ RunTime:0.000251s ]
SQL: SELECT * FROM `tp_team` WHERE ( team_id = 67 ) LIMIT 1   [ RunTime:0.000170s ]
SQL: SELECT COUNT(*) AS tp_count FROM `tp_guess_field` WHERE ( isuse = 1 AND guess_id = 1795 ) LIMIT 1   [ RunTime:0.001102s ]
SQL: SELECT * FROM `tp_team` WHERE ( team_id = 23 ) LIMIT 1   [ RunTime:0.000245s ]
SQL: SELECT * FROM `tp_team` WHERE ( team_id = 214 ) LIMIT 1   [ RunTime:0.002448s ]
SQL: SELECT COUNT(*) AS tp_count FROM `tp_guess_field` WHERE ( isuse = 1 AND guess_id = 1796 ) LIMIT 1   [ RunTime:0.001538s ]
SQL: SELECT * FROM `tp_team` WHERE ( team_id = 109 ) LIMIT 1   [ RunTime:0.000259s ]
SQL: SELECT * FROM `tp_team` WHERE ( team_id = 360 ) LIMIT 1   [ RunTime:0.002240s ]
SQL: SELECT COUNT(*) AS tp_count FROM `tp_guess_field` WHERE ( isuse = 1 AND guess_id = 1797 ) LIMIT 1   [ RunTime:0.001837s ]
SQL: SHOW COLUMNS FROM `tp_notice` [ RunTime:0.014764s ]
SQL: SELECT `notice_id` FROM `tp_notice` WHERE ( notice_sort_id = 2 AND isuse = 1 ) ORDER BY addtime DESC LIMIT 1   [ RunTime:0.002760s ]
SQL: SHOW COLUMNS FROM `tp_notice_txt` [ RunTime:0.007676s ]
SQL: SELECT `contents` FROM `tp_notice_txt` WHERE ( notice_id=5 ) LIMIT 1   [ RunTime:0.003486s ]

[ 2016-12-09T10:47:23+08:00 ] 127.0.0.1 /FrontUser/personal_data
SQL: SHOW COLUMNS FROM `tp_config` [ RunTime:0.003087s ]
SQL: SELECT * FROM `tp_config`  [ RunTime:0.003411s ]
SQL: SELECT `user_id` FROM `tp_users` WHERE ( user_id = 39628 ) LIMIT 1   [ RunTime:0.000280s ]
SQL: SHOW COLUMNS FROM `tp_config` [ RunTime:0.002955s ]
SQL: SELECT `config_value` FROM `tp_config` WHERE ( config_name= "jsapi_ticket" ) LIMIT 1   [ RunTime:0.000295s ]
SQL: SELECT `config_value` FROM `tp_config` WHERE ( config_name= "jsapi_ticket_expire_time" ) LIMIT 1   [ RunTime:0.000217s ]
SQL: SELECT `mobile`,`role_type` FROM `tp_users` WHERE ( user_id = 39628 AND is_enable = 1 ) LIMIT 1   [ RunTime:0.002388s ]
SQL: SELECT `nickname`,`realname`,`mobile`,`email`,`headimgurl`,`id`,`left_money`,`frozen_money`,`user_id` FROM `tp_users` WHERE ( user_id = 39628 AND is_enable = 1 ) LIMIT 1   [ RunTime:0.000412s ]

[ 2016-12-09T10:47:31+08:00 ] 127.0.0.1 /FrontUser/help_center.html
SQL: SHOW COLUMNS FROM `tp_config` [ RunTime:0.006270s ]
SQL: SELECT * FROM `tp_config`  [ RunTime:0.003821s ]
SQL: SELECT `user_id` FROM `tp_users` WHERE ( user_id = 39628 ) LIMIT 1   [ RunTime:0.000261s ]
SQL: SHOW COLUMNS FROM `tp_config` [ RunTime:0.009282s ]
SQL: SELECT `config_value` FROM `tp_config` WHERE ( config_name= "jsapi_ticket" ) LIMIT 1   [ RunTime:0.000294s ]
SQL: SELECT `config_value` FROM `tp_config` WHERE ( config_name= "jsapi_ticket_expire_time" ) LIMIT 1   [ RunTime:0.000197s ]
SQL: SELECT `mobile`,`role_type` FROM `tp_users` WHERE ( user_id = 39628 AND is_enable = 1 ) LIMIT 1   [ RunTime:0.003083s ]
SQL: SHOW COLUMNS FROM `tp_article` [ RunTime:0.010719s ]
SQL: SELECT `title`,`article_id` FROM `tp_article` WHERE ( isuse = 1 AND article_sort_id = 1 )  [ RunTime:0.003189s ]

[ 2016-12-09T10:47:34+08:00 ] 127.0.0.1 /FrontUser/about_us.html
SQL: SHOW COLUMNS FROM `tp_config` [ RunTime:0.003808s ]
SQL: SELECT * FROM `tp_config`  [ RunTime:0.000562s ]
SQL: SELECT `user_id` FROM `tp_users` WHERE ( user_id = 39628 ) LIMIT 1   [ RunTime:0.000256s ]
SQL: SHOW COLUMNS FROM `tp_config` [ RunTime:0.002670s ]
SQL: SELECT `config_value` FROM `tp_config` WHERE ( config_name= "jsapi_ticket" ) LIMIT 1   [ RunTime:0.000332s ]
SQL: SELECT `config_value` FROM `tp_config` WHERE ( config_name= "jsapi_ticket_expire_time" ) LIMIT 1   [ RunTime:0.000222s ]
SQL: SELECT `mobile`,`role_type` FROM `tp_users` WHERE ( user_id = 39628 AND is_enable = 1 ) LIMIT 1   [ RunTime:0.000320s ]
SQL: SHOW COLUMNS FROM `tp_article` [ RunTime:0.002856s ]
SQL: SELECT `article_id` FROM `tp_article` WHERE ( isuse = 1 AND article_sort_id = 2 ) ORDER BY serial LIMIT 1   [ RunTime:0.000233s ]
SQL: SHOW COLUMNS FROM `tp_article_txt` [ RunTime:0.009062s ]
SQL: SELECT `contents` FROM `tp_article_txt` WHERE ( article_id=214 ) LIMIT 1   [ RunTime:0.004768s ]

[ 2016-12-09T14:03:21+08:00 ] 127.0.0.1 /FrontGuess/guess_index
SQL: SHOW COLUMNS FROM `tp_config` [ RunTime:0.011269s ]
SQL: SELECT * FROM `tp_config`  [ RunTime:0.003393s ]
SQL: SELECT `user_id` FROM `tp_users` WHERE ( user_id = 0 ) LIMIT 1   [ RunTime:0.007214s ]
SQL: SHOW COLUMNS FROM `tp_config` [ RunTime:0.004710s ]
SQL: SELECT `config_value` FROM `tp_config` WHERE ( config_name= "jsapi_ticket" ) LIMIT 1   [ RunTime:0.000284s ]
SQL: SELECT `config_value` FROM `tp_config` WHERE ( config_name= "jsapi_ticket_expire_time" ) LIMIT 1   [ RunTime:0.000343s ]
SQL: SHOW COLUMNS FROM `tp_config` [ RunTime:0.004307s ]
SQL: SELECT `config_value` FROM `tp_config` WHERE ( config_name= "access_token" ) LIMIT 1   [ RunTime:0.000298s ]
SQL: SELECT `config_value` FROM `tp_config` WHERE ( config_name= "access_token_expire_time" ) LIMIT 1   [ RunTime:0.000247s ]
SQL: UPDATE `tp_config` SET `config_value`='ocy-Vn1wyXbFGZhSXpqWsDTvTXy2hlZitRGOuLlshfgdkKNgPLQuW-sSv32hhJJFUpmK_E_OJPDe38oFffoNN7UvILghlMG8SOMvs_1nd_MMKTiAIAUSB' WHERE ( config_name="access_token" ) [ RunTime:0.000496s ]
SQL: UPDATE `tp_config` SET `config_value`=1481270400 WHERE ( config_name="access_token_expire_time" ) [ RunTime:0.000225s ]
SQL: UPDATE `tp_config` SET `config_value`='kgt8ON7yVITDhtdwci0qeYQAHREO0HbYL2-fFn3US2MmiCA22xw3lKgvuB5EJ3bFMU-kT17mx2-f1-2Hn8IoVg' WHERE ( config_name="jsapi_ticket" ) [ RunTime:0.000311s ]
SQL: UPDATE `tp_config` SET `config_value`=1481270400 WHERE ( config_name="jsapi_ticket_expire_time" ) [ RunTime:0.000166s ]
SQL: SHOW COLUMNS FROM `tp_guess_user` [ RunTime:0.007728s ]
SQL: SELECT count(*) AS people_num,sum(add_money) AS total_money FROM `tp_guess_user` WHERE ( addtime >= 1481212800 AND addtime <= 1481299200 ) LIMIT 1   [ RunTime:0.024390s ]
SQL: SHOW COLUMNS FROM `tp_roll` [ RunTime:0.004179s ]
SQL: SELECT * FROM `tp_roll` WHERE ( isuse = 1 AND is_open = 0 AND start_time <= 1481263400 AND end_time >= 1481263400 ) LIMIT 1   [ RunTime:0.001082s ]
SQL: SELECT (sum(prize_money) - sum(add_money)) AS total_prize,`user_id` FROM `tp_guess_user` WHERE ( is_pay = 1 AND addtime >= 1480867200 AND addtime <= 1481472000 ) GROUP BY user_id HAVING total_prize > 0 ORDER BY total_prize DESC LIMIT 5   [ RunTime:0.011484s ]
SQL: SHOW COLUMNS FROM `tp_guess_type` [ RunTime:0.008227s ]
SQL: SELECT * FROM `tp_guess_type` WHERE ( isuse = 1 ) ORDER BY serial LIMIT 4   [ RunTime:0.001010s ]
SQL: SHOW COLUMNS FROM `tp_guess` [ RunTime:0.011166s ]
SQL: SELECT COUNT(*) AS tp_count FROM `tp_guess` WHERE ( guess_type_id = 14 AND is_over = 0 ) LIMIT 1   [ RunTime:0.003963s ]
SQL: SELECT COUNT(*) AS tp_count FROM `tp_guess` WHERE ( guess_type_id = 16 AND is_over = 0 ) LIMIT 1   [ RunTime:0.001487s ]
SQL: SELECT COUNT(*) AS tp_count FROM `tp_guess` WHERE ( guess_type_id = 15 AND is_over = 0 ) LIMIT 1   [ RunTime:0.000901s ]
SQL: SHOW COLUMNS FROM `tp_guess` [ RunTime:0.004745s ]
SQL: SELECT COUNT(*) AS tp_count FROM `tp_guess` WHERE ( isuse = 1 AND guess_type_id = 14 ) LIMIT 1   [ RunTime:0.001004s ]
SQL: SELECT COUNT(*) AS tp_count FROM `tp_guess` WHERE ( isuse = 1 AND guess_type_id = 14 AND is_over = 0 ) LIMIT 1   [ RunTime:0.001020s ]
SQL: SELECT * FROM `tp_guess` WHERE ( isuse = 1 AND start_time <= 1481263400 AND guess_type_id = 14 ) ORDER BY (case when first_field_time <= 1481263400 AND is_over = 0  then 0
            when first_field_time > "1481263400" AND  is_over = 0 then 1 
        else 2 end), serial LIMIT 0, 6   [ RunTime:0.006455s ]
SQL: SHOW COLUMNS FROM `tp_team` [ RunTime:0.011745s ]
SQL: SELECT * FROM `tp_team` WHERE ( team_id = 107 ) LIMIT 1   [ RunTime:0.002880s ]
SQL: SELECT * FROM `tp_team` WHERE ( team_id = 112 ) LIMIT 1   [ RunTime:0.000249s ]
SQL: SHOW COLUMNS FROM `tp_guess_field` [ RunTime:0.010434s ]
SQL: SELECT COUNT(*) AS tp_count FROM `tp_guess_field` WHERE ( isuse = 1 AND guess_id = 1792 ) LIMIT 1   [ RunTime:0.004974s ]
SQL: SELECT * FROM `tp_team` WHERE ( team_id = 109 ) LIMIT 1   [ RunTime:0.000366s ]
SQL: SELECT * FROM `tp_team` WHERE ( team_id = 77 ) LIMIT 1   [ RunTime:0.002173s ]
SQL: SELECT COUNT(*) AS tp_count FROM `tp_guess_field` WHERE ( isuse = 1 AND guess_id = 1793 ) LIMIT 1   [ RunTime:0.001737s ]
SQL: SELECT * FROM `tp_team` WHERE ( team_id = 39 ) LIMIT 1   [ RunTime:0.002226s ]
SQL: SELECT * FROM `tp_team` WHERE ( team_id = 37 ) LIMIT 1   [ RunTime:0.000250s ]
SQL: SELECT COUNT(*) AS tp_count FROM `tp_guess_field` WHERE ( isuse = 1 AND guess_id = 1794 ) LIMIT 1   [ RunTime:0.001586s ]
SQL: SELECT * FROM `tp_team` WHERE ( team_id = 102 ) LIMIT 1   [ RunTime:0.000239s ]
SQL: SELECT * FROM `tp_team` WHERE ( team_id = 67 ) LIMIT 1   [ RunTime:0.000155s ]
SQL: SELECT COUNT(*) AS tp_count FROM `tp_guess_field` WHERE ( isuse = 1 AND guess_id = 1795 ) LIMIT 1   [ RunTime:0.001271s ]
SQL: SELECT * FROM `tp_team` WHERE ( team_id = 23 ) LIMIT 1   [ RunTime:0.000327s ]
SQL: SELECT * FROM `tp_team` WHERE ( team_id = 214 ) LIMIT 1   [ RunTime:0.002378s ]
SQL: SELECT COUNT(*) AS tp_count FROM `tp_guess_field` WHERE ( isuse = 1 AND guess_id = 1796 ) LIMIT 1   [ RunTime:0.001448s ]
SQL: SELECT * FROM `tp_team` WHERE ( team_id = 109 ) LIMIT 1   [ RunTime:0.000306s ]
SQL: SELECT * FROM `tp_team` WHERE ( team_id = 360 ) LIMIT 1   [ RunTime:0.002145s ]
SQL: SELECT COUNT(*) AS tp_count FROM `tp_guess_field` WHERE ( isuse = 1 AND guess_id = 1797 ) LIMIT 1   [ RunTime:0.001524s ]
SQL: SHOW COLUMNS FROM `tp_notice` [ RunTime:0.010854s ]
SQL: SELECT `notice_id` FROM `tp_notice` WHERE ( notice_sort_id = 2 AND isuse = 1 ) ORDER BY addtime DESC LIMIT 1   [ RunTime:0.002713s ]
SQL: SHOW COLUMNS FROM `tp_notice_txt` [ RunTime:0.004820s ]
SQL: SELECT `contents` FROM `tp_notice_txt` WHERE ( notice_id=5 ) LIMIT 1   [ RunTime:0.003087s ]

[ 2016-12-09T14:03:23+08:00 ] 127.0.0.1 /FrontUser/personal_data
SQL: SHOW COLUMNS FROM `tp_config` [ RunTime:0.006295s ]
SQL: SELECT * FROM `tp_config`  [ RunTime:0.000687s ]
SQL: SELECT `user_id` FROM `tp_users` WHERE ( user_id = 39628 ) LIMIT 1   [ RunTime:0.000287s ]
SQL: SHOW COLUMNS FROM `tp_config` [ RunTime:0.006395s ]
SQL: SELECT `config_value` FROM `tp_config` WHERE ( config_name= "jsapi_ticket" ) LIMIT 1   [ RunTime:0.000261s ]
SQL: SELECT `config_value` FROM `tp_config` WHERE ( config_name= "jsapi_ticket_expire_time" ) LIMIT 1   [ RunTime:0.000189s ]
SQL: SELECT `mobile`,`role_type` FROM `tp_users` WHERE ( user_id = 39628 AND is_enable = 1 ) LIMIT 1   [ RunTime:0.002397s ]
SQL: SELECT `nickname`,`realname`,`mobile`,`email`,`headimgurl`,`id`,`left_money`,`frozen_money`,`user_id` FROM `tp_users` WHERE ( user_id = 39628 AND is_enable = 1 ) LIMIT 1   [ RunTime:0.000863s ]

[ 2016-12-09T14:03:27+08:00 ] 127.0.0.1 /FrontUser/setup.html
SQL: SHOW COLUMNS FROM `tp_config` [ RunTime:0.006610s ]
SQL: SELECT * FROM `tp_config`  [ RunTime:0.000342s ]
SQL: SELECT `user_id` FROM `tp_users` WHERE ( user_id = 39628 ) LIMIT 1   [ RunTime:0.000230s ]
SQL: SHOW COLUMNS FROM `tp_config` [ RunTime:0.005484s ]
SQL: SELECT `config_value` FROM `tp_config` WHERE ( config_name= "jsapi_ticket" ) LIMIT 1   [ RunTime:0.000187s ]
SQL: SELECT `config_value` FROM `tp_config` WHERE ( config_name= "jsapi_ticket_expire_time" ) LIMIT 1   [ RunTime:0.000206s ]
SQL: SELECT `mobile`,`role_type` FROM `tp_users` WHERE ( user_id = 39628 AND is_enable = 1 ) LIMIT 1   [ RunTime:0.000278s ]
SQL: SELECT `mobile`,`email`,`nickname`,`headimgurl` FROM `tp_users` WHERE ( user_id = 39628 AND is_enable = 1 ) LIMIT 1   [ RunTime:0.000274s ]

[ 2016-12-09T14:03:28+08:00 ] 127.0.0.1 /FrontUser/bind_mobile.html
SQL: SHOW COLUMNS FROM `tp_config` [ RunTime:0.002922s ]
SQL: SELECT * FROM `tp_config`  [ RunTime:0.000408s ]
SQL: SELECT `user_id` FROM `tp_users` WHERE ( user_id = 39628 ) LIMIT 1   [ RunTime:0.000311s ]
SQL: SHOW COLUMNS FROM `tp_config` [ RunTime:0.003741s ]
SQL: SELECT `config_value` FROM `tp_config` WHERE ( config_name= "jsapi_ticket" ) LIMIT 1   [ RunTime:0.000215s ]
SQL: SELECT `config_value` FROM `tp_config` WHERE ( config_name= "jsapi_ticket_expire_time" ) LIMIT 1   [ RunTime:0.000186s ]
SQL: SELECT `mobile`,`role_type` FROM `tp_users` WHERE ( user_id = 39628 AND is_enable = 1 ) LIMIT 1   [ RunTime:0.000217s ]
SQL: SELECT `mobile` FROM `tp_users` WHERE ( user_id = 39628 AND is_enable = 1 ) LIMIT 1   [ RunTime:0.000235s ]

[ 2016-12-09T14:03:35+08:00 ] 127.0.0.1 /FrontUser/bind_mobile.html
SQL: SHOW COLUMNS FROM `tp_config` [ RunTime:0.003277s ]
SQL: SELECT * FROM `tp_config`  [ RunTime:0.000385s ]
SQL: SELECT `user_id` FROM `tp_users` WHERE ( user_id = 39628 ) LIMIT 1   [ RunTime:0.000288s ]
SQL: SHOW COLUMNS FROM `tp_config` [ RunTime:0.002952s ]
SQL: SELECT `config_value` FROM `tp_config` WHERE ( config_name= "jsapi_ticket" ) LIMIT 1   [ RunTime:0.000237s ]
SQL: SELECT `config_value` FROM `tp_config` WHERE ( config_name= "jsapi_ticket_expire_time" ) LIMIT 1   [ RunTime:0.000176s ]
SQL: SELECT `mobile`,`role_type` FROM `tp_users` WHERE ( user_id = 39628 AND is_enable = 1 ) LIMIT 1   [ RunTime:0.002420s ]
SQL: SELECT `mobile` FROM `tp_users` WHERE ( user_id = 39628 AND is_enable = 1 ) LIMIT 1   [ RunTime:0.000243s ]

[ 2016-12-09T15:14:38+08:00 ] 127.0.0.1 /admin
SQL: SHOW COLUMNS FROM `tp_config` [ RunTime:0.003879s ]
SQL: SELECT * FROM `tp_config`  [ RunTime:0.003470s ]

[ 2016-12-09T15:14:38+08:00 ] 127.0.0.1 /acp.html
SQL: SHOW COLUMNS FROM `tp_config` [ RunTime:0.002750s ]
SQL: SELECT * FROM `tp_config`  [ RunTime:0.000260s ]

[ 2016-12-09T15:14:38+08:00 ] 127.0.0.1 /login/index/redirect/UywFYQczVXYBKQxuBzgJbVRiVipScQc6AXcAbAQ8.html
SQL: SHOW COLUMNS FROM `tp_config` [ RunTime:0.002850s ]
SQL: SELECT * FROM `tp_config`  [ RunTime:0.000291s ]

[ 2016-12-09T15:14:42+08:00 ] 127.0.0.1 /login/index/redirect/UywFYQczVXYBKQxuBzgJbVRiVipScQc6AXcAbAQ8.html
SQL: SHOW COLUMNS FROM `tp_config` [ RunTime:0.003115s ]
SQL: SELECT * FROM `tp_config`  [ RunTime:0.000289s ]
SQL: SHOW COLUMNS FROM `tp_users` [ RunTime:0.006539s ]
SQL: SELECT `user_id`,`username`,`role_type`,`password`,`is_enable`,`login_try_times`,`block_time`,`group_id` FROM `tp_users` WHERE ( username = 'admin@admin.com' ) LIMIT 1   [ RunTime:0.007015s ]
SQL: UPDATE `tp_users` SET `login_try_times`=0,`block_time`=0 WHERE ( user_id = 1 ) [ RunTime:0.000264s ]

[ 2016-12-09T15:14:42+08:00 ] 127.0.0.1 /acp/index.html
SQL: SHOW COLUMNS FROM `tp_config` [ RunTime:0.008853s ]
SQL: SELECT * FROM `tp_config`  [ RunTime:0.000664s ]
SQL: SHOW COLUMNS FROM `tp_users` [ RunTime:0.007549s ]
SQL: SELECT * FROM `tp_users` LEFT JOIN  tp_users_group on tp_users.group_id = tp_users_group.group_id WHERE ( tp_users.user_id = 1 )  [ RunTime:0.010969s ]
SQL: SHOW COLUMNS FROM `tp_users` [ RunTime:0.007534s ]
SQL: SELECT COUNT(*) AS tp_count FROM `tp_users` WHERE ( role_type = 3 AND reg_time > 1481212800 ) LIMIT 1   [ RunTime:0.003899s ]
SQL: SELECT COUNT(*) AS tp_count FROM `tp_users` WHERE ( role_type = 4 ) LIMIT 1   [ RunTime:0.018480s ]
SQL: SELECT COUNT(*) AS tp_count FROM `tp_order` WHERE ( addtime> 1481212800 ) LIMIT 1   [ RunTime:0.011396s ]
SQL: SELECT COUNT(*) AS tp_count FROM `tp_order` LIMIT 1   [ RunTime:0.000175s ]
SQL: SELECT `username`,`realname`,`nickname` FROM `tp_users` WHERE ( user_id=1 ) LIMIT 1   [ RunTime:0.000225s ]

[ 2016-12-09T15:14:45+08:00 ] 127.0.0.1 /AcpConfig/base_config/mod_id/0
SQL: SHOW COLUMNS FROM `tp_config` [ RunTime:0.008812s ]
SQL: SELECT * FROM `tp_config`  [ RunTime:0.000595s ]
SQL: SHOW COLUMNS FROM `tp_users` [ RunTime:0.006761s ]
SQL: SELECT * FROM `tp_users` LEFT JOIN  tp_users_group on tp_users.group_id = tp_users_group.group_id WHERE ( tp_users.user_id = 1 )  [ RunTime:0.000559s ]

[ 2016-12-09T15:15:00+08:00 ] 127.0.0.1 /AcpConfig/set_recharge_back/mod_id/0
SQL: SHOW COLUMNS FROM `tp_config` [ RunTime:0.006212s ]
SQL: SELECT * FROM `tp_config`  [ RunTime:0.000518s ]
SQL: SHOW COLUMNS FROM `tp_users` [ RunTime:0.004188s ]
SQL: SELECT * FROM `tp_users` LEFT JOIN  tp_users_group on tp_users.group_id = tp_users_group.group_id WHERE ( tp_users.user_id = 1 )  [ RunTime:0.000588s ]
SQL: SHOW COLUMNS FROM `tp_config` [ RunTime:0.003810s ]

[ 2016-12-09T15:15:05+08:00 ] 127.0.0.1 /AcpConfig/set_recharge_back/mod_id/0
SQL: SHOW COLUMNS FROM `tp_config` [ RunTime:0.006457s ]
SQL: SELECT * FROM `tp_config`  [ RunTime:0.000491s ]
SQL: SHOW COLUMNS FROM `tp_users` [ RunTime:0.006528s ]
SQL: SELECT * FROM `tp_users` LEFT JOIN  tp_users_group on tp_users.group_id = tp_users_group.group_id WHERE ( tp_users.user_id = 1 )  [ RunTime:0.000613s ]
SQL: SHOW COLUMNS FROM `tp_config` [ RunTime:0.002672s ]

[ 2016-12-09T15:15:21+08:00 ] 127.0.0.1 /AcpConfig/base_config/mod_id/0
SQL: SHOW COLUMNS FROM `tp_config` [ RunTime:0.006547s ]
SQL: SELECT * FROM `tp_config`  [ RunTime:0.000528s ]
SQL: SHOW COLUMNS FROM `tp_users` [ RunTime:0.007085s ]
SQL: SELECT * FROM `tp_users` LEFT JOIN  tp_users_group on tp_users.group_id = tp_users_group.group_id WHERE ( tp_users.user_id = 1 )  [ RunTime:0.000409s ]

[ 2016-12-09T15:15:27+08:00 ] 127.0.0.1 /AcpPayment/list_payment/mod_id/0
SQL: SHOW COLUMNS FROM `tp_config` [ RunTime:0.001536s ]
SQL: SELECT * FROM `tp_config`  [ RunTime:0.000323s ]
SQL: SHOW COLUMNS FROM `tp_users` [ RunTime:0.004124s ]
SQL: SELECT * FROM `tp_users` LEFT JOIN  tp_users_group on tp_users.group_id = tp_users_group.group_id WHERE ( tp_users.user_id = 1 )  [ RunTime:0.000548s ]
SQL: SELECT * FROM `tp_payway` WHERE ( isuse = 1 AND pay_tag <> 'cardpay' )  [ RunTime:0.003009s ]
SQL: SHOW COLUMNS FROM `tp_member_card` [ RunTime:0.004673s ]
SQL: SELECT * FROM `tp_member_card` WHERE ( is_deposited = 1 AND user_id = 1 AND isuse = 1 )  [ RunTime:0.000299s ]

[ 2016-12-09T15:15:27+08:00 ] 127.0.0.1 /AcpConfig/set_recharge_back/mod_id/0
SQL: SHOW COLUMNS FROM `tp_config` [ RunTime:0.003050s ]
SQL: SELECT * FROM `tp_config`  [ RunTime:0.000331s ]
SQL: SHOW COLUMNS FROM `tp_users` [ RunTime:0.007508s ]
SQL: SELECT * FROM `tp_users` LEFT JOIN  tp_users_group on tp_users.group_id = tp_users_group.group_id WHERE ( tp_users.user_id = 1 )  [ RunTime:0.000840s ]
SQL: SHOW COLUMNS FROM `tp_config` [ RunTime:0.003733s ]

[ 2016-12-09T15:15:28+08:00 ] 127.0.0.1 /AcpConfig/push_information/mod_id/0
SQL: SHOW COLUMNS FROM `tp_config` [ RunTime:0.006610s ]
SQL: SELECT * FROM `tp_config`  [ RunTime:0.000386s ]
SQL: SHOW COLUMNS FROM `tp_users` [ RunTime:0.007469s ]
SQL: SELECT * FROM `tp_users` LEFT JOIN  tp_users_group on tp_users.group_id = tp_users_group.group_id WHERE ( tp_users.user_id = 1 )  [ RunTime:0.000426s ]
SQL: SHOW COLUMNS FROM `tp_config` [ RunTime:0.003019s ]

[ 2016-12-09T15:15:30+08:00 ] 127.0.0.1 /AcpConfig/close_treasure/mod_id/0
SQL: SHOW COLUMNS FROM `tp_config` [ RunTime:0.003108s ]
SQL: SELECT * FROM `tp_config`  [ RunTime:0.000334s ]
SQL: SHOW COLUMNS FROM `tp_users` [ RunTime:0.006620s ]
SQL: SELECT * FROM `tp_users` LEFT JOIN  tp_users_group on tp_users.group_id = tp_users_group.group_id WHERE ( tp_users.user_id = 1 )  [ RunTime:0.000492s ]
SQL: SHOW COLUMNS FROM `tp_config` [ RunTime:0.002996s ]

[ 2016-12-09T15:15:31+08:00 ] 127.0.0.1 /AcpConfig/push_information/mod_id/0
SQL: SHOW COLUMNS FROM `tp_config` [ RunTime:0.003072s ]
SQL: SELECT * FROM `tp_config`  [ RunTime:0.000283s ]
SQL: SHOW COLUMNS FROM `tp_users` [ RunTime:0.006913s ]
SQL: SELECT * FROM `tp_users` LEFT JOIN  tp_users_group on tp_users.group_id = tp_users_group.group_id WHERE ( tp_users.user_id = 1 )  [ RunTime:0.000372s ]
SQL: SHOW COLUMNS FROM `tp_config` [ RunTime:0.002946s ]

[ 2016-12-09T15:15:32+08:00 ] 127.0.0.1 /AcpConfig/close_treasure/mod_id/0
SQL: SHOW COLUMNS FROM `tp_config` [ RunTime:0.004261s ]
SQL: SELECT * FROM `tp_config`  [ RunTime:0.000458s ]
SQL: SHOW COLUMNS FROM `tp_users` [ RunTime:0.002897s ]
SQL: SELECT * FROM `tp_users` LEFT JOIN  tp_users_group on tp_users.group_id = tp_users_group.group_id WHERE ( tp_users.user_id = 1 )  [ RunTime:0.000357s ]
SQL: SHOW COLUMNS FROM `tp_config` [ RunTime:0.003702s ]

[ 2016-12-09T15:15:32+08:00 ] 127.0.0.1 /AcpConfig/close_exchange/mod_id/0
SQL: SHOW COLUMNS FROM `tp_config` [ RunTime:0.003114s ]
SQL: SELECT * FROM `tp_config`  [ RunTime:0.000386s ]
SQL: SHOW COLUMNS FROM `tp_users` [ RunTime:0.007584s ]
SQL: SELECT * FROM `tp_users` LEFT JOIN  tp_users_group on tp_users.group_id = tp_users_group.group_id WHERE ( tp_users.user_id = 1 )  [ RunTime:0.000674s ]
SQL: SHOW COLUMNS FROM `tp_config` [ RunTime:0.003342s ]

[ 2016-12-09T15:15:33+08:00 ] 127.0.0.1 /AcpConfig/close_recharge/mod_id/0
SQL: SHOW COLUMNS FROM `tp_config` [ RunTime:0.006064s ]
SQL: SELECT * FROM `tp_config`  [ RunTime:0.000361s ]
SQL: SHOW COLUMNS FROM `tp_users` [ RunTime:0.006940s ]
SQL: SELECT * FROM `tp_users` LEFT JOIN  tp_users_group on tp_users.group_id = tp_users_group.group_id WHERE ( tp_users.user_id = 1 )  [ RunTime:0.000359s ]
SQL: SHOW COLUMNS FROM `tp_config` [ RunTime:0.002908s ]

[ 2016-12-09T15:15:33+08:00 ] 127.0.0.1 /AcpConfig/set_email/mod_id/0
SQL: SHOW COLUMNS FROM `tp_config` [ RunTime:0.006123s ]
SQL: SELECT * FROM `tp_config`  [ RunTime:0.000341s ]
SQL: SHOW COLUMNS FROM `tp_users` [ RunTime:0.007490s ]
SQL: SELECT * FROM `tp_users` LEFT JOIN  tp_users_group on tp_users.group_id = tp_users_group.group_id WHERE ( tp_users.user_id = 1 )  [ RunTime:0.000439s ]
SQL: SHOW COLUMNS FROM `tp_config` [ RunTime:0.008633s ]

[ 2016-12-09T15:15:34+08:00 ] 127.0.0.1 /AcpConfig/base_config/mod_id/0
SQL: SHOW COLUMNS FROM `tp_config` [ RunTime:0.003005s ]
SQL: SELECT * FROM `tp_config`  [ RunTime:0.000343s ]
SQL: SHOW COLUMNS FROM `tp_users` [ RunTime:0.007168s ]
SQL: SELECT * FROM `tp_users` LEFT JOIN  tp_users_group on tp_users.group_id = tp_users_group.group_id WHERE ( tp_users.user_id = 1 )  [ RunTime:0.000415s ]

[ 2016-12-09T15:15:44+08:00 ] 127.0.0.1 /Acp/index/mod_id/0
SQL: SHOW COLUMNS FROM `tp_config` [ RunTime:0.006005s ]
SQL: SELECT * FROM `tp_config`  [ RunTime:0.000356s ]
SQL: SHOW COLUMNS FROM `tp_users` [ RunTime:0.006538s ]
SQL: SELECT * FROM `tp_users` LEFT JOIN  tp_users_group on tp_users.group_id = tp_users_group.group_id WHERE ( tp_users.user_id = 1 )  [ RunTime:0.000369s ]
SQL: SHOW COLUMNS FROM `tp_users` [ RunTime:0.006002s ]
SQL: SELECT COUNT(*) AS tp_count FROM `tp_users` WHERE ( role_type = 3 AND reg_time > 1481212800 ) LIMIT 1   [ RunTime:0.000438s ]
SQL: SELECT COUNT(*) AS tp_count FROM `tp_users` WHERE ( role_type = 4 ) LIMIT 1   [ RunTime:0.011016s ]
SQL: SELECT COUNT(*) AS tp_count FROM `tp_order` WHERE ( addtime> 1481212800 ) LIMIT 1   [ RunTime:0.002397s ]
SQL: SELECT COUNT(*) AS tp_count FROM `tp_order` LIMIT 1   [ RunTime:0.000157s ]
SQL: SELECT `username`,`realname`,`nickname` FROM `tp_users` WHERE ( user_id=1 ) LIMIT 1   [ RunTime:0.000170s ]

[ 2016-12-09T15:15:54+08:00 ] 127.0.0.1 /
SQL: SHOW COLUMNS FROM `tp_config` [ RunTime:0.007078s ]
SQL: SELECT * FROM `tp_config`  [ RunTime:0.000303s ]
SQL: SELECT `user_id` FROM `tp_users` WHERE ( user_id = 1 ) LIMIT 1   [ RunTime:0.000258s ]
SQL: SHOW COLUMNS FROM `tp_config` [ RunTime:0.003949s ]
SQL: SELECT `config_value` FROM `tp_config` WHERE ( config_name= "jsapi_ticket" ) LIMIT 1   [ RunTime:0.000226s ]
SQL: SELECT `config_value` FROM `tp_config` WHERE ( config_name= "jsapi_ticket_expire_time" ) LIMIT 1   [ RunTime:0.000193s ]

[ 2016-12-09T15:15:55+08:00 ] 127.0.0.1 /FrontGuess/guess_index.html
SQL: SHOW COLUMNS FROM `tp_config` [ RunTime:0.003004s ]
SQL: SELECT * FROM `tp_config`  [ RunTime:0.000452s ]
SQL: SELECT `user_id` FROM `tp_users` WHERE ( user_id = 1 ) LIMIT 1   [ RunTime:0.000231s ]
SQL: SHOW COLUMNS FROM `tp_config` [ RunTime:0.002785s ]
SQL: SELECT `config_value` FROM `tp_config` WHERE ( config_name= "jsapi_ticket" ) LIMIT 1   [ RunTime:0.000193s ]
SQL: SELECT `config_value` FROM `tp_config` WHERE ( config_name= "jsapi_ticket_expire_time" ) LIMIT 1   [ RunTime:0.000129s ]
SQL: SHOW COLUMNS FROM `tp_guess_user` [ RunTime:0.007004s ]
SQL: SELECT count(*) AS people_num,sum(add_money) AS total_money FROM `tp_guess_user` WHERE ( addtime >= 1481212800 AND addtime <= 1481299200 ) LIMIT 1   [ RunTime:0.026959s ]
SQL: SHOW COLUMNS FROM `tp_roll` [ RunTime:0.006821s ]
SQL: SELECT * FROM `tp_roll` WHERE ( isuse = 1 AND is_open = 0 AND start_time <= 1481267754 AND end_time >= 1481267754 ) LIMIT 1   [ RunTime:0.003527s ]
SQL: SELECT (sum(prize_money) - sum(add_money)) AS total_prize,`user_id` FROM `tp_guess_user` WHERE ( is_pay = 1 AND addtime >= 1480867200 AND addtime <= 1481472000 ) GROUP BY user_id HAVING total_prize > 0 ORDER BY total_prize DESC LIMIT 5   [ RunTime:0.011419s ]
SQL: SHOW COLUMNS FROM `tp_guess_type` [ RunTime:0.004045s ]
SQL: SELECT * FROM `tp_guess_type` WHERE ( isuse = 1 ) ORDER BY serial LIMIT 4   [ RunTime:0.003521s ]
SQL: SHOW COLUMNS FROM `tp_guess` [ RunTime:0.006942s ]
SQL: SELECT COUNT(*) AS tp_count FROM `tp_guess` WHERE ( guess_type_id = 14 AND is_over = 0 ) LIMIT 1   [ RunTime:0.004214s ]
SQL: SELECT COUNT(*) AS tp_count FROM `tp_guess` WHERE ( guess_type_id = 16 AND is_over = 0 ) LIMIT 1   [ RunTime:0.000859s ]
SQL: SELECT COUNT(*) AS tp_count FROM `tp_guess` WHERE ( guess_type_id = 15 AND is_over = 0 ) LIMIT 1   [ RunTime:0.001175s ]
SQL: SHOW COLUMNS FROM `tp_guess` [ RunTime:0.003642s ]
SQL: SELECT COUNT(*) AS tp_count FROM `tp_guess` WHERE ( isuse = 1 AND guess_type_id = 14 ) LIMIT 1   [ RunTime:0.000796s ]
SQL: SELECT COUNT(*) AS tp_count FROM `tp_guess` WHERE ( isuse = 1 AND guess_type_id = 14 AND is_over = 0 ) LIMIT 1   [ RunTime:0.000871s ]
SQL: SELECT * FROM `tp_guess` WHERE ( isuse = 1 AND start_time <= 1481267754 AND guess_type_id = 14 ) ORDER BY (case when first_field_time <= 1481267754 AND is_over = 0  then 0
            when first_field_time > "1481267754" AND  is_over = 0 then 1 
        else 2 end), serial LIMIT 0, 6   [ RunTime:0.006236s ]
SQL: SHOW COLUMNS FROM `tp_team` [ RunTime:0.004022s ]
SQL: SELECT * FROM `tp_team` WHERE ( team_id = 107 ) LIMIT 1   [ RunTime:0.003326s ]
SQL: SELECT * FROM `tp_team` WHERE ( team_id = 112 ) LIMIT 1   [ RunTime:0.000271s ]
SQL: SHOW COLUMNS FROM `tp_guess_field` [ RunTime:0.003297s ]
SQL: SELECT COUNT(*) AS tp_count FROM `tp_guess_field` WHERE ( isuse = 1 AND guess_id = 1792 ) LIMIT 1   [ RunTime:0.004321s ]
SQL: SELECT * FROM `tp_team` WHERE ( team_id = 109 ) LIMIT 1   [ RunTime:0.000298s ]
SQL: SELECT * FROM `tp_team` WHERE ( team_id = 77 ) LIMIT 1   [ RunTime:0.002697s ]
SQL: SELECT COUNT(*) AS tp_count FROM `tp_guess_field` WHERE ( isuse = 1 AND guess_id = 1793 ) LIMIT 1   [ RunTime:0.001495s ]
SQL: SELECT * FROM `tp_team` WHERE ( team_id = 39 ) LIMIT 1   [ RunTime:0.002183s ]
SQL: SELECT * FROM `tp_team` WHERE ( team_id = 37 ) LIMIT 1   [ RunTime:0.000204s ]
SQL: SELECT COUNT(*) AS tp_count FROM `tp_guess_field` WHERE ( isuse = 1 AND guess_id = 1794 ) LIMIT 1   [ RunTime:0.001068s ]
SQL: SELECT * FROM `tp_team` WHERE ( team_id = 102 ) LIMIT 1   [ RunTime:0.000207s ]
SQL: SELECT * FROM `tp_team` WHERE ( team_id = 67 ) LIMIT 1   [ RunTime:0.000138s ]
SQL: SELECT COUNT(*) AS tp_count FROM `tp_guess_field` WHERE ( isuse = 1 AND guess_id = 1795 ) LIMIT 1   [ RunTime:0.000941s ]
SQL: SELECT * FROM `tp_team` WHERE ( team_id = 23 ) LIMIT 1   [ RunTime:0.000201s ]
SQL: SELECT * FROM `tp_team` WHERE ( team_id = 214 ) LIMIT 1   [ RunTime:0.002029s ]
SQL: SELECT COUNT(*) AS tp_count FROM `tp_guess_field` WHERE ( isuse = 1 AND guess_id = 1796 ) LIMIT 1   [ RunTime:0.001189s ]
SQL: SELECT * FROM `tp_team` WHERE ( team_id = 109 ) LIMIT 1   [ RunTime:0.000253s ]
SQL: SELECT * FROM `tp_team` WHERE ( team_id = 360 ) LIMIT 1   [ RunTime:0.003476s ]
SQL: SELECT COUNT(*) AS tp_count FROM `tp_guess_field` WHERE ( isuse = 1 AND guess_id = 1797 ) LIMIT 1   [ RunTime:0.001709s ]
SQL: SHOW COLUMNS FROM `tp_notice` [ RunTime:0.009016s ]
SQL: SELECT `notice_id` FROM `tp_notice` WHERE ( notice_sort_id = 2 AND isuse = 1 ) ORDER BY addtime DESC LIMIT 1   [ RunTime:0.002944s ]
SQL: SHOW COLUMNS FROM `tp_notice_txt` [ RunTime:0.004232s ]
SQL: SELECT `contents` FROM `tp_notice_txt` WHERE ( notice_id=5 ) LIMIT 1   [ RunTime:0.003399s ]

[ 2016-12-09T15:15:57+08:00 ] 127.0.0.1 /FrontUser/personal_data
SQL: SHOW COLUMNS FROM `tp_config` [ RunTime:0.003211s ]
SQL: SELECT * FROM `tp_config`  [ RunTime:0.000424s ]
SQL: SELECT `user_id` FROM `tp_users` WHERE ( user_id = 1 ) LIMIT 1   [ RunTime:0.000647s ]
SQL: SHOW COLUMNS FROM `tp_config` [ RunTime:0.002950s ]
SQL: SELECT `config_value` FROM `tp_config` WHERE ( config_name= "jsapi_ticket" ) LIMIT 1   [ RunTime:0.000209s ]
SQL: SELECT `config_value` FROM `tp_config` WHERE ( config_name= "jsapi_ticket_expire_time" ) LIMIT 1   [ RunTime:0.000320s ]
SQL: SELECT `mobile`,`role_type` FROM `tp_users` WHERE ( user_id = 1 AND is_enable = 1 ) LIMIT 1   [ RunTime:0.000329s ]
SQL: SELECT `nickname`,`realname`,`mobile`,`email`,`headimgurl`,`id`,`left_money`,`frozen_money`,`user_id` FROM `tp_users` WHERE ( user_id = 1 AND is_enable = 1 ) LIMIT 1   [ RunTime:0.000213s ]

[ 2016-12-09T15:16:03+08:00 ] 127.0.0.1 /FrontUser/my_recharge_back.html
SQL: SHOW COLUMNS FROM `tp_config` [ RunTime:0.003888s ]
SQL: SELECT * FROM `tp_config`  [ RunTime:0.000553s ]
SQL: SELECT `user_id` FROM `tp_users` WHERE ( user_id = 1 ) LIMIT 1   [ RunTime:0.000220s ]
SQL: SHOW COLUMNS FROM `tp_config` [ RunTime:0.003201s ]
SQL: SELECT `config_value` FROM `tp_config` WHERE ( config_name= "jsapi_ticket" ) LIMIT 1   [ RunTime:0.000249s ]
SQL: SELECT `config_value` FROM `tp_config` WHERE ( config_name= "jsapi_ticket_expire_time" ) LIMIT 1   [ RunTime:0.000223s ]
SQL: SELECT `mobile`,`role_type` FROM `tp_users` WHERE ( user_id = 1 AND is_enable = 1 ) LIMIT 1   [ RunTime:0.000226s ]
SQL: SHOW COLUMNS FROM `tp_recharge_back` [ RunTime:0.023538s ]
SQL: SELECT COUNT(*) AS tp_count FROM `tp_recharge_back` WHERE ( user_id = 1 ) LIMIT 1   [ RunTime:0.001960s ]
SQL: SELECT * FROM `tp_recharge_back` WHERE ( user_id = 1 ) ORDER BY addtime DESC LIMIT 0, 10   [ RunTime:0.000288s ]

[ 2016-12-09T15:16:16+08:00 ] 127.0.0.1 /admin
SQL: SHOW COLUMNS FROM `tp_config` [ RunTime:0.006558s ]
SQL: SELECT * FROM `tp_config`  [ RunTime:0.000566s ]

[ 2016-12-09T15:16:16+08:00 ] 127.0.0.1 /acp.html
SQL: SHOW COLUMNS FROM `tp_config` [ RunTime:0.002803s ]
SQL: SELECT * FROM `tp_config`  [ RunTime:0.000279s ]
SQL: SHOW COLUMNS FROM `tp_users` [ RunTime:0.002487s ]
SQL: SELECT * FROM `tp_users` LEFT JOIN  tp_users_group on tp_users.group_id = tp_users_group.group_id WHERE ( tp_users.user_id = 1 )  [ RunTime:0.000377s ]
SQL: SHOW COLUMNS FROM `tp_users` [ RunTime:0.004182s ]
SQL: SELECT COUNT(*) AS tp_count FROM `tp_users` WHERE ( role_type = 3 AND reg_time > 1481212800 ) LIMIT 1   [ RunTime:0.000303s ]
SQL: SELECT COUNT(*) AS tp_count FROM `tp_users` WHERE ( role_type = 4 ) LIMIT 1   [ RunTime:0.011394s ]
SQL: SELECT COUNT(*) AS tp_count FROM `tp_order` WHERE ( addtime> 1481212800 ) LIMIT 1   [ RunTime:0.002885s ]
SQL: SELECT COUNT(*) AS tp_count FROM `tp_order` LIMIT 1   [ RunTime:0.000140s ]
SQL: SELECT `username`,`realname`,`nickname` FROM `tp_users` WHERE ( user_id=1 ) LIMIT 1   [ RunTime:0.000162s ]

[ 2016-12-09T15:16:23+08:00 ] 127.0.0.1 /Acp/index/mod_id/0
SQL: SHOW COLUMNS FROM `tp_config` [ RunTime:0.006557s ]
SQL: SELECT * FROM `tp_config`  [ RunTime:0.000533s ]
SQL: SHOW COLUMNS FROM `tp_users` [ RunTime:0.005069s ]
SQL: SELECT * FROM `tp_users` LEFT JOIN  tp_users_group on tp_users.group_id = tp_users_group.group_id WHERE ( tp_users.user_id = 1 )  [ RunTime:0.000499s ]
SQL: SHOW COLUMNS FROM `tp_users` [ RunTime:0.003994s ]
SQL: SELECT COUNT(*) AS tp_count FROM `tp_users` WHERE ( role_type = 3 AND reg_time > 1481212800 ) LIMIT 1   [ RunTime:0.000650s ]
SQL: SELECT COUNT(*) AS tp_count FROM `tp_users` WHERE ( role_type = 4 ) LIMIT 1   [ RunTime:0.005392s ]
SQL: SELECT COUNT(*) AS tp_count FROM `tp_order` WHERE ( addtime> 1481212800 ) LIMIT 1   [ RunTime:0.000441s ]
SQL: SELECT COUNT(*) AS tp_count FROM `tp_order` LIMIT 1   [ RunTime:0.000105s ]
SQL: SELECT `username`,`realname`,`nickname` FROM `tp_users` WHERE ( user_id=1 ) LIMIT 1   [ RunTime:0.000135s ]

[ 2016-12-09T15:16:25+08:00 ] 127.0.0.1 /AcpGuessType/list_guess_type/mod_id/2
SQL: SHOW COLUMNS FROM `tp_config` [ RunTime:0.002911s ]
SQL: SELECT * FROM `tp_config`  [ RunTime:0.000339s ]
SQL: SHOW COLUMNS FROM `tp_users` [ RunTime:0.007131s ]
SQL: SELECT * FROM `tp_users` LEFT JOIN  tp_users_group on tp_users.group_id = tp_users_group.group_id WHERE ( tp_users.user_id = 1 )  [ RunTime:0.000432s ]
SQL: SHOW COLUMNS FROM `tp_guess_type` [ RunTime:0.005055s ]
SQL: SELECT COUNT(*) AS tp_count FROM `tp_guess_type` WHERE ( isuse !=2 ) LIMIT 1   [ RunTime:0.000276s ]
SQL: SELECT * FROM `tp_guess_type` LIMIT 0, 10   [ RunTime:0.000404s ]
SQL: SHOW COLUMNS FROM `tp_guess` [ RunTime:0.004528s ]
SQL: SELECT COUNT(*) AS tp_count FROM `tp_guess` WHERE ( guess_type_id = 14 AND is_over = 0 ) LIMIT 1   [ RunTime:0.001127s ]
SQL: SELECT COUNT(*) AS tp_count FROM `tp_guess` WHERE ( guess_type_id = 15 AND is_over = 0 ) LIMIT 1   [ RunTime:0.000939s ]
SQL: SELECT COUNT(*) AS tp_count FROM `tp_guess` WHERE ( guess_type_id = 16 AND is_over = 0 ) LIMIT 1   [ RunTime:0.000867s ]

[ 2016-12-09T15:16:27+08:00 ] 127.0.0.1 /AcpConfig/base_config/mod_id/0
SQL: SHOW COLUMNS FROM `tp_config` [ RunTime:0.006498s ]
SQL: SELECT * FROM `tp_config`  [ RunTime:0.000354s ]
SQL: SHOW COLUMNS FROM `tp_users` [ RunTime:0.007560s ]
SQL: SELECT * FROM `tp_users` LEFT JOIN  tp_users_group on tp_users.group_id = tp_users_group.group_id WHERE ( tp_users.user_id = 1 )  [ RunTime:0.000430s ]

[ 2016-12-09T15:16:46+08:00 ] 127.0.0.1 /AcpConfig/push_information/mod_id/0
SQL: SHOW COLUMNS FROM `tp_config` [ RunTime:0.003203s ]
SQL: SELECT * FROM `tp_config`  [ RunTime:0.000378s ]
SQL: SHOW COLUMNS FROM `tp_users` [ RunTime:0.006095s ]
SQL: SELECT * FROM `tp_users` LEFT JOIN  tp_users_group on tp_users.group_id = tp_users_group.group_id WHERE ( tp_users.user_id = 1 )  [ RunTime:0.000610s ]
SQL: SHOW COLUMNS FROM `tp_config` [ RunTime:0.002999s ]

[ 2016-12-09T15:16:48+08:00 ] 127.0.0.1 /AcpConfig/set_recharge_back/mod_id/0
SQL: SHOW COLUMNS FROM `tp_config` [ RunTime:0.006278s ]
SQL: SELECT * FROM `tp_config`  [ RunTime:0.000679s ]
SQL: SHOW COLUMNS FROM `tp_users` [ RunTime:0.007102s ]
SQL: SELECT * FROM `tp_users` LEFT JOIN  tp_users_group on tp_users.group_id = tp_users_group.group_id WHERE ( tp_users.user_id = 1 )  [ RunTime:0.000635s ]
SQL: SHOW COLUMNS FROM `tp_config` [ RunTime:0.006345s ]

