[ 2016-10-08T18:11:23+08:00 ] 127.0.0.1 /FrontGuess/guess_index
SQL: SHOW COLUMNS FROM `tp_config` [ RunTime:0.004200s ]
SQL: SELECT * FROM `tp_config`  [ RunTime:0.000334s ]
SQL: SELECT `user_id` FROM `tp_users` WHERE ( user_id = 39628 ) LIMIT 1   [ RunTime:0.000483s ]
SQL: SHOW COLUMNS FROM `tp_config` [ RunTime:0.004485s ]
SQL: SELECT `config_value` FROM `tp_config` WHERE ( config_name= "jsapi_ticket" ) LIMIT 1   [ RunTime:0.000268s ]
SQL: SELECT `config_value` FROM `tp_config` WHERE ( config_name= "jsapi_ticket_expire_time" ) LIMIT 1   [ RunTime:0.000208s ]
SQL: SHOW COLUMNS FROM `tp_config` [ RunTime:0.004338s ]
SQL: SELECT `config_value` FROM `tp_config` WHERE ( config_name= "access_token" ) LIMIT 1   [ RunTime:0.000216s ]
SQL: SELECT `config_value` FROM `tp_config` WHERE ( config_name= "access_token_expire_time" ) LIMIT 1   [ RunTime:0.000160s ]
SQL: UPDATE `tp_config` SET `config_value`='mPLJVuNqQG8YUNMSKhSAlFVzrQnTNIkrMzHAL2JRnPRjSctLdMmFOQUNbbxz7d0LmPi13s9dqjmVXxdDCXBFnWWaAWyLIuZ7acEVW_k608qWdmZ61BUaNBVP0QA296OqAZHiACAEDL' WHERE ( config_name="access_token" ) [ RunTime:0.008032s ]
SQL: UPDATE `tp_config` SET `config_value`=1475928482 WHERE ( config_name="access_token_expire_time" ) [ RunTime:0.000404s ]
SQL: UPDATE `tp_config` SET `config_value`='sM4AOVdWfPE4DxkXGEs8VMkXF0G0i5AQDiP4pE-z34EFchrMXb_e6bVoQYU-DRL2h7BwjDOeIxy2wCUdHPajyg' WHERE ( config_name="jsapi_ticket" ) [ RunTime:0.000423s ]
SQL: UPDATE `tp_config` SET `config_value`=1475928482 WHERE ( config_name="jsapi_ticket_expire_time" ) [ RunTime:0.000213s ]
DEBUG: -----------------auto_start--------------------
SQL: SHOW COLUMNS FROM `tp_treasure` [ RunTime:0.007361s ]
SQL: SELECT * FROM `tp_treasure` WHERE ( isuse = 1 AND is_open = 0 AND open_time > 0 AND open_time <=1475921482 ) ORDER BY addtime LIMIT 5   [ RunTime:0.000982s ]
DEBUG: -----------------auto_end--------------------
DEBUG: ---------------------auto_treasure_end_time-------------
SQL: SELECT * FROM `tp_treasure` WHERE ( isuse = 1 AND is_open = 0 AND open_time = 0 AND end_time < 1475921482 ) ORDER BY addtime LIMIT 5   [ RunTime:0.001136s ]
DEBUG: ---------------------auto_treasure_end_time-------------
SQL: SHOW COLUMNS FROM `tp_roll` [ RunTime:0.007320s ]
DEBUG: -------------------open_roll start-----------------
SQL: SELECT * FROM `tp_roll` WHERE ( isuse = 1 AND is_open != 1 AND end_time < 1475921482 ) ORDER BY addtime LIMIT 5   [ RunTime:0.000515s ]
DEBUG: -------------------open_roll end-----------------
DEBUG: -----------frozen_money --start-- left_money ------------
SQL: SELECT * FROM `tp_account` WHERE ( need_opt = 1 AND opt_time > 0 AND opt_time <= 1475921482 ) ORDER BY addtime LIMIT 10   [ RunTime:0.021270s ]
DEBUG: user_id:39627
SQL: SELECT `left_money`,`frozen_money` FROM `tp_users` WHERE ( user_id = 39627 AND is_enable = 1 ) LIMIT 1   [ RunTime:0.002395s ]
DEBUG: frozen_money:81500.00
DEBUG: after_frozen_money:-16000
DEBUG: -----------frozen_money --end-- left_money ------------
SQL: SHOW COLUMNS FROM `tp_guess_user` [ RunTime:0.005292s ]
SQL: SELECT count(*) AS people_num,sum(add_money) AS total_money FROM `tp_guess_user` WHERE ( addtime >= 1475856000 AND addtime <= 1475942400 ) LIMIT 1   [ RunTime:0.003255s ]
SQL: SHOW COLUMNS FROM `tp_roll` [ RunTime:0.004614s ]
SQL: SELECT * FROM `tp_roll` WHERE ( isuse = 1 AND is_open = 0 AND start_time <= 1475921482 AND end_time >= 1475921482 ) LIMIT 1   [ RunTime:0.000563s ]
SQL: SHOW COLUMNS FROM `tp_prize` [ RunTime:0.004580s ]
SQL: SELECT * FROM `tp_prize` WHERE ( prize_id = 6 ) LIMIT 1   [ RunTime:0.003784s ]
SQL: SELECT (sum(prize_money) - sum(add_money)) AS total_prize,`user_id` FROM `tp_guess_user` WHERE ( is_pay = 1 AND addtime >= 1475424000 AND addtime <= 1476028800 ) GROUP BY user_id HAVING total_prize > 0 ORDER BY total_prize DESC LIMIT 5   [ RunTime:0.006191s ]
SQL: SELECT `nickname`,`realname`,`username`,`headimgurl`,`id` FROM `tp_users` WHERE ( user_id = 39633 AND is_enable = 1 ) LIMIT 1   [ RunTime:0.002592s ]
SQL: SELECT `nickname`,`realname`,`username`,`headimgurl`,`id` FROM `tp_users` WHERE ( user_id = 40540 AND is_enable = 1 ) LIMIT 1   [ RunTime:0.003431s ]
SQL: SELECT `nickname`,`realname`,`username`,`headimgurl`,`id` FROM `tp_users` WHERE ( user_id = 39920 AND is_enable = 1 ) LIMIT 1   [ RunTime:0.003670s ]
SQL: SELECT `nickname`,`realname`,`username`,`headimgurl`,`id` FROM `tp_users` WHERE ( user_id = 40546 AND is_enable = 1 ) LIMIT 1   [ RunTime:0.000414s ]
SQL: SELECT `nickname`,`realname`,`username`,`headimgurl`,`id` FROM `tp_users` WHERE ( user_id = 42639 AND is_enable = 1 ) LIMIT 1   [ RunTime:0.002492s ]
SQL: SHOW COLUMNS FROM `tp_guess_type` [ RunTime:0.004663s ]
SQL: SELECT * FROM `tp_guess_type` LIMIT 0, 15   [ RunTime:0.003058s ]
SQL: SHOW COLUMNS FROM `tp_guess` [ RunTime:0.004227s ]
SQL: SELECT COUNT(*) AS tp_count FROM `tp_guess` WHERE ( isuse = 1 ) LIMIT 1   [ RunTime:0.000906s ]
SQL: SELECT COUNT(*) AS tp_count FROM `tp_guess` WHERE ( isuse = 1 AND is_over = 0 ) LIMIT 1   [ RunTime:0.000780s ]
SQL: SELECT * FROM `tp_guess` WHERE ( isuse = 1 AND start_time <= 1475921482 AND guess_type_id = 14 ) ORDER BY (case when first_field_time <= 1475921482 AND is_over = 0  then 0
            when first_field_time > "1475921482" AND  is_over = 0 then 1 
        else 2 end), serial LIMIT 0, 6   [ RunTime:0.001169s ]
SQL: SHOW COLUMNS FROM `tp_team` [ RunTime:0.004757s ]
SQL: SELECT * FROM `tp_team` WHERE ( team_id = 10 ) LIMIT 1   [ RunTime:0.002877s ]
SQL: SELECT * FROM `tp_team` WHERE ( team_id = 112 ) LIMIT 1   [ RunTime:0.003510s ]
SQL: SHOW COLUMNS FROM `tp_guess_field` [ RunTime:0.006876s ]
SQL: SELECT `start_time` FROM `tp_guess_field` WHERE ( isuse = 1 AND guess_id = 878 ) ORDER BY serial LIMIT 1   [ RunTime:0.001184s ]
SQL: SELECT COUNT(*) AS tp_count FROM `tp_guess_field` WHERE ( isuse = 1 AND guess_id = 878 ) LIMIT 1   [ RunTime:0.001038s ]
SQL: SELECT * FROM `tp_team` WHERE ( team_id = 77 ) LIMIT 1   [ RunTime:0.002410s ]
SQL: SELECT * FROM `tp_team` WHERE ( team_id = 23 ) LIMIT 1   [ RunTime:0.000310s ]
SQL: SELECT COUNT(*) AS tp_count FROM `tp_guess_field` WHERE ( isuse = 1 AND guess_id = 871 ) LIMIT 1   [ RunTime:0.000874s ]
SQL: SELECT * FROM `tp_team` WHERE ( team_id = 14 ) LIMIT 1   [ RunTime:0.000305s ]
SQL: SELECT * FROM `tp_team` WHERE ( team_id = 22 ) LIMIT 1   [ RunTime:0.000237s ]
SQL: SELECT COUNT(*) AS tp_count FROM `tp_guess_field` WHERE ( isuse = 1 AND guess_id = 872 ) LIMIT 1   [ RunTime:0.000790s ]
SQL: SELECT * FROM `tp_team` WHERE ( team_id = 160 ) LIMIT 1   [ RunTime:0.002399s ]
SQL: SELECT * FROM `tp_team` WHERE ( team_id = 38 ) LIMIT 1   [ RunTime:0.000413s ]
SQL: SELECT COUNT(*) AS tp_count FROM `tp_guess_field` WHERE ( isuse = 1 AND guess_id = 873 ) LIMIT 1   [ RunTime:0.000917s ]
SQL: SELECT * FROM `tp_team` WHERE ( team_id = 118 ) LIMIT 1   [ RunTime:0.000666s ]
SQL: SELECT * FROM `tp_team` WHERE ( team_id = 22 ) LIMIT 1   [ RunTime:0.000295s ]
SQL: SELECT COUNT(*) AS tp_count FROM `tp_guess_field` WHERE ( isuse = 1 AND guess_id = 874 ) LIMIT 1   [ RunTime:0.000848s ]
SQL: SELECT * FROM `tp_team` WHERE ( team_id = 360 ) LIMIT 1   [ RunTime:0.002429s ]
SQL: SELECT * FROM `tp_team` WHERE ( team_id = 287 ) LIMIT 1   [ RunTime:0.003147s ]
SQL: SELECT COUNT(*) AS tp_count FROM `tp_guess_field` WHERE ( isuse = 1 AND guess_id = 875 ) LIMIT 1   [ RunTime:0.000964s ]

[ 2016-10-08T21:08:12+08:00 ] 127.0.0.1 /AcpFinance/edit_account/mod_id/7
SQL: SHOW COLUMNS FROM `tp_config` [ RunTime:0.020215s ]
SQL: SELECT * FROM `tp_config`  [ RunTime:0.003420s ]
SQL: SHOW COLUMNS FROM `tp_users` [ RunTime:0.015450s ]
SQL: SELECT * FROM `tp_users` LEFT JOIN  tp_users_group on tp_users.group_id = tp_users_group.group_id WHERE ( tp_users.user_id = 1 )  [ RunTime:0.007463s ]
DEBUG: -----------------auto_start--------------------
SQL: SHOW COLUMNS FROM `tp_treasure` [ RunTime:0.007132s ]
SQL: SELECT * FROM `tp_treasure` WHERE ( isuse = 1 AND is_open = 0 AND open_time > 0 AND open_time <=1475932092 ) ORDER BY addtime LIMIT 5   [ RunTime:0.002861s ]
DEBUG: -----------------auto_end--------------------
DEBUG: ---------------------auto_treasure_end_time-------------
SQL: SELECT * FROM `tp_treasure` WHERE ( isuse = 1 AND is_open = 0 AND open_time = 0 AND end_time < 1475932092 ) ORDER BY addtime LIMIT 5   [ RunTime:0.000502s ]
DEBUG: ---------------------auto_treasure_end_time-------------
SQL: SHOW COLUMNS FROM `tp_roll` [ RunTime:0.007237s ]
DEBUG: -------------------open_roll start-----------------
SQL: SELECT * FROM `tp_roll` WHERE ( isuse = 1 AND is_open != 1 AND end_time < 1475932092 ) ORDER BY addtime LIMIT 5   [ RunTime:0.003481s ]
DEBUG: -------------------open_roll end-----------------
DEBUG: -----------frozen_money --start-- left_money ------------
SQL: SELECT * FROM `tp_account` WHERE ( need_opt = 1 AND opt_time > 0 AND opt_time <= 1475932092 ) ORDER BY addtime LIMIT 10   [ RunTime:0.022471s ]
DEBUG: user_id:39627
SQL: SELECT `left_money`,`frozen_money` FROM `tp_users` WHERE ( user_id = 39627 AND is_enable = 1 ) LIMIT 1   [ RunTime:0.003477s ]
DEBUG: frozen_money:81500.00
DEBUG: after_frozen_money:-16000
DEBUG: -----------frozen_money --end-- left_money ------------
SQL: SELECT COUNT(*) AS tp_count FROM `tp_users` WHERE ( `role_type` = 3 ) AND ( `is_enable` = 1 ) LIMIT 1   [ RunTime:0.010554s ]
SQL: SELECT `id`,`nickname`,`realname`,`left_money`,`user_id` FROM `tp_users` WHERE ( `role_type` = 3 ) AND ( `is_enable` = 1 ) ORDER BY user_id desc LIMIT 0, 10   [ RunTime:0.002313s ]

[ 2016-10-08T21:10:07+08:00 ] 127.0.0.1 /AcpFinance/edit_account/mod_id/7
SQL: SHOW COLUMNS FROM `tp_config` [ RunTime:0.003157s ]
SQL: SELECT * FROM `tp_config`  [ RunTime:0.002840s ]
SQL: SHOW COLUMNS FROM `tp_users` [ RunTime:0.007185s ]
SQL: SELECT * FROM `tp_users` LEFT JOIN  tp_users_group on tp_users.group_id = tp_users_group.group_id WHERE ( tp_users.user_id = 1 )  [ RunTime:0.003014s ]
DEBUG: -----------------auto_start--------------------
SQL: SHOW COLUMNS FROM `tp_treasure` [ RunTime:0.003147s ]
SQL: SELECT * FROM `tp_treasure` WHERE ( isuse = 1 AND is_open = 0 AND open_time > 0 AND open_time <=1475932207 ) ORDER BY addtime LIMIT 5   [ RunTime:0.000615s ]
DEBUG: -----------------auto_end--------------------
DEBUG: ---------------------auto_treasure_end_time-------------
SQL: SELECT * FROM `tp_treasure` WHERE ( isuse = 1 AND is_open = 0 AND open_time = 0 AND end_time < 1475932207 ) ORDER BY addtime LIMIT 5   [ RunTime:0.000297s ]
DEBUG: ---------------------auto_treasure_end_time-------------
SQL: SHOW COLUMNS FROM `tp_roll` [ RunTime:0.003012s ]
DEBUG: -------------------open_roll start-----------------
SQL: SELECT * FROM `tp_roll` WHERE ( isuse = 1 AND is_open != 1 AND end_time < 1475932207 ) ORDER BY addtime LIMIT 5   [ RunTime:0.003305s ]
DEBUG: -------------------open_roll end-----------------
DEBUG: -----------frozen_money --start-- left_money ------------
SQL: SELECT * FROM `tp_account` WHERE ( need_opt = 1 AND opt_time > 0 AND opt_time <= 1475932207 ) ORDER BY addtime LIMIT 10   [ RunTime:0.016492s ]
DEBUG: user_id:39627
SQL: SELECT `left_money`,`frozen_money` FROM `tp_users` WHERE ( user_id = 39627 AND is_enable = 1 ) LIMIT 1   [ RunTime:0.000277s ]
DEBUG: frozen_money:81500.00
DEBUG: after_frozen_money:-16000
DEBUG: -----------frozen_money --end-- left_money ------------
SQL: SELECT COUNT(*) AS tp_count FROM `tp_users` WHERE ( `role_type` = 3 ) AND ( `is_enable` = 1 ) LIMIT 1   [ RunTime:0.007964s ]
SQL: SELECT `id`,`nickname`,`realname`,`left_money`,`user_id` FROM `tp_users` WHERE ( `role_type` = 3 ) AND ( `is_enable` = 1 ) ORDER BY user_id desc LIMIT 0, 10   [ RunTime:0.000309s ]

[ 2016-10-08T21:10:11+08:00 ] 127.0.0.1 /AcpFinance/get_account_log/mod_id/7
SQL: SHOW COLUMNS FROM `tp_config` [ RunTime:0.009133s ]
SQL: SELECT * FROM `tp_config`  [ RunTime:0.000583s ]
SQL: SHOW COLUMNS FROM `tp_users` [ RunTime:0.006172s ]
SQL: SELECT * FROM `tp_users` LEFT JOIN  tp_users_group on tp_users.group_id = tp_users_group.group_id WHERE ( tp_users.user_id = 1 )  [ RunTime:0.000425s ]
DEBUG: -----------------auto_start--------------------
SQL: SHOW COLUMNS FROM `tp_treasure` [ RunTime:0.002964s ]
SQL: SELECT * FROM `tp_treasure` WHERE ( isuse = 1 AND is_open = 0 AND open_time > 0 AND open_time <=1475932211 ) ORDER BY addtime LIMIT 5   [ RunTime:0.000356s ]
DEBUG: -----------------auto_end--------------------
DEBUG: ---------------------auto_treasure_end_time-------------
SQL: SELECT * FROM `tp_treasure` WHERE ( isuse = 1 AND is_open = 0 AND open_time = 0 AND end_time < 1475932211 ) ORDER BY addtime LIMIT 5   [ RunTime:0.000710s ]
DEBUG: ---------------------auto_treasure_end_time-------------
SQL: SHOW COLUMNS FROM `tp_roll` [ RunTime:0.003033s ]
DEBUG: -------------------open_roll start-----------------
SQL: SELECT * FROM `tp_roll` WHERE ( isuse = 1 AND is_open != 1 AND end_time < 1475932211 ) ORDER BY addtime LIMIT 5   [ RunTime:0.000238s ]
DEBUG: -------------------open_roll end-----------------
DEBUG: -----------frozen_money --start-- left_money ------------
SQL: SELECT * FROM `tp_account` WHERE ( need_opt = 1 AND opt_time > 0 AND opt_time <= 1475932211 ) ORDER BY addtime LIMIT 10   [ RunTime:0.010956s ]
DEBUG: user_id:39627
SQL: SELECT `left_money`,`frozen_money` FROM `tp_users` WHERE ( user_id = 39627 AND is_enable = 1 ) LIMIT 1   [ RunTime:0.000275s ]
DEBUG: frozen_money:81500.00
DEBUG: after_frozen_money:-16000
DEBUG: -----------frozen_money --end-- left_money ------------
SQL: SELECT COUNT(*) AS tp_count FROM `tp_account` LIMIT 1   [ RunTime:0.000181s ]
SQL: SELECT `user_id`,`proof`,`addtime`,`change_type`,`amount_in`,`amount_out`,`amount_after_pay`,`remark` FROM `tp_account` ORDER BY addtime desc LIMIT 0, 10   [ RunTime:0.014493s ]
SQL: SELECT `username` FROM `tp_users` WHERE ( user_id = 39628 ) LIMIT 1   [ RunTime:0.000299s ]
SQL: SELECT `username` FROM `tp_users` WHERE ( user_id = 39628 ) LIMIT 1   [ RunTime:0.000184s ]
SQL: SELECT `username` FROM `tp_users` WHERE ( user_id = 40599 ) LIMIT 1   [ RunTime:0.000219s ]
SQL: SELECT `username` FROM `tp_users` WHERE ( user_id = 39890 ) LIMIT 1   [ RunTime:0.000298s ]
SQL: SELECT `username` FROM `tp_users` WHERE ( user_id = 41695 ) LIMIT 1   [ RunTime:0.000336s ]
SQL: SELECT `username` FROM `tp_users` WHERE ( user_id = 39627 ) LIMIT 1   [ RunTime:0.000186s ]
SQL: SELECT `username` FROM `tp_users` WHERE ( user_id = 39633 ) LIMIT 1   [ RunTime:0.000167s ]
SQL: SELECT `username` FROM `tp_users` WHERE ( user_id = 39633 ) LIMIT 1   [ RunTime:0.000145s ]
SQL: SELECT `username` FROM `tp_users` WHERE ( user_id = 39627 ) LIMIT 1   [ RunTime:0.000143s ]
SQL: SELECT `username` FROM `tp_users` WHERE ( user_id = 39627 ) LIMIT 1   [ RunTime:0.000195s ]
SQL: SELECT SUM(left_money) AS tp_sum FROM `tp_users` WHERE ( is_enable = 1 AND role_type = 3 ) LIMIT 1   [ RunTime:0.004641s ]
SQL: SELECT SUM(frozen_money) AS tp_sum FROM `tp_users` WHERE ( is_enable = 1 AND role_type = 3 ) LIMIT 1   [ RunTime:0.004272s ]

[ 2016-10-08T21:10:13+08:00 ] 127.0.0.1 /AcpFinance/edit_account/mod_id/7
SQL: SHOW COLUMNS FROM `tp_config` [ RunTime:0.002790s ]
SQL: SELECT * FROM `tp_config`  [ RunTime:0.000304s ]
SQL: SHOW COLUMNS FROM `tp_users` [ RunTime:0.004504s ]
SQL: SELECT * FROM `tp_users` LEFT JOIN  tp_users_group on tp_users.group_id = tp_users_group.group_id WHERE ( tp_users.user_id = 1 )  [ RunTime:0.000382s ]
DEBUG: -----------------auto_start--------------------
SQL: SHOW COLUMNS FROM `tp_treasure` [ RunTime:0.006349s ]
SQL: SELECT * FROM `tp_treasure` WHERE ( isuse = 1 AND is_open = 0 AND open_time > 0 AND open_time <=1475932213 ) ORDER BY addtime LIMIT 5   [ RunTime:0.000510s ]
DEBUG: -----------------auto_end--------------------
DEBUG: ---------------------auto_treasure_end_time-------------
SQL: SELECT * FROM `tp_treasure` WHERE ( isuse = 1 AND is_open = 0 AND open_time = 0 AND end_time < 1475932213 ) ORDER BY addtime LIMIT 5   [ RunTime:0.000357s ]
DEBUG: ---------------------auto_treasure_end_time-------------
SQL: SHOW COLUMNS FROM `tp_roll` [ RunTime:0.005974s ]
DEBUG: -------------------open_roll start-----------------
SQL: SELECT * FROM `tp_roll` WHERE ( isuse = 1 AND is_open != 1 AND end_time < 1475932213 ) ORDER BY addtime LIMIT 5   [ RunTime:0.000271s ]
DEBUG: -------------------open_roll end-----------------
DEBUG: -----------frozen_money --start-- left_money ------------
SQL: SELECT * FROM `tp_account` WHERE ( need_opt = 1 AND opt_time > 0 AND opt_time <= 1475932213 ) ORDER BY addtime LIMIT 10   [ RunTime:0.011036s ]
DEBUG: user_id:39627
SQL: SELECT `left_money`,`frozen_money` FROM `tp_users` WHERE ( user_id = 39627 AND is_enable = 1 ) LIMIT 1   [ RunTime:0.000291s ]
DEBUG: frozen_money:81500.00
DEBUG: after_frozen_money:-16000
DEBUG: -----------frozen_money --end-- left_money ------------
SQL: SELECT COUNT(*) AS tp_count FROM `tp_users` WHERE ( `role_type` = 3 ) AND ( `is_enable` = 1 ) LIMIT 1   [ RunTime:0.002457s ]
SQL: SELECT `id`,`nickname`,`realname`,`left_money`,`user_id` FROM `tp_users` WHERE ( `role_type` = 3 ) AND ( `is_enable` = 1 ) ORDER BY user_id desc LIMIT 0, 10   [ RunTime:0.000276s ]

[ 2016-10-08T21:13:07+08:00 ] 127.0.0.1 /AcpFinance/get_account_log/mod_id/7
SQL: SHOW COLUMNS FROM `tp_config` [ RunTime:0.006613s ]
SQL: SELECT * FROM `tp_config`  [ RunTime:0.000502s ]
SQL: SHOW COLUMNS FROM `tp_users` [ RunTime:0.006304s ]
SQL: SELECT * FROM `tp_users` LEFT JOIN  tp_users_group on tp_users.group_id = tp_users_group.group_id WHERE ( tp_users.user_id = 1 )  [ RunTime:0.000760s ]
DEBUG: -----------------auto_start--------------------
SQL: SHOW COLUMNS FROM `tp_treasure` [ RunTime:0.003151s ]
SQL: SELECT * FROM `tp_treasure` WHERE ( isuse = 1 AND is_open = 0 AND open_time > 0 AND open_time <=1475932387 ) ORDER BY addtime LIMIT 5   [ RunTime:0.000376s ]
DEBUG: -----------------auto_end--------------------
DEBUG: ---------------------auto_treasure_end_time-------------
SQL: SELECT * FROM `tp_treasure` WHERE ( isuse = 1 AND is_open = 0 AND open_time = 0 AND end_time < 1475932387 ) ORDER BY addtime LIMIT 5   [ RunTime:0.000448s ]
DEBUG: ---------------------auto_treasure_end_time-------------
SQL: SHOW COLUMNS FROM `tp_roll` [ RunTime:0.002820s ]
DEBUG: -------------------open_roll start-----------------
SQL: SELECT * FROM `tp_roll` WHERE ( isuse = 1 AND is_open != 1 AND end_time < 1475932387 ) ORDER BY addtime LIMIT 5   [ RunTime:0.000232s ]
DEBUG: -------------------open_roll end-----------------
DEBUG: -----------frozen_money --start-- left_money ------------
SQL: SELECT * FROM `tp_account` WHERE ( need_opt = 1 AND opt_time > 0 AND opt_time <= 1475932387 ) ORDER BY addtime LIMIT 10   [ RunTime:0.011244s ]
DEBUG: user_id:39627
SQL: SELECT `left_money`,`frozen_money` FROM `tp_users` WHERE ( user_id = 39627 AND is_enable = 1 ) LIMIT 1   [ RunTime:0.000234s ]
DEBUG: frozen_money:81500.00
DEBUG: after_frozen_money:-16000
DEBUG: -----------frozen_money --end-- left_money ------------
SQL: SELECT COUNT(*) AS tp_count FROM `tp_account` LIMIT 1   [ RunTime:0.000134s ]
SQL: SELECT `user_id`,`proof`,`addtime`,`change_type`,`amount_in`,`amount_out`,`amount_after_pay`,`remark` FROM `tp_account` ORDER BY addtime desc LIMIT 0, 10   [ RunTime:0.012977s ]
SQL: SELECT `username` FROM `tp_users` WHERE ( user_id = 39628 ) LIMIT 1   [ RunTime:0.000204s ]
SQL: SELECT `username` FROM `tp_users` WHERE ( user_id = 39628 ) LIMIT 1   [ RunTime:0.000155s ]
SQL: SELECT `username` FROM `tp_users` WHERE ( user_id = 40599 ) LIMIT 1   [ RunTime:0.000301s ]
SQL: SELECT `username` FROM `tp_users` WHERE ( user_id = 39890 ) LIMIT 1   [ RunTime:0.000146s ]
SQL: SELECT `username` FROM `tp_users` WHERE ( user_id = 41695 ) LIMIT 1   [ RunTime:0.000131s ]
SQL: SELECT `username` FROM `tp_users` WHERE ( user_id = 39627 ) LIMIT 1   [ RunTime:0.000129s ]
SQL: SELECT `username` FROM `tp_users` WHERE ( user_id = 39633 ) LIMIT 1   [ RunTime:0.000134s ]
SQL: SELECT `username` FROM `tp_users` WHERE ( user_id = 39633 ) LIMIT 1   [ RunTime:0.000127s ]
SQL: SELECT `username` FROM `tp_users` WHERE ( user_id = 39627 ) LIMIT 1   [ RunTime:0.000121s ]
SQL: SELECT `username` FROM `tp_users` WHERE ( user_id = 39627 ) LIMIT 1   [ RunTime:0.000115s ]
SQL: SELECT SUM(left_money) AS tp_sum FROM `tp_users` WHERE ( is_enable = 1 AND role_type = 3 ) LIMIT 1   [ RunTime:0.002806s ]
SQL: SELECT SUM(frozen_money) AS tp_sum FROM `tp_users` WHERE ( is_enable = 1 AND role_type = 3 ) LIMIT 1   [ RunTime:0.002790s ]

[ 2016-10-08T21:13:08+08:00 ] 127.0.0.1 /AcpFinance/edit_account/mod_id/7
SQL: SHOW COLUMNS FROM `tp_config` [ RunTime:0.006541s ]
SQL: SELECT * FROM `tp_config`  [ RunTime:0.000397s ]
SQL: SHOW COLUMNS FROM `tp_users` [ RunTime:0.007285s ]
SQL: SELECT * FROM `tp_users` LEFT JOIN  tp_users_group on tp_users.group_id = tp_users_group.group_id WHERE ( tp_users.user_id = 1 )  [ RunTime:0.000504s ]
DEBUG: -----------------auto_start--------------------
SQL: SHOW COLUMNS FROM `tp_treasure` [ RunTime:0.006585s ]
SQL: SELECT * FROM `tp_treasure` WHERE ( isuse = 1 AND is_open = 0 AND open_time > 0 AND open_time <=1475932388 ) ORDER BY addtime LIMIT 5   [ RunTime:0.000603s ]
DEBUG: -----------------auto_end--------------------
DEBUG: ---------------------auto_treasure_end_time-------------
SQL: SELECT * FROM `tp_treasure` WHERE ( isuse = 1 AND is_open = 0 AND open_time = 0 AND end_time < 1475932388 ) ORDER BY addtime LIMIT 5   [ RunTime:0.000565s ]
DEBUG: ---------------------auto_treasure_end_time-------------
SQL: SHOW COLUMNS FROM `tp_roll` [ RunTime:0.006502s ]
DEBUG: -------------------open_roll start-----------------
SQL: SELECT * FROM `tp_roll` WHERE ( isuse = 1 AND is_open != 1 AND end_time < 1475932388 ) ORDER BY addtime LIMIT 5   [ RunTime:0.000693s ]
DEBUG: -------------------open_roll end-----------------
DEBUG: -----------frozen_money --start-- left_money ------------
SQL: SELECT * FROM `tp_account` WHERE ( need_opt = 1 AND opt_time > 0 AND opt_time <= 1475932388 ) ORDER BY addtime LIMIT 10   [ RunTime:0.017301s ]
DEBUG: user_id:39627
SQL: SELECT `left_money`,`frozen_money` FROM `tp_users` WHERE ( user_id = 39627 AND is_enable = 1 ) LIMIT 1   [ RunTime:0.000235s ]
DEBUG: frozen_money:81500.00
DEBUG: after_frozen_money:-16000
DEBUG: -----------frozen_money --end-- left_money ------------
SQL: SELECT COUNT(*) AS tp_count FROM `tp_users` WHERE ( `role_type` = 3 ) AND ( `is_enable` = 1 ) LIMIT 1   [ RunTime:0.002446s ]
SQL: SELECT `id`,`nickname`,`realname`,`left_money`,`user_id` FROM `tp_users` WHERE ( `role_type` = 3 ) AND ( `is_enable` = 1 ) ORDER BY user_id desc LIMIT 0, 10   [ RunTime:0.000372s ]

[ 2016-10-08T21:13:09+08:00 ] 127.0.0.1 /AcpFinance/get_account_log/mod_id/7
SQL: SHOW COLUMNS FROM `tp_config` [ RunTime:0.003222s ]
SQL: SELECT * FROM `tp_config`  [ RunTime:0.000359s ]
SQL: SHOW COLUMNS FROM `tp_users` [ RunTime:0.007318s ]
SQL: SELECT * FROM `tp_users` LEFT JOIN  tp_users_group on tp_users.group_id = tp_users_group.group_id WHERE ( tp_users.user_id = 1 )  [ RunTime:0.000470s ]
DEBUG: -----------------auto_start--------------------
SQL: SHOW COLUMNS FROM `tp_treasure` [ RunTime:0.006080s ]
SQL: SELECT * FROM `tp_treasure` WHERE ( isuse = 1 AND is_open = 0 AND open_time > 0 AND open_time <=1475932389 ) ORDER BY addtime LIMIT 5   [ RunTime:0.000460s ]
DEBUG: -----------------auto_end--------------------
DEBUG: ---------------------auto_treasure_end_time-------------
SQL: SELECT * FROM `tp_treasure` WHERE ( isuse = 1 AND is_open = 0 AND open_time = 0 AND end_time < 1475932389 ) ORDER BY addtime LIMIT 5   [ RunTime:0.000359s ]
DEBUG: ---------------------auto_treasure_end_time-------------
SQL: SHOW COLUMNS FROM `tp_roll` [ RunTime:0.006272s ]
DEBUG: -------------------open_roll start-----------------
SQL: SELECT * FROM `tp_roll` WHERE ( isuse = 1 AND is_open != 1 AND end_time < 1475932389 ) ORDER BY addtime LIMIT 5   [ RunTime:0.000333s ]
DEBUG: -------------------open_roll end-----------------
DEBUG: -----------frozen_money --start-- left_money ------------
SQL: SELECT * FROM `tp_account` WHERE ( need_opt = 1 AND opt_time > 0 AND opt_time <= 1475932389 ) ORDER BY addtime LIMIT 10   [ RunTime:0.011579s ]
DEBUG: user_id:39627
SQL: SELECT `left_money`,`frozen_money` FROM `tp_users` WHERE ( user_id = 39627 AND is_enable = 1 ) LIMIT 1   [ RunTime:0.000267s ]
DEBUG: frozen_money:81500.00
DEBUG: after_frozen_money:-16000
DEBUG: -----------frozen_money --end-- left_money ------------
SQL: SELECT COUNT(*) AS tp_count FROM `tp_account` LIMIT 1   [ RunTime:0.000153s ]
SQL: SELECT `user_id`,`proof`,`addtime`,`change_type`,`amount_in`,`amount_out`,`amount_after_pay`,`remark` FROM `tp_account` ORDER BY addtime desc LIMIT 0, 10   [ RunTime:0.014238s ]
SQL: SELECT `username` FROM `tp_users` WHERE ( user_id = 39628 ) LIMIT 1   [ RunTime:0.000211s ]
SQL: SELECT `username` FROM `tp_users` WHERE ( user_id = 39628 ) LIMIT 1   [ RunTime:0.000148s ]
SQL: SELECT `username` FROM `tp_users` WHERE ( user_id = 40599 ) LIMIT 1   [ RunTime:0.000145s ]
SQL: SELECT `username` FROM `tp_users` WHERE ( user_id = 39890 ) LIMIT 1   [ RunTime:0.000139s ]
SQL: SELECT `username` FROM `tp_users` WHERE ( user_id = 41695 ) LIMIT 1   [ RunTime:0.000138s ]
SQL: SELECT `username` FROM `tp_users` WHERE ( user_id = 39627 ) LIMIT 1   [ RunTime:0.000156s ]
SQL: SELECT `username` FROM `tp_users` WHERE ( user_id = 39633 ) LIMIT 1   [ RunTime:0.000167s ]
SQL: SELECT `username` FROM `tp_users` WHERE ( user_id = 39633 ) LIMIT 1   [ RunTime:0.000144s ]
SQL: SELECT `username` FROM `tp_users` WHERE ( user_id = 39627 ) LIMIT 1   [ RunTime:0.000141s ]
SQL: SELECT `username` FROM `tp_users` WHERE ( user_id = 39627 ) LIMIT 1   [ RunTime:0.000137s ]
SQL: SELECT SUM(left_money) AS tp_sum FROM `tp_users` WHERE ( is_enable = 1 AND role_type = 3 ) LIMIT 1   [ RunTime:0.002757s ]
SQL: SELECT SUM(frozen_money) AS tp_sum FROM `tp_users` WHERE ( is_enable = 1 AND role_type = 3 ) LIMIT 1   [ RunTime:0.002653s ]

