[ 2016-11-22T13:21:55+08:00 ] 127.0.0.1 /admin
SQL: SHOW COLUMNS FROM `tp_config` [ RunTime:0.010646s ]
SQL: SELECT * FROM `tp_config`  [ RunTime:0.003556s ]

[ 2016-11-22T13:21:55+08:00 ] 127.0.0.1 /acp.html
SQL: SHOW COLUMNS FROM `tp_config` [ RunTime:0.003148s ]
SQL: SELECT * FROM `tp_config`  [ RunTime:0.000282s ]

[ 2016-11-22T13:21:55+08:00 ] 127.0.0.1 /login/index/redirect/WyRUMFNnU3BTewlrXGMBZQcxAn4DIAM+UyUHa1xk.html
SQL: SHOW COLUMNS FROM `tp_config` [ RunTime:0.002676s ]
SQL: SELECT * FROM `tp_config`  [ RunTime:0.000335s ]

[ 2016-11-22T13:22:00+08:00 ] 127.0.0.1 /login/index/redirect/WyRUMFNnU3BTewlrXGMBZQcxAn4DIAM+UyUHa1xk.html
SQL: SHOW COLUMNS FROM `tp_config` [ RunTime:0.003726s ]
SQL: SELECT * FROM `tp_config`  [ RunTime:0.000360s ]
SQL: SHOW COLUMNS FROM `tp_users` [ RunTime:0.004910s ]
SQL: SELECT `user_id`,`username`,`role_type`,`password`,`is_enable`,`login_try_times`,`block_time`,`group_id` FROM `tp_users` WHERE ( username = 'admin@admin.com' ) LIMIT 1   [ RunTime:0.000322s ]
SQL: UPDATE `tp_users` SET `login_try_times`=0,`block_time`=0 WHERE ( user_id = 1 ) [ RunTime:0.000178s ]

[ 2016-11-22T13:22:00+08:00 ] 127.0.0.1 /acp/index.html
SQL: SHOW COLUMNS FROM `tp_config` [ RunTime:0.001105s ]
SQL: SELECT * FROM `tp_config`  [ RunTime:0.000450s ]
SQL: SHOW COLUMNS FROM `tp_users` [ RunTime:0.008593s ]
SQL: SELECT * FROM `tp_users` LEFT JOIN  tp_users_group on tp_users.group_id = tp_users_group.group_id WHERE ( tp_users.user_id = 1 )  [ RunTime:0.005101s ]
SQL: SHOW COLUMNS FROM `tp_users` [ RunTime:0.007358s ]
SQL: SELECT COUNT(*) AS tp_count FROM `tp_users` WHERE ( role_type = 3 AND reg_time > 1479744000 ) LIMIT 1   [ RunTime:0.004323s ]
SQL: SELECT COUNT(*) AS tp_count FROM `tp_users` WHERE ( role_type = 4 ) LIMIT 1   [ RunTime:0.018706s ]
SQL: SELECT COUNT(*) AS tp_count FROM `tp_order` WHERE ( addtime> 1479744000 ) LIMIT 1   [ RunTime:0.002975s ]
SQL: SELECT COUNT(*) AS tp_count FROM `tp_order` LIMIT 1   [ RunTime:0.000164s ]
SQL: SELECT `username`,`realname`,`nickname` FROM `tp_users` WHERE ( user_id=1 ) LIMIT 1   [ RunTime:0.000173s ]

[ 2016-11-22T13:24:26+08:00 ] 127.0.0.1 /AcpConfig/push_information/mod_id/0
SQL: SHOW COLUMNS FROM `tp_config` [ RunTime:0.007444s ]
SQL: SELECT `config_value` FROM `tp_config` WHERE ( config_name= "is_push" ) LIMIT 1   [ RunTime:0.000233s ]
SQL: SELECT `config_value` FROM `tp_config` WHERE ( config_name= "push_date" ) LIMIT 1   [ RunTime:0.000185s ]
SQL: SELECT `config_value` FROM `tp_config` WHERE ( config_name= "push_time" ) LIMIT 1   [ RunTime:0.000139s ]

[ 2016-11-22T13:25:47+08:00 ] 127.0.0.1 /AcpConfig/push_information/mod_id/0
SQL: SHOW COLUMNS FROM `tp_config` [ RunTime:0.003510s ]
SQL: SELECT `config_value` FROM `tp_config` WHERE ( config_name= "is_push" ) LIMIT 1   [ RunTime:0.000256s ]
SQL: SELECT `config_value` FROM `tp_config` WHERE ( config_name= "push_date" ) LIMIT 1   [ RunTime:0.000185s ]
SQL: SELECT `config_value` FROM `tp_config` WHERE ( config_name= "push_time" ) LIMIT 1   [ RunTime:0.000225s ]
SQL: SELECT `config_value` FROM `tp_config` WHERE ( config_name= "push_title" ) LIMIT 1   [ RunTime:0.000169s ]
SQL: SELECT `config_value` FROM `tp_config` WHERE ( config_name= "push_content" ) LIMIT 1   [ RunTime:0.000143s ]
DEBUG: 本周roll至宝活动即将结束
DEBUG: 电脑里下载微信PC版，可以用电脑玩够鱼，适合喜欢电脑操作的玩家。

（已参加的用户忽略这条消息）够鱼每周免费送出一个至宝，长期活动。只要留有余额就可以每周来参加一次。若有打扰，万分抱歉。

SQL: UPDATE `tp_config` SET `config_value`=1479792346 WHERE ( config_name="push_date" ) [ RunTime:0.000151s ]
SQL: SHOW COLUMNS FROM `tp_users` [ RunTime:0.006163s ]
SQL: SELECT `user_id` FROM `tp_users` WHERE ( role_type = 3 AND is_enable = 1 )  [ RunTime:0.016397s ]
SQL: SELECT `openid` FROM `tp_users` WHERE ( user_id = 39628 AND is_enable = 1 ) LIMIT 1   [ RunTime:0.000390s ]
DEBUG: {"touser":"oIqDWvxsYg6_BwALvq59odM7uCvs","template_id":"HX6rTQvRVT_PEz8NLtroWX8ZRAXS4uC-Kn3wf6QkcYU","url":"http:\/\/www.gouyu.com\/FrontTreasure\/treasure_index.html","topcolor":"#FF0000","data":{"first":{"value":"\u672c\u5468roll\u81f3\u5b9d\u6d3b\u52a8\u5373\u5c06\u7ed3\u675f","color":"#FF0000"},"keyword1":{"value":"\u591f\u9c7c","color":"#FF0000"},"keyword2":{"value":"\u7535\u8111\u91cc\u4e0b\u8f7d\u5fae\u4fe1PC\u7248\uff0c\u53ef\u4ee5\u7528\u7535\u8111\u73a9\u591f\u9c7c\uff0c\u9002\u5408\u559c\u6b22\u7535\u8111\u64cd\u4f5c\u7684\u73a9\u5bb6\u3002\r\n\r\n\uff08\u5df2\u53c2\u52a0\u7684\u7528\u6237\u5ffd\u7565\u8fd9\u6761\u6d88\u606f\uff09\u591f\u9c7c\u6bcf\u5468\u514d\u8d39\u9001\u51fa\u4e00\u4e2a\u81f3\u5b9d\uff0c\u957f\u671f\u6d3b\u52a8\u3002\u53ea\u8981\u7559\u6709\u4f59\u989d\u5c31\u53ef\u4ee5\u6bcf\u5468\u6765\u53c2\u52a0\u4e00\u6b21\u3002\u82e5\u6709\u6253\u6270\uff0c\u4e07\u5206\u62b1\u6b49\u3002\r\n","color":"#FF0000"},"remark":{"value":"\u70b9\u51fb\u67e5\u770b\u8be6\u60c5","color":"#FF0000"}}}
DEBUG: Array
(
    [errcode] => 47001
    [errmsg] => data format error hint: [2Isvqa0347ge10]
)


[ 2016-11-22T13:26:12+08:00 ] 127.0.0.1 /AcpConfig/push_information/mod_id/0
SQL: SHOW COLUMNS FROM `tp_config` [ RunTime:0.002841s ]
SQL: SELECT * FROM `tp_config`  [ RunTime:0.000320s ]
SQL: SHOW COLUMNS FROM `tp_users` [ RunTime:0.007156s ]
SQL: SELECT * FROM `tp_users` LEFT JOIN  tp_users_group on tp_users.group_id = tp_users_group.group_id WHERE ( tp_users.user_id = 1 )  [ RunTime:0.003117s ]
SQL: SHOW COLUMNS FROM `tp_config` [ RunTime:0.002838s ]

[ 2016-11-22T13:26:46+08:00 ] 127.0.0.1 /AcpConfig/push_information/mod_id/0
SQL: SHOW COLUMNS FROM `tp_config` [ RunTime:0.003122s ]
SQL: SELECT * FROM `tp_config`  [ RunTime:0.000379s ]
SQL: SHOW COLUMNS FROM `tp_users` [ RunTime:0.007775s ]
SQL: SELECT * FROM `tp_users` LEFT JOIN  tp_users_group on tp_users.group_id = tp_users_group.group_id WHERE ( tp_users.user_id = 1 )  [ RunTime:0.000384s ]
SQL: SHOW COLUMNS FROM `tp_config` [ RunTime:0.003120s ]
SQL: UPDATE `tp_config` SET `config_value`=1 WHERE ( config_name="is_push" ) [ RunTime:0.000214s ]
SQL: INSERT INTO `tp_config` (`config_name`,`config_value`) VALUES ('is_push',1) [ RunTime:0.003637s ]
ERR: Duplicate entry 'is_push' for key 'PRIMARY'
 [ SQL语句 ] : INSERT INTO `tp_config` (`config_name`,`config_value`) VALUES ('is_push',1)
SQL: UPDATE `tp_config` SET `config_value`=1479787800 WHERE ( config_name="push_time" ) [ RunTime:0.000206s ]
SQL: INSERT INTO `tp_config` (`config_name`,`config_value`) VALUES ('push_time',1479787800) [ RunTime:0.000127s ]
ERR: Duplicate entry 'push_time' for key 'PRIMARY'
 [ SQL语句 ] : INSERT INTO `tp_config` (`config_name`,`config_value`) VALUES ('push_time',1479787800)
SQL: UPDATE `tp_config` SET `config_value`='本周roll至宝活动即将结束' WHERE ( config_name="push_title" ) [ RunTime:0.000136s ]
SQL: INSERT INTO `tp_config` (`config_name`,`config_value`) VALUES ('push_title','本周roll至宝活动即将结束') [ RunTime:0.000102s ]
ERR: Duplicate entry 'push_title' for key 'PRIMARY'
 [ SQL语句 ] : INSERT INTO `tp_config` (`config_name`,`config_value`) VALUES ('push_title','本周roll至宝活动即将结束')
SQL: UPDATE `tp_config` SET `config_value`='电脑里下载微信PC版，可以用电脑玩够鱼，适合喜欢电脑操作的玩家。\\n（已参加的用户忽略这条消息）够鱼每周免费送出一个至宝，长期活动。只要留有余额就可以每周来参加一次。若有打扰，万分抱歉。\r\n' WHERE ( config_name="push_content" ) [ RunTime:0.000123s ]

[ 2016-11-22T13:26:48+08:00 ] 127.0.0.1 /AcpConfig/push_information/mod_id/0
SQL: SHOW COLUMNS FROM `tp_config` [ RunTime:0.006783s ]
SQL: SELECT * FROM `tp_config`  [ RunTime:0.000520s ]
SQL: SHOW COLUMNS FROM `tp_users` [ RunTime:0.006817s ]
SQL: SELECT * FROM `tp_users` LEFT JOIN  tp_users_group on tp_users.group_id = tp_users_group.group_id WHERE ( tp_users.user_id = 1 )  [ RunTime:0.000423s ]
SQL: SHOW COLUMNS FROM `tp_config` [ RunTime:0.002891s ]

[ 2016-11-22T13:26:59+08:00 ] 127.0.0.1 /AcpConfig/push_information/mod_id/0
SQL: SHOW COLUMNS FROM `tp_config` [ RunTime:0.003190s ]
SQL: SELECT `config_value` FROM `tp_config` WHERE ( config_name= "is_push" ) LIMIT 1   [ RunTime:0.000237s ]
SQL: SELECT `config_value` FROM `tp_config` WHERE ( config_name= "push_date" ) LIMIT 1   [ RunTime:0.000186s ]
SQL: SELECT `config_value` FROM `tp_config` WHERE ( config_name= "push_time" ) LIMIT 1   [ RunTime:0.000222s ]
SQL: SELECT `config_value` FROM `tp_config` WHERE ( config_name= "push_title" ) LIMIT 1   [ RunTime:0.000179s ]
SQL: SELECT `config_value` FROM `tp_config` WHERE ( config_name= "push_content" ) LIMIT 1   [ RunTime:0.000169s ]
DEBUG: 本周roll至宝活动即将结束
DEBUG: 电脑里下载微信PC版，可以用电脑玩够鱼，适合喜欢电脑操作的玩家。\n（已参加的用户忽略这条消息）够鱼每周免费送出一个至宝，长期活动。只要留有余额就可以每周来参加一次。若有打扰，万分抱歉。

SQL: UPDATE `tp_config` SET `config_value`=1479792418 WHERE ( config_name="push_date" ) [ RunTime:0.000181s ]
SQL: SHOW COLUMNS FROM `tp_users` [ RunTime:0.006362s ]
SQL: SELECT `user_id` FROM `tp_users` WHERE ( role_type = 3 AND is_enable = 1 )  [ RunTime:0.008986s ]
SQL: SELECT `openid` FROM `tp_users` WHERE ( user_id = 39628 AND is_enable = 1 ) LIMIT 1   [ RunTime:0.000293s ]
DEBUG: {"touser":"oIqDWvxsYg6_BwALvq59odM7uCvs","template_id":"HX6rTQvRVT_PEz8NLtroWX8ZRAXS4uC-Kn3wf6QkcYU","url":"http:\/\/www.gouyu.com\/FrontTreasure\/treasure_index.html","topcolor":"#FF0000","data":{"first":{"value":"\u672c\u5468roll\u81f3\u5b9d\u6d3b\u52a8\u5373\u5c06\u7ed3\u675f","color":"#FF0000"},"keyword1":{"value":"\u591f\u9c7c","color":"#FF0000"},"keyword2":{"value":"\u7535\u8111\u91cc\u4e0b\u8f7d\u5fae\u4fe1PC\u7248\uff0c\u53ef\u4ee5\u7528\u7535\u8111\u73a9\u591f\u9c7c\uff0c\u9002\u5408\u559c\u6b22\u7535\u8111\u64cd\u4f5c\u7684\u73a9\u5bb6\u3002\\n\uff08\u5df2\u53c2\u52a0\u7684\u7528\u6237\u5ffd\u7565\u8fd9\u6761\u6d88\u606f\uff09\u591f\u9c7c\u6bcf\u5468\u514d\u8d39\u9001\u51fa\u4e00\u4e2a\u81f3\u5b9d\uff0c\u957f\u671f\u6d3b\u52a8\u3002\u53ea\u8981\u7559\u6709\u4f59\u989d\u5c31\u53ef\u4ee5\u6bcf\u5468\u6765\u53c2\u52a0\u4e00\u6b21\u3002\u82e5\u6709\u6253\u6270\uff0c\u4e07\u5206\u62b1\u6b49\u3002\r\n","color":"#FF0000"},"remark":{"value":"\u70b9\u51fb\u67e5\u770b\u8be6\u60c5","color":"#FF0000"}}}
DEBUG: Array
(
    [errcode] => 47001
    [errmsg] => data format error hint: [HMqoma0418ge13]
)


[ 2016-11-22T13:27:22+08:00 ] 127.0.0.1 /AcpConfig/push_information/mod_id/0
SQL: SHOW COLUMNS FROM `tp_config` [ RunTime:0.003200s ]
SQL: SELECT * FROM `tp_config`  [ RunTime:0.000368s ]
SQL: SHOW COLUMNS FROM `tp_users` [ RunTime:0.007273s ]
SQL: SELECT * FROM `tp_users` LEFT JOIN  tp_users_group on tp_users.group_id = tp_users_group.group_id WHERE ( tp_users.user_id = 1 )  [ RunTime:0.000587s ]
SQL: SHOW COLUMNS FROM `tp_config` [ RunTime:0.006389s ]

[ 2016-11-22T13:27:39+08:00 ] 127.0.0.1 /AcpConfig/push_information/mod_id/0
SQL: SHOW COLUMNS FROM `tp_config` [ RunTime:0.006760s ]
SQL: SELECT * FROM `tp_config`  [ RunTime:0.000916s ]
SQL: SHOW COLUMNS FROM `tp_users` [ RunTime:0.006656s ]
SQL: SELECT * FROM `tp_users` LEFT JOIN  tp_users_group on tp_users.group_id = tp_users_group.group_id WHERE ( tp_users.user_id = 1 )  [ RunTime:0.000811s ]
SQL: SHOW COLUMNS FROM `tp_config` [ RunTime:0.002850s ]
SQL: UPDATE `tp_config` SET `config_value`=1 WHERE ( config_name="is_push" ) [ RunTime:0.000211s ]
SQL: INSERT INTO `tp_config` (`config_name`,`config_value`) VALUES ('is_push',1) [ RunTime:0.000128s ]
ERR: Duplicate entry 'is_push' for key 'PRIMARY'
 [ SQL语句 ] : INSERT INTO `tp_config` (`config_name`,`config_value`) VALUES ('is_push',1)
SQL: UPDATE `tp_config` SET `config_value`=1479787800 WHERE ( config_name="push_time" ) [ RunTime:0.000108s ]
SQL: INSERT INTO `tp_config` (`config_name`,`config_value`) VALUES ('push_time',1479787800) [ RunTime:0.000099s ]
ERR: Duplicate entry 'push_time' for key 'PRIMARY'
 [ SQL语句 ] : INSERT INTO `tp_config` (`config_name`,`config_value`) VALUES ('push_time',1479787800)
SQL: UPDATE `tp_config` SET `config_value`='本周roll至宝活动即将结束' WHERE ( config_name="push_title" ) [ RunTime:0.000115s ]
SQL: INSERT INTO `tp_config` (`config_name`,`config_value`) VALUES ('push_title','本周roll至宝活动即将结束') [ RunTime:0.000090s ]
ERR: Duplicate entry 'push_title' for key 'PRIMARY'
 [ SQL语句 ] : INSERT INTO `tp_config` (`config_name`,`config_value`) VALUES ('push_title','本周roll至宝活动即将结束')
SQL: UPDATE `tp_config` SET `config_value`='电脑里下载微信PC版，可以用电脑玩够鱼，适合喜欢电脑操作的玩家。\\n（已参加的用户忽略这条消息）够鱼每周免费送出一个至宝，长期活动。只要留有余额就可以每周来参加一次。若有打扰，万分抱歉。' WHERE ( config_name="push_content" ) [ RunTime:0.000108s ]

[ 2016-11-22T13:27:40+08:00 ] 127.0.0.1 /AcpConfig/push_information/mod_id/0
SQL: SHOW COLUMNS FROM `tp_config` [ RunTime:0.003010s ]
SQL: SELECT * FROM `tp_config`  [ RunTime:0.000303s ]
SQL: SHOW COLUMNS FROM `tp_users` [ RunTime:0.004819s ]
SQL: SELECT * FROM `tp_users` LEFT JOIN  tp_users_group on tp_users.group_id = tp_users_group.group_id WHERE ( tp_users.user_id = 1 )  [ RunTime:0.000433s ]
SQL: SHOW COLUMNS FROM `tp_config` [ RunTime:0.006199s ]

[ 2016-11-22T13:27:57+08:00 ] 127.0.0.1 /AcpConfig/push_information/mod_id/0
SQL: SHOW COLUMNS FROM `tp_config` [ RunTime:0.006635s ]
SQL: SELECT `config_value` FROM `tp_config` WHERE ( config_name= "is_push" ) LIMIT 1   [ RunTime:0.000341s ]
SQL: SELECT `config_value` FROM `tp_config` WHERE ( config_name= "push_date" ) LIMIT 1   [ RunTime:0.000233s ]
SQL: SELECT `config_value` FROM `tp_config` WHERE ( config_name= "push_time" ) LIMIT 1   [ RunTime:0.000260s ]
SQL: SELECT `config_value` FROM `tp_config` WHERE ( config_name= "push_title" ) LIMIT 1   [ RunTime:0.000258s ]
SQL: SELECT `config_value` FROM `tp_config` WHERE ( config_name= "push_content" ) LIMIT 1   [ RunTime:0.000218s ]
DEBUG: 本周roll至宝活动即将结束
DEBUG: 电脑里下载微信PC版，可以用电脑玩够鱼，适合喜欢电脑操作的玩家。\n（已参加的用户忽略这条消息）够鱼每周免费送出一个至宝，长期活动。只要留有余额就可以每周来参加一次。若有打扰，万分抱歉。
SQL: UPDATE `tp_config` SET `config_value`=1479792467 WHERE ( config_name="push_date" ) [ RunTime:0.000227s ]
SQL: SHOW COLUMNS FROM `tp_users` [ RunTime:0.006459s ]
SQL: SELECT `user_id` FROM `tp_users` WHERE ( role_type = 3 AND is_enable = 1 )  [ RunTime:0.011292s ]
SQL: SELECT `openid` FROM `tp_users` WHERE ( user_id = 39628 AND is_enable = 1 ) LIMIT 1   [ RunTime:0.000393s ]
DEBUG: {"touser":"oIqDWvxsYg6_BwALvq59odM7uCvs","template_id":"HX6rTQvRVT_PEz8NLtroWX8ZRAXS4uC-Kn3wf6QkcYU","url":"http:\/\/www.gouyu.com\/FrontTreasure\/treasure_index.html","topcolor":"#FF0000","data":{"first":{"value":"\u672c\u5468roll\u81f3\u5b9d\u6d3b\u52a8\u5373\u5c06\u7ed3\u675f","color":"#FF0000"},"keyword1":{"value":"\u591f\u9c7c","color":"#FF0000"},"keyword2":{"value":"\u7535\u8111\u91cc\u4e0b\u8f7d\u5fae\u4fe1PC\u7248\uff0c\u53ef\u4ee5\u7528\u7535\u8111\u73a9\u591f\u9c7c\uff0c\u9002\u5408\u559c\u6b22\u7535\u8111\u64cd\u4f5c\u7684\u73a9\u5bb6\u3002\\n\uff08\u5df2\u53c2\u52a0\u7684\u7528\u6237\u5ffd\u7565\u8fd9\u6761\u6d88\u606f\uff09\u591f\u9c7c\u6bcf\u5468\u514d\u8d39\u9001\u51fa\u4e00\u4e2a\u81f3\u5b9d\uff0c\u957f\u671f\u6d3b\u52a8\u3002\u53ea\u8981\u7559\u6709\u4f59\u989d\u5c31\u53ef\u4ee5\u6bcf\u5468\u6765\u53c2\u52a0\u4e00\u6b21\u3002\u82e5\u6709\u6253\u6270\uff0c\u4e07\u5206\u62b1\u6b49\u3002","color":"#FF0000"},"remark":{"value":"\u70b9\u51fb\u67e5\u770b\u8be6\u60c5","color":"#FF0000"}}}
DEBUG: Array
(
    [errcode] => 0
    [errmsg] => ok
    [msgid] => 422172601
)


[ 2016-11-22T13:28:44+08:00 ] 127.0.0.1 /AcpConfig/push_information/mod_id/0
SQL: SHOW COLUMNS FROM `tp_config` [ RunTime:0.002792s ]
SQL: SELECT * FROM `tp_config`  [ RunTime:0.000289s ]
SQL: SHOW COLUMNS FROM `tp_users` [ RunTime:0.007233s ]
SQL: SELECT * FROM `tp_users` LEFT JOIN  tp_users_group on tp_users.group_id = tp_users_group.group_id WHERE ( tp_users.user_id = 1 )  [ RunTime:0.000601s ]
SQL: SHOW COLUMNS FROM `tp_config` [ RunTime:0.004197s ]

[ 2016-11-22T13:28:51+08:00 ] 127.0.0.1 /AcpConfig/push_information/mod_id/0
SQL: SHOW COLUMNS FROM `tp_config` [ RunTime:0.007159s ]
SQL: SELECT * FROM `tp_config`  [ RunTime:0.000503s ]
SQL: SHOW COLUMNS FROM `tp_users` [ RunTime:0.006214s ]
SQL: SELECT * FROM `tp_users` LEFT JOIN  tp_users_group on tp_users.group_id = tp_users_group.group_id WHERE ( tp_users.user_id = 1 )  [ RunTime:0.000457s ]
SQL: SHOW COLUMNS FROM `tp_config` [ RunTime:0.005437s ]
SQL: UPDATE `tp_config` SET `config_value`=1 WHERE ( config_name="is_push" ) [ RunTime:0.000187s ]
SQL: INSERT INTO `tp_config` (`config_name`,`config_value`) VALUES ('is_push',1) [ RunTime:0.000115s ]
ERR: Duplicate entry 'is_push' for key 'PRIMARY'
 [ SQL语句 ] : INSERT INTO `tp_config` (`config_name`,`config_value`) VALUES ('is_push',1)
SQL: UPDATE `tp_config` SET `config_value`=1479787800 WHERE ( config_name="push_time" ) [ RunTime:0.000112s ]
SQL: INSERT INTO `tp_config` (`config_name`,`config_value`) VALUES ('push_time',1479787800) [ RunTime:0.000090s ]
ERR: Duplicate entry 'push_time' for key 'PRIMARY'
 [ SQL语句 ] : INSERT INTO `tp_config` (`config_name`,`config_value`) VALUES ('push_time',1479787800)
SQL: UPDATE `tp_config` SET `config_value`='本周roll至宝活动即将结束' WHERE ( config_name="push_title" ) [ RunTime:0.000098s ]
SQL: INSERT INTO `tp_config` (`config_name`,`config_value`) VALUES ('push_title','本周roll至宝活动即将结束') [ RunTime:0.000081s ]
ERR: Duplicate entry 'push_title' for key 'PRIMARY'
 [ SQL语句 ] : INSERT INTO `tp_config` (`config_name`,`config_value`) VALUES ('push_title','本周roll至宝活动即将结束')
SQL: UPDATE `tp_config` SET `config_value`='电脑里下载微信PC版，可以用电脑玩够鱼，适合喜欢电脑操作的玩家。\\n\\n（已参加的用户忽略这条消息）够鱼每周免费送出一个至宝，长期活动。只要留有余额就可以每周来参加一次。若有打扰，万分抱歉。' WHERE ( config_name="push_content" ) [ RunTime:0.000101s ]

[ 2016-11-22T13:28:52+08:00 ] 127.0.0.1 /AcpConfig/push_information/mod_id/0
SQL: SHOW COLUMNS FROM `tp_config` [ RunTime:0.002963s ]
SQL: SELECT * FROM `tp_config`  [ RunTime:0.000312s ]
SQL: SHOW COLUMNS FROM `tp_users` [ RunTime:0.004722s ]
SQL: SELECT * FROM `tp_users` LEFT JOIN  tp_users_group on tp_users.group_id = tp_users_group.group_id WHERE ( tp_users.user_id = 1 )  [ RunTime:0.000431s ]
SQL: SHOW COLUMNS FROM `tp_config` [ RunTime:0.002807s ]

[ 2016-11-22T13:30:42+08:00 ] 127.0.0.1 /AcpConfig/push_information/mod_id/0
SQL: SHOW COLUMNS FROM `tp_config` [ RunTime:0.010208s ]
SQL: SELECT `config_value` FROM `tp_config` WHERE ( config_name= "is_push" ) LIMIT 1   [ RunTime:0.000314s ]
SQL: SELECT `config_value` FROM `tp_config` WHERE ( config_name= "push_date" ) LIMIT 1   [ RunTime:0.000223s ]
SQL: SELECT `config_value` FROM `tp_config` WHERE ( config_name= "push_time" ) LIMIT 1   [ RunTime:0.000211s ]
SQL: SELECT `config_value` FROM `tp_config` WHERE ( config_name= "push_title" ) LIMIT 1   [ RunTime:0.000205s ]
SQL: SELECT `config_value` FROM `tp_config` WHERE ( config_name= "push_content" ) LIMIT 1   [ RunTime:0.000204s ]
DEBUG: 本周roll至宝活动即将结束
DEBUG: 电脑里下载微信PC版，可以用电脑玩够鱼，适合喜欢电脑操作的玩家。\n\n（已参加的用户忽略这条消息）够鱼每周免费送出一个至宝，长期活动。只要留有余额就可以每周来参加一次。若有打扰，万分抱歉。
SQL: UPDATE `tp_config` SET `config_value`=1479792640 WHERE ( config_name="push_date" ) [ RunTime:0.000431s ]
SQL: SHOW COLUMNS FROM `tp_users` [ RunTime:0.004617s ]
SQL: SELECT `user_id` FROM `tp_users` WHERE ( role_type = 3 AND is_enable = 1 )  [ RunTime:0.010605s ]
SQL: SELECT `openid` FROM `tp_users` WHERE ( user_id = 39628 AND is_enable = 1 ) LIMIT 1   [ RunTime:0.000275s ]
DEBUG: {"touser":"oIqDWvxsYg6_BwALvq59odM7uCvs","template_id":"HX6rTQvRVT_PEz8NLtroWX8ZRAXS4uC-Kn3wf6QkcYU","url":"http:\/\/www.gouyu.com\/FrontTreasure\/treasure_index.html","topcolor":"#FF0000","data":{"first":{"value":"\u672c\u5468roll\u81f3\u5b9d\u6d3b\u52a8\u5373\u5c06\u7ed3\u675f","color":"#FF0000"},"keyword1":{"value":"\u591f\u9c7c","color":"#FF0000"},"keyword2":{"value":"\u7535\u8111\u91cc\u4e0b\u8f7d\u5fae\u4fe1PC\u7248\uff0c\u53ef\u4ee5\u7528\u7535\u8111\u73a9\u591f\u9c7c\uff0c\u9002\u5408\u559c\u6b22\u7535\u8111\u64cd\u4f5c\u7684\u73a9\u5bb6\u3002\\n\\n\uff08\u5df2\u53c2\u52a0\u7684\u7528\u6237\u5ffd\u7565\u8fd9\u6761\u6d88\u606f\uff09\u591f\u9c7c\u6bcf\u5468\u514d\u8d39\u9001\u51fa\u4e00\u4e2a\u81f3\u5b9d\uff0c\u957f\u671f\u6d3b\u52a8\u3002\u53ea\u8981\u7559\u6709\u4f59\u989d\u5c31\u53ef\u4ee5\u6bcf\u5468\u6765\u53c2\u52a0\u4e00\u6b21\u3002\u82e5\u6709\u6253\u6270\uff0c\u4e07\u5206\u62b1\u6b49\u3002","color":"#FF0000"},"remark":{"value":"\u70b9\u51fb\u67e5\u770b\u8be6\u60c5","color":"#FF0000"}}}
DEBUG: Array
(
    [errcode] => 0
    [errmsg] => ok
    [msgid] => 422172608
)


[ 2016-11-22T13:32:07+08:00 ] 127.0.0.1 /AcpConfig/push_information/mod_id/0
SQL: SHOW COLUMNS FROM `tp_config` [ RunTime:0.004664s ]
SQL: SELECT * FROM `tp_config`  [ RunTime:0.000315s ]
SQL: SHOW COLUMNS FROM `tp_users` [ RunTime:0.007944s ]
SQL: SELECT * FROM `tp_users` LEFT JOIN  tp_users_group on tp_users.group_id = tp_users_group.group_id WHERE ( tp_users.user_id = 1 )  [ RunTime:0.000741s ]
SQL: SHOW COLUMNS FROM `tp_config` [ RunTime:0.003615s ]

