[ 2016-11-16T15:13:57+08:00 ] 127.0.0.1 /admin
SQL: SHOW COLUMNS FROM `tp_config` [ RunTime:0.020719s ]
SQL: SELECT * FROM `tp_config`  [ RunTime:0.005303s ]

[ 2016-11-16T15:13:57+08:00 ] 127.0.0.1 /acp.html
SQL: SHOW COLUMNS FROM `tp_config` [ RunTime:0.008780s ]
SQL: SELECT * FROM `tp_config`  [ RunTime:0.000314s ]

[ 2016-11-16T15:13:58+08:00 ] 127.0.0.1 /login/index/redirect/UywFYQczVXYBKQxuBzgJbVRiVipScQc6AXcAbAQ8.html
SQL: SHOW COLUMNS FROM `tp_config` [ RunTime:0.006572s ]
SQL: SELECT * FROM `tp_config`  [ RunTime:0.000400s ]

[ 2016-11-16T15:14:03+08:00 ] 127.0.0.1 /login/index/redirect/UywFYQczVXYBKQxuBzgJbVRiVipScQc6AXcAbAQ8.html
SQL: SHOW COLUMNS FROM `tp_config` [ RunTime:0.006638s ]
SQL: SELECT * FROM `tp_config`  [ RunTime:0.000299s ]
SQL: SHOW COLUMNS FROM `tp_users` [ RunTime:0.014810s ]
SQL: SELECT `user_id`,`username`,`role_type`,`password`,`is_enable`,`login_try_times`,`block_time`,`group_id` FROM `tp_users` WHERE ( username = 'admin@admin.com' ) LIMIT 1   [ RunTime:0.003197s ]
SQL: UPDATE `tp_users` SET `login_try_times`=0,`block_time`=0 WHERE ( user_id = 1 ) [ RunTime:0.007142s ]

[ 2016-11-16T15:14:04+08:00 ] 127.0.0.1 /acp/index.html
SQL: SHOW COLUMNS FROM `tp_config` [ RunTime:0.003960s ]
SQL: SELECT * FROM `tp_config`  [ RunTime:0.000306s ]
SQL: SHOW COLUMNS FROM `tp_users` [ RunTime:0.008187s ]
SQL: SELECT * FROM `tp_users` LEFT JOIN  tp_users_group on tp_users.group_id = tp_users_group.group_id WHERE ( tp_users.user_id = 1 )  [ RunTime:0.008110s ]
SQL: SHOW COLUMNS FROM `tp_users` [ RunTime:0.001955s ]
SQL: SELECT COUNT(*) AS tp_count FROM `tp_users` WHERE ( role_type = 3 AND reg_time > 1479225600 ) LIMIT 1   [ RunTime:0.001031s ]
SQL: SELECT COUNT(*) AS tp_count FROM `tp_users` WHERE ( role_type = 4 ) LIMIT 1   [ RunTime:0.015634s ]
SQL: SELECT COUNT(*) AS tp_count FROM `tp_order` WHERE ( addtime> 1479225600 ) LIMIT 1   [ RunTime:0.005430s ]
SQL: SELECT COUNT(*) AS tp_count FROM `tp_order` LIMIT 1   [ RunTime:0.000207s ]
SQL: SELECT `username`,`realname`,`nickname` FROM `tp_users` WHERE ( user_id=1 ) LIMIT 1   [ RunTime:0.000413s ]

[ 2016-11-16T15:14:10+08:00 ] 127.0.0.1 /AcpUser/get_all_user_list/mod_id/1
SQL: SHOW COLUMNS FROM `tp_config` [ RunTime:0.006400s ]
SQL: SELECT * FROM `tp_config`  [ RunTime:0.000620s ]
SQL: SHOW COLUMNS FROM `tp_users` [ RunTime:0.006597s ]
SQL: SELECT * FROM `tp_users` LEFT JOIN  tp_users_group on tp_users.group_id = tp_users_group.group_id WHERE ( tp_users.user_id = 1 )  [ RunTime:0.003057s ]
SQL: SELECT COUNT(*) AS tp_count FROM `tp_users` WHERE ( role_type = 3 ) LIMIT 1   [ RunTime:0.010625s ]
SQL: SELECT * FROM `tp_users` WHERE ( role_type = 3 ) ORDER BY  reg_time DESC LIMIT 0, 10   [ RunTime:0.002316s ]
SQL: SHOW COLUMNS FROM `tp_address_province` [ RunTime:0.004871s ]
SQL: SELECT `province_name` FROM `tp_address_province` WHERE ( province_id = 350000 ) LIMIT 1   [ RunTime:0.003374s ]
SQL: SHOW COLUMNS FROM `tp_address_city` [ RunTime:0.008635s ]
SQL: SELECT `city_name` FROM `tp_address_city` WHERE ( city_id = 350600 ) LIMIT 1   [ RunTime:0.002947s ]
SQL: SHOW COLUMNS FROM `tp_user_rank` [ RunTime:0.008045s ]
SQL: SELECT `rank_name` FROM `tp_user_rank` WHERE ( user_rank_id = 1 ) LIMIT 1   [ RunTime:0.000209s ]
SQL: SELECT `province_name` FROM `tp_address_province` WHERE ( province_id = 530000 ) LIMIT 1   [ RunTime:0.000232s ]
SQL: SELECT `city_name` FROM `tp_address_city` WHERE ( city_id = 530300 ) LIMIT 1   [ RunTime:0.002460s ]
SQL: SHOW COLUMNS FROM `tp_user_rank` [ RunTime:0.007138s ]
SQL: SELECT `rank_name` FROM `tp_user_rank` WHERE ( user_rank_id = 1 ) LIMIT 1   [ RunTime:0.000398s ]
SQL: SELECT `province_name` FROM `tp_address_province` WHERE ( province_id = 330000 ) LIMIT 1   [ RunTime:0.000370s ]
SQL: SELECT `city_name` FROM `tp_address_city` WHERE ( city_id = 331000 ) LIMIT 1   [ RunTime:0.000230s ]
SQL: SHOW COLUMNS FROM `tp_user_rank` [ RunTime:0.006329s ]
SQL: SELECT `rank_name` FROM `tp_user_rank` WHERE ( user_rank_id = 1 ) LIMIT 1   [ RunTime:0.000231s ]
SQL: SELECT `province_name` FROM `tp_address_province` WHERE ( province_id = 430000 ) LIMIT 1   [ RunTime:0.000202s ]
SQL: SELECT `city_name` FROM `tp_address_city` WHERE ( city_id = 430100 ) LIMIT 1   [ RunTime:0.000167s ]
SQL: SHOW COLUMNS FROM `tp_user_rank` [ RunTime:0.006495s ]
SQL: SELECT `rank_name` FROM `tp_user_rank` WHERE ( user_rank_id = 1 ) LIMIT 1   [ RunTime:0.000351s ]
SQL: SELECT `province_name` FROM `tp_address_province` WHERE ( province_id = 110000 ) LIMIT 1   [ RunTime:0.000470s ]
SQL: SELECT `city_name` FROM `tp_address_city` WHERE ( city_id = 110000 ) LIMIT 1   [ RunTime:0.000255s ]
SQL: SHOW COLUMNS FROM `tp_user_rank` [ RunTime:0.006757s ]
SQL: SELECT `rank_name` FROM `tp_user_rank` WHERE ( user_rank_id = 1 ) LIMIT 1   [ RunTime:0.000427s ]
SQL: SELECT `province_name` FROM `tp_address_province` WHERE ( province_id = 110000 ) LIMIT 1   [ RunTime:0.000350s ]
SQL: SELECT `city_name` FROM `tp_address_city` WHERE ( city_id = 110000 ) LIMIT 1   [ RunTime:0.000244s ]
SQL: SHOW COLUMNS FROM `tp_user_rank` [ RunTime:0.006419s ]
SQL: SELECT `rank_name` FROM `tp_user_rank` WHERE ( user_rank_id = 1 ) LIMIT 1   [ RunTime:0.000418s ]
SQL: SELECT `province_name` FROM `tp_address_province` WHERE ( province_id = 330000 ) LIMIT 1   [ RunTime:0.000275s ]
SQL: SELECT `city_name` FROM `tp_address_city` WHERE ( city_id = 330200 ) LIMIT 1   [ RunTime:0.000234s ]
SQL: SHOW COLUMNS FROM `tp_user_rank` [ RunTime:0.006664s ]
SQL: SELECT `rank_name` FROM `tp_user_rank` WHERE ( user_rank_id = 1 ) LIMIT 1   [ RunTime:0.000282s ]
SQL: SELECT `province_name` FROM `tp_address_province` WHERE ( province_id = 420000 ) LIMIT 1   [ RunTime:0.000219s ]
SQL: SELECT `city_name` FROM `tp_address_city` WHERE ( city_id = 420100 ) LIMIT 1   [ RunTime:0.000198s ]
SQL: SHOW COLUMNS FROM `tp_user_rank` [ RunTime:0.006716s ]
SQL: SELECT `rank_name` FROM `tp_user_rank` WHERE ( user_rank_id = 1 ) LIMIT 1   [ RunTime:0.000358s ]
SQL: SELECT `province_name` FROM `tp_address_province` WHERE ( province_id = 140000 ) LIMIT 1   [ RunTime:0.000252s ]
SQL: SELECT `city_name` FROM `tp_address_city` WHERE ( city_id = 140100 ) LIMIT 1   [ RunTime:0.000207s ]
SQL: SHOW COLUMNS FROM `tp_user_rank` [ RunTime:0.006474s ]
SQL: SELECT `rank_name` FROM `tp_user_rank` WHERE ( user_rank_id = 1 ) LIMIT 1   [ RunTime:0.000263s ]
SQL: SELECT `province_name` FROM `tp_address_province` WHERE ( province_id = 110000 ) LIMIT 1   [ RunTime:0.000267s ]
SQL: SELECT `city_name` FROM `tp_address_city` WHERE ( city_id = 110000 ) LIMIT 1   [ RunTime:0.000383s ]
SQL: SHOW COLUMNS FROM `tp_user_rank` [ RunTime:0.006377s ]
SQL: SELECT `rank_name` FROM `tp_user_rank` WHERE ( user_rank_id = 1 ) LIMIT 1   [ RunTime:0.000271s ]
SQL: SHOW COLUMNS FROM `tp_user_rank` [ RunTime:0.006727s ]
SQL: SELECT * FROM `tp_user_rank`  [ RunTime:0.000304s ]
SQL: SHOW COLUMNS FROM `tp_big_area` [ RunTime:0.008496s ]
SQL: SELECT `big_area_id`,`area_name` FROM `tp_big_area`  [ RunTime:0.000309s ]

[ 2016-11-16T15:14:12+08:00 ] 127.0.0.1 /AcpUser/recharge_back_most_by_week/mod_id/1
SQL: SHOW COLUMNS FROM `tp_config` [ RunTime:0.006321s ]
SQL: SELECT * FROM `tp_config`  [ RunTime:0.000600s ]
SQL: SHOW COLUMNS FROM `tp_users` [ RunTime:0.006518s ]
SQL: SELECT * FROM `tp_users` LEFT JOIN  tp_users_group on tp_users.group_id = tp_users_group.group_id WHERE ( tp_users.user_id = 1 )  [ RunTime:0.000633s ]
SQL: SHOW COLUMNS FROM `tp_recharge_back` [ RunTime:0.077874s ]
SQL: SELECT sum(gain_money) AS user_gain,`user_id` FROM `tp_recharge_back` WHERE ( addtime >= 1479052800 AND addtime <= 1479657599 ) GROUP BY user_id ORDER BY user_gain DESC LIMIT 1   [ RunTime:0.008003s ]
SQL: SELECT sum(gain_money) AS user_gain,`user_id` FROM `tp_recharge_back` WHERE ( addtime >= 1478448000 AND addtime <= 1479052799 ) GROUP BY user_id ORDER BY user_gain DESC LIMIT 1   [ RunTime:0.000610s ]
SQL: SELECT sum(gain_money) AS user_gain,`user_id` FROM `tp_recharge_back` WHERE ( addtime >= 1477843200 AND addtime <= 1478447999 ) GROUP BY user_id ORDER BY user_gain DESC LIMIT 1   [ RunTime:0.000535s ]
SQL: SELECT sum(gain_money) AS user_gain,`user_id` FROM `tp_recharge_back` WHERE ( addtime >= 1477238400 AND addtime <= 1477843199 ) GROUP BY user_id ORDER BY user_gain DESC LIMIT 1   [ RunTime:0.000455s ]
SQL: SELECT sum(gain_money) AS user_gain,`user_id` FROM `tp_recharge_back` WHERE ( addtime >= 1476633600 AND addtime <= 1477238399 ) GROUP BY user_id ORDER BY user_gain DESC LIMIT 1   [ RunTime:0.000296s ]
SQL: SELECT sum(gain_money) AS user_gain,`user_id` FROM `tp_recharge_back` WHERE ( addtime >= 1476028800 AND addtime <= 1476633599 ) GROUP BY user_id ORDER BY user_gain DESC LIMIT 1   [ RunTime:0.000669s ]
SQL: SELECT `headimgurl`,`nickname`,`id` FROM `tp_users` WHERE ( user_id = 39625 AND is_enable = 1 ) LIMIT 1   [ RunTime:0.000397s ]

