[ 2016-12-14T13:29:31+08:00 ] 127.0.0.1 /FrontGuess/guess_index
SQL: SHOW COLUMNS FROM `tp_config` [ RunTime:0.012371s ]
SQL: SELECT * FROM `tp_config`  [ RunTime:0.000858s ]
SQL: SELECT `user_id` FROM `tp_users` WHERE ( user_id = 1 ) LIMIT 1   [ RunTime:0.011007s ]
SQL: SHOW COLUMNS FROM `tp_config` [ RunTime:0.003609s ]
SQL: SELECT `config_value` FROM `tp_config` WHERE ( config_name= "jsapi_ticket" ) LIMIT 1   [ RunTime:0.000221s ]
SQL: SELECT `config_value` FROM `tp_config` WHERE ( config_name= "jsapi_ticket_expire_time" ) LIMIT 1   [ RunTime:0.000144s ]
SQL: SHOW COLUMNS FROM `tp_config` [ RunTime:0.003125s ]
SQL: SELECT `config_value` FROM `tp_config` WHERE ( config_name= "access_token" ) LIMIT 1   [ RunTime:0.000187s ]
SQL: SELECT `config_value` FROM `tp_config` WHERE ( config_name= "access_token_expire_time" ) LIMIT 1   [ RunTime:0.000132s ]
SQL: UPDATE `tp_config` SET `config_value`='dqxr9m1SKfo6NIvE9x_02SgPNgozrnZX6nNlo_ox0gt1tCN2D5tkiNdNzbnQ-pgHhGk6J4rlkpzAbLCV7OT2h1pqZROPOiPnQ9vpeFh7nfRf6djUGLm6fpoyzJjvw3YJJXQgACAZNG' WHERE ( config_name="access_token" ) [ RunTime:0.005616s ]
SQL: UPDATE `tp_config` SET `config_value`=1481700370 WHERE ( config_name="access_token_expire_time" ) [ RunTime:0.000264s ]
SQL: UPDATE `tp_config` SET `config_value`='kgt8ON7yVITDhtdwci0qeYQAHREO0HbYL2-fFn3US2M0Bxr73TJvFLHKC-WPZy7Yj2cyxcuSIG4av-718RpZSw' WHERE ( config_name="jsapi_ticket" ) [ RunTime:0.000481s ]
SQL: UPDATE `tp_config` SET `config_value`=1481700370 WHERE ( config_name="jsapi_ticket_expire_time" ) [ RunTime:0.000236s ]
SQL: SHOW COLUMNS FROM `tp_guess_user` [ RunTime:0.007024s ]
SQL: SELECT count(*) AS people_num,sum(add_money) AS total_money FROM `tp_guess_user` WHERE ( addtime >= 1481644800 AND addtime <= 1481731200 ) LIMIT 1   [ RunTime:0.027858s ]
SQL: SHOW COLUMNS FROM `tp_roll` [ RunTime:0.007033s ]
SQL: SELECT * FROM `tp_roll` WHERE ( isuse = 1 AND is_open = 0 AND start_time <= 1481693370 AND end_time >= 1481693370 ) LIMIT 1   [ RunTime:0.003502s ]
SQL: SELECT (sum(prize_money) - sum(add_money)) AS total_prize,`user_id` FROM `tp_guess_user` WHERE ( is_pay = 1 AND addtime >= 1481472000 AND addtime <= 1482076800 ) GROUP BY user_id HAVING total_prize > 0 ORDER BY total_prize DESC LIMIT 5   [ RunTime:0.014800s ]
SQL: SHOW COLUMNS FROM `tp_guess_type` [ RunTime:0.007029s ]
SQL: SELECT * FROM `tp_guess_type` WHERE ( isuse = 1 ) ORDER BY serial LIMIT 4   [ RunTime:0.003584s ]
SQL: SHOW COLUMNS FROM `tp_guess` [ RunTime:0.007435s ]
SQL: SELECT COUNT(*) AS tp_count FROM `tp_guess` WHERE ( guess_type_id = 14 AND is_over = 0 ) LIMIT 1   [ RunTime:0.003931s ]
SQL: SELECT COUNT(*) AS tp_count FROM `tp_guess` WHERE ( guess_type_id = 16 AND is_over = 0 ) LIMIT 1   [ RunTime:0.001028s ]
SQL: SELECT COUNT(*) AS tp_count FROM `tp_guess` WHERE ( guess_type_id = 15 AND is_over = 0 ) LIMIT 1   [ RunTime:0.001001s ]
SQL: SHOW COLUMNS FROM `tp_guess` [ RunTime:0.006969s ]
SQL: SELECT COUNT(*) AS tp_count FROM `tp_guess` WHERE ( isuse = 1 AND guess_type_id = 14 ) LIMIT 1   [ RunTime:0.001258s ]
SQL: SELECT COUNT(*) AS tp_count FROM `tp_guess` WHERE ( isuse = 1 AND guess_type_id = 14 AND is_over = 0 ) LIMIT 1   [ RunTime:0.001063s ]
SQL: SELECT * FROM `tp_guess` WHERE ( isuse = 1 AND start_time <= 1481693370 AND guess_type_id = 14 ) ORDER BY (case when first_field_time <= 1481693370 AND is_over = 0  then 0
            when first_field_time > "1481693370" AND  is_over = 0 then 1 
        else 2 end), serial LIMIT 0, 6   [ RunTime:0.007131s ]
SQL: SHOW COLUMNS FROM `tp_team` [ RunTime:0.006980s ]
SQL: SELECT * FROM `tp_team` WHERE ( team_id = 107 ) LIMIT 1   [ RunTime:0.003167s ]
SQL: SELECT * FROM `tp_team` WHERE ( team_id = 112 ) LIMIT 1   [ RunTime:0.000288s ]
SQL: SHOW COLUMNS FROM `tp_guess_field` [ RunTime:0.006435s ]
SQL: SELECT COUNT(*) AS tp_count FROM `tp_guess_field` WHERE ( isuse = 1 AND guess_id = 1792 ) LIMIT 1   [ RunTime:0.004519s ]
SQL: SELECT * FROM `tp_team` WHERE ( team_id = 109 ) LIMIT 1   [ RunTime:0.000293s ]
SQL: SELECT * FROM `tp_team` WHERE ( team_id = 77 ) LIMIT 1   [ RunTime:0.002305s ]
SQL: SELECT COUNT(*) AS tp_count FROM `tp_guess_field` WHERE ( isuse = 1 AND guess_id = 1793 ) LIMIT 1   [ RunTime:0.001455s ]
SQL: SELECT * FROM `tp_team` WHERE ( team_id = 39 ) LIMIT 1   [ RunTime:0.002576s ]
SQL: SELECT * FROM `tp_team` WHERE ( team_id = 37 ) LIMIT 1   [ RunTime:0.000243s ]
SQL: SELECT COUNT(*) AS tp_count FROM `tp_guess_field` WHERE ( isuse = 1 AND guess_id = 1794 ) LIMIT 1   [ RunTime:0.001543s ]
SQL: SELECT * FROM `tp_team` WHERE ( team_id = 102 ) LIMIT 1   [ RunTime:0.000242s ]
SQL: SELECT * FROM `tp_team` WHERE ( team_id = 67 ) LIMIT 1   [ RunTime:0.000208s ]
SQL: SELECT COUNT(*) AS tp_count FROM `tp_guess_field` WHERE ( isuse = 1 AND guess_id = 1795 ) LIMIT 1   [ RunTime:0.001198s ]
SQL: SELECT * FROM `tp_team` WHERE ( team_id = 23 ) LIMIT 1   [ RunTime:0.000188s ]
SQL: SELECT * FROM `tp_team` WHERE ( team_id = 214 ) LIMIT 1   [ RunTime:0.002124s ]
SQL: SELECT COUNT(*) AS tp_count FROM `tp_guess_field` WHERE ( isuse = 1 AND guess_id = 1796 ) LIMIT 1   [ RunTime:0.001342s ]
SQL: SELECT * FROM `tp_team` WHERE ( team_id = 109 ) LIMIT 1   [ RunTime:0.000349s ]
SQL: SELECT * FROM `tp_team` WHERE ( team_id = 360 ) LIMIT 1   [ RunTime:0.002120s ]
SQL: SELECT COUNT(*) AS tp_count FROM `tp_guess_field` WHERE ( isuse = 1 AND guess_id = 1797 ) LIMIT 1   [ RunTime:0.001428s ]
SQL: SHOW COLUMNS FROM `tp_notice` [ RunTime:0.006682s ]
SQL: SELECT `notice_id` FROM `tp_notice` WHERE ( notice_sort_id = 2 AND isuse = 1 ) ORDER BY addtime DESC LIMIT 1   [ RunTime:0.002670s ]
SQL: SHOW COLUMNS FROM `tp_notice_txt` [ RunTime:0.004418s ]
SQL: SELECT `contents` FROM `tp_notice_txt` WHERE ( notice_id=5 ) LIMIT 1   [ RunTime:0.001234s ]

[ 2016-12-14T13:29:40+08:00 ] 127.0.0.1 /FrontUser/personal_data
SQL: SHOW COLUMNS FROM `tp_config` [ RunTime:0.003192s ]
SQL: SELECT * FROM `tp_config`  [ RunTime:0.003107s ]
SQL: SELECT `user_id` FROM `tp_users` WHERE ( user_id = 1 ) LIMIT 1   [ RunTime:0.000583s ]
SQL: SHOW COLUMNS FROM `tp_config` [ RunTime:0.003026s ]
SQL: SELECT `config_value` FROM `tp_config` WHERE ( config_name= "jsapi_ticket" ) LIMIT 1   [ RunTime:0.000203s ]
SQL: SELECT `config_value` FROM `tp_config` WHERE ( config_name= "jsapi_ticket_expire_time" ) LIMIT 1   [ RunTime:0.000148s ]
SQL: SELECT `mobile`,`role_type` FROM `tp_users` WHERE ( user_id = 1 AND is_enable = 1 ) LIMIT 1   [ RunTime:0.003031s ]
SQL: SELECT `nickname`,`realname`,`mobile`,`email`,`headimgurl`,`id`,`left_money`,`frozen_money`,`user_id` FROM `tp_users` WHERE ( user_id = 1 AND is_enable = 1 ) LIMIT 1   [ RunTime:0.003986s ]

[ 2016-12-14T13:29:40+08:00 ] 127.0.0.1 /FrontUser/personal_data
SQL: SHOW COLUMNS FROM `tp_config` [ RunTime:0.004191s ]
SQL: SELECT * FROM `tp_config`  [ RunTime:0.000443s ]
SQL: SELECT `user_id` FROM `tp_users` WHERE ( user_id = 1 ) LIMIT 1   [ RunTime:0.004947s ]
SQL: SHOW COLUMNS FROM `tp_config` [ RunTime:0.005726s ]
SQL: SELECT `config_value` FROM `tp_config` WHERE ( config_name= "jsapi_ticket" ) LIMIT 1   [ RunTime:0.001018s ]
SQL: SELECT `config_value` FROM `tp_config` WHERE ( config_name= "jsapi_ticket_expire_time" ) LIMIT 1   [ RunTime:0.000542s ]
SQL: SELECT `mobile`,`role_type` FROM `tp_users` WHERE ( user_id = 1 AND is_enable = 1 ) LIMIT 1   [ RunTime:0.000470s ]
SQL: SELECT `nickname`,`realname`,`mobile`,`email`,`headimgurl`,`id`,`left_money`,`frozen_money`,`user_id` FROM `tp_users` WHERE ( user_id = 1 AND is_enable = 1 ) LIMIT 1   [ RunTime:0.000617s ]

[ 2016-12-14T13:29:43+08:00 ] 127.0.0.1 /FrontUser/setup.html
SQL: SHOW COLUMNS FROM `tp_config` [ RunTime:0.002596s ]
SQL: SELECT * FROM `tp_config`  [ RunTime:0.000320s ]
SQL: SELECT `user_id` FROM `tp_users` WHERE ( user_id = 1 ) LIMIT 1   [ RunTime:0.000275s ]
SQL: SHOW COLUMNS FROM `tp_config` [ RunTime:0.006318s ]
SQL: SELECT `config_value` FROM `tp_config` WHERE ( config_name= "jsapi_ticket" ) LIMIT 1   [ RunTime:0.000289s ]
SQL: SELECT `config_value` FROM `tp_config` WHERE ( config_name= "jsapi_ticket_expire_time" ) LIMIT 1   [ RunTime:0.000172s ]
SQL: SELECT `mobile`,`role_type` FROM `tp_users` WHERE ( user_id = 1 AND is_enable = 1 ) LIMIT 1   [ RunTime:0.000240s ]
SQL: SELECT `mobile`,`email`,`nickname`,`headimgurl` FROM `tp_users` WHERE ( user_id = 1 AND is_enable = 1 ) LIMIT 1   [ RunTime:0.000208s ]

[ 2016-12-14T13:29:45+08:00 ] 127.0.0.1 /FrontUser/bind_email.html
SQL: SHOW COLUMNS FROM `tp_config` [ RunTime:0.003227s ]
SQL: SELECT * FROM `tp_config`  [ RunTime:0.000372s ]
SQL: SELECT `user_id` FROM `tp_users` WHERE ( user_id = 1 ) LIMIT 1   [ RunTime:0.000251s ]
SQL: SHOW COLUMNS FROM `tp_config` [ RunTime:0.006422s ]
SQL: SELECT `config_value` FROM `tp_config` WHERE ( config_name= "jsapi_ticket" ) LIMIT 1   [ RunTime:0.000259s ]
SQL: SELECT `config_value` FROM `tp_config` WHERE ( config_name= "jsapi_ticket_expire_time" ) LIMIT 1   [ RunTime:0.000191s ]
SQL: SELECT `mobile`,`role_type` FROM `tp_users` WHERE ( user_id = 1 AND is_enable = 1 ) LIMIT 1   [ RunTime:0.000221s ]
SQL: SELECT `email` FROM `tp_users` WHERE ( user_id = 1 AND is_enable = 1 ) LIMIT 1   [ RunTime:0.000185s ]

[ 2016-12-14T13:29:52+08:00 ] 127.0.0.1 /FrontUser/send_email_code
SQL: SHOW COLUMNS FROM `tp_config` [ RunTime:0.002962s ]
SQL: SELECT * FROM `tp_config`  [ RunTime:0.000327s ]
SQL: SELECT `user_id` FROM `tp_users` WHERE ( user_id = 1 ) LIMIT 1   [ RunTime:0.000216s ]
SQL: SHOW COLUMNS FROM `tp_config` [ RunTime:0.003053s ]
SQL: SELECT `config_value` FROM `tp_config` WHERE ( config_name= "jsapi_ticket" ) LIMIT 1   [ RunTime:0.000217s ]
SQL: SELECT `config_value` FROM `tp_config` WHERE ( config_name= "jsapi_ticket_expire_time" ) LIMIT 1   [ RunTime:0.000125s ]
SQL: SELECT `mobile`,`role_type` FROM `tp_users` WHERE ( user_id = 1 AND is_enable = 1 ) LIMIT 1   [ RunTime:0.000167s ]
SQL: SHOW COLUMNS FROM `tp_verify_code` [ RunTime:0.018574s ]
SQL: SELECT `verify_code_id` FROM `tp_verify_code` WHERE ( 1 AND mobile = "1723877247@qq.com" AND expire_time > 1481695130 ) LIMIT 1   [ RunTime:0.003656s ]
SQL: INSERT INTO `tp_verify_code` (`verify_code`,`mobile`,`user_id`,`cookie_value`,`expire_time`,`isuse`) VALUES ('306094','1723877247@qq.com',1,'ec973aa9ec9784408d40ba5d1f32a74f',1481695190,1) [ RunTime:0.004594s ]
SQL: SHOW COLUMNS FROM `tp_email_log` [ RunTime:0.008104s ]
SQL: INSERT INTO `tp_email_log` (`send_email_account`,`email_recipients`,`subject`,`send_time`,`state`) VALUES ('gouyudota2@163.com','1723877247@qq.com','验证邮箱',1481693390,1) [ RunTime:0.002670s ]
DEBUG: 1

[ 2016-12-14T13:30:01+08:00 ] 127.0.0.1 /FrontUser/bind_email
SQL: SHOW COLUMNS FROM `tp_config` [ RunTime:0.006538s ]
SQL: SELECT * FROM `tp_config`  [ RunTime:0.000731s ]
SQL: SELECT `user_id` FROM `tp_users` WHERE ( user_id = 1 ) LIMIT 1   [ RunTime:0.000244s ]
SQL: SHOW COLUMNS FROM `tp_config` [ RunTime:0.002797s ]
SQL: SELECT `config_value` FROM `tp_config` WHERE ( config_name= "jsapi_ticket" ) LIMIT 1   [ RunTime:0.000222s ]
SQL: SELECT `config_value` FROM `tp_config` WHERE ( config_name= "jsapi_ticket_expire_time" ) LIMIT 1   [ RunTime:0.000122s ]
SQL: SELECT `mobile`,`role_type` FROM `tp_users` WHERE ( user_id = 1 AND is_enable = 1 ) LIMIT 1   [ RunTime:0.000178s ]
SQL: SELECT `email` FROM `tp_users` WHERE ( user_id = 1 AND is_enable = 1 ) LIMIT 1   [ RunTime:0.000155s ]
SQL: SHOW COLUMNS FROM `tp_verify_code` [ RunTime:0.003755s ]
SQL: SELECT `verify_code_id` FROM `tp_verify_code` WHERE ( 1 AND isuse = 1 AND expire_time > 1481693401 AND verify_code = "12344" AND mobile = "1723877247@qq.com" ) LIMIT 1   [ RunTime:0.000274s ]

[ 2016-12-14T13:41:50+08:00 ] 127.0.0.1 /FrontGuess/guess_index
SQL: SHOW COLUMNS FROM `tp_config` [ RunTime:0.007659s ]
SQL: SELECT * FROM `tp_config`  [ RunTime:0.000412s ]
SQL: SELECT `user_id` FROM `tp_users` WHERE ( user_id = 1 ) LIMIT 1   [ RunTime:0.000612s ]
SQL: SHOW COLUMNS FROM `tp_config` [ RunTime:0.003334s ]
SQL: SELECT `config_value` FROM `tp_config` WHERE ( config_name= "jsapi_ticket" ) LIMIT 1   [ RunTime:0.000406s ]
SQL: SELECT `config_value` FROM `tp_config` WHERE ( config_name= "jsapi_ticket_expire_time" ) LIMIT 1   [ RunTime:0.000186s ]
SQL: SHOW COLUMNS FROM `tp_guess_user` [ RunTime:0.007079s ]
SQL: SELECT count(*) AS people_num,sum(add_money) AS total_money FROM `tp_guess_user` WHERE ( addtime >= 1481644800 AND addtime <= 1481731200 ) LIMIT 1   [ RunTime:0.005182s ]
SQL: SHOW COLUMNS FROM `tp_roll` [ RunTime:0.007108s ]
SQL: SELECT * FROM `tp_roll` WHERE ( isuse = 1 AND is_open = 0 AND start_time <= 1481694109 AND end_time >= 1481694109 ) LIMIT 1   [ RunTime:0.002950s ]
SQL: SELECT (sum(prize_money) - sum(add_money)) AS total_prize,`user_id` FROM `tp_guess_user` WHERE ( is_pay = 1 AND addtime >= 1481472000 AND addtime <= 1482076800 ) GROUP BY user_id HAVING total_prize > 0 ORDER BY total_prize DESC LIMIT 5   [ RunTime:0.010612s ]
SQL: SHOW COLUMNS FROM `tp_guess_type` [ RunTime:0.007023s ]
SQL: SELECT * FROM `tp_guess_type` WHERE ( isuse = 1 ) ORDER BY serial LIMIT 4   [ RunTime:0.000363s ]
SQL: SHOW COLUMNS FROM `tp_guess` [ RunTime:0.006871s ]
SQL: SELECT COUNT(*) AS tp_count FROM `tp_guess` WHERE ( guess_type_id = 14 AND is_over = 0 ) LIMIT 1   [ RunTime:0.001784s ]
SQL: SELECT COUNT(*) AS tp_count FROM `tp_guess` WHERE ( guess_type_id = 16 AND is_over = 0 ) LIMIT 1   [ RunTime:0.000846s ]
SQL: SELECT COUNT(*) AS tp_count FROM `tp_guess` WHERE ( guess_type_id = 15 AND is_over = 0 ) LIMIT 1   [ RunTime:0.000780s ]
SQL: SHOW COLUMNS FROM `tp_guess` [ RunTime:0.003790s ]
SQL: SELECT COUNT(*) AS tp_count FROM `tp_guess` WHERE ( isuse = 1 AND guess_type_id = 14 ) LIMIT 1   [ RunTime:0.000816s ]
SQL: SELECT COUNT(*) AS tp_count FROM `tp_guess` WHERE ( isuse = 1 AND guess_type_id = 14 AND is_over = 0 ) LIMIT 1   [ RunTime:0.000740s ]
SQL: SELECT * FROM `tp_guess` WHERE ( isuse = 1 AND start_time <= 1481694109 AND guess_type_id = 14 ) ORDER BY (case when first_field_time <= 1481694109 AND is_over = 0  then 0
            when first_field_time > "1481694109" AND  is_over = 0 then 1 
        else 2 end), serial LIMIT 0, 6   [ RunTime:0.001071s ]
SQL: SHOW COLUMNS FROM `tp_team` [ RunTime:0.007258s ]
SQL: SELECT * FROM `tp_team` WHERE ( team_id = 107 ) LIMIT 1   [ RunTime:0.003268s ]
SQL: SELECT * FROM `tp_team` WHERE ( team_id = 112 ) LIMIT 1   [ RunTime:0.000253s ]
SQL: SHOW COLUMNS FROM `tp_guess_field` [ RunTime:0.006768s ]
SQL: SELECT COUNT(*) AS tp_count FROM `tp_guess_field` WHERE ( isuse = 1 AND guess_id = 1792 ) LIMIT 1   [ RunTime:0.001013s ]
SQL: SELECT * FROM `tp_team` WHERE ( team_id = 109 ) LIMIT 1   [ RunTime:0.000180s ]
SQL: SELECT * FROM `tp_team` WHERE ( team_id = 77 ) LIMIT 1   [ RunTime:0.002001s ]
SQL: SELECT COUNT(*) AS tp_count FROM `tp_guess_field` WHERE ( isuse = 1 AND guess_id = 1793 ) LIMIT 1   [ RunTime:0.001231s ]
SQL: SELECT * FROM `tp_team` WHERE ( team_id = 39 ) LIMIT 1   [ RunTime:0.002101s ]
SQL: SELECT * FROM `tp_team` WHERE ( team_id = 37 ) LIMIT 1   [ RunTime:0.000260s ]
SQL: SELECT COUNT(*) AS tp_count FROM `tp_guess_field` WHERE ( isuse = 1 AND guess_id = 1794 ) LIMIT 1   [ RunTime:0.001200s ]
SQL: SELECT * FROM `tp_team` WHERE ( team_id = 102 ) LIMIT 1   [ RunTime:0.000168s ]
SQL: SELECT * FROM `tp_team` WHERE ( team_id = 67 ) LIMIT 1   [ RunTime:0.000203s ]
SQL: SELECT COUNT(*) AS tp_count FROM `tp_guess_field` WHERE ( isuse = 1 AND guess_id = 1795 ) LIMIT 1   [ RunTime:0.001235s ]
SQL: SELECT * FROM `tp_team` WHERE ( team_id = 23 ) LIMIT 1   [ RunTime:0.000287s ]
SQL: SELECT * FROM `tp_team` WHERE ( team_id = 214 ) LIMIT 1   [ RunTime:0.002262s ]
SQL: SELECT COUNT(*) AS tp_count FROM `tp_guess_field` WHERE ( isuse = 1 AND guess_id = 1796 ) LIMIT 1   [ RunTime:0.001136s ]
SQL: SELECT * FROM `tp_team` WHERE ( team_id = 109 ) LIMIT 1   [ RunTime:0.000197s ]
SQL: SELECT * FROM `tp_team` WHERE ( team_id = 360 ) LIMIT 1   [ RunTime:0.002069s ]
SQL: SELECT COUNT(*) AS tp_count FROM `tp_guess_field` WHERE ( isuse = 1 AND guess_id = 1797 ) LIMIT 1   [ RunTime:0.001177s ]
SQL: SHOW COLUMNS FROM `tp_notice` [ RunTime:0.001312s ]
SQL: SELECT `notice_id` FROM `tp_notice` WHERE ( notice_sort_id = 2 AND isuse = 1 ) ORDER BY addtime DESC LIMIT 1   [ RunTime:0.003220s ]
SQL: SHOW COLUMNS FROM `tp_notice_txt` [ RunTime:0.004143s ]
SQL: SELECT `contents` FROM `tp_notice_txt` WHERE ( notice_id=5 ) LIMIT 1   [ RunTime:0.003408s ]

[ 2016-12-14T13:41:54+08:00 ] 127.0.0.1 /FrontUser/personal_data
SQL: SHOW COLUMNS FROM `tp_config` [ RunTime:0.001458s ]
SQL: SELECT * FROM `tp_config`  [ RunTime:0.000335s ]
SQL: SELECT `user_id` FROM `tp_users` WHERE ( user_id = 1 ) LIMIT 1   [ RunTime:0.000276s ]
SQL: SHOW COLUMNS FROM `tp_config` [ RunTime:0.001959s ]
SQL: SELECT `config_value` FROM `tp_config` WHERE ( config_name= "jsapi_ticket" ) LIMIT 1   [ RunTime:0.000328s ]
SQL: SELECT `config_value` FROM `tp_config` WHERE ( config_name= "jsapi_ticket_expire_time" ) LIMIT 1   [ RunTime:0.000139s ]
SQL: SELECT `mobile`,`role_type` FROM `tp_users` WHERE ( user_id = 1 AND is_enable = 1 ) LIMIT 1   [ RunTime:0.000196s ]
SQL: SELECT `nickname`,`realname`,`mobile`,`email`,`headimgurl`,`id`,`left_money`,`frozen_money`,`user_id` FROM `tp_users` WHERE ( user_id = 1 AND is_enable = 1 ) LIMIT 1   [ RunTime:0.000202s ]

[ 2016-12-14T13:41:56+08:00 ] 127.0.0.1 /FrontUser/setup.html
SQL: SHOW COLUMNS FROM `tp_config` [ RunTime:0.002657s ]
SQL: SELECT * FROM `tp_config`  [ RunTime:0.000288s ]
SQL: SELECT `user_id` FROM `tp_users` WHERE ( user_id = 1 ) LIMIT 1   [ RunTime:0.000224s ]
SQL: SHOW COLUMNS FROM `tp_config` [ RunTime:0.006343s ]
SQL: SELECT `config_value` FROM `tp_config` WHERE ( config_name= "jsapi_ticket" ) LIMIT 1   [ RunTime:0.000321s ]
SQL: SELECT `config_value` FROM `tp_config` WHERE ( config_name= "jsapi_ticket_expire_time" ) LIMIT 1   [ RunTime:0.000191s ]
SQL: SELECT `mobile`,`role_type` FROM `tp_users` WHERE ( user_id = 1 AND is_enable = 1 ) LIMIT 1   [ RunTime:0.000348s ]
SQL: SELECT `mobile`,`email`,`nickname`,`headimgurl` FROM `tp_users` WHERE ( user_id = 1 AND is_enable = 1 ) LIMIT 1   [ RunTime:0.000191s ]

[ 2016-12-14T13:41:57+08:00 ] 127.0.0.1 /FrontUser/bind_email.html
SQL: SHOW COLUMNS FROM `tp_config` [ RunTime:0.006050s ]
SQL: SELECT * FROM `tp_config`  [ RunTime:0.000354s ]
SQL: SELECT `user_id` FROM `tp_users` WHERE ( user_id = 1 ) LIMIT 1   [ RunTime:0.000273s ]
SQL: SHOW COLUMNS FROM `tp_config` [ RunTime:0.002794s ]
SQL: SELECT `config_value` FROM `tp_config` WHERE ( config_name= "jsapi_ticket" ) LIMIT 1   [ RunTime:0.000198s ]
SQL: SELECT `config_value` FROM `tp_config` WHERE ( config_name= "jsapi_ticket_expire_time" ) LIMIT 1   [ RunTime:0.000135s ]
SQL: SELECT `mobile`,`role_type` FROM `tp_users` WHERE ( user_id = 1 AND is_enable = 1 ) LIMIT 1   [ RunTime:0.000181s ]
SQL: SELECT `email` FROM `tp_users` WHERE ( user_id = 1 AND is_enable = 1 ) LIMIT 1   [ RunTime:0.000140s ]

[ 2016-12-14T13:42:18+08:00 ] 127.0.0.1 /FrontUser/bind_email
SQL: SHOW COLUMNS FROM `tp_config` [ RunTime:0.003035s ]
SQL: SELECT * FROM `tp_config`  [ RunTime:0.000370s ]
SQL: SELECT `user_id` FROM `tp_users` WHERE ( user_id = 1 ) LIMIT 1   [ RunTime:0.000216s ]
SQL: SHOW COLUMNS FROM `tp_config` [ RunTime:0.002898s ]
SQL: SELECT `config_value` FROM `tp_config` WHERE ( config_name= "jsapi_ticket" ) LIMIT 1   [ RunTime:0.000288s ]
SQL: SELECT `config_value` FROM `tp_config` WHERE ( config_name= "jsapi_ticket_expire_time" ) LIMIT 1   [ RunTime:0.000183s ]
SQL: SELECT `mobile`,`role_type` FROM `tp_users` WHERE ( user_id = 1 AND is_enable = 1 ) LIMIT 1   [ RunTime:0.000198s ]
SQL: SELECT `email` FROM `tp_users` WHERE ( user_id = 1 AND is_enable = 1 ) LIMIT 1   [ RunTime:0.000164s ]

[ 2016-12-14T13:42:22+08:00 ] 127.0.0.1 /FrontUser/bind_email
SQL: SHOW COLUMNS FROM `tp_config` [ RunTime:0.002825s ]
SQL: SELECT * FROM `tp_config`  [ RunTime:0.000302s ]
SQL: SELECT `user_id` FROM `tp_users` WHERE ( user_id = 1 ) LIMIT 1   [ RunTime:0.000240s ]
SQL: SHOW COLUMNS FROM `tp_config` [ RunTime:0.001013s ]
SQL: SELECT `config_value` FROM `tp_config` WHERE ( config_name= "jsapi_ticket" ) LIMIT 1   [ RunTime:0.000202s ]
SQL: SELECT `config_value` FROM `tp_config` WHERE ( config_name= "jsapi_ticket_expire_time" ) LIMIT 1   [ RunTime:0.000144s ]
SQL: SELECT `mobile`,`role_type` FROM `tp_users` WHERE ( user_id = 1 AND is_enable = 1 ) LIMIT 1   [ RunTime:0.000182s ]
SQL: SELECT `email` FROM `tp_users` WHERE ( user_id = 1 AND is_enable = 1 ) LIMIT 1   [ RunTime:0.000162s ]
SQL: SHOW COLUMNS FROM `tp_verify_code` [ RunTime:0.006987s ]
SQL: SELECT `verify_code_id` FROM `tp_verify_code` WHERE ( 1 AND isuse = 1 AND expire_time > 1481694142 AND verify_code = "89" AND mobile = "1723877247@qq.com" ) LIMIT 1   [ RunTime:0.002790s ]

[ 2016-12-14T13:42:29+08:00 ] 127.0.0.1 /FrontUser/bind_email
SQL: SHOW COLUMNS FROM `tp_config` [ RunTime:0.003041s ]
SQL: SELECT * FROM `tp_config`  [ RunTime:0.000431s ]
SQL: SELECT `user_id` FROM `tp_users` WHERE ( user_id = 1 ) LIMIT 1   [ RunTime:0.000243s ]
SQL: SHOW COLUMNS FROM `tp_config` [ RunTime:0.003141s ]
SQL: SELECT `config_value` FROM `tp_config` WHERE ( config_name= "jsapi_ticket" ) LIMIT 1   [ RunTime:0.000246s ]
SQL: SELECT `config_value` FROM `tp_config` WHERE ( config_name= "jsapi_ticket_expire_time" ) LIMIT 1   [ RunTime:0.000131s ]
SQL: SELECT `mobile`,`role_type` FROM `tp_users` WHERE ( user_id = 1 AND is_enable = 1 ) LIMIT 1   [ RunTime:0.000168s ]
SQL: SELECT `email` FROM `tp_users` WHERE ( user_id = 1 AND is_enable = 1 ) LIMIT 1   [ RunTime:0.000127s ]
SQL: SHOW COLUMNS FROM `tp_verify_code` [ RunTime:0.003765s ]
SQL: SELECT `verify_code_id` FROM `tp_verify_code` WHERE ( 1 AND isuse = 1 AND expire_time > 1481694149 AND verify_code = "8989" AND mobile = "1723877247@qq.com" ) LIMIT 1   [ RunTime:0.000278s ]

[ 2016-12-14T13:42:33+08:00 ] 127.0.0.1 /FrontUser/bind_email
SQL: SHOW COLUMNS FROM `tp_config` [ RunTime:0.002754s ]
SQL: SELECT * FROM `tp_config`  [ RunTime:0.000365s ]
SQL: SELECT `user_id` FROM `tp_users` WHERE ( user_id = 1 ) LIMIT 1   [ RunTime:0.000273s ]
SQL: SHOW COLUMNS FROM `tp_config` [ RunTime:0.002873s ]
SQL: SELECT `config_value` FROM `tp_config` WHERE ( config_name= "jsapi_ticket" ) LIMIT 1   [ RunTime:0.000261s ]
SQL: SELECT `config_value` FROM `tp_config` WHERE ( config_name= "jsapi_ticket_expire_time" ) LIMIT 1   [ RunTime:0.000142s ]
SQL: SELECT `mobile`,`role_type` FROM `tp_users` WHERE ( user_id = 1 AND is_enable = 1 ) LIMIT 1   [ RunTime:0.000168s ]
SQL: SELECT `email` FROM `tp_users` WHERE ( user_id = 1 AND is_enable = 1 ) LIMIT 1   [ RunTime:0.000167s ]
SQL: SHOW COLUMNS FROM `tp_verify_code` [ RunTime:0.003037s ]
SQL: SELECT `verify_code_id` FROM `tp_verify_code` WHERE ( 1 AND isuse = 1 AND expire_time > 1481694153 AND verify_code = "89898" AND mobile = "1723877247@qq.com" ) LIMIT 1   [ RunTime:0.000311s ]

[ 2016-12-14T13:42:34+08:00 ] 127.0.0.1 /FrontUser/bind_email
SQL: SHOW COLUMNS FROM `tp_config` [ RunTime:0.003273s ]
SQL: SELECT * FROM `tp_config`  [ RunTime:0.000289s ]
SQL: SELECT `user_id` FROM `tp_users` WHERE ( user_id = 1 ) LIMIT 1   [ RunTime:0.000227s ]
SQL: SHOW COLUMNS FROM `tp_config` [ RunTime:0.002920s ]
SQL: SELECT `config_value` FROM `tp_config` WHERE ( config_name= "jsapi_ticket" ) LIMIT 1   [ RunTime:0.000192s ]
SQL: SELECT `config_value` FROM `tp_config` WHERE ( config_name= "jsapi_ticket_expire_time" ) LIMIT 1   [ RunTime:0.000134s ]
SQL: SELECT `mobile`,`role_type` FROM `tp_users` WHERE ( user_id = 1 AND is_enable = 1 ) LIMIT 1   [ RunTime:0.000177s ]
SQL: SELECT `email` FROM `tp_users` WHERE ( user_id = 1 AND is_enable = 1 ) LIMIT 1   [ RunTime:0.000149s ]
SQL: SHOW COLUMNS FROM `tp_verify_code` [ RunTime:0.006152s ]
SQL: SELECT `verify_code_id` FROM `tp_verify_code` WHERE ( 1 AND isuse = 1 AND expire_time > 1481694154 AND verify_code = "89898" AND mobile = "1723877247@qq.com" ) LIMIT 1   [ RunTime:0.000287s ]

