[ 2016-12-07T17:32:40+08:00 ] 127.0.0.1 /FrontGuess/guess_index
SQL: SHOW COLUMNS FROM `tp_config` [ RunTime:0.009289s ]
SQL: SELECT * FROM `tp_config`  [ RunTime:0.003254s ]
SQL: SELECT `user_id` FROM `tp_users` WHERE ( user_id = 0 ) LIMIT 1   [ RunTime:0.008046s ]
SQL: SHOW COLUMNS FROM `tp_config` [ RunTime:0.003533s ]
SQL: SELECT `config_value` FROM `tp_config` WHERE ( config_name= "jsapi_ticket" ) LIMIT 1   [ RunTime:0.000279s ]
SQL: SELECT `config_value` FROM `tp_config` WHERE ( config_name= "jsapi_ticket_expire_time" ) LIMIT 1   [ RunTime:0.000180s ]
SQL: SHOW COLUMNS FROM `tp_config` [ RunTime:0.002949s ]
SQL: SELECT `config_value` FROM `tp_config` WHERE ( config_name= "access_token" ) LIMIT 1   [ RunTime:0.000359s ]
SQL: SELECT `config_value` FROM `tp_config` WHERE ( config_name= "access_token_expire_time" ) LIMIT 1   [ RunTime:0.000230s ]
SQL: UPDATE `tp_config` SET `config_value`='5xLD66OWUlxvoVXh5noo6qjA60qkbgI_u_BqDRXxQaH6JxBT_-WdaoruzR8jZViQ9G0JPe6NIZbWw1C5FK82lhW6uLyQ2lW5EqBSiTkfHR6DBzVsNIquu1uGFp1aqh-5FWBjADANEJ' WHERE ( config_name="access_token" ) [ RunTime:0.000347s ]
SQL: UPDATE `tp_config` SET `config_value`=1481110159 WHERE ( config_name="access_token_expire_time" ) [ RunTime:0.000206s ]
SQL: UPDATE `tp_config` SET `config_value`='kgt8ON7yVITDhtdwci0qeYQAHREO0HbYL2-fFn3US2PAwgTQY1FXJxf7WXZBJTW4fuh-y5qVA1cGT0ymBYBxTw' WHERE ( config_name="jsapi_ticket" ) [ RunTime:0.000458s ]
SQL: UPDATE `tp_config` SET `config_value`=1481110159 WHERE ( config_name="jsapi_ticket_expire_time" ) [ RunTime:0.000273s ]
SQL: SHOW COLUMNS FROM `tp_guess_user` [ RunTime:0.009931s ]
SQL: SELECT count(*) AS people_num,sum(add_money) AS total_money FROM `tp_guess_user` WHERE ( addtime >= 1481040000 AND addtime <= 1481126400 ) LIMIT 1   [ RunTime:0.023639s ]
SQL: SHOW COLUMNS FROM `tp_roll` [ RunTime:0.011392s ]
SQL: SELECT * FROM `tp_roll` WHERE ( isuse = 1 AND is_open = 0 AND start_time <= 1481103159 AND end_time >= 1481103159 ) LIMIT 1   [ RunTime:0.002991s ]
SQL: SELECT (sum(prize_money) - sum(add_money)) AS total_prize,`user_id` FROM `tp_guess_user` WHERE ( is_pay = 1 AND addtime >= 1480867200 AND addtime <= 1481472000 ) GROUP BY user_id HAVING total_prize > 0 ORDER BY total_prize DESC LIMIT 5   [ RunTime:0.022658s ]
SQL: SHOW COLUMNS FROM `tp_guess_type` [ RunTime:0.008400s ]
SQL: SELECT * FROM `tp_guess_type` WHERE ( isuse = 1 ) ORDER BY serial LIMIT 4   [ RunTime:0.003020s ]
SQL: SHOW COLUMNS FROM `tp_guess` [ RunTime:0.011347s ]
SQL: SELECT COUNT(*) AS tp_count FROM `tp_guess` WHERE ( guess_type_id = 14 AND is_over = 0 ) LIMIT 1   [ RunTime:0.005064s ]
SQL: SELECT COUNT(*) AS tp_count FROM `tp_guess` WHERE ( guess_type_id = 16 AND is_over = 0 ) LIMIT 1   [ RunTime:0.001472s ]
SQL: SELECT COUNT(*) AS tp_count FROM `tp_guess` WHERE ( guess_type_id = 15 AND is_over = 0 ) LIMIT 1   [ RunTime:0.001265s ]
SQL: SHOW COLUMNS FROM `tp_guess` [ RunTime:0.006677s ]
SQL: SELECT COUNT(*) AS tp_count FROM `tp_guess` WHERE ( isuse = 1 AND guess_type_id = 14 ) LIMIT 1   [ RunTime:0.001573s ]
SQL: SELECT COUNT(*) AS tp_count FROM `tp_guess` WHERE ( isuse = 1 AND guess_type_id = 14 AND is_over = 0 ) LIMIT 1   [ RunTime:0.001535s ]
SQL: SELECT * FROM `tp_guess` WHERE ( isuse = 1 AND start_time <= 1481103159 AND guess_type_id = 14 ) ORDER BY (case when first_field_time <= 1481103159 AND is_over = 0  then 0
            when first_field_time > "1481103159" AND  is_over = 0 then 1 
        else 2 end), serial LIMIT 0, 6   [ RunTime:0.007560s ]
SQL: SHOW COLUMNS FROM `tp_team` [ RunTime:0.012093s ]
SQL: SELECT * FROM `tp_team` WHERE ( team_id = 107 ) LIMIT 1   [ RunTime:0.002960s ]
SQL: SELECT * FROM `tp_team` WHERE ( team_id = 112 ) LIMIT 1   [ RunTime:0.000260s ]
SQL: SHOW COLUMNS FROM `tp_guess_field` [ RunTime:0.007813s ]
SQL: SELECT COUNT(*) AS tp_count FROM `tp_guess_field` WHERE ( isuse = 1 AND guess_id = 1792 ) LIMIT 1   [ RunTime:0.004648s ]
SQL: SELECT * FROM `tp_team` WHERE ( team_id = 109 ) LIMIT 1   [ RunTime:0.000306s ]
SQL: SELECT * FROM `tp_team` WHERE ( team_id = 77 ) LIMIT 1   [ RunTime:0.002389s ]
SQL: SELECT COUNT(*) AS tp_count FROM `tp_guess_field` WHERE ( isuse = 1 AND guess_id = 1793 ) LIMIT 1   [ RunTime:0.001235s ]
SQL: SELECT * FROM `tp_team` WHERE ( team_id = 39 ) LIMIT 1   [ RunTime:0.002236s ]
SQL: SELECT * FROM `tp_team` WHERE ( team_id = 37 ) LIMIT 1   [ RunTime:0.000334s ]
SQL: SELECT COUNT(*) AS tp_count FROM `tp_guess_field` WHERE ( isuse = 1 AND guess_id = 1794 ) LIMIT 1   [ RunTime:0.001116s ]
SQL: SELECT * FROM `tp_team` WHERE ( team_id = 102 ) LIMIT 1   [ RunTime:0.000208s ]
SQL: SELECT * FROM `tp_team` WHERE ( team_id = 67 ) LIMIT 1   [ RunTime:0.000152s ]
SQL: SELECT COUNT(*) AS tp_count FROM `tp_guess_field` WHERE ( isuse = 1 AND guess_id = 1795 ) LIMIT 1   [ RunTime:0.001296s ]
SQL: SELECT * FROM `tp_team` WHERE ( team_id = 23 ) LIMIT 1   [ RunTime:0.000256s ]
SQL: SELECT * FROM `tp_team` WHERE ( team_id = 214 ) LIMIT 1   [ RunTime:0.002705s ]
SQL: SELECT COUNT(*) AS tp_count FROM `tp_guess_field` WHERE ( isuse = 1 AND guess_id = 1796 ) LIMIT 1   [ RunTime:0.001397s ]
SQL: SELECT * FROM `tp_team` WHERE ( team_id = 109 ) LIMIT 1   [ RunTime:0.000158s ]
SQL: SELECT * FROM `tp_team` WHERE ( team_id = 360 ) LIMIT 1   [ RunTime:0.002198s ]
SQL: SELECT COUNT(*) AS tp_count FROM `tp_guess_field` WHERE ( isuse = 1 AND guess_id = 1797 ) LIMIT 1   [ RunTime:0.001405s ]
SQL: SHOW COLUMNS FROM `tp_notice` [ RunTime:0.008262s ]
SQL: SELECT `notice_id` FROM `tp_notice` WHERE ( notice_sort_id = 2 AND isuse = 1 ) ORDER BY addtime DESC LIMIT 1   [ RunTime:0.003036s ]
SQL: SHOW COLUMNS FROM `tp_notice_txt` [ RunTime:0.016163s ]
SQL: SELECT `contents` FROM `tp_notice_txt` WHERE ( notice_id=5 ) LIMIT 1   [ RunTime:0.001113s ]

[ 2016-12-07T17:32:42+08:00 ] 127.0.0.1 /FrontUser/personal_data
SQL: SHOW COLUMNS FROM `tp_config` [ RunTime:0.004821s ]
SQL: SELECT * FROM `tp_config`  [ RunTime:0.001031s ]
SQL: SELECT `user_id` FROM `tp_users` WHERE ( user_id = 39628 ) LIMIT 1   [ RunTime:0.000250s ]
SQL: SHOW COLUMNS FROM `tp_config` [ RunTime:0.006621s ]
SQL: SELECT `config_value` FROM `tp_config` WHERE ( config_name= "jsapi_ticket" ) LIMIT 1   [ RunTime:0.000546s ]
SQL: SELECT `config_value` FROM `tp_config` WHERE ( config_name= "jsapi_ticket_expire_time" ) LIMIT 1   [ RunTime:0.000437s ]
SQL: SELECT `mobile`,`role_type` FROM `tp_users` WHERE ( user_id = 39628 AND is_enable = 1 ) LIMIT 1   [ RunTime:0.002163s ]
SQL: SELECT `nickname`,`realname`,`mobile`,`email`,`headimgurl`,`id`,`left_money`,`frozen_money`,`user_id` FROM `tp_users` WHERE ( user_id = 39628 AND is_enable = 1 ) LIMIT 1   [ RunTime:0.000231s ]

[ 2016-12-07T17:32:45+08:00 ] 127.0.0.1 /FrontUser/about_us.html
SQL: SHOW COLUMNS FROM `tp_config` [ RunTime:0.003922s ]
SQL: SELECT * FROM `tp_config`  [ RunTime:0.000327s ]
SQL: SELECT `user_id` FROM `tp_users` WHERE ( user_id = 39628 ) LIMIT 1   [ RunTime:0.000308s ]
SQL: SHOW COLUMNS FROM `tp_config` [ RunTime:0.004089s ]
SQL: SELECT `config_value` FROM `tp_config` WHERE ( config_name= "jsapi_ticket" ) LIMIT 1   [ RunTime:0.000236s ]
SQL: SELECT `config_value` FROM `tp_config` WHERE ( config_name= "jsapi_ticket_expire_time" ) LIMIT 1   [ RunTime:0.000154s ]
SQL: SELECT `mobile`,`role_type` FROM `tp_users` WHERE ( user_id = 39628 AND is_enable = 1 ) LIMIT 1   [ RunTime:0.000184s ]
SQL: SHOW COLUMNS FROM `tp_article` [ RunTime:0.011936s ]
SQL: SELECT `article_id` FROM `tp_article` WHERE ( isuse = 1 AND article_sort_id = 2 ) ORDER BY serial LIMIT 1   [ RunTime:0.002772s ]
SQL: SHOW COLUMNS FROM `tp_article_txt` [ RunTime:0.014542s ]
SQL: SELECT `contents` FROM `tp_article_txt` WHERE ( article_id=214 ) LIMIT 1   [ RunTime:0.003984s ]

[ 2016-12-07T17:32:48+08:00 ] 127.0.0.1 /FrontUser/help_center.html
SQL: SHOW COLUMNS FROM `tp_config` [ RunTime:0.006138s ]
SQL: SELECT * FROM `tp_config`  [ RunTime:0.000437s ]
SQL: SELECT `user_id` FROM `tp_users` WHERE ( user_id = 39628 ) LIMIT 1   [ RunTime:0.000289s ]
SQL: SHOW COLUMNS FROM `tp_config` [ RunTime:0.003378s ]
SQL: SELECT `config_value` FROM `tp_config` WHERE ( config_name= "jsapi_ticket" ) LIMIT 1   [ RunTime:0.000273s ]
SQL: SELECT `config_value` FROM `tp_config` WHERE ( config_name= "jsapi_ticket_expire_time" ) LIMIT 1   [ RunTime:0.000205s ]
SQL: SELECT `mobile`,`role_type` FROM `tp_users` WHERE ( user_id = 39628 AND is_enable = 1 ) LIMIT 1   [ RunTime:0.000221s ]
SQL: SHOW COLUMNS FROM `tp_article` [ RunTime:0.006574s ]
SQL: SELECT `title`,`article_id` FROM `tp_article` WHERE ( isuse = 1 AND article_sort_id = 1 )  [ RunTime:0.000321s ]

[ 2016-12-07T17:32:50+08:00 ] 127.0.0.1 /FrontUser/article_detail/article_id/212
SQL: SHOW COLUMNS FROM `tp_config` [ RunTime:0.004191s ]
SQL: SELECT * FROM `tp_config`  [ RunTime:0.000467s ]
SQL: SELECT `user_id` FROM `tp_users` WHERE ( user_id = 39628 ) LIMIT 1   [ RunTime:0.000386s ]
SQL: SHOW COLUMNS FROM `tp_config` [ RunTime:0.001249s ]
SQL: SELECT `config_value` FROM `tp_config` WHERE ( config_name= "jsapi_ticket" ) LIMIT 1   [ RunTime:0.000181s ]
SQL: SELECT `config_value` FROM `tp_config` WHERE ( config_name= "jsapi_ticket_expire_time" ) LIMIT 1   [ RunTime:0.000100s ]
SQL: SELECT `mobile`,`role_type` FROM `tp_users` WHERE ( user_id = 39628 AND is_enable = 1 ) LIMIT 1   [ RunTime:0.000164s ]
SQL: SHOW COLUMNS FROM `tp_article` [ RunTime:0.003141s ]
SQL: SELECT `title` FROM `tp_article` WHERE ( article_id = 212 ) LIMIT 1   [ RunTime:0.000201s ]
SQL: SHOW COLUMNS FROM `tp_article_txt` [ RunTime:0.007240s ]
SQL: SELECT `contents` FROM `tp_article_txt` WHERE ( article_id=212 ) LIMIT 1   [ RunTime:0.000396s ]

[ 2016-12-07T17:32:55+08:00 ] 127.0.0.1 /FrontUser/article_detail/article_id/220
SQL: SHOW COLUMNS FROM `tp_config` [ RunTime:0.003309s ]
SQL: SELECT * FROM `tp_config`  [ RunTime:0.000323s ]
SQL: SELECT `user_id` FROM `tp_users` WHERE ( user_id = 39628 ) LIMIT 1   [ RunTime:0.000313s ]
SQL: SHOW COLUMNS FROM `tp_config` [ RunTime:0.003159s ]
SQL: SELECT `config_value` FROM `tp_config` WHERE ( config_name= "jsapi_ticket" ) LIMIT 1   [ RunTime:0.000196s ]
SQL: SELECT `config_value` FROM `tp_config` WHERE ( config_name= "jsapi_ticket_expire_time" ) LIMIT 1   [ RunTime:0.000108s ]
SQL: SELECT `mobile`,`role_type` FROM `tp_users` WHERE ( user_id = 39628 AND is_enable = 1 ) LIMIT 1   [ RunTime:0.002614s ]
SQL: SHOW COLUMNS FROM `tp_article` [ RunTime:0.006354s ]
SQL: SELECT `title` FROM `tp_article` WHERE ( article_id = 220 ) LIMIT 1   [ RunTime:0.000319s ]
SQL: SHOW COLUMNS FROM `tp_article_txt` [ RunTime:0.003279s ]
SQL: SELECT `contents` FROM `tp_article_txt` WHERE ( article_id=220 ) LIMIT 1   [ RunTime:0.000363s ]

[ 2016-12-07T17:33:01+08:00 ] 127.0.0.1 /FrontUser/user_game_list.html
SQL: SHOW COLUMNS FROM `tp_config` [ RunTime:0.002907s ]
SQL: SELECT * FROM `tp_config`  [ RunTime:0.000327s ]
SQL: SELECT `user_id` FROM `tp_users` WHERE ( user_id = 39628 ) LIMIT 1   [ RunTime:0.000272s ]
SQL: SHOW COLUMNS FROM `tp_config` [ RunTime:0.002892s ]
SQL: SELECT `config_value` FROM `tp_config` WHERE ( config_name= "jsapi_ticket" ) LIMIT 1   [ RunTime:0.000265s ]
SQL: SELECT `config_value` FROM `tp_config` WHERE ( config_name= "jsapi_ticket_expire_time" ) LIMIT 1   [ RunTime:0.000132s ]
SQL: SELECT `mobile`,`role_type` FROM `tp_users` WHERE ( user_id = 39628 AND is_enable = 1 ) LIMIT 1   [ RunTime:0.000185s ]
SQL: SHOW COLUMNS FROM `tp_user_game` [ RunTime:0.011770s ]
SQL: SELECT * FROM `tp_user_game` WHERE ( user_id = 39628 ) ORDER BY addtime DESC LIMIT 0, 15   [ RunTime:0.002796s ]

[ 2016-12-07T17:33:04+08:00 ] 127.0.0.1 /FrontAddress/user_address_list.html
SQL: SHOW COLUMNS FROM `tp_config` [ RunTime:0.002809s ]
SQL: SELECT * FROM `tp_config`  [ RunTime:0.000371s ]
SQL: SELECT `user_id` FROM `tp_users` WHERE ( user_id = 39628 ) LIMIT 1   [ RunTime:0.000321s ]
SQL: SHOW COLUMNS FROM `tp_config` [ RunTime:0.003128s ]
SQL: SELECT `config_value` FROM `tp_config` WHERE ( config_name= "jsapi_ticket" ) LIMIT 1   [ RunTime:0.000238s ]
SQL: SELECT `config_value` FROM `tp_config` WHERE ( config_name= "jsapi_ticket_expire_time" ) LIMIT 1   [ RunTime:0.000154s ]
SQL: SHOW COLUMNS FROM `tp_user_address` [ RunTime:0.011661s ]
SQL: SELECT `user_id`,`user_address_id`,`province_id`,`city_id`,`area_id`,`mobile`,`address`,`realname` FROM `tp_user_address` WHERE ( isuse = 1 AND user_id = 39628 ) ORDER BY addtime DESC, use_time DESC  [ RunTime:0.004264s ]
DEBUG: 
SQL: SELECT `user_address_id` FROM `tp_users` WHERE ( user_id = 39628 AND is_enable = 1 ) LIMIT 1   [ RunTime:0.003057s ]
SQL: SELECT * FROM `tp_user_address` WHERE ( user_address_id =  ) LIMIT 1   [ RunTime:0.000116s ]
ERR: You have an error in your SQL syntax; check the manual that corresponds to your MariaDB server version for the right syntax to use near ') LIMIT 1' at line 1
 [ SQL语句 ] : SELECT * FROM `tp_user_address` WHERE ( user_address_id =  ) LIMIT 1  

