[ 2016-10-22T17:55:15+08:00 ] 127.0.0.1 /FrontGuess/guess_index
SQL: SHOW COLUMNS FROM `tp_config` [ RunTime:0.023787s ]
SQL: SELECT * FROM `tp_config`  [ RunTime:0.004439s ]
SQL: SELECT `user_id` FROM `tp_users` WHERE ( user_id = 39628 ) LIMIT 1   [ RunTime:0.009392s ]
SQL: SHOW COLUMNS FROM `tp_config` [ RunTime:0.006314s ]
SQL: SELECT `config_value` FROM `tp_config` WHERE ( config_name= "jsapi_ticket" ) LIMIT 1   [ RunTime:0.003658s ]
SQL: SELECT `config_value` FROM `tp_config` WHERE ( config_name= "jsapi_ticket_expire_time" ) LIMIT 1   [ RunTime:0.001771s ]
SQL: SHOW COLUMNS FROM `tp_config` [ RunTime:0.006395s ]
SQL: SELECT `config_value` FROM `tp_config` WHERE ( config_name= "access_token" ) LIMIT 1   [ RunTime:0.000341s ]
SQL: SELECT `config_value` FROM `tp_config` WHERE ( config_name= "access_token_expire_time" ) LIMIT 1   [ RunTime:0.000214s ]
SQL: UPDATE `tp_config` SET `config_value`='-heHibNBc3LwZUkjqWyQgfvM8xoYbNZF9cjJaTwhLSC4r_aU45sYPAYRSdY6-ZP2ge-qU4tqkKcRVI9sAwJfoqeM-D6HcCm0pbe0dfWXqNgHYCaAJAMDH' WHERE ( config_name="access_token" ) [ RunTime:0.004538s ]
SQL: UPDATE `tp_config` SET `config_value`=1477137113 WHERE ( config_name="access_token_expire_time" ) [ RunTime:0.000222s ]
SQL: UPDATE `tp_config` SET `config_value`='sM4AOVdWfPE4DxkXGEs8VMkXF0G0i5AQDiP4pE-z34FmChr9dSSgYXERgN4CS4Ru-4Z8NZomSlQOK7nYvo-3_Q' WHERE ( config_name="jsapi_ticket" ) [ RunTime:0.000914s ]
SQL: UPDATE `tp_config` SET `config_value`=1477137113 WHERE ( config_name="jsapi_ticket_expire_time" ) [ RunTime:0.000464s ]
DEBUG: -----------------auto_start--------------------
SQL: SHOW COLUMNS FROM `tp_treasure` [ RunTime:0.010029s ]
SQL: SELECT * FROM `tp_treasure` WHERE ( isuse = 1 AND is_open = 0 AND open_time > 0 AND open_time <=1477130113 ) ORDER BY addtime LIMIT 5   [ RunTime:0.008447s ]
DEBUG: -----------------auto_end--------------------
DEBUG: ---------------------auto_treasure_end_time-------------
SQL: SELECT * FROM `tp_treasure` WHERE ( isuse = 1 AND is_open = 0 AND open_time = 0 AND end_time < 1477130113 ) ORDER BY addtime LIMIT 5   [ RunTime:0.000533s ]
DEBUG: ---------------------auto_treasure_end_time-------------
SQL: SHOW COLUMNS FROM `tp_roll` [ RunTime:0.010905s ]
DEBUG: -------------------open_roll start-----------------
SQL: SELECT * FROM `tp_roll` WHERE ( isuse = 1 AND is_open != 1 AND end_time < 1477130113 ) ORDER BY addtime LIMIT 5   [ RunTime:0.003411s ]
DEBUG: -------------------open_roll end-----------------
DEBUG: -----------frozen_money --start-- left_money ------------
SQL: SELECT * FROM `tp_account` WHERE ( need_opt = 1 AND opt_time > 0 AND opt_time <= 1477130113 ) ORDER BY addtime LIMIT 10   [ RunTime:0.032178s ]
DEBUG: user_id:39627
SQL: SELECT `left_money`,`frozen_money` FROM `tp_users` WHERE ( user_id = 39627 AND is_enable = 1 ) LIMIT 1   [ RunTime:0.003163s ]
DEBUG: frozen_money:72500.00
DEBUG: after_frozen_money:-155500
DEBUG: user_id:39627
SQL: SELECT `left_money`,`frozen_money` FROM `tp_users` WHERE ( user_id = 39627 AND is_enable = 1 ) LIMIT 1   [ RunTime:0.000335s ]
DEBUG: frozen_money:72500.00
DEBUG: after_frozen_money:-172000
DEBUG: -----------frozen_money --end-- left_money ------------
SQL: SHOW COLUMNS FROM `tp_guess_user` [ RunTime:0.004975s ]
SQL: SELECT count(*) AS people_num,sum(add_money) AS total_money FROM `tp_guess_user` WHERE ( addtime >= 1477065600 AND addtime <= 1477152000 ) LIMIT 1   [ RunTime:0.020204s ]
SQL: SHOW COLUMNS FROM `tp_roll` [ RunTime:0.004715s ]
SQL: SELECT * FROM `tp_roll` WHERE ( isuse = 1 AND is_open = 0 AND start_time <= 1477130113 AND end_time >= 1477130113 ) LIMIT 1   [ RunTime:0.000326s ]
SQL: SHOW COLUMNS FROM `tp_prize` [ RunTime:0.023725s ]
SQL: SELECT * FROM `tp_prize` WHERE ( prize_id = 20 ) LIMIT 1   [ RunTime:0.003803s ]
SQL: SELECT (sum(prize_money) - sum(add_money)) AS total_prize,`user_id` FROM `tp_guess_user` WHERE ( is_pay = 1 AND addtime >= 1476633600 AND addtime <= 1477238400 ) GROUP BY user_id HAVING total_prize > 0 ORDER BY total_prize DESC LIMIT 5   [ RunTime:0.008779s ]
SQL: SHOW COLUMNS FROM `tp_guess_type` [ RunTime:0.008729s ]
SQL: SELECT * FROM `tp_guess_type` WHERE ( isuse = 1 ) ORDER BY serial LIMIT 4   [ RunTime:0.003258s ]
SQL: SHOW COLUMNS FROM `tp_guess` [ RunTime:0.013723s ]
SQL: SELECT COUNT(*) AS tp_count FROM `tp_guess` WHERE ( isuse = 1 AND guess_type_id = 14 ) LIMIT 1   [ RunTime:0.004603s ]
SQL: SELECT COUNT(*) AS tp_count FROM `tp_guess` WHERE ( isuse = 1 AND guess_type_id = 14 AND is_over = 0 ) LIMIT 1   [ RunTime:0.003743s ]
SQL: SELECT * FROM `tp_guess` WHERE ( isuse = 1 AND start_time <= 1477130113 AND guess_type_id = 14 ) ORDER BY (case when first_field_time <= 1477130113 AND is_over = 0  then 0
            when first_field_time > "1477130113" AND  is_over = 0 then 1 
        else 2 end), over_time DESC LIMIT 0, 6   [ RunTime:0.001380s ]
SQL: SHOW COLUMNS FROM `tp_team` [ RunTime:0.014800s ]
SQL: SELECT * FROM `tp_team` WHERE ( team_id = 37 ) LIMIT 1   [ RunTime:0.003799s ]
SQL: SELECT * FROM `tp_team` WHERE ( team_id = 38 ) LIMIT 1   [ RunTime:0.000340s ]
SQL: SHOW COLUMNS FROM `tp_guess_field` [ RunTime:0.004408s ]
SQL: SELECT COUNT(*) AS tp_count FROM `tp_guess_field` WHERE ( isuse = 1 AND guess_id = 1293 ) LIMIT 1   [ RunTime:0.004385s ]
SQL: SELECT * FROM `tp_team` WHERE ( team_id = 214 ) LIMIT 1   [ RunTime:0.003361s ]
SQL: SELECT * FROM `tp_team` WHERE ( team_id = 112 ) LIMIT 1   [ RunTime:0.003694s ]
SQL: SELECT COUNT(*) AS tp_count FROM `tp_guess_field` WHERE ( isuse = 1 AND guess_id = 1282 ) LIMIT 1   [ RunTime:0.001638s ]
SQL: SELECT * FROM `tp_team` WHERE ( team_id = 69 ) LIMIT 1   [ RunTime:0.002331s ]
SQL: SELECT * FROM `tp_team` WHERE ( team_id = 360 ) LIMIT 1   [ RunTime:0.003577s ]
SQL: SELECT COUNT(*) AS tp_count FROM `tp_guess_field` WHERE ( isuse = 1 AND guess_id = 1294 ) LIMIT 1   [ RunTime:0.000776s ]
SQL: SELECT * FROM `tp_team` WHERE ( team_id = 324 ) LIMIT 1   [ RunTime:0.002329s ]
SQL: SELECT * FROM `tp_team` WHERE ( team_id = 33 ) LIMIT 1   [ RunTime:0.000305s ]
SQL: SELECT COUNT(*) AS tp_count FROM `tp_guess_field` WHERE ( isuse = 1 AND guess_id = 1295 ) LIMIT 1   [ RunTime:0.001243s ]
SQL: SELECT * FROM `tp_team` WHERE ( team_id = 731 ) LIMIT 1   [ RunTime:0.002305s ]
SQL: SELECT * FROM `tp_team` WHERE ( team_id = 732 ) LIMIT 1   [ RunTime:0.000235s ]
SQL: SELECT COUNT(*) AS tp_count FROM `tp_guess_field` WHERE ( isuse = 1 AND guess_id = 1286 ) LIMIT 1   [ RunTime:0.000803s ]
SQL: SELECT * FROM `tp_team` WHERE ( team_id = 23 ) LIMIT 1   [ RunTime:0.000220s ]
SQL: SELECT * FROM `tp_team` WHERE ( team_id = 77 ) LIMIT 1   [ RunTime:0.000193s ]
SQL: SELECT COUNT(*) AS tp_count FROM `tp_guess_field` WHERE ( isuse = 1 AND guess_id = 1287 ) LIMIT 1   [ RunTime:0.001254s ]
SQL: SHOW COLUMNS FROM `tp_notice` [ RunTime:0.013859s ]
SQL: SELECT `notice_id` FROM `tp_notice` WHERE ( notice_sort_id = 2 AND isuse = 1 ) ORDER BY addtime DESC LIMIT 1   [ RunTime:0.003179s ]
SQL: SHOW COLUMNS FROM `tp_notice_txt` [ RunTime:0.005953s ]
SQL: SELECT `contents` FROM `tp_notice_txt` WHERE ( notice_id=5 ) LIMIT 1   [ RunTime:0.003633s ]

[ 2016-10-22T17:55:20+08:00 ] 127.0.0.1 /FrontUser/personal_data
SQL: SHOW COLUMNS FROM `tp_config` [ RunTime:0.006822s ]
SQL: SELECT * FROM `tp_config`  [ RunTime:0.005304s ]
SQL: SELECT `user_id` FROM `tp_users` WHERE ( user_id = 39628 ) LIMIT 1   [ RunTime:0.000292s ]
SQL: SHOW COLUMNS FROM `tp_config` [ RunTime:0.003353s ]
SQL: SELECT `config_value` FROM `tp_config` WHERE ( config_name= "jsapi_ticket" ) LIMIT 1   [ RunTime:0.000313s ]
SQL: SELECT `config_value` FROM `tp_config` WHERE ( config_name= "jsapi_ticket_expire_time" ) LIMIT 1   [ RunTime:0.000255s ]
DEBUG: -----------------auto_start--------------------
SQL: SHOW COLUMNS FROM `tp_treasure` [ RunTime:0.007467s ]
SQL: SELECT * FROM `tp_treasure` WHERE ( isuse = 1 AND is_open = 0 AND open_time > 0 AND open_time <=1477130120 ) ORDER BY addtime LIMIT 5   [ RunTime:0.000634s ]
DEBUG: -----------------auto_end--------------------
DEBUG: ---------------------auto_treasure_end_time-------------
SQL: SELECT * FROM `tp_treasure` WHERE ( isuse = 1 AND is_open = 0 AND open_time = 0 AND end_time < 1477130120 ) ORDER BY addtime LIMIT 5   [ RunTime:0.000465s ]
DEBUG: ---------------------auto_treasure_end_time-------------
SQL: SHOW COLUMNS FROM `tp_roll` [ RunTime:0.006519s ]
DEBUG: -------------------open_roll start-----------------
SQL: SELECT * FROM `tp_roll` WHERE ( isuse = 1 AND is_open != 1 AND end_time < 1477130120 ) ORDER BY addtime LIMIT 5   [ RunTime:0.001499s ]
DEBUG: -------------------open_roll end-----------------
DEBUG: -----------frozen_money --start-- left_money ------------
SQL: SELECT * FROM `tp_account` WHERE ( need_opt = 1 AND opt_time > 0 AND opt_time <= 1477130120 ) ORDER BY addtime LIMIT 10   [ RunTime:0.024386s ]
DEBUG: user_id:39627
SQL: SELECT `left_money`,`frozen_money` FROM `tp_users` WHERE ( user_id = 39627 AND is_enable = 1 ) LIMIT 1   [ RunTime:0.008393s ]
DEBUG: frozen_money:72500.00
DEBUG: after_frozen_money:-155500
DEBUG: user_id:39627
SQL: SELECT `left_money`,`frozen_money` FROM `tp_users` WHERE ( user_id = 39627 AND is_enable = 1 ) LIMIT 1   [ RunTime:0.001021s ]
DEBUG: frozen_money:72500.00
DEBUG: after_frozen_money:-172000
DEBUG: -----------frozen_money --end-- left_money ------------
SQL: SELECT `mobile`,`role_type` FROM `tp_users` WHERE ( user_id = 39628 AND is_enable = 1 ) LIMIT 1   [ RunTime:0.000392s ]
SQL: SELECT `nickname`,`realname`,`mobile`,`email`,`headimgurl`,`id`,`left_money`,`frozen_money`,`user_id` FROM `tp_users` WHERE ( user_id = 39628 AND is_enable = 1 ) LIMIT 1   [ RunTime:0.000221s ]

[ 2016-10-22T17:55:21+08:00 ] 127.0.0.1 /FrontUser/recharge.html
SQL: SHOW COLUMNS FROM `tp_config` [ RunTime:0.007749s ]
SQL: SELECT * FROM `tp_config`  [ RunTime:0.000406s ]
SQL: SELECT `user_id` FROM `tp_users` WHERE ( user_id = 39628 ) LIMIT 1   [ RunTime:0.000238s ]
SQL: SHOW COLUMNS FROM `tp_config` [ RunTime:0.003014s ]
SQL: SELECT `config_value` FROM `tp_config` WHERE ( config_name= "jsapi_ticket" ) LIMIT 1   [ RunTime:0.000174s ]
SQL: SELECT `config_value` FROM `tp_config` WHERE ( config_name= "jsapi_ticket_expire_time" ) LIMIT 1   [ RunTime:0.000130s ]
DEBUG: -----------------auto_start--------------------
SQL: SHOW COLUMNS FROM `tp_treasure` [ RunTime:0.006141s ]
SQL: SELECT * FROM `tp_treasure` WHERE ( isuse = 1 AND is_open = 0 AND open_time > 0 AND open_time <=1477130121 ) ORDER BY addtime LIMIT 5   [ RunTime:0.001136s ]
DEBUG: -----------------auto_end--------------------
DEBUG: ---------------------auto_treasure_end_time-------------
SQL: SELECT * FROM `tp_treasure` WHERE ( isuse = 1 AND is_open = 0 AND open_time = 0 AND end_time < 1477130121 ) ORDER BY addtime LIMIT 5   [ RunTime:0.000555s ]
DEBUG: ---------------------auto_treasure_end_time-------------
SQL: SHOW COLUMNS FROM `tp_roll` [ RunTime:0.003343s ]
DEBUG: -------------------open_roll start-----------------
SQL: SELECT * FROM `tp_roll` WHERE ( isuse = 1 AND is_open != 1 AND end_time < 1477130121 ) ORDER BY addtime LIMIT 5   [ RunTime:0.000966s ]
DEBUG: -------------------open_roll end-----------------
DEBUG: -----------frozen_money --start-- left_money ------------
SQL: SELECT * FROM `tp_account` WHERE ( need_opt = 1 AND opt_time > 0 AND opt_time <= 1477130121 ) ORDER BY addtime LIMIT 10   [ RunTime:0.017962s ]
DEBUG: user_id:39627
SQL: SELECT `left_money`,`frozen_money` FROM `tp_users` WHERE ( user_id = 39627 AND is_enable = 1 ) LIMIT 1   [ RunTime:0.000314s ]
DEBUG: frozen_money:72500.00
DEBUG: after_frozen_money:-155500
DEBUG: user_id:39627
SQL: SELECT `left_money`,`frozen_money` FROM `tp_users` WHERE ( user_id = 39627 AND is_enable = 1 ) LIMIT 1   [ RunTime:0.000641s ]
DEBUG: frozen_money:72500.00
DEBUG: after_frozen_money:-172000
DEBUG: -----------frozen_money --end-- left_money ------------
SQL: SELECT `mobile`,`role_type` FROM `tp_users` WHERE ( user_id = 39628 AND is_enable = 1 ) LIMIT 1   [ RunTime:0.000321s ]
SQL: SELECT `left_money` FROM `tp_users` WHERE ( user_id = 39628 AND is_enable = 1 ) LIMIT 1   [ RunTime:0.000654s ]

[ 2016-10-22T17:55:24+08:00 ] 127.0.0.1 /FrontUser/recharge.html
SQL: SHOW COLUMNS FROM `tp_config` [ RunTime:0.006737s ]
SQL: SELECT * FROM `tp_config`  [ RunTime:0.000358s ]
SQL: SELECT `user_id` FROM `tp_users` WHERE ( user_id = 39628 ) LIMIT 1   [ RunTime:0.000251s ]
SQL: SHOW COLUMNS FROM `tp_config` [ RunTime:0.006087s ]
SQL: SELECT `config_value` FROM `tp_config` WHERE ( config_name= "jsapi_ticket" ) LIMIT 1   [ RunTime:0.000437s ]
SQL: SELECT `config_value` FROM `tp_config` WHERE ( config_name= "jsapi_ticket_expire_time" ) LIMIT 1   [ RunTime:0.000376s ]
DEBUG: -----------------auto_start--------------------
SQL: SHOW COLUMNS FROM `tp_treasure` [ RunTime:0.006345s ]
SQL: SELECT * FROM `tp_treasure` WHERE ( isuse = 1 AND is_open = 0 AND open_time > 0 AND open_time <=1477130123 ) ORDER BY addtime LIMIT 5   [ RunTime:0.000783s ]
DEBUG: -----------------auto_end--------------------
DEBUG: ---------------------auto_treasure_end_time-------------
SQL: SELECT * FROM `tp_treasure` WHERE ( isuse = 1 AND is_open = 0 AND open_time = 0 AND end_time < 1477130123 ) ORDER BY addtime LIMIT 5   [ RunTime:0.000468s ]
DEBUG: ---------------------auto_treasure_end_time-------------
SQL: SHOW COLUMNS FROM `tp_roll` [ RunTime:0.006151s ]
DEBUG: -------------------open_roll start-----------------
SQL: SELECT * FROM `tp_roll` WHERE ( isuse = 1 AND is_open != 1 AND end_time < 1477130123 ) ORDER BY addtime LIMIT 5   [ RunTime:0.000648s ]
DEBUG: -------------------open_roll end-----------------
DEBUG: -----------frozen_money --start-- left_money ------------
SQL: SELECT * FROM `tp_account` WHERE ( need_opt = 1 AND opt_time > 0 AND opt_time <= 1477130123 ) ORDER BY addtime LIMIT 10   [ RunTime:0.019489s ]
DEBUG: user_id:39627
SQL: SELECT `left_money`,`frozen_money` FROM `tp_users` WHERE ( user_id = 39627 AND is_enable = 1 ) LIMIT 1   [ RunTime:0.000315s ]
DEBUG: frozen_money:72500.00
DEBUG: after_frozen_money:-155500
DEBUG: user_id:39627
SQL: SELECT `left_money`,`frozen_money` FROM `tp_users` WHERE ( user_id = 39627 AND is_enable = 1 ) LIMIT 1   [ RunTime:0.000196s ]
DEBUG: frozen_money:72500.00
DEBUG: after_frozen_money:-172000
DEBUG: -----------frozen_money --end-- left_money ------------
SQL: SELECT `mobile`,`role_type` FROM `tp_users` WHERE ( user_id = 39628 AND is_enable = 1 ) LIMIT 1   [ RunTime:0.000194s ]

[ 2016-10-22T17:55:25+08:00 ] 127.0.0.1 /FrontUser/pay_page/recharge_money/10/total_money/1010/recharge_type/1/id/39628
SQL: SHOW COLUMNS FROM `tp_config` [ RunTime:0.002697s ]
SQL: SELECT * FROM `tp_config`  [ RunTime:0.000382s ]
SQL: SELECT * FROM `tp_payway` WHERE ( pay_tag = "alipay" ) LIMIT 1   [ RunTime:0.002866s ]
DEBUG: Array
(
    [alipay_account] => gouyudota2@163.com
    [alipay_partner] => 2088421909849990
    [alipay_key] => jrhckqjfu164j58mppes07zmkjplmuj1
    [alipay_general_method] => 1
)


[ 2016-10-22T17:57:34+08:00 ] 127.0.0.1 /FrontUser/recharge.html
SQL: SHOW COLUMNS FROM `tp_config` [ RunTime:0.008687s ]
SQL: SELECT * FROM `tp_config`  [ RunTime:0.000509s ]
SQL: SELECT `user_id` FROM `tp_users` WHERE ( user_id = 39628 ) LIMIT 1   [ RunTime:0.000886s ]
SQL: SHOW COLUMNS FROM `tp_config` [ RunTime:0.009702s ]
SQL: SELECT `config_value` FROM `tp_config` WHERE ( config_name= "jsapi_ticket" ) LIMIT 1   [ RunTime:0.000445s ]
SQL: SELECT `config_value` FROM `tp_config` WHERE ( config_name= "jsapi_ticket_expire_time" ) LIMIT 1   [ RunTime:0.000221s ]
DEBUG: -----------------auto_start--------------------
SQL: SHOW COLUMNS FROM `tp_treasure` [ RunTime:0.004426s ]
SQL: SELECT * FROM `tp_treasure` WHERE ( isuse = 1 AND is_open = 0 AND open_time > 0 AND open_time <=1477130254 ) ORDER BY addtime LIMIT 5   [ RunTime:0.004137s ]
DEBUG: -----------------auto_end--------------------
DEBUG: ---------------------auto_treasure_end_time-------------
SQL: SELECT * FROM `tp_treasure` WHERE ( isuse = 1 AND is_open = 0 AND open_time = 0 AND end_time < 1477130254 ) ORDER BY addtime LIMIT 5   [ RunTime:0.000486s ]
DEBUG: ---------------------auto_treasure_end_time-------------
SQL: SHOW COLUMNS FROM `tp_roll` [ RunTime:0.003915s ]
DEBUG: -------------------open_roll start-----------------
SQL: SELECT * FROM `tp_roll` WHERE ( isuse = 1 AND is_open != 1 AND end_time < 1477130254 ) ORDER BY addtime LIMIT 5   [ RunTime:0.000411s ]
DEBUG: -------------------open_roll end-----------------
DEBUG: -----------frozen_money --start-- left_money ------------
SQL: SELECT * FROM `tp_account` WHERE ( need_opt = 1 AND opt_time > 0 AND opt_time <= 1477130254 ) ORDER BY addtime LIMIT 10   [ RunTime:0.018773s ]
DEBUG: user_id:39627
SQL: SELECT `left_money`,`frozen_money` FROM `tp_users` WHERE ( user_id = 39627 AND is_enable = 1 ) LIMIT 1   [ RunTime:0.002183s ]
DEBUG: frozen_money:72500.00
DEBUG: after_frozen_money:-155500
DEBUG: user_id:39627
SQL: SELECT `left_money`,`frozen_money` FROM `tp_users` WHERE ( user_id = 39627 AND is_enable = 1 ) LIMIT 1   [ RunTime:0.000206s ]
DEBUG: frozen_money:72500.00
DEBUG: after_frozen_money:-172000
DEBUG: -----------frozen_money --end-- left_money ------------
SQL: SELECT `mobile`,`role_type` FROM `tp_users` WHERE ( user_id = 39628 AND is_enable = 1 ) LIMIT 1   [ RunTime:0.000160s ]
SQL: SELECT * FROM `tp_payway` WHERE ( pay_tag = "wap_alipay" ) LIMIT 1   [ RunTime:0.003036s ]

[ 2016-10-22T17:57:38+08:00 ] 127.0.0.1 /FrontUser/personal_data
SQL: SHOW COLUMNS FROM `tp_config` [ RunTime:0.002817s ]
SQL: SELECT * FROM `tp_config`  [ RunTime:0.000363s ]
SQL: SELECT `user_id` FROM `tp_users` WHERE ( user_id = 39628 ) LIMIT 1   [ RunTime:0.000499s ]
SQL: SHOW COLUMNS FROM `tp_config` [ RunTime:0.007039s ]
SQL: SELECT `config_value` FROM `tp_config` WHERE ( config_name= "jsapi_ticket" ) LIMIT 1   [ RunTime:0.000361s ]
SQL: SELECT `config_value` FROM `tp_config` WHERE ( config_name= "jsapi_ticket_expire_time" ) LIMIT 1   [ RunTime:0.000372s ]
DEBUG: -----------------auto_start--------------------
SQL: SHOW COLUMNS FROM `tp_treasure` [ RunTime:0.006208s ]
SQL: SELECT * FROM `tp_treasure` WHERE ( isuse = 1 AND is_open = 0 AND open_time > 0 AND open_time <=1477130258 ) ORDER BY addtime LIMIT 5   [ RunTime:0.000592s ]
DEBUG: -----------------auto_end--------------------
DEBUG: ---------------------auto_treasure_end_time-------------
SQL: SELECT * FROM `tp_treasure` WHERE ( isuse = 1 AND is_open = 0 AND open_time = 0 AND end_time < 1477130258 ) ORDER BY addtime LIMIT 5   [ RunTime:0.004266s ]
DEBUG: ---------------------auto_treasure_end_time-------------
SQL: SHOW COLUMNS FROM `tp_roll` [ RunTime:0.003029s ]
DEBUG: -------------------open_roll start-----------------
SQL: SELECT * FROM `tp_roll` WHERE ( isuse = 1 AND is_open != 1 AND end_time < 1477130258 ) ORDER BY addtime LIMIT 5   [ RunTime:0.000259s ]
DEBUG: -------------------open_roll end-----------------
DEBUG: -----------frozen_money --start-- left_money ------------
SQL: SELECT * FROM `tp_account` WHERE ( need_opt = 1 AND opt_time > 0 AND opt_time <= 1477130258 ) ORDER BY addtime LIMIT 10   [ RunTime:0.016970s ]
DEBUG: user_id:39627
SQL: SELECT `left_money`,`frozen_money` FROM `tp_users` WHERE ( user_id = 39627 AND is_enable = 1 ) LIMIT 1   [ RunTime:0.000222s ]
DEBUG: frozen_money:72500.00
DEBUG: after_frozen_money:-155500
DEBUG: user_id:39627
SQL: SELECT `left_money`,`frozen_money` FROM `tp_users` WHERE ( user_id = 39627 AND is_enable = 1 ) LIMIT 1   [ RunTime:0.000163s ]
DEBUG: frozen_money:72500.00
DEBUG: after_frozen_money:-172000
DEBUG: -----------frozen_money --end-- left_money ------------
SQL: SELECT `mobile`,`role_type` FROM `tp_users` WHERE ( user_id = 39628 AND is_enable = 1 ) LIMIT 1   [ RunTime:0.000182s ]
SQL: SELECT `nickname`,`realname`,`mobile`,`email`,`headimgurl`,`id`,`left_money`,`frozen_money`,`user_id` FROM `tp_users` WHERE ( user_id = 39628 AND is_enable = 1 ) LIMIT 1   [ RunTime:0.000368s ]

[ 2016-10-22T17:57:39+08:00 ] 127.0.0.1 /FrontUser/recharge.html
SQL: SHOW COLUMNS FROM `tp_config` [ RunTime:0.003210s ]
SQL: SELECT * FROM `tp_config`  [ RunTime:0.000368s ]
SQL: SELECT `user_id` FROM `tp_users` WHERE ( user_id = 39628 ) LIMIT 1   [ RunTime:0.000260s ]
SQL: SHOW COLUMNS FROM `tp_config` [ RunTime:0.006621s ]
SQL: SELECT `config_value` FROM `tp_config` WHERE ( config_name= "jsapi_ticket" ) LIMIT 1   [ RunTime:0.000303s ]
SQL: SELECT `config_value` FROM `tp_config` WHERE ( config_name= "jsapi_ticket_expire_time" ) LIMIT 1   [ RunTime:0.000192s ]
DEBUG: -----------------auto_start--------------------
SQL: SHOW COLUMNS FROM `tp_treasure` [ RunTime:0.006113s ]
SQL: SELECT * FROM `tp_treasure` WHERE ( isuse = 1 AND is_open = 0 AND open_time > 0 AND open_time <=1477130259 ) ORDER BY addtime LIMIT 5   [ RunTime:0.000539s ]
DEBUG: -----------------auto_end--------------------
DEBUG: ---------------------auto_treasure_end_time-------------
SQL: SELECT * FROM `tp_treasure` WHERE ( isuse = 1 AND is_open = 0 AND open_time = 0 AND end_time < 1477130259 ) ORDER BY addtime LIMIT 5   [ RunTime:0.000321s ]
DEBUG: ---------------------auto_treasure_end_time-------------
SQL: SHOW COLUMNS FROM `tp_roll` [ RunTime:0.007784s ]
DEBUG: -------------------open_roll start-----------------
SQL: SELECT * FROM `tp_roll` WHERE ( isuse = 1 AND is_open != 1 AND end_time < 1477130259 ) ORDER BY addtime LIMIT 5   [ RunTime:0.000352s ]
DEBUG: -------------------open_roll end-----------------
DEBUG: -----------frozen_money --start-- left_money ------------
SQL: SELECT * FROM `tp_account` WHERE ( need_opt = 1 AND opt_time > 0 AND opt_time <= 1477130259 ) ORDER BY addtime LIMIT 10   [ RunTime:0.016285s ]
DEBUG: user_id:39627
SQL: SELECT `left_money`,`frozen_money` FROM `tp_users` WHERE ( user_id = 39627 AND is_enable = 1 ) LIMIT 1   [ RunTime:0.000228s ]
DEBUG: frozen_money:72500.00
DEBUG: after_frozen_money:-155500
DEBUG: user_id:39627
SQL: SELECT `left_money`,`frozen_money` FROM `tp_users` WHERE ( user_id = 39627 AND is_enable = 1 ) LIMIT 1   [ RunTime:0.000157s ]
DEBUG: frozen_money:72500.00
DEBUG: after_frozen_money:-172000
DEBUG: -----------frozen_money --end-- left_money ------------
SQL: SELECT `mobile`,`role_type` FROM `tp_users` WHERE ( user_id = 39628 AND is_enable = 1 ) LIMIT 1   [ RunTime:0.000160s ]
SQL: SELECT * FROM `tp_payway` WHERE ( pay_tag = "wap_alipay" ) LIMIT 1   [ RunTime:0.000275s ]

[ 2016-10-22T18:13:19+08:00 ] 127.0.0.1 /FrontUser/personal_data
SQL: SHOW COLUMNS FROM `tp_config` [ RunTime:0.011704s ]
SQL: SELECT * FROM `tp_config`  [ RunTime:0.000365s ]
SQL: SELECT `user_id` FROM `tp_users` WHERE ( user_id = 39628 ) LIMIT 1   [ RunTime:0.000678s ]
SQL: SHOW COLUMNS FROM `tp_config` [ RunTime:0.004224s ]
SQL: SELECT `config_value` FROM `tp_config` WHERE ( config_name= "jsapi_ticket" ) LIMIT 1   [ RunTime:0.000317s ]
SQL: SELECT `config_value` FROM `tp_config` WHERE ( config_name= "jsapi_ticket_expire_time" ) LIMIT 1   [ RunTime:0.000165s ]
DEBUG: -----------------auto_start--------------------
SQL: SHOW COLUMNS FROM `tp_treasure` [ RunTime:0.010627s ]
SQL: SELECT * FROM `tp_treasure` WHERE ( isuse = 1 AND is_open = 0 AND open_time > 0 AND open_time <=1477131199 ) ORDER BY addtime LIMIT 5   [ RunTime:0.000621s ]
DEBUG: -----------------auto_end--------------------
DEBUG: ---------------------auto_treasure_end_time-------------
SQL: SELECT * FROM `tp_treasure` WHERE ( isuse = 1 AND is_open = 0 AND open_time = 0 AND end_time < 1477131199 ) ORDER BY addtime LIMIT 5   [ RunTime:0.000307s ]
DEBUG: ---------------------auto_treasure_end_time-------------
SQL: SHOW COLUMNS FROM `tp_roll` [ RunTime:0.006954s ]
DEBUG: -------------------open_roll start-----------------
SQL: SELECT * FROM `tp_roll` WHERE ( isuse = 1 AND is_open != 1 AND end_time < 1477131199 ) ORDER BY addtime LIMIT 5   [ RunTime:0.000320s ]
DEBUG: -------------------open_roll end-----------------
DEBUG: -----------frozen_money --start-- left_money ------------
SQL: SELECT * FROM `tp_account` WHERE ( need_opt = 1 AND opt_time > 0 AND opt_time <= 1477131199 ) ORDER BY addtime LIMIT 10   [ RunTime:0.019913s ]
DEBUG: user_id:39627
SQL: SELECT `left_money`,`frozen_money` FROM `tp_users` WHERE ( user_id = 39627 AND is_enable = 1 ) LIMIT 1   [ RunTime:0.002161s ]
DEBUG: frozen_money:72500.00
DEBUG: after_frozen_money:-155500
DEBUG: user_id:39627
SQL: SELECT `left_money`,`frozen_money` FROM `tp_users` WHERE ( user_id = 39627 AND is_enable = 1 ) LIMIT 1   [ RunTime:0.000230s ]
DEBUG: frozen_money:72500.00
DEBUG: after_frozen_money:-172000
DEBUG: -----------frozen_money --end-- left_money ------------
SQL: SELECT `mobile`,`role_type` FROM `tp_users` WHERE ( user_id = 39628 AND is_enable = 1 ) LIMIT 1   [ RunTime:0.000173s ]
SQL: SELECT `nickname`,`realname`,`mobile`,`email`,`headimgurl`,`id`,`left_money`,`frozen_money`,`user_id` FROM `tp_users` WHERE ( user_id = 39628 AND is_enable = 1 ) LIMIT 1   [ RunTime:0.000196s ]

[ 2016-10-22T18:13:21+08:00 ] 127.0.0.1 /FrontUser/recharge.html
SQL: SHOW COLUMNS FROM `tp_config` [ RunTime:0.006431s ]
SQL: SELECT * FROM `tp_config`  [ RunTime:0.000590s ]
SQL: SELECT `user_id` FROM `tp_users` WHERE ( user_id = 39628 ) LIMIT 1   [ RunTime:0.000287s ]
SQL: SHOW COLUMNS FROM `tp_config` [ RunTime:0.009199s ]
SQL: SELECT `config_value` FROM `tp_config` WHERE ( config_name= "jsapi_ticket" ) LIMIT 1   [ RunTime:0.000266s ]
SQL: SELECT `config_value` FROM `tp_config` WHERE ( config_name= "jsapi_ticket_expire_time" ) LIMIT 1   [ RunTime:0.000207s ]
DEBUG: -----------------auto_start--------------------
SQL: SHOW COLUMNS FROM `tp_treasure` [ RunTime:0.016429s ]
SQL: SELECT * FROM `tp_treasure` WHERE ( isuse = 1 AND is_open = 0 AND open_time > 0 AND open_time <=1477131201 ) ORDER BY addtime LIMIT 5   [ RunTime:0.001129s ]
DEBUG: -----------------auto_end--------------------
DEBUG: ---------------------auto_treasure_end_time-------------
SQL: SELECT * FROM `tp_treasure` WHERE ( isuse = 1 AND is_open = 0 AND open_time = 0 AND end_time < 1477131201 ) ORDER BY addtime LIMIT 5   [ RunTime:0.000999s ]
DEBUG: ---------------------auto_treasure_end_time-------------
SQL: SHOW COLUMNS FROM `tp_roll` [ RunTime:0.006716s ]
DEBUG: -------------------open_roll start-----------------
SQL: SELECT * FROM `tp_roll` WHERE ( isuse = 1 AND is_open != 1 AND end_time < 1477131201 ) ORDER BY addtime LIMIT 5   [ RunTime:0.000446s ]
DEBUG: -------------------open_roll end-----------------
DEBUG: -----------frozen_money --start-- left_money ------------
SQL: SELECT * FROM `tp_account` WHERE ( need_opt = 1 AND opt_time > 0 AND opt_time <= 1477131201 ) ORDER BY addtime LIMIT 10   [ RunTime:0.019398s ]
DEBUG: user_id:39627
SQL: SELECT `left_money`,`frozen_money` FROM `tp_users` WHERE ( user_id = 39627 AND is_enable = 1 ) LIMIT 1   [ RunTime:0.000358s ]
DEBUG: frozen_money:72500.00
DEBUG: after_frozen_money:-155500
DEBUG: user_id:39627
SQL: SELECT `left_money`,`frozen_money` FROM `tp_users` WHERE ( user_id = 39627 AND is_enable = 1 ) LIMIT 1   [ RunTime:0.000288s ]
DEBUG: frozen_money:72500.00
DEBUG: after_frozen_money:-172000
DEBUG: -----------frozen_money --end-- left_money ------------
SQL: SELECT `mobile`,`role_type` FROM `tp_users` WHERE ( user_id = 39628 AND is_enable = 1 ) LIMIT 1   [ RunTime:0.000222s ]
SQL: SELECT * FROM `tp_payway` WHERE ( pay_tag = "wap_alipay" ) LIMIT 1   [ RunTime:0.000645s ]

[ 2016-10-22T18:18:04+08:00 ] 127.0.0.1 /FrontUser/recharge.html
SQL: SHOW COLUMNS FROM `tp_config` [ RunTime:0.011561s ]
SQL: SELECT * FROM `tp_config`  [ RunTime:0.000676s ]
SQL: SELECT `user_id` FROM `tp_users` WHERE ( user_id = 39628 ) LIMIT 1   [ RunTime:0.000567s ]
SQL: SHOW COLUMNS FROM `tp_config` [ RunTime:0.006760s ]
SQL: SELECT `config_value` FROM `tp_config` WHERE ( config_name= "jsapi_ticket" ) LIMIT 1   [ RunTime:0.000349s ]
SQL: SELECT `config_value` FROM `tp_config` WHERE ( config_name= "jsapi_ticket_expire_time" ) LIMIT 1   [ RunTime:0.000177s ]
DEBUG: -----------------auto_start--------------------
SQL: SHOW COLUMNS FROM `tp_treasure` [ RunTime:0.007005s ]
SQL: SELECT * FROM `tp_treasure` WHERE ( isuse = 1 AND is_open = 0 AND open_time > 0 AND open_time <=1477131484 ) ORDER BY addtime LIMIT 5   [ RunTime:0.001232s ]
DEBUG: -----------------auto_end--------------------
DEBUG: ---------------------auto_treasure_end_time-------------
SQL: SELECT * FROM `tp_treasure` WHERE ( isuse = 1 AND is_open = 0 AND open_time = 0 AND end_time < 1477131484 ) ORDER BY addtime LIMIT 5   [ RunTime:0.000544s ]
DEBUG: ---------------------auto_treasure_end_time-------------
SQL: SHOW COLUMNS FROM `tp_roll` [ RunTime:0.006656s ]
DEBUG: -------------------open_roll start-----------------
SQL: SELECT * FROM `tp_roll` WHERE ( isuse = 1 AND is_open != 1 AND end_time < 1477131484 ) ORDER BY addtime LIMIT 5   [ RunTime:0.000328s ]
DEBUG: -------------------open_roll end-----------------
DEBUG: -----------frozen_money --start-- left_money ------------
SQL: SELECT * FROM `tp_account` WHERE ( need_opt = 1 AND opt_time > 0 AND opt_time <= 1477131484 ) ORDER BY addtime LIMIT 10   [ RunTime:0.016501s ]
DEBUG: user_id:39627
SQL: SELECT `left_money`,`frozen_money` FROM `tp_users` WHERE ( user_id = 39627 AND is_enable = 1 ) LIMIT 1   [ RunTime:0.002320s ]
DEBUG: frozen_money:72500.00
DEBUG: after_frozen_money:-155500
DEBUG: user_id:39627
SQL: SELECT `left_money`,`frozen_money` FROM `tp_users` WHERE ( user_id = 39627 AND is_enable = 1 ) LIMIT 1   [ RunTime:0.000225s ]
DEBUG: frozen_money:72500.00
DEBUG: after_frozen_money:-172000
DEBUG: -----------frozen_money --end-- left_money ------------
SQL: SELECT `mobile`,`role_type` FROM `tp_users` WHERE ( user_id = 39628 AND is_enable = 1 ) LIMIT 1   [ RunTime:0.000182s ]
SQL: SELECT * FROM `tp_payway` WHERE ( pay_tag = "wap_alipay" ) LIMIT 1   [ RunTime:0.000470s ]

[ 2016-10-22T18:20:51+08:00 ] 127.0.0.1 /FrontUser/recharge.html
SQL: SHOW COLUMNS FROM `tp_config` [ RunTime:0.014444s ]
SQL: SELECT * FROM `tp_config`  [ RunTime:0.000469s ]
SQL: SELECT `user_id` FROM `tp_users` WHERE ( user_id = 39628 ) LIMIT 1   [ RunTime:0.000618s ]
SQL: SHOW COLUMNS FROM `tp_config` [ RunTime:0.008977s ]
SQL: SELECT `config_value` FROM `tp_config` WHERE ( config_name= "jsapi_ticket" ) LIMIT 1   [ RunTime:0.000327s ]
SQL: SELECT `config_value` FROM `tp_config` WHERE ( config_name= "jsapi_ticket_expire_time" ) LIMIT 1   [ RunTime:0.000315s ]
DEBUG: -----------------auto_start--------------------
SQL: SHOW COLUMNS FROM `tp_treasure` [ RunTime:0.005168s ]
SQL: SELECT * FROM `tp_treasure` WHERE ( isuse = 1 AND is_open = 0 AND open_time > 0 AND open_time <=1477131651 ) ORDER BY addtime LIMIT 5   [ RunTime:0.001079s ]
DEBUG: -----------------auto_end--------------------
DEBUG: ---------------------auto_treasure_end_time-------------
SQL: SELECT * FROM `tp_treasure` WHERE ( isuse = 1 AND is_open = 0 AND open_time = 0 AND end_time < 1477131651 ) ORDER BY addtime LIMIT 5   [ RunTime:0.000573s ]
DEBUG: ---------------------auto_treasure_end_time-------------
SQL: SHOW COLUMNS FROM `tp_roll` [ RunTime:0.005699s ]
DEBUG: -------------------open_roll start-----------------
SQL: SELECT * FROM `tp_roll` WHERE ( isuse = 1 AND is_open != 1 AND end_time < 1477131651 ) ORDER BY addtime LIMIT 5   [ RunTime:0.000383s ]
DEBUG: -------------------open_roll end-----------------
DEBUG: -----------frozen_money --start-- left_money ------------
SQL: SELECT * FROM `tp_account` WHERE ( need_opt = 1 AND opt_time > 0 AND opt_time <= 1477131651 ) ORDER BY addtime LIMIT 10   [ RunTime:0.022282s ]
DEBUG: user_id:39627
SQL: SELECT `left_money`,`frozen_money` FROM `tp_users` WHERE ( user_id = 39627 AND is_enable = 1 ) LIMIT 1   [ RunTime:0.002221s ]
DEBUG: frozen_money:72500.00
DEBUG: after_frozen_money:-155500
DEBUG: user_id:39627
SQL: SELECT `left_money`,`frozen_money` FROM `tp_users` WHERE ( user_id = 39627 AND is_enable = 1 ) LIMIT 1   [ RunTime:0.000452s ]
DEBUG: frozen_money:72500.00
DEBUG: after_frozen_money:-172000
DEBUG: -----------frozen_money --end-- left_money ------------
SQL: SELECT `mobile`,`role_type` FROM `tp_users` WHERE ( user_id = 39628 AND is_enable = 1 ) LIMIT 1   [ RunTime:0.000366s ]
SQL: SELECT * FROM `tp_payway` WHERE ( pay_tag = "wap_alipay" ) LIMIT 1   [ RunTime:0.000470s ]

[ 2016-10-22T19:48:19+08:00 ] 127.0.0.1 /FrontUser/recharge.html
SQL: SHOW COLUMNS FROM `tp_config` [ RunTime:0.015126s ]
SQL: SELECT * FROM `tp_config`  [ RunTime:0.003016s ]
SQL: SELECT `user_id` FROM `tp_users` WHERE ( user_id = 39628 ) LIMIT 1   [ RunTime:0.000859s ]
SQL: SHOW COLUMNS FROM `tp_config` [ RunTime:0.006609s ]
SQL: SELECT `config_value` FROM `tp_config` WHERE ( config_name= "jsapi_ticket" ) LIMIT 1   [ RunTime:0.000465s ]
SQL: SELECT `config_value` FROM `tp_config` WHERE ( config_name= "jsapi_ticket_expire_time" ) LIMIT 1   [ RunTime:0.000218s ]
SQL: SHOW COLUMNS FROM `tp_config` [ RunTime:0.006381s ]
SQL: SELECT `config_value` FROM `tp_config` WHERE ( config_name= "access_token" ) LIMIT 1   [ RunTime:0.000326s ]
SQL: SELECT `config_value` FROM `tp_config` WHERE ( config_name= "access_token_expire_time" ) LIMIT 1   [ RunTime:0.001184s ]
SQL: UPDATE `tp_config` SET `config_value`='w31Hh8D-M7qlyUifZZgVg_pQfgLIDyYnTdQ8yUFTEEH-NMo1m4tfzfJtSkvmYd72cpfNDvhKnB5cpemxnyD_AQ1KoOs6KdA1QhUZiqY2E1mqkCczjIuZouPtvS-v5YISDGZbAEAMPI' WHERE ( config_name="access_token" ) [ RunTime:0.004542s ]
SQL: UPDATE `tp_config` SET `config_value`=1477143898 WHERE ( config_name="access_token_expire_time" ) [ RunTime:0.000289s ]
SQL: UPDATE `tp_config` SET `config_value`='sM4AOVdWfPE4DxkXGEs8VMkXF0G0i5AQDiP4pE-z34FS2p242tSLgzrDr5N9yiVZWOJTF4fvzUZiQarTSO0Nqg' WHERE ( config_name="jsapi_ticket" ) [ RunTime:0.000405s ]
SQL: UPDATE `tp_config` SET `config_value`=1477143898 WHERE ( config_name="jsapi_ticket_expire_time" ) [ RunTime:0.000308s ]
DEBUG: -----------------auto_start--------------------
SQL: SHOW COLUMNS FROM `tp_treasure` [ RunTime:0.006842s ]
SQL: SELECT * FROM `tp_treasure` WHERE ( isuse = 1 AND is_open = 0 AND open_time > 0 AND open_time <=1477136898 ) ORDER BY addtime LIMIT 5   [ RunTime:0.003714s ]
DEBUG: -----------------auto_end--------------------
DEBUG: ---------------------auto_treasure_end_time-------------
SQL: SELECT * FROM `tp_treasure` WHERE ( isuse = 1 AND is_open = 0 AND open_time = 0 AND end_time < 1477136898 ) ORDER BY addtime LIMIT 5   [ RunTime:0.000540s ]
DEBUG: ---------------------auto_treasure_end_time-------------
SQL: SHOW COLUMNS FROM `tp_roll` [ RunTime:0.007283s ]
DEBUG: -------------------open_roll start-----------------
SQL: SELECT * FROM `tp_roll` WHERE ( isuse = 1 AND is_open != 1 AND end_time < 1477136898 ) ORDER BY addtime LIMIT 5   [ RunTime:0.002929s ]
DEBUG: -------------------open_roll end-----------------
DEBUG: -----------frozen_money --start-- left_money ------------
SQL: SELECT * FROM `tp_account` WHERE ( need_opt = 1 AND opt_time > 0 AND opt_time <= 1477136898 ) ORDER BY addtime LIMIT 10   [ RunTime:0.031958s ]
DEBUG: user_id:39627
SQL: SELECT `left_money`,`frozen_money` FROM `tp_users` WHERE ( user_id = 39627 AND is_enable = 1 ) LIMIT 1   [ RunTime:0.002528s ]
DEBUG: frozen_money:72500.00
DEBUG: after_frozen_money:-155500
DEBUG: user_id:39627
SQL: SELECT `left_money`,`frozen_money` FROM `tp_users` WHERE ( user_id = 39627 AND is_enable = 1 ) LIMIT 1   [ RunTime:0.000605s ]
DEBUG: frozen_money:72500.00
DEBUG: after_frozen_money:-172000
DEBUG: -----------frozen_money --end-- left_money ------------
SQL: SELECT `mobile`,`role_type` FROM `tp_users` WHERE ( user_id = 39628 AND is_enable = 1 ) LIMIT 1   [ RunTime:0.000361s ]
SQL: SELECT * FROM `tp_payway` WHERE ( pay_tag = "wap_alipay" ) LIMIT 1   [ RunTime:0.003217s ]

[ 2016-10-22T19:53:00+08:00 ] 127.0.0.1 /FrontUser/personal_data
SQL: SHOW COLUMNS FROM `tp_config` [ RunTime:0.008079s ]
SQL: SELECT * FROM `tp_config`  [ RunTime:0.003144s ]
SQL: SELECT `user_id` FROM `tp_users` WHERE ( user_id = 39628 ) LIMIT 1   [ RunTime:0.000594s ]
SQL: SHOW COLUMNS FROM `tp_config` [ RunTime:0.003658s ]
SQL: SELECT `config_value` FROM `tp_config` WHERE ( config_name= "jsapi_ticket" ) LIMIT 1   [ RunTime:0.000403s ]
SQL: SELECT `config_value` FROM `tp_config` WHERE ( config_name= "jsapi_ticket_expire_time" ) LIMIT 1   [ RunTime:0.000241s ]
DEBUG: -----------------auto_start--------------------
SQL: SHOW COLUMNS FROM `tp_treasure` [ RunTime:0.008183s ]
SQL: SELECT * FROM `tp_treasure` WHERE ( isuse = 1 AND is_open = 0 AND open_time > 0 AND open_time <=1477137179 ) ORDER BY addtime LIMIT 5   [ RunTime:0.000754s ]
DEBUG: -----------------auto_end--------------------
DEBUG: ---------------------auto_treasure_end_time-------------
SQL: SELECT * FROM `tp_treasure` WHERE ( isuse = 1 AND is_open = 0 AND open_time = 0 AND end_time < 1477137179 ) ORDER BY addtime LIMIT 5   [ RunTime:0.000327s ]
DEBUG: ---------------------auto_treasure_end_time-------------
SQL: SHOW COLUMNS FROM `tp_roll` [ RunTime:0.004463s ]
DEBUG: -------------------open_roll start-----------------
SQL: SELECT * FROM `tp_roll` WHERE ( isuse = 1 AND is_open != 1 AND end_time < 1477137179 ) ORDER BY addtime LIMIT 5   [ RunTime:0.003260s ]
DEBUG: -------------------open_roll end-----------------
DEBUG: -----------frozen_money --start-- left_money ------------
SQL: SELECT * FROM `tp_account` WHERE ( need_opt = 1 AND opt_time > 0 AND opt_time <= 1477137179 ) ORDER BY addtime LIMIT 10   [ RunTime:0.026924s ]
DEBUG: user_id:39627
SQL: SELECT `left_money`,`frozen_money` FROM `tp_users` WHERE ( user_id = 39627 AND is_enable = 1 ) LIMIT 1   [ RunTime:0.002270s ]
DEBUG: frozen_money:72500.00
DEBUG: after_frozen_money:-155500
DEBUG: user_id:39627
SQL: SELECT `left_money`,`frozen_money` FROM `tp_users` WHERE ( user_id = 39627 AND is_enable = 1 ) LIMIT 1   [ RunTime:0.000485s ]
DEBUG: frozen_money:72500.00
DEBUG: after_frozen_money:-172000
DEBUG: -----------frozen_money --end-- left_money ------------
SQL: SELECT `mobile`,`role_type` FROM `tp_users` WHERE ( user_id = 39628 AND is_enable = 1 ) LIMIT 1   [ RunTime:0.000319s ]
SQL: SELECT `nickname`,`realname`,`mobile`,`email`,`headimgurl`,`id`,`left_money`,`frozen_money`,`user_id` FROM `tp_users` WHERE ( user_id = 39628 AND is_enable = 1 ) LIMIT 1   [ RunTime:0.000224s ]

[ 2016-10-22T19:53:01+08:00 ] 127.0.0.1 /FrontUser/recharge.html
SQL: SHOW COLUMNS FROM `tp_config` [ RunTime:0.008989s ]
SQL: SELECT * FROM `tp_config`  [ RunTime:0.000833s ]
SQL: SELECT `user_id` FROM `tp_users` WHERE ( user_id = 39628 ) LIMIT 1   [ RunTime:0.000434s ]
SQL: SHOW COLUMNS FROM `tp_config` [ RunTime:0.007454s ]
SQL: SELECT `config_value` FROM `tp_config` WHERE ( config_name= "jsapi_ticket" ) LIMIT 1   [ RunTime:0.000246s ]
SQL: SELECT `config_value` FROM `tp_config` WHERE ( config_name= "jsapi_ticket_expire_time" ) LIMIT 1   [ RunTime:0.000367s ]
DEBUG: -----------------auto_start--------------------
SQL: SHOW COLUMNS FROM `tp_treasure` [ RunTime:0.006298s ]
SQL: SELECT * FROM `tp_treasure` WHERE ( isuse = 1 AND is_open = 0 AND open_time > 0 AND open_time <=1477137181 ) ORDER BY addtime LIMIT 5   [ RunTime:0.000541s ]
DEBUG: -----------------auto_end--------------------
DEBUG: ---------------------auto_treasure_end_time-------------
SQL: SELECT * FROM `tp_treasure` WHERE ( isuse = 1 AND is_open = 0 AND open_time = 0 AND end_time < 1477137181 ) ORDER BY addtime LIMIT 5   [ RunTime:0.000336s ]
DEBUG: ---------------------auto_treasure_end_time-------------
SQL: SHOW COLUMNS FROM `tp_roll` [ RunTime:0.006099s ]
DEBUG: -------------------open_roll start-----------------
SQL: SELECT * FROM `tp_roll` WHERE ( isuse = 1 AND is_open != 1 AND end_time < 1477137181 ) ORDER BY addtime LIMIT 5   [ RunTime:0.000291s ]
DEBUG: -------------------open_roll end-----------------
DEBUG: -----------frozen_money --start-- left_money ------------
SQL: SELECT * FROM `tp_account` WHERE ( need_opt = 1 AND opt_time > 0 AND opt_time <= 1477137181 ) ORDER BY addtime LIMIT 10   [ RunTime:0.013926s ]
DEBUG: user_id:39627
SQL: SELECT `left_money`,`frozen_money` FROM `tp_users` WHERE ( user_id = 39627 AND is_enable = 1 ) LIMIT 1   [ RunTime:0.000222s ]
DEBUG: frozen_money:72500.00
DEBUG: after_frozen_money:-155500
DEBUG: user_id:39627
SQL: SELECT `left_money`,`frozen_money` FROM `tp_users` WHERE ( user_id = 39627 AND is_enable = 1 ) LIMIT 1   [ RunTime:0.000186s ]
DEBUG: frozen_money:72500.00
DEBUG: after_frozen_money:-172000
DEBUG: -----------frozen_money --end-- left_money ------------
SQL: SELECT `mobile`,`role_type` FROM `tp_users` WHERE ( user_id = 39628 AND is_enable = 1 ) LIMIT 1   [ RunTime:0.000167s ]
SQL: SELECT * FROM `tp_payway` WHERE ( pay_tag = "wap_alipay" ) LIMIT 1   [ RunTime:0.003502s ]

