[ 2016-11-14T13:58:08+08:00 ] 127.0.0.1 /FrontGuess/guess_index
SQL: SHOW COLUMNS FROM `tp_config` [ RunTime:0.007777s ]
SQL: SELECT * FROM `tp_config`  [ RunTime:0.003819s ]
SQL: SELECT `user_id` FROM `tp_users` WHERE ( user_id = 1 ) LIMIT 1   [ RunTime:0.003125s ]
SQL: SHOW COLUMNS FROM `tp_config` [ RunTime:0.008346s ]
SQL: SELECT `config_value` FROM `tp_config` WHERE ( config_name= "jsapi_ticket" ) LIMIT 1   [ RunTime:0.000323s ]
SQL: SELECT `config_value` FROM `tp_config` WHERE ( config_name= "jsapi_ticket_expire_time" ) LIMIT 1   [ RunTime:0.000158s ]
SQL: SHOW COLUMNS FROM `tp_guess_user` [ RunTime:0.004397s ]
SQL: SELECT count(*) AS people_num,sum(add_money) AS total_money FROM `tp_guess_user` WHERE ( addtime >= 1479052800 AND addtime <= 1479139200 ) LIMIT 1   [ RunTime:0.032612s ]
SQL: SHOW COLUMNS FROM `tp_roll` [ RunTime:0.008802s ]
SQL: SELECT * FROM `tp_roll` WHERE ( isuse = 1 AND is_open = 0 AND start_time <= 1479103087 AND end_time >= 1479103087 ) LIMIT 1   [ RunTime:0.001392s ]
SQL: SHOW COLUMNS FROM `tp_prize` [ RunTime:0.006480s ]
SQL: SELECT * FROM `tp_prize` WHERE ( prize_id = 32 ) LIMIT 1   [ RunTime:0.002334s ]
SQL: SELECT (sum(prize_money) - sum(add_money)) AS total_prize,`user_id` FROM `tp_guess_user` WHERE ( is_pay = 1 AND addtime >= 1479052800 AND addtime <= 1479657600 ) GROUP BY user_id HAVING total_prize > 0 ORDER BY total_prize DESC LIMIT 5   [ RunTime:0.029133s ]
SQL: SELECT `nickname`,`realname`,`username`,`headimgurl`,`id` FROM `tp_users` WHERE ( user_id = 41123 AND is_enable = 1 ) LIMIT 1   [ RunTime:0.003947s ]
SQL: SELECT `nickname`,`realname`,`username`,`headimgurl`,`id` FROM `tp_users` WHERE ( user_id = 42367 AND is_enable = 1 ) LIMIT 1   [ RunTime:0.003582s ]
SQL: SELECT `nickname`,`realname`,`username`,`headimgurl`,`id` FROM `tp_users` WHERE ( user_id = 43276 AND is_enable = 1 ) LIMIT 1   [ RunTime:0.001257s ]
SQL: SELECT `nickname`,`realname`,`username`,`headimgurl`,`id` FROM `tp_users` WHERE ( user_id = 40142 AND is_enable = 1 ) LIMIT 1   [ RunTime:0.003432s ]
SQL: SELECT `nickname`,`realname`,`username`,`headimgurl`,`id` FROM `tp_users` WHERE ( user_id = 40879 AND is_enable = 1 ) LIMIT 1   [ RunTime:0.003733s ]
SQL: SHOW COLUMNS FROM `tp_guess_type` [ RunTime:0.013156s ]
SQL: SELECT * FROM `tp_guess_type` WHERE ( isuse = 1 ) ORDER BY serial LIMIT 4   [ RunTime:0.006851s ]
SQL: SHOW COLUMNS FROM `tp_guess` [ RunTime:0.012305s ]
SQL: SELECT COUNT(*) AS tp_count FROM `tp_guess` WHERE ( guess_type_id = 14 AND is_over = 0 ) LIMIT 1   [ RunTime:0.005105s ]
SQL: SELECT COUNT(*) AS tp_count FROM `tp_guess` WHERE ( guess_type_id = 16 AND is_over = 0 ) LIMIT 1   [ RunTime:0.000945s ]
SQL: SELECT COUNT(*) AS tp_count FROM `tp_guess` WHERE ( guess_type_id = 15 AND is_over = 0 ) LIMIT 1   [ RunTime:0.002536s ]
SQL: SHOW COLUMNS FROM `tp_guess` [ RunTime:0.013919s ]
SQL: SELECT COUNT(*) AS tp_count FROM `tp_guess` WHERE ( isuse = 1 AND guess_type_id = 14 ) LIMIT 1   [ RunTime:0.001815s ]
SQL: SELECT COUNT(*) AS tp_count FROM `tp_guess` WHERE ( isuse = 1 AND guess_type_id = 14 AND is_over = 0 ) LIMIT 1   [ RunTime:0.003834s ]
SQL: SELECT * FROM `tp_guess` WHERE ( isuse = 1 AND start_time <= 1479103087 AND guess_type_id = 14 ) ORDER BY (case when first_field_time <= 1479103087 AND is_over = 0  then 0
            when first_field_time > "1479103087" AND  is_over = 0 then 1 
        else 2 end), serial LIMIT 0, 3   [ RunTime:0.012719s ]
SQL: SELECT * FROM `tp_guess` WHERE ( isuse = 1 AND start_time <= 1479103087 AND guess_type_id = 14 ) ORDER BY (case when first_field_time <= 1479103087 AND is_over = 0  then 0
            when first_field_time > "1479103087" AND  is_over = 0 then 1 
        else 2 end), over_time DESC LIMIT 3, 3   [ RunTime:0.002873s ]
SQL: SHOW COLUMNS FROM `tp_team` [ RunTime:0.006808s ]
SQL: SELECT * FROM `tp_team` WHERE ( team_id = 124 ) LIMIT 1   [ RunTime:0.003668s ]
SQL: SELECT * FROM `tp_team` WHERE ( team_id = 190 ) LIMIT 1   [ RunTime:0.002824s ]
SQL: SHOW COLUMNS FROM `tp_guess_field` [ RunTime:0.016357s ]
SQL: SELECT COUNT(*) AS tp_count FROM `tp_guess_field` WHERE ( isuse = 1 AND guess_id = 1669 ) LIMIT 1   [ RunTime:0.004287s ]
SQL: SELECT * FROM `tp_team` WHERE ( team_id = 597 ) LIMIT 1   [ RunTime:0.003612s ]
SQL: SELECT * FROM `tp_team` WHERE ( team_id = 191 ) LIMIT 1   [ RunTime:0.001179s ]
SQL: SELECT COUNT(*) AS tp_count FROM `tp_guess_field` WHERE ( isuse = 1 AND guess_id = 1670 ) LIMIT 1   [ RunTime:0.002698s ]
SQL: SELECT * FROM `tp_team` WHERE ( team_id = 62 ) LIMIT 1   [ RunTime:0.001929s ]
SQL: SELECT * FROM `tp_team` WHERE ( team_id = 39 ) LIMIT 1   [ RunTime:0.000788s ]
SQL: SELECT `start_time` FROM `tp_guess_field` WHERE ( isuse = 1 AND guess_id = 138 ) ORDER BY serial LIMIT 1   [ RunTime:0.002145s ]
SQL: SELECT COUNT(*) AS tp_count FROM `tp_guess_field` WHERE ( isuse = 1 AND guess_id = 138 ) LIMIT 1   [ RunTime:0.013300s ]
SQL: SELECT * FROM `tp_team` WHERE ( team_id = 62 ) LIMIT 1   [ RunTime:0.000704s ]
SQL: SELECT * FROM `tp_team` WHERE ( team_id = 360 ) LIMIT 1   [ RunTime:0.001539s ]
SQL: SELECT COUNT(*) AS tp_count FROM `tp_guess_field` WHERE ( isuse = 1 AND guess_id = 1656 ) LIMIT 1   [ RunTime:0.001642s ]
SQL: SELECT * FROM `tp_team` WHERE ( team_id = 37 ) LIMIT 1   [ RunTime:0.000591s ]
SQL: SELECT * FROM `tp_team` WHERE ( team_id = 160 ) LIMIT 1   [ RunTime:0.002135s ]
SQL: SELECT COUNT(*) AS tp_count FROM `tp_guess_field` WHERE ( isuse = 1 AND guess_id = 1653 ) LIMIT 1   [ RunTime:0.001769s ]
SQL: SELECT * FROM `tp_team` WHERE ( team_id = 156 ) LIMIT 1   [ RunTime:0.000279s ]
SQL: SELECT * FROM `tp_team` WHERE ( team_id = 346 ) LIMIT 1   [ RunTime:0.006332s ]
SQL: SELECT COUNT(*) AS tp_count FROM `tp_guess_field` WHERE ( isuse = 1 AND guess_id = 1663 ) LIMIT 1   [ RunTime:0.002361s ]
SQL: SHOW COLUMNS FROM `tp_notice` [ RunTime:0.004484s ]
SQL: SELECT `notice_id` FROM `tp_notice` WHERE ( notice_sort_id = 2 AND isuse = 1 ) ORDER BY addtime DESC LIMIT 1   [ RunTime:0.001318s ]
SQL: SHOW COLUMNS FROM `tp_notice_txt` [ RunTime:0.005352s ]
SQL: SELECT `contents` FROM `tp_notice_txt` WHERE ( notice_id=5 ) LIMIT 1   [ RunTime:0.002783s ]

[ 2016-11-14T13:58:14+08:00 ] 127.0.0.1 /FrontTreasure/treasure_index.html
SQL: SHOW COLUMNS FROM `tp_config` [ RunTime:0.013841s ]
SQL: SELECT * FROM `tp_config`  [ RunTime:0.007306s ]
SQL: SELECT `user_id` FROM `tp_users` WHERE ( user_id = 1 ) LIMIT 1   [ RunTime:0.000585s ]
SQL: SHOW COLUMNS FROM `tp_config` [ RunTime:0.007316s ]
SQL: SELECT `config_value` FROM `tp_config` WHERE ( config_name= "jsapi_ticket" ) LIMIT 1   [ RunTime:0.000676s ]
SQL: SELECT `config_value` FROM `tp_config` WHERE ( config_name= "jsapi_ticket_expire_time" ) LIMIT 1   [ RunTime:0.000657s ]
SQL: SHOW COLUMNS FROM `tp_treasure` [ RunTime:0.010342s ]
SQL: SELECT * FROM `tp_treasure` WHERE ( isuse = 1 AND start_time <= 1479103093 AND end_time >= 1479103093 AND is_open = 0 ) ORDER BY prop_deg DESC, serial LIMIT 30   [ RunTime:0.004734s ]
SQL: SHOW COLUMNS FROM `tp_prize` [ RunTime:0.008291s ]
SQL: SELECT * FROM `tp_prize` WHERE ( prize_id = 40 ) LIMIT 1   [ RunTime:0.003061s ]
SQL: SHOW COLUMNS FROM `tp_treasure_user` [ RunTime:0.016566s ]
SQL: SELECT COUNT(*) AS tp_count FROM `tp_treasure_user` WHERE ( treasure_id = 254 ) LIMIT 1   [ RunTime:0.005499s ]
SQL: SELECT * FROM `tp_prize` WHERE ( prize_id = 36 ) LIMIT 1   [ RunTime:0.000846s ]
SQL: SELECT COUNT(*) AS tp_count FROM `tp_treasure_user` WHERE ( treasure_id = 244 ) LIMIT 1   [ RunTime:0.001164s ]
SQL: SELECT * FROM `tp_prize` WHERE ( prize_id = 31 ) LIMIT 1   [ RunTime:0.001094s ]
SQL: SELECT COUNT(*) AS tp_count FROM `tp_treasure_user` WHERE ( treasure_id = 250 ) LIMIT 1   [ RunTime:0.001315s ]
SQL: SELECT * FROM `tp_prize` WHERE ( prize_id = 24 ) LIMIT 1   [ RunTime:0.001002s ]
SQL: SELECT COUNT(*) AS tp_count FROM `tp_treasure_user` WHERE ( treasure_id = 251 ) LIMIT 1   [ RunTime:0.000341s ]
SQL: SELECT * FROM `tp_prize` WHERE ( prize_id = 28 ) LIMIT 1   [ RunTime:0.000261s ]
SQL: SELECT COUNT(*) AS tp_count FROM `tp_treasure_user` WHERE ( treasure_id = 249 ) LIMIT 1   [ RunTime:0.002817s ]
SQL: SELECT * FROM `tp_prize` WHERE ( prize_id = 30 ) LIMIT 1   [ RunTime:0.000315s ]
SQL: SELECT COUNT(*) AS tp_count FROM `tp_treasure_user` WHERE ( treasure_id = 245 ) LIMIT 1   [ RunTime:0.000278s ]
SQL: SELECT * FROM `tp_prize` WHERE ( prize_id = 36 ) LIMIT 1   [ RunTime:0.000270s ]
SQL: SELECT COUNT(*) AS tp_count FROM `tp_treasure_user` WHERE ( treasure_id = 252 ) LIMIT 1   [ RunTime:0.000596s ]
SQL: SELECT * FROM `tp_prize` WHERE ( prize_id = 15 ) LIMIT 1   [ RunTime:0.000296s ]
SQL: SELECT COUNT(*) AS tp_count FROM `tp_treasure_user` WHERE ( treasure_id = 197 ) LIMIT 1   [ RunTime:0.002571s ]
SQL: SHOW COLUMNS FROM `tp_draw_prize` [ RunTime:0.007198s ]
SQL: SELECT * FROM `tp_draw_prize` WHERE ( isuse = 1 ) ORDER BY addtime DESC LIMIT 30   [ RunTime:0.000559s ]
SQL: SHOW COLUMNS FROM `tp_users` [ RunTime:0.024996s ]
SQL: SELECT `nickname`,`headimgurl` FROM `tp_users` WHERE ( user_id = 40164 ) LIMIT 1   [ RunTime:0.002180s ]
SQL: SELECT `prize_name`,`img_path` FROM `tp_prize` WHERE ( prize_id = 21 ) LIMIT 1   [ RunTime:0.000418s ]
SQL: SHOW COLUMNS FROM `tp_treasure` [ RunTime:0.006699s ]
SQL: SELECT `periods`,`total_person_times` FROM `tp_treasure` WHERE ( treasure_id = 247 ) LIMIT 1   [ RunTime:0.000394s ]
SQL: SELECT COUNT(*) AS tp_count FROM `tp_treasure_user` WHERE ( user_id = 40164 AND treasure_id = 247 ) LIMIT 1   [ RunTime:0.004762s ]
SQL: SELECT * FROM `tp_treasure_user` WHERE ( treasure_user_id = 40974 ) LIMIT 1   [ RunTime:0.000485s ]
SQL: SHOW COLUMNS FROM `tp_game` [ RunTime:0.006360s ]
SQL: SELECT `game_name` FROM `tp_game` WHERE ( game_id = 17 ) LIMIT 1   [ RunTime:0.003206s ]
SQL: SELECT `nickname`,`headimgurl` FROM `tp_users` WHERE ( user_id = 40062 ) LIMIT 1   [ RunTime:0.003105s ]
SQL: SELECT `prize_name`,`img_path` FROM `tp_prize` WHERE ( prize_id = 37 ) LIMIT 1   [ RunTime:0.000243s ]
SQL: SELECT `periods`,`total_person_times` FROM `tp_treasure` WHERE ( treasure_id = 246 ) LIMIT 1   [ RunTime:0.000166s ]
SQL: SELECT COUNT(*) AS tp_count FROM `tp_treasure_user` WHERE ( user_id = 40062 AND treasure_id = 246 ) LIMIT 1   [ RunTime:0.000648s ]
SQL: SELECT * FROM `tp_treasure_user` WHERE ( treasure_user_id = 39305 ) LIMIT 1   [ RunTime:0.002312s ]
SQL: SELECT `game_name` FROM `tp_game` WHERE ( game_id = 17 ) LIMIT 1   [ RunTime:0.001439s ]
SQL: SELECT `nickname`,`headimgurl` FROM `tp_users` WHERE ( user_id = 40223 ) LIMIT 1   [ RunTime:0.002474s ]
SQL: SELECT `prize_name`,`img_path` FROM `tp_prize` WHERE ( prize_id = 48 ) LIMIT 1   [ RunTime:0.003090s ]
SQL: SELECT `periods`,`total_person_times` FROM `tp_treasure` WHERE ( treasure_id = 262 ) LIMIT 1   [ RunTime:0.001318s ]
SQL: SELECT COUNT(*) AS tp_count FROM `tp_treasure_user` WHERE ( user_id = 40223 AND treasure_id = 262 ) LIMIT 1   [ RunTime:0.000946s ]
SQL: SELECT * FROM `tp_treasure_user` WHERE ( treasure_user_id = 40912 ) LIMIT 1   [ RunTime:0.002193s ]
SQL: SELECT `game_name` FROM `tp_game` WHERE ( game_id = 17 ) LIMIT 1   [ RunTime:0.000181s ]
SQL: SELECT `nickname`,`headimgurl` FROM `tp_users` WHERE ( user_id = 41251 ) LIMIT 1   [ RunTime:0.003968s ]
SQL: SELECT `prize_name`,`img_path` FROM `tp_prize` WHERE ( prize_id = 47 ) LIMIT 1   [ RunTime:0.000403s ]
SQL: SELECT `periods`,`total_person_times` FROM `tp_treasure` WHERE ( treasure_id = 261 ) LIMIT 1   [ RunTime:0.000702s ]
SQL: SELECT COUNT(*) AS tp_count FROM `tp_treasure_user` WHERE ( user_id = 41251 AND treasure_id = 261 ) LIMIT 1   [ RunTime:0.001726s ]
SQL: SELECT * FROM `tp_treasure_user` WHERE ( treasure_user_id = 40646 ) LIMIT 1   [ RunTime:0.002360s ]
SQL: SELECT `game_name` FROM `tp_game` WHERE ( game_id = 17 ) LIMIT 1   [ RunTime:0.000241s ]
SQL: SELECT `nickname`,`headimgurl` FROM `tp_users` WHERE ( user_id = 44068 ) LIMIT 1   [ RunTime:0.002961s ]
SQL: SELECT `prize_name`,`img_path` FROM `tp_prize` WHERE ( prize_id = 27 ) LIMIT 1   [ RunTime:0.000178s ]
SQL: SELECT `periods`,`total_person_times` FROM `tp_treasure` WHERE ( treasure_id = 248 ) LIMIT 1   [ RunTime:0.000138s ]
SQL: SELECT COUNT(*) AS tp_count FROM `tp_treasure_user` WHERE ( user_id = 44068 AND treasure_id = 248 ) LIMIT 1   [ RunTime:0.000451s ]
SQL: SELECT * FROM `tp_treasure_user` WHERE ( treasure_user_id = 40195 ) LIMIT 1   [ RunTime:0.002354s ]
SQL: SELECT `game_name` FROM `tp_game` WHERE ( game_id = 17 ) LIMIT 1   [ RunTime:0.000226s ]
SQL: SELECT `nickname`,`headimgurl` FROM `tp_users` WHERE ( user_id = 40142 ) LIMIT 1   [ RunTime:0.002851s ]
SQL: SELECT `prize_name`,`img_path` FROM `tp_prize` WHERE ( prize_id = 46 ) LIMIT 1   [ RunTime:0.000548s ]
SQL: SELECT `periods`,`total_person_times` FROM `tp_treasure` WHERE ( treasure_id = 260 ) LIMIT 1   [ RunTime:0.000410s ]
SQL: SELECT COUNT(*) AS tp_count FROM `tp_treasure_user` WHERE ( user_id = 40142 AND treasure_id = 260 ) LIMIT 1   [ RunTime:0.000905s ]
SQL: SELECT * FROM `tp_treasure_user` WHERE ( treasure_user_id = 40537 ) LIMIT 1   [ RunTime:0.002623s ]
SQL: SELECT `game_name` FROM `tp_game` WHERE ( game_id = 17 ) LIMIT 1   [ RunTime:0.000247s ]
SQL: SELECT `nickname`,`headimgurl` FROM `tp_users` WHERE ( user_id = 40258 ) LIMIT 1   [ RunTime:0.003117s ]
SQL: SELECT `prize_name`,`img_path` FROM `tp_prize` WHERE ( prize_id = 45 ) LIMIT 1   [ RunTime:0.000235s ]
SQL: SELECT `periods`,`total_person_times` FROM `tp_treasure` WHERE ( treasure_id = 259 ) LIMIT 1   [ RunTime:0.000211s ]
SQL: SELECT COUNT(*) AS tp_count FROM `tp_treasure_user` WHERE ( user_id = 40258 AND treasure_id = 259 ) LIMIT 1   [ RunTime:0.000465s ]
SQL: SELECT * FROM `tp_treasure_user` WHERE ( treasure_user_id = 40386 ) LIMIT 1   [ RunTime:0.006660s ]
SQL: SELECT `game_name` FROM `tp_game` WHERE ( game_id = 17 ) LIMIT 1   [ RunTime:0.000371s ]
SQL: SELECT `nickname`,`headimgurl` FROM `tp_users` WHERE ( user_id = 44068 ) LIMIT 1   [ RunTime:0.000326s ]
SQL: SELECT `prize_name`,`img_path` FROM `tp_prize` WHERE ( prize_id = 44 ) LIMIT 1   [ RunTime:0.002153s ]
SQL: SELECT `periods`,`total_person_times` FROM `tp_treasure` WHERE ( treasure_id = 258 ) LIMIT 1   [ RunTime:0.000330s ]
SQL: SELECT COUNT(*) AS tp_count FROM `tp_treasure_user` WHERE ( user_id = 44068 AND treasure_id = 258 ) LIMIT 1   [ RunTime:0.000783s ]
SQL: SELECT * FROM `tp_treasure_user` WHERE ( treasure_user_id = 40271 ) LIMIT 1   [ RunTime:0.002338s ]
SQL: SELECT `game_name` FROM `tp_game` WHERE ( game_id = 17 ) LIMIT 1   [ RunTime:0.000186s ]
SQL: SELECT `nickname`,`headimgurl` FROM `tp_users` WHERE ( user_id = 39731 ) LIMIT 1   [ RunTime:0.006802s ]
SQL: SELECT `prize_name`,`img_path` FROM `tp_prize` WHERE ( prize_id = 43 ) LIMIT 1   [ RunTime:0.000244s ]
SQL: SELECT `periods`,`total_person_times` FROM `tp_treasure` WHERE ( treasure_id = 257 ) LIMIT 1   [ RunTime:0.000206s ]
SQL: SELECT COUNT(*) AS tp_count FROM `tp_treasure_user` WHERE ( user_id = 39731 AND treasure_id = 257 ) LIMIT 1   [ RunTime:0.000442s ]
SQL: SELECT * FROM `tp_treasure_user` WHERE ( treasure_user_id = 39989 ) LIMIT 1   [ RunTime:0.004183s ]
SQL: SELECT `game_name` FROM `tp_game` WHERE ( game_id = 17 ) LIMIT 1   [ RunTime:0.000333s ]
SQL: SELECT `nickname`,`headimgurl` FROM `tp_users` WHERE ( user_id = 42023 ) LIMIT 1   [ RunTime:0.005120s ]
SQL: SELECT `prize_name`,`img_path` FROM `tp_prize` WHERE ( prize_id = 42 ) LIMIT 1   [ RunTime:0.000715s ]
SQL: SELECT `periods`,`total_person_times` FROM `tp_treasure` WHERE ( treasure_id = 256 ) LIMIT 1   [ RunTime:0.000393s ]
SQL: SELECT COUNT(*) AS tp_count FROM `tp_treasure_user` WHERE ( user_id = 42023 AND treasure_id = 256 ) LIMIT 1   [ RunTime:0.005556s ]
SQL: SELECT * FROM `tp_treasure_user` WHERE ( treasure_user_id = 39886 ) LIMIT 1   [ RunTime:0.002356s ]
SQL: SELECT `game_name` FROM `tp_game` WHERE ( game_id = 17 ) LIMIT 1   [ RunTime:0.000585s ]
SQL: SELECT `nickname`,`headimgurl` FROM `tp_users` WHERE ( user_id = 40062 ) LIMIT 1   [ RunTime:0.000838s ]
SQL: SELECT `prize_name`,`img_path` FROM `tp_prize` WHERE ( prize_id = 5 ) LIMIT 1   [ RunTime:0.001498s ]
SQL: SELECT `periods`,`total_person_times` FROM `tp_treasure` WHERE ( treasure_id = 223 ) LIMIT 1   [ RunTime:0.000340s ]
SQL: SELECT COUNT(*) AS tp_count FROM `tp_treasure_user` WHERE ( user_id = 40062 AND treasure_id = 223 ) LIMIT 1   [ RunTime:0.002013s ]
SQL: SELECT * FROM `tp_treasure_user` WHERE ( treasure_user_id = 39341 ) LIMIT 1   [ RunTime:0.000647s ]
SQL: SELECT `game_name` FROM `tp_game` WHERE ( game_id = 17 ) LIMIT 1   [ RunTime:0.000204s ]
SQL: SELECT `nickname`,`headimgurl` FROM `tp_users` WHERE ( user_id = 41310 ) LIMIT 1   [ RunTime:0.001111s ]
SQL: SELECT `prize_name`,`img_path` FROM `tp_prize` WHERE ( prize_id = 41 ) LIMIT 1   [ RunTime:0.000383s ]
SQL: SELECT `periods`,`total_person_times` FROM `tp_treasure` WHERE ( treasure_id = 255 ) LIMIT 1   [ RunTime:0.000237s ]
SQL: SELECT COUNT(*) AS tp_count FROM `tp_treasure_user` WHERE ( user_id = 41310 AND treasure_id = 255 ) LIMIT 1   [ RunTime:0.000891s ]
SQL: SELECT * FROM `tp_treasure_user` WHERE ( treasure_user_id = 39682 ) LIMIT 1   [ RunTime:0.000753s ]
SQL: SELECT `game_name` FROM `tp_game` WHERE ( game_id = 17 ) LIMIT 1   [ RunTime:0.000300s ]
SQL: SELECT `nickname`,`headimgurl` FROM `tp_users` WHERE ( user_id = 42073 ) LIMIT 1   [ RunTime:0.001594s ]
SQL: SELECT `prize_name`,`img_path` FROM `tp_prize` WHERE ( prize_id = 40 ) LIMIT 1   [ RunTime:0.000238s ]
SQL: SELECT `periods`,`total_person_times` FROM `tp_treasure` WHERE ( treasure_id = 254 ) LIMIT 1   [ RunTime:0.000432s ]
SQL: SELECT COUNT(*) AS tp_count FROM `tp_treasure_user` WHERE ( user_id = 42073 AND treasure_id = 254 ) LIMIT 1   [ RunTime:0.003488s ]
SQL: SELECT * FROM `tp_treasure_user` WHERE ( treasure_user_id = 39632 ) LIMIT 1   [ RunTime:0.001631s ]
SQL: SELECT `game_name` FROM `tp_game` WHERE ( game_id = 17 ) LIMIT 1   [ RunTime:0.000455s ]
SQL: SELECT `nickname`,`headimgurl` FROM `tp_users` WHERE ( user_id = 42023 ) LIMIT 1   [ RunTime:0.000351s ]
SQL: SELECT `prize_name`,`img_path` FROM `tp_prize` WHERE ( prize_id = 39 ) LIMIT 1   [ RunTime:0.001017s ]
SQL: SELECT `periods`,`total_person_times` FROM `tp_treasure` WHERE ( treasure_id = 253 ) LIMIT 1   [ RunTime:0.000333s ]
SQL: SELECT COUNT(*) AS tp_count FROM `tp_treasure_user` WHERE ( user_id = 42023 AND treasure_id = 253 ) LIMIT 1   [ RunTime:0.002395s ]
SQL: SELECT * FROM `tp_treasure_user` WHERE ( treasure_user_id = 39522 ) LIMIT 1   [ RunTime:0.002413s ]
SQL: SELECT `game_name` FROM `tp_game` WHERE ( game_id = 17 ) LIMIT 1   [ RunTime:0.000239s ]
SQL: SELECT `nickname`,`headimgurl` FROM `tp_users` WHERE ( user_id = 42023 ) LIMIT 1   [ RunTime:0.000174s ]
SQL: SELECT `prize_name`,`img_path` FROM `tp_prize` WHERE ( prize_id = 22 ) LIMIT 1   [ RunTime:0.000150s ]
SQL: SELECT `periods`,`total_person_times` FROM `tp_treasure` WHERE ( treasure_id = 242 ) LIMIT 1   [ RunTime:0.000149s ]
SQL: SELECT COUNT(*) AS tp_count FROM `tp_treasure_user` WHERE ( user_id = 42023 AND treasure_id = 242 ) LIMIT 1   [ RunTime:0.000805s ]
SQL: SELECT * FROM `tp_treasure_user` WHERE ( treasure_user_id = 39532 ) LIMIT 1   [ RunTime:0.000297s ]
SQL: SELECT `game_name` FROM `tp_game` WHERE ( game_id = 17 ) LIMIT 1   [ RunTime:0.000201s ]
SQL: SELECT `nickname`,`headimgurl` FROM `tp_users` WHERE ( user_id = 40062 ) LIMIT 1   [ RunTime:0.001552s ]
SQL: SELECT `prize_name`,`img_path` FROM `tp_prize` WHERE ( prize_id = 21 ) LIMIT 1   [ RunTime:0.000293s ]
SQL: SELECT `periods`,`total_person_times` FROM `tp_treasure` WHERE ( treasure_id = 238 ) LIMIT 1   [ RunTime:0.000309s ]
SQL: SELECT COUNT(*) AS tp_count FROM `tp_treasure_user` WHERE ( user_id = 40062 AND treasure_id = 238 ) LIMIT 1   [ RunTime:0.000985s ]
SQL: SELECT * FROM `tp_treasure_user` WHERE ( treasure_user_id = 39227 ) LIMIT 1   [ RunTime:0.003268s ]
SQL: SELECT `game_name` FROM `tp_game` WHERE ( game_id = 17 ) LIMIT 1   [ RunTime:0.000350s ]
SQL: SELECT `nickname`,`headimgurl` FROM `tp_users` WHERE ( user_id = 45227 ) LIMIT 1   [ RunTime:0.004657s ]
SQL: SELECT `prize_name`,`img_path` FROM `tp_prize` WHERE ( prize_id = 24 ) LIMIT 1   [ RunTime:0.000881s ]
SQL: SELECT `periods`,`total_person_times` FROM `tp_treasure` WHERE ( treasure_id = 235 ) LIMIT 1   [ RunTime:0.002071s ]
SQL: SELECT COUNT(*) AS tp_count FROM `tp_treasure_user` WHERE ( user_id = 45227 AND treasure_id = 235 ) LIMIT 1   [ RunTime:0.000744s ]
SQL: SELECT * FROM `tp_treasure_user` WHERE ( treasure_user_id = 39198 ) LIMIT 1   [ RunTime:0.003217s ]
SQL: SELECT `game_name` FROM `tp_game` WHERE ( game_id = 17 ) LIMIT 1   [ RunTime:0.000336s ]
SQL: SELECT `nickname`,`headimgurl` FROM `tp_users` WHERE ( user_id = 40164 ) LIMIT 1   [ RunTime:0.000323s ]
SQL: SELECT `prize_name`,`img_path` FROM `tp_prize` WHERE ( prize_id = 36 ) LIMIT 1   [ RunTime:0.000259s ]
SQL: SELECT `periods`,`total_person_times` FROM `tp_treasure` WHERE ( treasure_id = 234 ) LIMIT 1   [ RunTime:0.000258s ]
SQL: SELECT COUNT(*) AS tp_count FROM `tp_treasure_user` WHERE ( user_id = 40164 AND treasure_id = 234 ) LIMIT 1   [ RunTime:0.001609s ]
SQL: SELECT * FROM `tp_treasure_user` WHERE ( treasure_user_id = 38529 ) LIMIT 1   [ RunTime:0.000589s ]
SQL: SELECT `game_name` FROM `tp_game` WHERE ( game_id = 17 ) LIMIT 1   [ RunTime:0.000325s ]
SQL: SELECT `nickname`,`headimgurl` FROM `tp_users` WHERE ( user_id = 40164 ) LIMIT 1   [ RunTime:0.000236s ]
SQL: SELECT `prize_name`,`img_path` FROM `tp_prize` WHERE ( prize_id = 37 ) LIMIT 1   [ RunTime:0.000183s ]
SQL: SELECT `periods`,`total_person_times` FROM `tp_treasure` WHERE ( treasure_id = 233 ) LIMIT 1   [ RunTime:0.000156s ]
SQL: SELECT COUNT(*) AS tp_count FROM `tp_treasure_user` WHERE ( user_id = 40164 AND treasure_id = 233 ) LIMIT 1   [ RunTime:0.000971s ]
SQL: SELECT * FROM `tp_treasure_user` WHERE ( treasure_user_id = 38926 ) LIMIT 1   [ RunTime:0.002194s ]
SQL: SELECT `game_name` FROM `tp_game` WHERE ( game_id = 17 ) LIMIT 1   [ RunTime:0.000309s ]
SQL: SELECT `nickname`,`headimgurl` FROM `tp_users` WHERE ( user_id = 41775 ) LIMIT 1   [ RunTime:0.003854s ]
SQL: SELECT `prize_name`,`img_path` FROM `tp_prize` WHERE ( prize_id = 33 ) LIMIT 1   [ RunTime:0.000322s ]
SQL: SELECT `periods`,`total_person_times` FROM `tp_treasure` WHERE ( treasure_id = 237 ) LIMIT 1   [ RunTime:0.000538s ]
SQL: SELECT COUNT(*) AS tp_count FROM `tp_treasure_user` WHERE ( user_id = 41775 AND treasure_id = 237 ) LIMIT 1   [ RunTime:0.003414s ]
SQL: SELECT * FROM `tp_treasure_user` WHERE ( treasure_user_id = 38805 ) LIMIT 1   [ RunTime:0.000630s ]
SQL: SELECT `game_name` FROM `tp_game` WHERE ( game_id = 17 ) LIMIT 1   [ RunTime:0.000358s ]
SQL: SELECT `nickname`,`headimgurl` FROM `tp_users` WHERE ( user_id = 40164 ) LIMIT 1   [ RunTime:0.000379s ]
SQL: SELECT `prize_name`,`img_path` FROM `tp_prize` WHERE ( prize_id = 31 ) LIMIT 1   [ RunTime:0.000195s ]
SQL: SELECT `periods`,`total_person_times` FROM `tp_treasure` WHERE ( treasure_id = 231 ) LIMIT 1   [ RunTime:0.000156s ]
SQL: SELECT COUNT(*) AS tp_count FROM `tp_treasure_user` WHERE ( user_id = 40164 AND treasure_id = 231 ) LIMIT 1   [ RunTime:0.001200s ]
SQL: SELECT * FROM `tp_treasure_user` WHERE ( treasure_user_id = 38489 ) LIMIT 1   [ RunTime:0.003372s ]
SQL: SELECT `game_name` FROM `tp_game` WHERE ( game_id = 17 ) LIMIT 1   [ RunTime:0.000417s ]
SQL: SELECT `nickname`,`headimgurl` FROM `tp_users` WHERE ( user_id = 41775 ) LIMIT 1   [ RunTime:0.000472s ]
SQL: SELECT `prize_name`,`img_path` FROM `tp_prize` WHERE ( prize_id = 27 ) LIMIT 1   [ RunTime:0.000214s ]
SQL: SELECT `periods`,`total_person_times` FROM `tp_treasure` WHERE ( treasure_id = 232 ) LIMIT 1   [ RunTime:0.000324s ]
SQL: SELECT COUNT(*) AS tp_count FROM `tp_treasure_user` WHERE ( user_id = 41775 AND treasure_id = 232 ) LIMIT 1   [ RunTime:0.005493s ]
SQL: SELECT * FROM `tp_treasure_user` WHERE ( treasure_user_id = 38129 ) LIMIT 1   [ RunTime:0.000253s ]
SQL: SELECT `game_name` FROM `tp_game` WHERE ( game_id = 17 ) LIMIT 1   [ RunTime:0.000160s ]
SQL: SELECT `nickname`,`headimgurl` FROM `tp_users` WHERE ( user_id = 41376 ) LIMIT 1   [ RunTime:0.003417s ]
SQL: SELECT `prize_name`,`img_path` FROM `tp_prize` WHERE ( prize_id = 36 ) LIMIT 1   [ RunTime:0.000333s ]
SQL: SELECT `periods`,`total_person_times` FROM `tp_treasure` WHERE ( treasure_id = 230 ) LIMIT 1   [ RunTime:0.000226s ]
SQL: SELECT COUNT(*) AS tp_count FROM `tp_treasure_user` WHERE ( user_id = 41376 AND treasure_id = 230 ) LIMIT 1   [ RunTime:0.000750s ]
SQL: SELECT * FROM `tp_treasure_user` WHERE ( treasure_user_id = 38214 ) LIMIT 1   [ RunTime:0.000428s ]
SQL: SELECT `game_name` FROM `tp_game` WHERE ( game_id = 17 ) LIMIT 1   [ RunTime:0.000241s ]
SQL: SELECT `nickname`,`headimgurl` FROM `tp_users` WHERE ( user_id = 41944 ) LIMIT 1   [ RunTime:0.003506s ]
SQL: SELECT `prize_name`,`img_path` FROM `tp_prize` WHERE ( prize_id = 22 ) LIMIT 1   [ RunTime:0.000494s ]
SQL: SELECT `periods`,`total_person_times` FROM `tp_treasure` WHERE ( treasure_id = 219 ) LIMIT 1   [ RunTime:0.000342s ]
SQL: SELECT COUNT(*) AS tp_count FROM `tp_treasure_user` WHERE ( user_id = 41944 AND treasure_id = 219 ) LIMIT 1   [ RunTime:0.000609s ]
SQL: SELECT * FROM `tp_treasure_user` WHERE ( treasure_user_id = 37906 ) LIMIT 1   [ RunTime:0.002155s ]
SQL: SELECT `game_name` FROM `tp_game` WHERE ( game_id = 17 ) LIMIT 1   [ RunTime:0.000350s ]
SQL: SELECT `nickname`,`headimgurl` FROM `tp_users` WHERE ( user_id = 41775 ) LIMIT 1   [ RunTime:0.000186s ]
SQL: SELECT `prize_name`,`img_path` FROM `tp_prize` WHERE ( prize_id = 32 ) LIMIT 1   [ RunTime:0.000146s ]
SQL: SELECT `periods`,`total_person_times` FROM `tp_treasure` WHERE ( treasure_id = 217 ) LIMIT 1   [ RunTime:0.000143s ]
SQL: SELECT COUNT(*) AS tp_count FROM `tp_treasure_user` WHERE ( user_id = 41775 AND treasure_id = 217 ) LIMIT 1   [ RunTime:0.007783s ]
SQL: SELECT * FROM `tp_treasure_user` WHERE ( treasure_user_id = 37820 ) LIMIT 1   [ RunTime:0.000510s ]
SQL: SELECT `game_name` FROM `tp_game` WHERE ( game_id = 17 ) LIMIT 1   [ RunTime:0.002400s ]
SQL: SELECT `nickname`,`headimgurl` FROM `tp_users` WHERE ( user_id = 41775 ) LIMIT 1   [ RunTime:0.000210s ]
SQL: SELECT `prize_name`,`img_path` FROM `tp_prize` WHERE ( prize_id = 33 ) LIMIT 1   [ RunTime:0.000132s ]
SQL: SELECT `periods`,`total_person_times` FROM `tp_treasure` WHERE ( treasure_id = 226 ) LIMIT 1   [ RunTime:0.000229s ]
SQL: SELECT COUNT(*) AS tp_count FROM `tp_treasure_user` WHERE ( user_id = 41775 AND treasure_id = 226 ) LIMIT 1   [ RunTime:0.001773s ]
SQL: SELECT * FROM `tp_treasure_user` WHERE ( treasure_user_id = 37574 ) LIMIT 1   [ RunTime:0.000257s ]
SQL: SELECT `game_name` FROM `tp_game` WHERE ( game_id = 17 ) LIMIT 1   [ RunTime:0.000159s ]
SQL: SELECT `nickname`,`headimgurl` FROM `tp_users` WHERE ( user_id = 41775 ) LIMIT 1   [ RunTime:0.000177s ]
SQL: SELECT `prize_name`,`img_path` FROM `tp_prize` WHERE ( prize_id = 30 ) LIMIT 1   [ RunTime:0.000159s ]
SQL: SELECT `periods`,`total_person_times` FROM `tp_treasure` WHERE ( treasure_id = 227 ) LIMIT 1   [ RunTime:0.000205s ]
SQL: SELECT COUNT(*) AS tp_count FROM `tp_treasure_user` WHERE ( user_id = 41775 AND treasure_id = 227 ) LIMIT 1   [ RunTime:0.003969s ]
SQL: SELECT * FROM `tp_treasure_user` WHERE ( treasure_user_id = 37667 ) LIMIT 1   [ RunTime:0.000486s ]
SQL: SELECT `game_name` FROM `tp_game` WHERE ( game_id = 17 ) LIMIT 1   [ RunTime:0.000501s ]
SQL: SELECT `nickname`,`headimgurl` FROM `tp_users` WHERE ( user_id = 43276 ) LIMIT 1   [ RunTime:0.002571s ]
SQL: SELECT `prize_name`,`img_path` FROM `tp_prize` WHERE ( prize_id = 4 ) LIMIT 1   [ RunTime:0.000835s ]
SQL: SELECT `periods`,`total_person_times` FROM `tp_treasure` WHERE ( treasure_id = 188 ) LIMIT 1   [ RunTime:0.000373s ]
SQL: SELECT COUNT(*) AS tp_count FROM `tp_treasure_user` WHERE ( user_id = 43276 AND treasure_id = 188 ) LIMIT 1   [ RunTime:0.000805s ]
SQL: SELECT * FROM `tp_treasure_user` WHERE ( treasure_user_id = 37125 ) LIMIT 1   [ RunTime:0.001524s ]
SQL: SELECT `game_name` FROM `tp_game` WHERE ( game_id = 17 ) LIMIT 1   [ RunTime:0.000332s ]
SQL: SELECT `nickname`,`headimgurl` FROM `tp_users` WHERE ( user_id = 41775 ) LIMIT 1   [ RunTime:0.000235s ]
SQL: SELECT `prize_name`,`img_path` FROM `tp_prize` WHERE ( prize_id = 37 ) LIMIT 1   [ RunTime:0.000184s ]
SQL: SELECT `periods`,`total_person_times` FROM `tp_treasure` WHERE ( treasure_id = 228 ) LIMIT 1   [ RunTime:0.000172s ]
SQL: SELECT COUNT(*) AS tp_count FROM `tp_treasure_user` WHERE ( user_id = 41775 AND treasure_id = 228 ) LIMIT 1   [ RunTime:0.006962s ]
SQL: SELECT * FROM `tp_treasure_user` WHERE ( treasure_user_id = 37254 ) LIMIT 1   [ RunTime:0.000410s ]
SQL: SELECT `game_name` FROM `tp_game` WHERE ( game_id = 17 ) LIMIT 1   [ RunTime:0.000295s ]
SQL: SELECT `nickname`,`headimgurl` FROM `tp_users` WHERE ( user_id = 42023 ) LIMIT 1   [ RunTime:0.000305s ]
SQL: SELECT `prize_name`,`img_path` FROM `tp_prize` WHERE ( prize_id = 36 ) LIMIT 1   [ RunTime:0.001184s ]
SQL: SELECT `periods`,`total_person_times` FROM `tp_treasure` WHERE ( treasure_id = 214 ) LIMIT 1   [ RunTime:0.000296s ]
SQL: SELECT COUNT(*) AS tp_count FROM `tp_treasure_user` WHERE ( user_id = 42023 AND treasure_id = 214 ) LIMIT 1   [ RunTime:0.000848s ]
SQL: SELECT * FROM `tp_treasure_user` WHERE ( treasure_user_id = 37197 ) LIMIT 1   [ RunTime:0.002251s ]
SQL: SELECT `game_name` FROM `tp_game` WHERE ( game_id = 17 ) LIMIT 1   [ RunTime:0.000536s ]

[ 2016-11-14T13:58:18+08:00 ] 127.0.0.1 /FrontTreasure/treasure_detail/treasure_id/254
SQL: SHOW COLUMNS FROM `tp_config` [ RunTime:0.002987s ]
SQL: SELECT * FROM `tp_config`  [ RunTime:0.000671s ]
SQL: SELECT `user_id` FROM `tp_users` WHERE ( user_id = 1 ) LIMIT 1   [ RunTime:0.000282s ]
SQL: SHOW COLUMNS FROM `tp_config` [ RunTime:0.003181s ]
SQL: SELECT `config_value` FROM `tp_config` WHERE ( config_name= "jsapi_ticket" ) LIMIT 1   [ RunTime:0.000986s ]
SQL: SELECT `config_value` FROM `tp_config` WHERE ( config_name= "jsapi_ticket_expire_time" ) LIMIT 1   [ RunTime:0.000360s ]
SQL: SHOW COLUMNS FROM `tp_treasure` [ RunTime:0.007777s ]
SQL: SELECT * FROM `tp_treasure` WHERE ( treasure_id = 254 ) LIMIT 1   [ RunTime:0.001391s ]
SQL: SHOW COLUMNS FROM `tp_treasure_user` [ RunTime:0.004270s ]
SQL: SELECT COUNT(*) AS tp_count FROM `tp_treasure_user` WHERE ( treasure_id = 254 ) LIMIT 1   [ RunTime:0.000561s ]
SQL: SHOW COLUMNS FROM `tp_prize` [ RunTime:0.008131s ]
SQL: SELECT * FROM `tp_prize` WHERE ( prize_id = 40 ) LIMIT 1   [ RunTime:0.000596s ]
SQL: SELECT * FROM `tp_treasure_user` WHERE ( user_id = 1 AND treasure_id = 254 ) ORDER BY addtime DESC  [ RunTime:0.000717s ]
SQL: SELECT count(*) AS add_num,`addtime`,`treasure_id`,`user_id` FROM `tp_treasure_user` WHERE ( treasure_id = 254 ) GROUP BY addtime ORDER BY addtime DESC LIMIT 10   [ RunTime:0.001729s ]
SQL: SELECT `headimgurl`,`nickname` FROM `tp_users` WHERE ( user_id = 45214 AND is_enable = 1 ) LIMIT 1   [ RunTime:0.003631s ]
SQL: SHOW COLUMNS FROM `tp_treasure` [ RunTime:0.006963s ]
SQL: SELECT * FROM `tp_treasure` WHERE ( treasure_id = 254 ) LIMIT 1   [ RunTime:0.000523s ]
SQL: SHOW COLUMNS FROM `tp_prize` [ RunTime:0.002581s ]
SQL: SELECT * FROM `tp_prize` WHERE ( prize_id = 40 ) LIMIT 1   [ RunTime:0.000220s ]
SQL: SELECT `headimgurl`,`nickname` FROM `tp_users` WHERE ( user_id = 42462 AND is_enable = 1 ) LIMIT 1   [ RunTime:0.000775s ]
SQL: SELECT * FROM `tp_treasure` WHERE ( treasure_id = 254 ) LIMIT 1   [ RunTime:0.000233s ]
SQL: SELECT * FROM `tp_prize` WHERE ( prize_id = 40 ) LIMIT 1   [ RunTime:0.000151s ]
SQL: SELECT `headimgurl`,`nickname` FROM `tp_users` WHERE ( user_id = 40533 AND is_enable = 1 ) LIMIT 1   [ RunTime:0.006334s ]
SQL: SELECT * FROM `tp_treasure` WHERE ( treasure_id = 254 ) LIMIT 1   [ RunTime:0.002282s ]
SQL: SELECT * FROM `tp_prize` WHERE ( prize_id = 40 ) LIMIT 1   [ RunTime:0.000327s ]
SQL: SELECT `headimgurl`,`nickname` FROM `tp_users` WHERE ( user_id = 40117 AND is_enable = 1 ) LIMIT 1   [ RunTime:0.000646s ]
SQL: SELECT * FROM `tp_treasure` WHERE ( treasure_id = 254 ) LIMIT 1   [ RunTime:0.000514s ]
SQL: SELECT * FROM `tp_prize` WHERE ( prize_id = 40 ) LIMIT 1   [ RunTime:0.000284s ]
SQL: SELECT `headimgurl`,`nickname` FROM `tp_users` WHERE ( user_id = 45227 AND is_enable = 1 ) LIMIT 1   [ RunTime:0.000278s ]
SQL: SELECT * FROM `tp_treasure` WHERE ( treasure_id = 254 ) LIMIT 1   [ RunTime:0.000495s ]
SQL: SELECT * FROM `tp_prize` WHERE ( prize_id = 40 ) LIMIT 1   [ RunTime:0.000346s ]
SQL: SELECT `headimgurl`,`nickname` FROM `tp_users` WHERE ( user_id = 42073 AND is_enable = 1 ) LIMIT 1   [ RunTime:0.000226s ]
SQL: SELECT * FROM `tp_treasure` WHERE ( treasure_id = 254 ) LIMIT 1   [ RunTime:0.000198s ]
SQL: SELECT * FROM `tp_prize` WHERE ( prize_id = 40 ) LIMIT 1   [ RunTime:0.000158s ]
SQL: SELECT `headimgurl`,`nickname` FROM `tp_users` WHERE ( user_id = 45214 AND is_enable = 1 ) LIMIT 1   [ RunTime:0.000173s ]
SQL: SELECT * FROM `tp_treasure` WHERE ( treasure_id = 254 ) LIMIT 1   [ RunTime:0.000246s ]
SQL: SELECT * FROM `tp_prize` WHERE ( prize_id = 40 ) LIMIT 1   [ RunTime:0.000165s ]
SQL: SELECT `headimgurl`,`nickname` FROM `tp_users` WHERE ( user_id = 40635 AND is_enable = 1 ) LIMIT 1   [ RunTime:0.004519s ]
SQL: SELECT * FROM `tp_treasure` WHERE ( treasure_id = 254 ) LIMIT 1   [ RunTime:0.000720s ]
SQL: SELECT * FROM `tp_prize` WHERE ( prize_id = 40 ) LIMIT 1   [ RunTime:0.001524s ]
SQL: SELECT `headimgurl`,`nickname` FROM `tp_users` WHERE ( user_id = 44068 AND is_enable = 1 ) LIMIT 1   [ RunTime:0.000277s ]
SQL: SELECT * FROM `tp_treasure` WHERE ( treasure_id = 254 ) LIMIT 1   [ RunTime:0.000245s ]
SQL: SELECT * FROM `tp_prize` WHERE ( prize_id = 40 ) LIMIT 1   [ RunTime:0.000223s ]
SQL: SELECT `headimgurl`,`nickname` FROM `tp_users` WHERE ( user_id = 40258 AND is_enable = 1 ) LIMIT 1   [ RunTime:0.000236s ]
SQL: SELECT * FROM `tp_treasure` WHERE ( treasure_id = 254 ) LIMIT 1   [ RunTime:0.000353s ]
SQL: SELECT * FROM `tp_prize` WHERE ( prize_id = 40 ) LIMIT 1   [ RunTime:0.000215s ]
SQL: SELECT `left_money` FROM `tp_users` WHERE ( user_id = 1 AND is_enable = 1 ) LIMIT 1   [ RunTime:0.002411s ]
SQL: SHOW COLUMNS FROM `tp_user_game` [ RunTime:0.008944s ]
SQL: SELECT * FROM `tp_user_game` WHERE ( user_id = 1 ) ORDER BY addtime DESC LIMIT 0, 15   [ RunTime:0.003099s ]
SQL: SHOW COLUMNS FROM `tp_article` [ RunTime:0.016017s ]
SQL: SELECT `article_id` FROM `tp_article` WHERE ( article_sort_id = 3 AND rule_type = 3 ) LIMIT 1   [ RunTime:0.003381s ]
SQL: SHOW COLUMNS FROM `tp_article_txt` [ RunTime:0.011036s ]
SQL: SELECT `contents` FROM `tp_article_txt` WHERE ( article_id=219 ) LIMIT 1   [ RunTime:0.004847s ]
SQL: SELECT `article_id` FROM `tp_article` WHERE ( article_sort_id = 3 AND rule_type = 4 ) LIMIT 1   [ RunTime:0.000620s ]
SQL: SELECT `contents` FROM `tp_article_txt` WHERE ( article_id=216 ) LIMIT 1   [ RunTime:0.001524s ]
SQL: SHOW COLUMNS FROM `tp_game` [ RunTime:0.007268s ]
SQL: SELECT * FROM `tp_game` WHERE ( isuse = 1 ) ORDER BY serial LIMIT 0, 15   [ RunTime:0.000687s ]

[ 2016-11-14T13:58:38+08:00 ] 127.0.0.1 /FrontTreasure/treasure_detail/treasure_id/254
SQL: SHOW COLUMNS FROM `tp_config` [ RunTime:0.013734s ]
SQL: SELECT * FROM `tp_config`  [ RunTime:0.004934s ]
SQL: SELECT `user_id` FROM `tp_users` WHERE ( user_id = 1 ) LIMIT 1   [ RunTime:0.001162s ]
SQL: SHOW COLUMNS FROM `tp_config` [ RunTime:0.009059s ]
SQL: SELECT `config_value` FROM `tp_config` WHERE ( config_name= "jsapi_ticket" ) LIMIT 1   [ RunTime:0.000427s ]
SQL: SELECT `config_value` FROM `tp_config` WHERE ( config_name= "jsapi_ticket_expire_time" ) LIMIT 1   [ RunTime:0.000847s ]
SQL: SHOW COLUMNS FROM `tp_treasure` [ RunTime:0.007608s ]
SQL: SELECT * FROM `tp_treasure` WHERE ( treasure_id = 254 ) LIMIT 1   [ RunTime:0.001268s ]
SQL: SHOW COLUMNS FROM `tp_treasure_user` [ RunTime:0.019477s ]
SQL: SELECT COUNT(*) AS tp_count FROM `tp_treasure_user` WHERE ( treasure_id = 254 ) LIMIT 1   [ RunTime:0.005981s ]
SQL: SHOW COLUMNS FROM `tp_prize` [ RunTime:0.012402s ]
SQL: SELECT * FROM `tp_prize` WHERE ( prize_id = 40 ) LIMIT 1   [ RunTime:0.000437s ]
SQL: SELECT * FROM `tp_treasure_user` WHERE ( user_id = 1 AND treasure_id = 254 ) ORDER BY addtime DESC  [ RunTime:0.013398s ]
SQL: SELECT count(*) AS add_num,`addtime`,`treasure_id`,`user_id` FROM `tp_treasure_user` WHERE ( treasure_id = 254 ) GROUP BY addtime, user_id ORDER BY addtime DESC LIMIT 10   [ RunTime:0.003083s ]
SQL: SELECT `headimgurl`,`nickname` FROM `tp_users` WHERE ( user_id = 45214 AND is_enable = 1 ) LIMIT 1   [ RunTime:0.001231s ]
SQL: SHOW COLUMNS FROM `tp_treasure` [ RunTime:0.003910s ]
SQL: SELECT * FROM `tp_treasure` WHERE ( treasure_id = 254 ) LIMIT 1   [ RunTime:0.000643s ]
SQL: SHOW COLUMNS FROM `tp_prize` [ RunTime:0.001837s ]
SQL: SELECT * FROM `tp_prize` WHERE ( prize_id = 40 ) LIMIT 1   [ RunTime:0.000220s ]
SQL: SELECT `headimgurl`,`nickname` FROM `tp_users` WHERE ( user_id = 42462 AND is_enable = 1 ) LIMIT 1   [ RunTime:0.001248s ]
SQL: SELECT * FROM `tp_treasure` WHERE ( treasure_id = 254 ) LIMIT 1   [ RunTime:0.000425s ]
SQL: SELECT * FROM `tp_prize` WHERE ( prize_id = 40 ) LIMIT 1   [ RunTime:0.000224s ]
SQL: SELECT `headimgurl`,`nickname` FROM `tp_users` WHERE ( user_id = 40533 AND is_enable = 1 ) LIMIT 1   [ RunTime:0.003640s ]
SQL: SELECT * FROM `tp_treasure` WHERE ( treasure_id = 254 ) LIMIT 1   [ RunTime:0.001142s ]
SQL: SELECT * FROM `tp_prize` WHERE ( prize_id = 40 ) LIMIT 1   [ RunTime:0.001150s ]
SQL: SELECT `headimgurl`,`nickname` FROM `tp_users` WHERE ( user_id = 40117 AND is_enable = 1 ) LIMIT 1   [ RunTime:0.001658s ]
SQL: SELECT * FROM `tp_treasure` WHERE ( treasure_id = 254 ) LIMIT 1   [ RunTime:0.000459s ]
SQL: SELECT * FROM `tp_prize` WHERE ( prize_id = 40 ) LIMIT 1   [ RunTime:0.000355s ]
SQL: SELECT `headimgurl`,`nickname` FROM `tp_users` WHERE ( user_id = 45227 AND is_enable = 1 ) LIMIT 1   [ RunTime:0.004835s ]
SQL: SELECT * FROM `tp_treasure` WHERE ( treasure_id = 254 ) LIMIT 1   [ RunTime:0.000354s ]
SQL: SELECT * FROM `tp_prize` WHERE ( prize_id = 40 ) LIMIT 1   [ RunTime:0.000532s ]
SQL: SELECT `headimgurl`,`nickname` FROM `tp_users` WHERE ( user_id = 40771 AND is_enable = 1 ) LIMIT 1   [ RunTime:0.001099s ]
SQL: SELECT * FROM `tp_treasure` WHERE ( treasure_id = 254 ) LIMIT 1   [ RunTime:0.001339s ]
SQL: SELECT * FROM `tp_prize` WHERE ( prize_id = 40 ) LIMIT 1   [ RunTime:0.001009s ]
SQL: SELECT `headimgurl`,`nickname` FROM `tp_users` WHERE ( user_id = 42073 AND is_enable = 1 ) LIMIT 1   [ RunTime:0.001752s ]
SQL: SELECT * FROM `tp_treasure` WHERE ( treasure_id = 254 ) LIMIT 1   [ RunTime:0.000625s ]
SQL: SELECT * FROM `tp_prize` WHERE ( prize_id = 40 ) LIMIT 1   [ RunTime:0.000279s ]
SQL: SELECT `headimgurl`,`nickname` FROM `tp_users` WHERE ( user_id = 45214 AND is_enable = 1 ) LIMIT 1   [ RunTime:0.000436s ]
SQL: SELECT * FROM `tp_treasure` WHERE ( treasure_id = 254 ) LIMIT 1   [ RunTime:0.000305s ]
SQL: SELECT * FROM `tp_prize` WHERE ( prize_id = 40 ) LIMIT 1   [ RunTime:0.000311s ]
SQL: SELECT `headimgurl`,`nickname` FROM `tp_users` WHERE ( user_id = 40635 AND is_enable = 1 ) LIMIT 1   [ RunTime:0.002382s ]
SQL: SELECT * FROM `tp_treasure` WHERE ( treasure_id = 254 ) LIMIT 1   [ RunTime:0.000287s ]
SQL: SELECT * FROM `tp_prize` WHERE ( prize_id = 40 ) LIMIT 1   [ RunTime:0.000172s ]
SQL: SELECT `headimgurl`,`nickname` FROM `tp_users` WHERE ( user_id = 43130 AND is_enable = 1 ) LIMIT 1   [ RunTime:0.000797s ]
SQL: SELECT * FROM `tp_treasure` WHERE ( treasure_id = 254 ) LIMIT 1   [ RunTime:0.001298s ]
SQL: SELECT * FROM `tp_prize` WHERE ( prize_id = 40 ) LIMIT 1   [ RunTime:0.000541s ]
SQL: SELECT `left_money` FROM `tp_users` WHERE ( user_id = 1 AND is_enable = 1 ) LIMIT 1   [ RunTime:0.002461s ]
SQL: SHOW COLUMNS FROM `tp_user_game` [ RunTime:0.002928s ]
SQL: SELECT * FROM `tp_user_game` WHERE ( user_id = 1 ) ORDER BY addtime DESC LIMIT 0, 15   [ RunTime:0.002019s ]
SQL: SHOW COLUMNS FROM `tp_article` [ RunTime:0.007445s ]
SQL: SELECT `article_id` FROM `tp_article` WHERE ( article_sort_id = 3 AND rule_type = 3 ) LIMIT 1   [ RunTime:0.000582s ]
SQL: SHOW COLUMNS FROM `tp_article_txt` [ RunTime:0.003429s ]
SQL: SELECT `contents` FROM `tp_article_txt` WHERE ( article_id=219 ) LIMIT 1   [ RunTime:0.001506s ]
SQL: SELECT `article_id` FROM `tp_article` WHERE ( article_sort_id = 3 AND rule_type = 4 ) LIMIT 1   [ RunTime:0.013394s ]
SQL: SELECT `contents` FROM `tp_article_txt` WHERE ( article_id=216 ) LIMIT 1   [ RunTime:0.000732s ]
SQL: SHOW COLUMNS FROM `tp_game` [ RunTime:0.005686s ]
SQL: SELECT * FROM `tp_game` WHERE ( isuse = 1 ) ORDER BY serial LIMIT 0, 15   [ RunTime:0.000374s ]

[ 2016-11-14T13:59:24+08:00 ] 127.0.0.1 /FrontTreasure/treasure_detail/treasure_id/254
SQL: SHOW COLUMNS FROM `tp_config` [ RunTime:0.009497s ]
SQL: SELECT * FROM `tp_config`  [ RunTime:0.000555s ]
SQL: SELECT `user_id` FROM `tp_users` WHERE ( user_id = 1 ) LIMIT 1   [ RunTime:0.001174s ]
SQL: SHOW COLUMNS FROM `tp_config` [ RunTime:0.006842s ]
SQL: SELECT `config_value` FROM `tp_config` WHERE ( config_name= "jsapi_ticket" ) LIMIT 1   [ RunTime:0.001172s ]
SQL: SELECT `config_value` FROM `tp_config` WHERE ( config_name= "jsapi_ticket_expire_time" ) LIMIT 1   [ RunTime:0.000512s ]
SQL: SHOW COLUMNS FROM `tp_treasure` [ RunTime:0.006979s ]
SQL: SELECT * FROM `tp_treasure` WHERE ( treasure_id = 254 ) LIMIT 1   [ RunTime:0.000377s ]
SQL: SHOW COLUMNS FROM `tp_treasure_user` [ RunTime:0.006613s ]
SQL: SELECT COUNT(*) AS tp_count FROM `tp_treasure_user` WHERE ( treasure_id = 254 ) LIMIT 1   [ RunTime:0.001343s ]
SQL: SHOW COLUMNS FROM `tp_prize` [ RunTime:0.006216s ]
SQL: SELECT * FROM `tp_prize` WHERE ( prize_id = 40 ) LIMIT 1   [ RunTime:0.000280s ]
SQL: SELECT * FROM `tp_treasure_user` WHERE ( user_id = 1 AND treasure_id = 254 ) ORDER BY addtime DESC  [ RunTime:0.000653s ]
SQL: SELECT count(*) AS add_num,`addtime`,`treasure_id`,`user_id` FROM `tp_treasure_user` WHERE ( treasure_id = 254 ) GROUP BY addtime ORDER BY addtime DESC LIMIT 10   [ RunTime:0.002762s ]
SQL: SELECT `headimgurl`,`nickname` FROM `tp_users` WHERE ( user_id = 45214 AND is_enable = 1 ) LIMIT 1   [ RunTime:0.003008s ]
SQL: SHOW COLUMNS FROM `tp_treasure` [ RunTime:0.007173s ]
SQL: SELECT * FROM `tp_treasure` WHERE ( treasure_id = 254 ) LIMIT 1   [ RunTime:0.000598s ]
SQL: SHOW COLUMNS FROM `tp_prize` [ RunTime:0.006507s ]
SQL: SELECT * FROM `tp_prize` WHERE ( prize_id = 40 ) LIMIT 1   [ RunTime:0.000234s ]
SQL: SELECT `headimgurl`,`nickname` FROM `tp_users` WHERE ( user_id = 42462 AND is_enable = 1 ) LIMIT 1   [ RunTime:0.002885s ]
SQL: SELECT * FROM `tp_treasure` WHERE ( treasure_id = 254 ) LIMIT 1   [ RunTime:0.000312s ]
SQL: SELECT * FROM `tp_prize` WHERE ( prize_id = 40 ) LIMIT 1   [ RunTime:0.000436s ]
SQL: SELECT `headimgurl`,`nickname` FROM `tp_users` WHERE ( user_id = 40533 AND is_enable = 1 ) LIMIT 1   [ RunTime:0.002595s ]
SQL: SELECT * FROM `tp_treasure` WHERE ( treasure_id = 254 ) LIMIT 1   [ RunTime:0.000299s ]
SQL: SELECT * FROM `tp_prize` WHERE ( prize_id = 40 ) LIMIT 1   [ RunTime:0.000232s ]
SQL: SELECT `headimgurl`,`nickname` FROM `tp_users` WHERE ( user_id = 40117 AND is_enable = 1 ) LIMIT 1   [ RunTime:0.010954s ]
SQL: SELECT * FROM `tp_treasure` WHERE ( treasure_id = 254 ) LIMIT 1   [ RunTime:0.000591s ]
SQL: SELECT * FROM `tp_prize` WHERE ( prize_id = 40 ) LIMIT 1   [ RunTime:0.000306s ]
SQL: SELECT `headimgurl`,`nickname` FROM `tp_users` WHERE ( user_id = 45227 AND is_enable = 1 ) LIMIT 1   [ RunTime:0.001626s ]
SQL: SELECT * FROM `tp_treasure` WHERE ( treasure_id = 254 ) LIMIT 1   [ RunTime:0.000503s ]
SQL: SELECT * FROM `tp_prize` WHERE ( prize_id = 40 ) LIMIT 1   [ RunTime:0.000210s ]
SQL: SELECT `headimgurl`,`nickname` FROM `tp_users` WHERE ( user_id = 42073 AND is_enable = 1 ) LIMIT 1   [ RunTime:0.002428s ]
SQL: SELECT * FROM `tp_treasure` WHERE ( treasure_id = 254 ) LIMIT 1   [ RunTime:0.000330s ]
SQL: SELECT * FROM `tp_prize` WHERE ( prize_id = 40 ) LIMIT 1   [ RunTime:0.000262s ]
SQL: SELECT `headimgurl`,`nickname` FROM `tp_users` WHERE ( user_id = 45214 AND is_enable = 1 ) LIMIT 1   [ RunTime:0.000261s ]
SQL: SELECT * FROM `tp_treasure` WHERE ( treasure_id = 254 ) LIMIT 1   [ RunTime:0.000261s ]
SQL: SELECT * FROM `tp_prize` WHERE ( prize_id = 40 ) LIMIT 1   [ RunTime:0.000256s ]
SQL: SELECT `headimgurl`,`nickname` FROM `tp_users` WHERE ( user_id = 40635 AND is_enable = 1 ) LIMIT 1   [ RunTime:0.001603s ]
SQL: SELECT * FROM `tp_treasure` WHERE ( treasure_id = 254 ) LIMIT 1   [ RunTime:0.000457s ]
SQL: SELECT * FROM `tp_prize` WHERE ( prize_id = 40 ) LIMIT 1   [ RunTime:0.000196s ]
SQL: SELECT `headimgurl`,`nickname` FROM `tp_users` WHERE ( user_id = 44068 AND is_enable = 1 ) LIMIT 1   [ RunTime:0.001865s ]
SQL: SELECT * FROM `tp_treasure` WHERE ( treasure_id = 254 ) LIMIT 1   [ RunTime:0.000329s ]
SQL: SELECT * FROM `tp_prize` WHERE ( prize_id = 40 ) LIMIT 1   [ RunTime:0.000170s ]
SQL: SELECT `headimgurl`,`nickname` FROM `tp_users` WHERE ( user_id = 40258 AND is_enable = 1 ) LIMIT 1   [ RunTime:0.002634s ]
SQL: SELECT * FROM `tp_treasure` WHERE ( treasure_id = 254 ) LIMIT 1   [ RunTime:0.000279s ]
SQL: SELECT * FROM `tp_prize` WHERE ( prize_id = 40 ) LIMIT 1   [ RunTime:0.000357s ]
SQL: SELECT `left_money` FROM `tp_users` WHERE ( user_id = 1 AND is_enable = 1 ) LIMIT 1   [ RunTime:0.002259s ]
SQL: SHOW COLUMNS FROM `tp_user_game` [ RunTime:0.006663s ]
SQL: SELECT * FROM `tp_user_game` WHERE ( user_id = 1 ) ORDER BY addtime DESC LIMIT 0, 15   [ RunTime:0.003884s ]
SQL: SHOW COLUMNS FROM `tp_article` [ RunTime:0.004025s ]
SQL: SELECT `article_id` FROM `tp_article` WHERE ( article_sort_id = 3 AND rule_type = 3 ) LIMIT 1   [ RunTime:0.000456s ]
SQL: SHOW COLUMNS FROM `tp_article_txt` [ RunTime:0.004512s ]
SQL: SELECT `contents` FROM `tp_article_txt` WHERE ( article_id=219 ) LIMIT 1   [ RunTime:0.000595s ]
SQL: SELECT `article_id` FROM `tp_article` WHERE ( article_sort_id = 3 AND rule_type = 4 ) LIMIT 1   [ RunTime:0.000718s ]
SQL: SELECT `contents` FROM `tp_article_txt` WHERE ( article_id=216 ) LIMIT 1   [ RunTime:0.000516s ]
SQL: SHOW COLUMNS FROM `tp_game` [ RunTime:0.004865s ]
SQL: SELECT * FROM `tp_game` WHERE ( isuse = 1 ) ORDER BY serial LIMIT 0, 15   [ RunTime:0.000597s ]

[ 2016-11-14T13:59:34+08:00 ] 127.0.0.1 /FrontTreasure/treasure_detail/treasure_id/254
SQL: SHOW COLUMNS FROM `tp_config` [ RunTime:0.003137s ]
SQL: SELECT * FROM `tp_config`  [ RunTime:0.000283s ]
SQL: SELECT `user_id` FROM `tp_users` WHERE ( user_id = 1 ) LIMIT 1   [ RunTime:0.000316s ]
SQL: SHOW COLUMNS FROM `tp_config` [ RunTime:0.005454s ]
SQL: SELECT `config_value` FROM `tp_config` WHERE ( config_name= "jsapi_ticket" ) LIMIT 1   [ RunTime:0.000641s ]
SQL: SELECT `config_value` FROM `tp_config` WHERE ( config_name= "jsapi_ticket_expire_time" ) LIMIT 1   [ RunTime:0.000320s ]
SQL: SHOW COLUMNS FROM `tp_treasure` [ RunTime:0.007898s ]
SQL: SELECT * FROM `tp_treasure` WHERE ( treasure_id = 254 ) LIMIT 1   [ RunTime:0.000584s ]
SQL: SHOW COLUMNS FROM `tp_treasure_user` [ RunTime:0.018225s ]
SQL: SELECT COUNT(*) AS tp_count FROM `tp_treasure_user` WHERE ( treasure_id = 254 ) LIMIT 1   [ RunTime:0.002286s ]
SQL: SHOW COLUMNS FROM `tp_prize` [ RunTime:0.006586s ]
SQL: SELECT * FROM `tp_prize` WHERE ( prize_id = 40 ) LIMIT 1   [ RunTime:0.000497s ]
SQL: SELECT * FROM `tp_treasure_user` WHERE ( user_id = 1 AND treasure_id = 254 ) ORDER BY addtime DESC  [ RunTime:0.000641s ]
SQL: SELECT count(*) AS add_num,`addtime`,`treasure_id`,`user_id` FROM `tp_treasure_user` WHERE ( treasure_id = 254 ) GROUP BY addtime, user_id ORDER BY addtime DESC LIMIT 10   [ RunTime:0.001952s ]
SQL: SELECT `headimgurl`,`nickname` FROM `tp_users` WHERE ( user_id = 45214 AND is_enable = 1 ) LIMIT 1   [ RunTime:0.003723s ]
SQL: SHOW COLUMNS FROM `tp_treasure` [ RunTime:0.003833s ]
SQL: SELECT * FROM `tp_treasure` WHERE ( treasure_id = 254 ) LIMIT 1   [ RunTime:0.000636s ]
SQL: SHOW COLUMNS FROM `tp_prize` [ RunTime:0.006246s ]
SQL: SELECT * FROM `tp_prize` WHERE ( prize_id = 40 ) LIMIT 1   [ RunTime:0.000293s ]
SQL: SELECT `headimgurl`,`nickname` FROM `tp_users` WHERE ( user_id = 42462 AND is_enable = 1 ) LIMIT 1   [ RunTime:0.003094s ]
SQL: SELECT * FROM `tp_treasure` WHERE ( treasure_id = 254 ) LIMIT 1   [ RunTime:0.000282s ]
SQL: SELECT * FROM `tp_prize` WHERE ( prize_id = 40 ) LIMIT 1   [ RunTime:0.000228s ]
SQL: SELECT `headimgurl`,`nickname` FROM `tp_users` WHERE ( user_id = 40533 AND is_enable = 1 ) LIMIT 1   [ RunTime:0.002350s ]
SQL: SELECT * FROM `tp_treasure` WHERE ( treasure_id = 254 ) LIMIT 1   [ RunTime:0.000603s ]
SQL: SELECT * FROM `tp_prize` WHERE ( prize_id = 40 ) LIMIT 1   [ RunTime:0.000454s ]
SQL: SELECT `headimgurl`,`nickname` FROM `tp_users` WHERE ( user_id = 40117 AND is_enable = 1 ) LIMIT 1   [ RunTime:0.002222s ]
SQL: SELECT * FROM `tp_treasure` WHERE ( treasure_id = 254 ) LIMIT 1   [ RunTime:0.000302s ]
SQL: SELECT * FROM `tp_prize` WHERE ( prize_id = 40 ) LIMIT 1   [ RunTime:0.000180s ]
SQL: SELECT `headimgurl`,`nickname` FROM `tp_users` WHERE ( user_id = 45227 AND is_enable = 1 ) LIMIT 1   [ RunTime:0.002463s ]
SQL: SELECT * FROM `tp_treasure` WHERE ( treasure_id = 254 ) LIMIT 1   [ RunTime:0.000254s ]
SQL: SELECT * FROM `tp_prize` WHERE ( prize_id = 40 ) LIMIT 1   [ RunTime:0.000144s ]
SQL: SELECT `headimgurl`,`nickname` FROM `tp_users` WHERE ( user_id = 40771 AND is_enable = 1 ) LIMIT 1   [ RunTime:0.002581s ]
SQL: SELECT * FROM `tp_treasure` WHERE ( treasure_id = 254 ) LIMIT 1   [ RunTime:0.000408s ]
SQL: SELECT * FROM `tp_prize` WHERE ( prize_id = 40 ) LIMIT 1   [ RunTime:0.000464s ]
SQL: SELECT `headimgurl`,`nickname` FROM `tp_users` WHERE ( user_id = 42073 AND is_enable = 1 ) LIMIT 1   [ RunTime:0.002588s ]
SQL: SELECT * FROM `tp_treasure` WHERE ( treasure_id = 254 ) LIMIT 1   [ RunTime:0.000576s ]
SQL: SELECT * FROM `tp_prize` WHERE ( prize_id = 40 ) LIMIT 1   [ RunTime:0.000264s ]
SQL: SELECT `headimgurl`,`nickname` FROM `tp_users` WHERE ( user_id = 45214 AND is_enable = 1 ) LIMIT 1   [ RunTime:0.000251s ]
SQL: SELECT * FROM `tp_treasure` WHERE ( treasure_id = 254 ) LIMIT 1   [ RunTime:0.000248s ]
SQL: SELECT * FROM `tp_prize` WHERE ( prize_id = 40 ) LIMIT 1   [ RunTime:0.000185s ]
SQL: SELECT `headimgurl`,`nickname` FROM `tp_users` WHERE ( user_id = 40635 AND is_enable = 1 ) LIMIT 1   [ RunTime:0.002145s ]
SQL: SELECT * FROM `tp_treasure` WHERE ( treasure_id = 254 ) LIMIT 1   [ RunTime:0.000242s ]
SQL: SELECT * FROM `tp_prize` WHERE ( prize_id = 40 ) LIMIT 1   [ RunTime:0.000192s ]
SQL: SELECT `headimgurl`,`nickname` FROM `tp_users` WHERE ( user_id = 43130 AND is_enable = 1 ) LIMIT 1   [ RunTime:0.002878s ]
SQL: SELECT * FROM `tp_treasure` WHERE ( treasure_id = 254 ) LIMIT 1   [ RunTime:0.000267s ]
SQL: SELECT * FROM `tp_prize` WHERE ( prize_id = 40 ) LIMIT 1   [ RunTime:0.000187s ]
SQL: SELECT `left_money` FROM `tp_users` WHERE ( user_id = 1 AND is_enable = 1 ) LIMIT 1   [ RunTime:0.002457s ]
SQL: SHOW COLUMNS FROM `tp_user_game` [ RunTime:0.003344s ]
SQL: SELECT * FROM `tp_user_game` WHERE ( user_id = 1 ) ORDER BY addtime DESC LIMIT 0, 15   [ RunTime:0.003385s ]
SQL: SHOW COLUMNS FROM `tp_article` [ RunTime:0.003404s ]
SQL: SELECT `article_id` FROM `tp_article` WHERE ( article_sort_id = 3 AND rule_type = 3 ) LIMIT 1   [ RunTime:0.000290s ]
SQL: SHOW COLUMNS FROM `tp_article_txt` [ RunTime:0.006891s ]
SQL: SELECT `contents` FROM `tp_article_txt` WHERE ( article_id=219 ) LIMIT 1   [ RunTime:0.000525s ]
SQL: SELECT `article_id` FROM `tp_article` WHERE ( article_sort_id = 3 AND rule_type = 4 ) LIMIT 1   [ RunTime:0.000270s ]
SQL: SELECT `contents` FROM `tp_article_txt` WHERE ( article_id=216 ) LIMIT 1   [ RunTime:0.000509s ]
SQL: SHOW COLUMNS FROM `tp_game` [ RunTime:0.003182s ]
SQL: SELECT * FROM `tp_game` WHERE ( isuse = 1 ) ORDER BY serial LIMIT 0, 15   [ RunTime:0.000313s ]

