[ 2016-12-13T10:41:07+08:00 ] 127.0.0.1 /FrontGuess/guess_index
SQL: SHOW COLUMNS FROM `tp_config` [ RunTime:0.024386s ]
SQL: SELECT * FROM `tp_config`  [ RunTime:0.003193s ]
SQL: SELECT `user_id` FROM `tp_users` WHERE ( user_id = 1 ) LIMIT 1   [ RunTime:0.010315s ]
SQL: SHOW COLUMNS FROM `tp_config` [ RunTime:0.004051s ]
SQL: SELECT `config_value` FROM `tp_config` WHERE ( config_name= "jsapi_ticket" ) LIMIT 1   [ RunTime:0.000240s ]
SQL: SELECT `config_value` FROM `tp_config` WHERE ( config_name= "jsapi_ticket_expire_time" ) LIMIT 1   [ RunTime:0.000191s ]
SQL: SHOW COLUMNS FROM `tp_config` [ RunTime:0.003743s ]
SQL: SELECT `config_value` FROM `tp_config` WHERE ( config_name= "access_token" ) LIMIT 1   [ RunTime:0.000180s ]
SQL: SELECT `config_value` FROM `tp_config` WHERE ( config_name= "access_token_expire_time" ) LIMIT 1   [ RunTime:0.000138s ]
SQL: UPDATE `tp_config` SET `config_value`='UuWq3YMH0zruVTGlrJHHlGoFOR_1GqcIrPJR1r-RH0V0VKvlSMBx0-2A_r-fCImFQosqDjUdp_0u1uLjCjVuPf0ywE7itASY5-KDfXcZN77rgdzM4NsUE3-oT5L7CRi2MNGgAAAEFY' WHERE ( config_name="access_token" ) [ RunTime:0.000356s ]
SQL: UPDATE `tp_config` SET `config_value`=1481603864 WHERE ( config_name="access_token_expire_time" ) [ RunTime:0.000260s ]
SQL: UPDATE `tp_config` SET `config_value`='kgt8ON7yVITDhtdwci0qeYQAHREO0HbYL2-fFn3US2MqGViNpBAjyzeEEJ9GjbdKeyYrvXt9P9DG88bPYJbHmg' WHERE ( config_name="jsapi_ticket" ) [ RunTime:0.000602s ]
SQL: UPDATE `tp_config` SET `config_value`=1481603864 WHERE ( config_name="jsapi_ticket_expire_time" ) [ RunTime:0.000476s ]
SQL: SHOW COLUMNS FROM `tp_guess_user` [ RunTime:0.010904s ]
SQL: SELECT count(*) AS people_num,sum(add_money) AS total_money FROM `tp_guess_user` WHERE ( addtime >= 1481558400 AND addtime <= 1481644800 ) LIMIT 1   [ RunTime:0.028569s ]
SQL: SHOW COLUMNS FROM `tp_roll` [ RunTime:0.010329s ]
SQL: SELECT * FROM `tp_roll` WHERE ( isuse = 1 AND is_open = 0 AND start_time <= 1481596864 AND end_time >= 1481596864 ) LIMIT 1   [ RunTime:0.003143s ]
SQL: SELECT (sum(prize_money) - sum(add_money)) AS total_prize,`user_id` FROM `tp_guess_user` WHERE ( is_pay = 1 AND addtime >= 1481472000 AND addtime <= 1482076800 ) GROUP BY user_id HAVING total_prize > 0 ORDER BY total_prize DESC LIMIT 5   [ RunTime:0.014482s ]
SQL: SHOW COLUMNS FROM `tp_guess_type` [ RunTime:0.010713s ]
SQL: SELECT * FROM `tp_guess_type` WHERE ( isuse = 1 ) ORDER BY serial LIMIT 4   [ RunTime:0.000922s ]
SQL: SHOW COLUMNS FROM `tp_guess` [ RunTime:0.007885s ]
SQL: SELECT COUNT(*) AS tp_count FROM `tp_guess` WHERE ( guess_type_id = 14 AND is_over = 0 ) LIMIT 1   [ RunTime:0.002453s ]
SQL: SELECT COUNT(*) AS tp_count FROM `tp_guess` WHERE ( guess_type_id = 16 AND is_over = 0 ) LIMIT 1   [ RunTime:0.001015s ]
SQL: SELECT COUNT(*) AS tp_count FROM `tp_guess` WHERE ( guess_type_id = 15 AND is_over = 0 ) LIMIT 1   [ RunTime:0.000764s ]
SQL: SHOW COLUMNS FROM `tp_guess` [ RunTime:0.004529s ]
SQL: SELECT COUNT(*) AS tp_count FROM `tp_guess` WHERE ( isuse = 1 AND guess_type_id = 14 ) LIMIT 1   [ RunTime:0.001259s ]
SQL: SELECT COUNT(*) AS tp_count FROM `tp_guess` WHERE ( isuse = 1 AND guess_type_id = 14 AND is_over = 0 ) LIMIT 1   [ RunTime:0.001002s ]
SQL: SELECT * FROM `tp_guess` WHERE ( isuse = 1 AND start_time <= 1481596864 AND guess_type_id = 14 ) ORDER BY (case when first_field_time <= 1481596864 AND is_over = 0  then 0
            when first_field_time > "1481596864" AND  is_over = 0 then 1 
        else 2 end), serial LIMIT 0, 6   [ RunTime:0.007566s ]
SQL: SHOW COLUMNS FROM `tp_team` [ RunTime:0.009387s ]
SQL: SELECT * FROM `tp_team` WHERE ( team_id = 107 ) LIMIT 1   [ RunTime:0.003839s ]
SQL: SELECT * FROM `tp_team` WHERE ( team_id = 112 ) LIMIT 1   [ RunTime:0.000340s ]
SQL: SHOW COLUMNS FROM `tp_guess_field` [ RunTime:0.007853s ]
SQL: SELECT COUNT(*) AS tp_count FROM `tp_guess_field` WHERE ( isuse = 1 AND guess_id = 1792 ) LIMIT 1   [ RunTime:0.004886s ]
SQL: SELECT * FROM `tp_team` WHERE ( team_id = 109 ) LIMIT 1   [ RunTime:0.000325s ]
SQL: SELECT * FROM `tp_team` WHERE ( team_id = 77 ) LIMIT 1   [ RunTime:0.002279s ]
SQL: SELECT COUNT(*) AS tp_count FROM `tp_guess_field` WHERE ( isuse = 1 AND guess_id = 1793 ) LIMIT 1   [ RunTime:0.001806s ]
SQL: SELECT * FROM `tp_team` WHERE ( team_id = 39 ) LIMIT 1   [ RunTime:0.002435s ]
SQL: SELECT * FROM `tp_team` WHERE ( team_id = 37 ) LIMIT 1   [ RunTime:0.000425s ]
SQL: SELECT COUNT(*) AS tp_count FROM `tp_guess_field` WHERE ( isuse = 1 AND guess_id = 1794 ) LIMIT 1   [ RunTime:0.002180s ]
SQL: SELECT * FROM `tp_team` WHERE ( team_id = 102 ) LIMIT 1   [ RunTime:0.000381s ]
SQL: SELECT * FROM `tp_team` WHERE ( team_id = 67 ) LIMIT 1   [ RunTime:0.000354s ]
SQL: SELECT COUNT(*) AS tp_count FROM `tp_guess_field` WHERE ( isuse = 1 AND guess_id = 1795 ) LIMIT 1   [ RunTime:0.001885s ]
SQL: SELECT * FROM `tp_team` WHERE ( team_id = 23 ) LIMIT 1   [ RunTime:0.000630s ]
SQL: SELECT * FROM `tp_team` WHERE ( team_id = 214 ) LIMIT 1   [ RunTime:0.002739s ]
SQL: SELECT COUNT(*) AS tp_count FROM `tp_guess_field` WHERE ( isuse = 1 AND guess_id = 1796 ) LIMIT 1   [ RunTime:0.001481s ]
SQL: SELECT * FROM `tp_team` WHERE ( team_id = 109 ) LIMIT 1   [ RunTime:0.000241s ]
SQL: SELECT * FROM `tp_team` WHERE ( team_id = 360 ) LIMIT 1   [ RunTime:0.002147s ]
SQL: SELECT COUNT(*) AS tp_count FROM `tp_guess_field` WHERE ( isuse = 1 AND guess_id = 1797 ) LIMIT 1   [ RunTime:0.001663s ]
SQL: SHOW COLUMNS FROM `tp_notice` [ RunTime:0.008201s ]
SQL: SELECT `notice_id` FROM `tp_notice` WHERE ( notice_sort_id = 2 AND isuse = 1 ) ORDER BY addtime DESC LIMIT 1   [ RunTime:0.003151s ]
SQL: SHOW COLUMNS FROM `tp_notice_txt` [ RunTime:0.009022s ]
SQL: SELECT `contents` FROM `tp_notice_txt` WHERE ( notice_id=5 ) LIMIT 1   [ RunTime:0.002807s ]

[ 2016-12-13T10:41:11+08:00 ] 127.0.0.1 /FrontUser/personal_data
SQL: SHOW COLUMNS FROM `tp_config` [ RunTime:0.003336s ]
SQL: SELECT * FROM `tp_config`  [ RunTime:0.003332s ]
SQL: SELECT `user_id` FROM `tp_users` WHERE ( user_id = 1 ) LIMIT 1   [ RunTime:0.001568s ]
SQL: SHOW COLUMNS FROM `tp_config` [ RunTime:0.006834s ]
SQL: SELECT `config_value` FROM `tp_config` WHERE ( config_name= "jsapi_ticket" ) LIMIT 1   [ RunTime:0.000435s ]
SQL: SELECT `config_value` FROM `tp_config` WHERE ( config_name= "jsapi_ticket_expire_time" ) LIMIT 1   [ RunTime:0.000317s ]
SQL: SELECT `mobile`,`role_type` FROM `tp_users` WHERE ( user_id = 1 AND is_enable = 1 ) LIMIT 1   [ RunTime:0.002215s ]
SQL: SELECT `nickname`,`realname`,`mobile`,`email`,`headimgurl`,`id`,`left_money`,`frozen_money`,`user_id` FROM `tp_users` WHERE ( user_id = 1 AND is_enable = 1 ) LIMIT 1   [ RunTime:0.000244s ]

[ 2016-12-13T10:41:23+08:00 ] 127.0.0.1 /FrontUser/my_qr_code
SQL: SHOW COLUMNS FROM `tp_config` [ RunTime:0.002994s ]
SQL: SELECT * FROM `tp_config`  [ RunTime:0.003420s ]
SQL: SELECT `user_id` FROM `tp_users` WHERE ( user_id = 1 ) LIMIT 1   [ RunTime:0.000247s ]
SQL: SHOW COLUMNS FROM `tp_config` [ RunTime:0.003651s ]
SQL: SELECT `config_value` FROM `tp_config` WHERE ( config_name= "jsapi_ticket" ) LIMIT 1   [ RunTime:0.000244s ]
SQL: SELECT `config_value` FROM `tp_config` WHERE ( config_name= "jsapi_ticket_expire_time" ) LIMIT 1   [ RunTime:0.000156s ]
SQL: SELECT `mobile`,`role_type` FROM `tp_users` WHERE ( user_id = 1 AND is_enable = 1 ) LIMIT 1   [ RunTime:0.000199s ]
SQL: SELECT `nickname`,`headimgurl` FROM `tp_users` WHERE ( user_id = 1 AND is_enable = 1 ) LIMIT 1   [ RunTime:0.000181s ]

[ 2016-12-13T10:41:30+08:00 ] 127.0.0.1 /FrontUser/my_qr_code
SQL: SHOW COLUMNS FROM `tp_config` [ RunTime:0.003049s ]
SQL: SELECT * FROM `tp_config`  [ RunTime:0.003947s ]
SQL: SELECT `user_id` FROM `tp_users` WHERE ( user_id = 1 ) LIMIT 1   [ RunTime:0.000240s ]
SQL: SHOW COLUMNS FROM `tp_config` [ RunTime:0.004052s ]
SQL: SELECT `config_value` FROM `tp_config` WHERE ( config_name= "jsapi_ticket" ) LIMIT 1   [ RunTime:0.000343s ]
SQL: SELECT `config_value` FROM `tp_config` WHERE ( config_name= "jsapi_ticket_expire_time" ) LIMIT 1   [ RunTime:0.000312s ]
SQL: SELECT `mobile`,`role_type` FROM `tp_users` WHERE ( user_id = 1 AND is_enable = 1 ) LIMIT 1   [ RunTime:0.000325s ]
SQL: SELECT `nickname`,`headimgurl` FROM `tp_users` WHERE ( user_id = 1 AND is_enable = 1 ) LIMIT 1   [ RunTime:0.000258s ]

[ 2016-12-13T10:41:35+08:00 ] 127.0.0.1 /FrontUser/my_qr_code
SQL: SHOW COLUMNS FROM `tp_config` [ RunTime:0.002863s ]
SQL: SELECT * FROM `tp_config`  [ RunTime:0.000305s ]
SQL: SELECT `user_id` FROM `tp_users` WHERE ( user_id = 1 ) LIMIT 1   [ RunTime:0.000212s ]
SQL: SHOW COLUMNS FROM `tp_config` [ RunTime:0.002754s ]
SQL: SELECT `config_value` FROM `tp_config` WHERE ( config_name= "jsapi_ticket" ) LIMIT 1   [ RunTime:0.000195s ]
SQL: SELECT `config_value` FROM `tp_config` WHERE ( config_name= "jsapi_ticket_expire_time" ) LIMIT 1   [ RunTime:0.000125s ]
SQL: SELECT `mobile`,`role_type` FROM `tp_users` WHERE ( user_id = 1 AND is_enable = 1 ) LIMIT 1   [ RunTime:0.000232s ]
SQL: SELECT `nickname`,`headimgurl` FROM `tp_users` WHERE ( user_id = 1 AND is_enable = 1 ) LIMIT 1   [ RunTime:0.000157s ]

[ 2016-12-13T10:41:36+08:00 ] 127.0.0.1 /FrontUser/my_qr_code
SQL: SHOW COLUMNS FROM `tp_config` [ RunTime:0.003063s ]
SQL: SELECT * FROM `tp_config`  [ RunTime:0.000598s ]
SQL: SELECT `user_id` FROM `tp_users` WHERE ( user_id = 1 ) LIMIT 1   [ RunTime:0.000276s ]
SQL: SHOW COLUMNS FROM `tp_config` [ RunTime:0.003995s ]
SQL: SELECT `config_value` FROM `tp_config` WHERE ( config_name= "jsapi_ticket" ) LIMIT 1   [ RunTime:0.000265s ]
SQL: SELECT `config_value` FROM `tp_config` WHERE ( config_name= "jsapi_ticket_expire_time" ) LIMIT 1   [ RunTime:0.000176s ]
SQL: SELECT `mobile`,`role_type` FROM `tp_users` WHERE ( user_id = 1 AND is_enable = 1 ) LIMIT 1   [ RunTime:0.000197s ]
SQL: SELECT `nickname`,`headimgurl` FROM `tp_users` WHERE ( user_id = 1 AND is_enable = 1 ) LIMIT 1   [ RunTime:0.000164s ]

