[ 2016-10-09T17:51:38+08:00 ] 127.0.0.1 /FrontGuess/ajax_guess_list
SQL: SHOW COLUMNS FROM `tp_config` [ RunTime:0.006420s ]
SQL: SELECT * FROM `tp_config`  [ RunTime:0.000392s ]
SQL: SELECT `user_id` FROM `tp_users` WHERE ( user_id = 39628 ) LIMIT 1   [ RunTime:0.000270s ]
SQL: SHOW COLUMNS FROM `tp_config` [ RunTime:0.002808s ]
SQL: SELECT `config_value` FROM `tp_config` WHERE ( config_name= "jsapi_ticket" ) LIMIT 1   [ RunTime:0.000184s ]
SQL: SELECT `config_value` FROM `tp_config` WHERE ( config_name= "jsapi_ticket_expire_time" ) LIMIT 1   [ RunTime:0.000102s ]
DEBUG: -----------------auto_start--------------------
SQL: SHOW COLUMNS FROM `tp_treasure` [ RunTime:0.006343s ]
SQL: SELECT * FROM `tp_treasure` WHERE ( isuse = 1 AND is_open = 0 AND open_time > 0 AND open_time <=1476006698 ) ORDER BY addtime LIMIT 5   [ RunTime:0.000475s ]
DEBUG: -----------------auto_end--------------------
DEBUG: ---------------------auto_treasure_end_time-------------
SQL: SELECT * FROM `tp_treasure` WHERE ( isuse = 1 AND is_open = 0 AND open_time = 0 AND end_time < 1476006698 ) ORDER BY addtime LIMIT 5   [ RunTime:0.000365s ]
DEBUG: ---------------------auto_treasure_end_time-------------
SQL: SHOW COLUMNS FROM `tp_roll` [ RunTime:0.006135s ]
DEBUG: -------------------open_roll start-----------------
SQL: SELECT * FROM `tp_roll` WHERE ( isuse = 1 AND is_open != 1 AND end_time < 1476006698 ) ORDER BY addtime LIMIT 5   [ RunTime:0.000333s ]
DEBUG: -------------------open_roll end-----------------
DEBUG: -----------frozen_money --start-- left_money ------------
SQL: SELECT * FROM `tp_account` WHERE ( need_opt = 1 AND opt_time > 0 AND opt_time <= 1476006698 ) ORDER BY addtime LIMIT 10   [ RunTime:0.012150s ]
DEBUG: user_id:39627
SQL: SELECT `left_money`,`frozen_money` FROM `tp_users` WHERE ( user_id = 39627 AND is_enable = 1 ) LIMIT 1   [ RunTime:0.002138s ]
DEBUG: frozen_money:81500.00
DEBUG: after_frozen_money:-16000
DEBUG: -----------frozen_money --end-- left_money ------------
SQL: SHOW COLUMNS FROM `tp_guess` [ RunTime:0.006685s ]
SQL: SELECT COUNT(*) AS tp_count FROM `tp_guess` WHERE ( isuse = 1 ) LIMIT 1   [ RunTime:0.000566s ]
SQL: SELECT COUNT(*) AS tp_count FROM `tp_guess` WHERE ( isuse = 1 AND is_over = 0 ) LIMIT 1   [ RunTime:0.000499s ]
SQL: SELECT * FROM `tp_guess` WHERE ( isuse = 1 AND start_time <= 1476006698 AND guess_type_id = 16 ) ORDER BY (case when first_field_time <= 1476006698 AND is_over = 0  then 0
                when first_field_time > "1476006698" AND  is_over = 0 then 1 
            else 2 end), over_time DESC LIMIT 24, 6   [ RunTime:0.000663s ]
SQL: SHOW COLUMNS FROM `tp_team` [ RunTime:0.002794s ]
SQL: SELECT * FROM `tp_team` WHERE ( team_id = 590 ) LIMIT 1   [ RunTime:0.003845s ]
SQL: SELECT * FROM `tp_team` WHERE ( team_id = 591 ) LIMIT 1   [ RunTime:0.000274s ]
SQL: SHOW COLUMNS FROM `tp_guess_field` [ RunTime:0.006580s ]
SQL: SELECT COUNT(*) AS tp_count FROM `tp_guess_field` WHERE ( isuse = 1 AND guess_id = 822 ) LIMIT 1   [ RunTime:0.001025s ]
SQL: SELECT * FROM `tp_team` WHERE ( team_id = 71 ) LIMIT 1   [ RunTime:0.002464s ]
SQL: SELECT * FROM `tp_team` WHERE ( team_id = 72 ) LIMIT 1   [ RunTime:0.000260s ]
SQL: SELECT COUNT(*) AS tp_count FROM `tp_guess_field` WHERE ( isuse = 1 AND guess_id = 830 ) LIMIT 1   [ RunTime:0.000657s ]
SQL: SELECT * FROM `tp_team` WHERE ( team_id = 71 ) LIMIT 1   [ RunTime:0.000191s ]
SQL: SELECT * FROM `tp_team` WHERE ( team_id = 72 ) LIMIT 1   [ RunTime:0.000147s ]
SQL: SELECT COUNT(*) AS tp_count FROM `tp_guess_field` WHERE ( isuse = 1 AND guess_id = 813 ) LIMIT 1   [ RunTime:0.000501s ]
SQL: SELECT * FROM `tp_team` WHERE ( team_id = 71 ) LIMIT 1   [ RunTime:0.000149s ]
SQL: SELECT * FROM `tp_team` WHERE ( team_id = 72 ) LIMIT 1   [ RunTime:0.000140s ]
SQL: SELECT COUNT(*) AS tp_count FROM `tp_guess_field` WHERE ( isuse = 1 AND guess_id = 817 ) LIMIT 1   [ RunTime:0.000504s ]
SQL: SELECT * FROM `tp_team` WHERE ( team_id = 587 ) LIMIT 1   [ RunTime:0.000147s ]
SQL: SELECT * FROM `tp_team` WHERE ( team_id = 588 ) LIMIT 1   [ RunTime:0.000139s ]
SQL: SELECT COUNT(*) AS tp_count FROM `tp_guess_field` WHERE ( isuse = 1 AND guess_id = 816 ) LIMIT 1   [ RunTime:0.000425s ]
SQL: SELECT * FROM `tp_team` WHERE ( team_id = 71 ) LIMIT 1   [ RunTime:0.000178s ]
SQL: SELECT * FROM `tp_team` WHERE ( team_id = 72 ) LIMIT 1   [ RunTime:0.000158s ]
SQL: SELECT COUNT(*) AS tp_count FROM `tp_guess_field` WHERE ( isuse = 1 AND guess_id = 819 ) LIMIT 1   [ RunTime:0.000426s ]
DEBUG: Array
(
    [0] => Array
        (
            [guess_id] => 822
            [guess_name] => 世界杯南美洲区预选赛#巴西VS 玻利维亚
            [host_team] => 590
            [guest_team] => 591
            [start_time] => 1475773004
            [addtime] => 1475773009
            [serial] => 10
            [isuse] => 1
            [is_over] => 1
            [host_score] => 5
            [guest_score] => 0
            [over_time] => 1475808216
            [is_start] => 0
            [alert_message] => 重复
            [guess_type_id] => 16
            [first_field_time] => 1475801100
            [bo] => 1
            [host_team_name] =>  巴西
            [host_img_path] => /Uploads/image/article/thumb/2016-10/20161007005556_53746.png
            [guest_team_name] =>  玻利维亚
            [guest_img_path] => /Uploads/image/article/thumb/2016-10/20161007005611_92079.png
            [ajax_start_time] => 10-07 08:45
            [guess_field_num] => 1
            [over] => 1
        )

    [1] => Array
        (
            [guess_id] => 830
            [guess_name] => 世界杯南美洲区预选赛#巴西VS 玻利维亚
            [host_team] => 71
            [guest_team] => 72
            [start_time] => 1475796882
            [addtime] => 1475796903
            [serial] => 11
            [isuse] => 1
            [is_over] => 1
            [host_score] => 4
            [guest_score] => 0
            [over_time] => 1475806177
            [is_start] => 0
            [alert_message] => 
            [guess_type_id] => 16
            [first_field_time] => 1475801100
            [bo] => 1
            [host_team_name] => 大于
            [host_img_path] => /Uploads/image/article/thumb/2016-09/20160914175032_68383.png
            [guest_team_name] => 小于
            [guest_img_path] => /Uploads/image/article/thumb/2016-09/20160914175046_93997.png
            [ajax_start_time] => 10-07 08:45
            [guess_field_num] => 1
            [over] => 1
        )

    [2] => Array
        (
            [guess_id] => 813
            [guess_name] => NBA#76人VS奇才
            [host_team] => 71
            [guest_team] => 72
            [start_time] => 1475770783
            [addtime] => 1475770790
            [serial] => 67
            [isuse] => 1
            [is_over] => 1
            [host_score] => 107
            [guest_score] => 104
            [over_time] => 1475806119
            [is_start] => 0
            [alert_message] => 
            [guess_type_id] => 16
            [first_field_time] => 1475794800
            [bo] => 1
            [host_team_name] => 大于
            [host_img_path] => /Uploads/image/article/thumb/2016-09/20160914175032_68383.png
            [guest_team_name] => 小于
            [guest_img_path] => /Uploads/image/article/thumb/2016-09/20160914175046_93997.png
            [ajax_start_time] => 10-07 07:00
            [guess_field_num] => 1
            [over] => 1
        )

    [3] => Array
        (
            [guess_id] => 817
            [guess_name] => NBA#篮网VS活塞
            [host_team] => 71
            [guest_team] => 72
            [start_time] => 1475772506
            [addtime] => 1475772511
            [serial] => 4
            [isuse] => 1
            [is_over] => 1
            [host_score] => 101
            [guest_score] => 94
            [over_time] => 1475806030
            [is_start] => 0
            [alert_message] => 
            [guess_type_id] => 16
            [first_field_time] => 1475796600
            [bo] => 1
            [host_team_name] => 大于
            [host_img_path] => /Uploads/image/article/thumb/2016-09/20160914175032_68383.png
            [guest_team_name] => 小于
            [guest_img_path] => /Uploads/image/article/thumb/2016-09/20160914175046_93997.png
            [ajax_start_time] => 10-07 07:30
            [guess_field_num] => 1
            [over] => 1
        )

    [4] => Array
        (
            [guess_id] => 816
            [guess_name] => NBA#篮网VS活塞
            [host_team] => 587
            [guest_team] => 588
            [start_time] => 1475772435
            [addtime] => 1475772441
            [serial] => 3
            [isuse] => 1
            [is_over] => 1
            [host_score] => 101
            [guest_score] => 94
            [over_time] => 1475805979
            [is_start] => 0
            [alert_message] => 
            [guess_type_id] => 16
            [first_field_time] => 1475796600
            [bo] => 1
            [host_team_name] =>  篮网
            [host_img_path] => /Uploads/image/article/thumb/2016-10/20161007004533_97146.png
            [guest_team_name] => 活塞
            [guest_img_path] => /Uploads/image/article/thumb/2016-10/20161007004553_83969.png
            [ajax_start_time] => 10-07 07:30
            [guess_field_num] => 1
            [over] => 1
        )

    [5] => Array
        (
            [guess_id] => 819
            [guess_name] => NBA # 黄蜂VS 凯尔特人
            [host_team] => 71
            [guest_team] => 72
            [start_time] => 1475772686
            [addtime] => 1475772694
            [serial] => 6
            [isuse] => 1
            [is_over] => 1
            [host_score] => 92
            [guest_score] => 107
            [over_time] => 1475805919
            [is_start] => 0
            [alert_message] => 
            [guess_type_id] => 16
            [first_field_time] => 1475796600
            [bo] => 1
            [host_team_name] => 大于
            [host_img_path] => /Uploads/image/article/thumb/2016-09/20160914175032_68383.png
            [guest_team_name] => 小于
            [guest_img_path] => /Uploads/image/article/thumb/2016-09/20160914175046_93997.png
            [ajax_start_time] => 10-07 07:30
            [guess_field_num] => 1
            [over] => 1
        )

)


[ 2016-10-09T18:07:36+08:00 ] 127.0.0.1 /FrontUser/personal_data
SQL: SHOW COLUMNS FROM `tp_config` [ RunTime:0.007526s ]
SQL: SELECT * FROM `tp_config`  [ RunTime:0.000480s ]
SQL: SELECT `user_id` FROM `tp_users` WHERE ( user_id = 39628 ) LIMIT 1   [ RunTime:0.000483s ]
SQL: SHOW COLUMNS FROM `tp_config` [ RunTime:0.004185s ]
SQL: SELECT `config_value` FROM `tp_config` WHERE ( config_name= "jsapi_ticket" ) LIMIT 1   [ RunTime:0.000237s ]
SQL: SELECT `config_value` FROM `tp_config` WHERE ( config_name= "jsapi_ticket_expire_time" ) LIMIT 1   [ RunTime:0.000122s ]
SQL: SHOW COLUMNS FROM `tp_config` [ RunTime:0.007087s ]
SQL: SELECT `config_value` FROM `tp_config` WHERE ( config_name= "access_token" ) LIMIT 1   [ RunTime:0.000323s ]
SQL: SELECT `config_value` FROM `tp_config` WHERE ( config_name= "access_token_expire_time" ) LIMIT 1   [ RunTime:0.000229s ]
SQL: UPDATE `tp_config` SET `config_value`='xLPCfEqSqh-INtA41sxyQ_QMobLRaf0qwoj9_q_Ll2V3BlnHFYSMisd6g8JEQTjVvL2cA3-xIrF_IZpNgFyYJtKwP5AGydszI0aDqy_X2eHHu5AZwV6ZGpzDu0n5kUWpGNCiADAAHW' WHERE ( config_name="access_token" ) [ RunTime:0.000385s ]
SQL: UPDATE `tp_config` SET `config_value`=1476014655 WHERE ( config_name="access_token_expire_time" ) [ RunTime:0.000228s ]
SQL: UPDATE `tp_config` SET `config_value`='sM4AOVdWfPE4DxkXGEs8VMkXF0G0i5AQDiP4pE-z34FgbBGwNGaMLnsTlj7KWPljzF8m5J7UIo-2wVI89XKWKA' WHERE ( config_name="jsapi_ticket" ) [ RunTime:0.000369s ]
SQL: UPDATE `tp_config` SET `config_value`=1476014655 WHERE ( config_name="jsapi_ticket_expire_time" ) [ RunTime:0.000213s ]
DEBUG: -----------------auto_start--------------------
SQL: SHOW COLUMNS FROM `tp_treasure` [ RunTime:0.007326s ]
SQL: SELECT * FROM `tp_treasure` WHERE ( isuse = 1 AND is_open = 0 AND open_time > 0 AND open_time <=1476007655 ) ORDER BY addtime LIMIT 5   [ RunTime:0.001040s ]
DEBUG: -----------------auto_end--------------------
DEBUG: ---------------------auto_treasure_end_time-------------
SQL: SELECT * FROM `tp_treasure` WHERE ( isuse = 1 AND is_open = 0 AND open_time = 0 AND end_time < 1476007655 ) ORDER BY addtime LIMIT 5   [ RunTime:0.000845s ]
DEBUG: ---------------------auto_treasure_end_time-------------
SQL: SHOW COLUMNS FROM `tp_roll` [ RunTime:0.007584s ]
DEBUG: -------------------open_roll start-----------------
SQL: SELECT * FROM `tp_roll` WHERE ( isuse = 1 AND is_open != 1 AND end_time < 1476007655 ) ORDER BY addtime LIMIT 5   [ RunTime:0.000498s ]
DEBUG: -------------------open_roll end-----------------
DEBUG: -----------frozen_money --start-- left_money ------------
SQL: SELECT * FROM `tp_account` WHERE ( need_opt = 1 AND opt_time > 0 AND opt_time <= 1476007655 ) ORDER BY addtime LIMIT 10   [ RunTime:0.018568s ]
DEBUG: user_id:39627
SQL: SELECT `left_money`,`frozen_money` FROM `tp_users` WHERE ( user_id = 39627 AND is_enable = 1 ) LIMIT 1   [ RunTime:0.002334s ]
DEBUG: frozen_money:81500.00
DEBUG: after_frozen_money:-16000
DEBUG: -----------frozen_money --end-- left_money ------------
SQL: SELECT `mobile`,`role_type` FROM `tp_users` WHERE ( user_id = 39628 AND is_enable = 1 ) LIMIT 1   [ RunTime:0.000202s ]
SQL: SELECT `nickname`,`realname`,`mobile`,`email`,`headimgurl`,`id`,`left_money`,`frozen_money`,`user_id` FROM `tp_users` WHERE ( user_id = 39628 AND is_enable = 1 ) LIMIT 1   [ RunTime:0.000253s ]

[ 2016-10-09T18:07:37+08:00 ] 127.0.0.1 /FrontUser/my_qr_code.html
SQL: SHOW COLUMNS FROM `tp_config` [ RunTime:0.006583s ]
SQL: SELECT * FROM `tp_config`  [ RunTime:0.000397s ]
SQL: SELECT `user_id` FROM `tp_users` WHERE ( user_id = 39628 ) LIMIT 1   [ RunTime:0.000296s ]
SQL: SHOW COLUMNS FROM `tp_config` [ RunTime:0.002835s ]
SQL: SELECT `config_value` FROM `tp_config` WHERE ( config_name= "jsapi_ticket" ) LIMIT 1   [ RunTime:0.000288s ]
SQL: SELECT `config_value` FROM `tp_config` WHERE ( config_name= "jsapi_ticket_expire_time" ) LIMIT 1   [ RunTime:0.000359s ]
DEBUG: -----------------auto_start--------------------
SQL: SHOW COLUMNS FROM `tp_treasure` [ RunTime:0.005167s ]
SQL: SELECT * FROM `tp_treasure` WHERE ( isuse = 1 AND is_open = 0 AND open_time > 0 AND open_time <=1476007657 ) ORDER BY addtime LIMIT 5   [ RunTime:0.000859s ]
DEBUG: -----------------auto_end--------------------
DEBUG: ---------------------auto_treasure_end_time-------------
SQL: SELECT * FROM `tp_treasure` WHERE ( isuse = 1 AND is_open = 0 AND open_time = 0 AND end_time < 1476007657 ) ORDER BY addtime LIMIT 5   [ RunTime:0.000476s ]
DEBUG: ---------------------auto_treasure_end_time-------------
SQL: SHOW COLUMNS FROM `tp_roll` [ RunTime:0.006652s ]
DEBUG: -------------------open_roll start-----------------
SQL: SELECT * FROM `tp_roll` WHERE ( isuse = 1 AND is_open != 1 AND end_time < 1476007657 ) ORDER BY addtime LIMIT 5   [ RunTime:0.000419s ]
DEBUG: -------------------open_roll end-----------------
DEBUG: -----------frozen_money --start-- left_money ------------
SQL: SELECT * FROM `tp_account` WHERE ( need_opt = 1 AND opt_time > 0 AND opt_time <= 1476007657 ) ORDER BY addtime LIMIT 10   [ RunTime:0.016657s ]
DEBUG: user_id:39627
SQL: SELECT `left_money`,`frozen_money` FROM `tp_users` WHERE ( user_id = 39627 AND is_enable = 1 ) LIMIT 1   [ RunTime:0.000277s ]
DEBUG: frozen_money:81500.00
DEBUG: after_frozen_money:-16000
DEBUG: -----------frozen_money --end-- left_money ------------
SQL: SELECT `mobile`,`role_type` FROM `tp_users` WHERE ( user_id = 39628 AND is_enable = 1 ) LIMIT 1   [ RunTime:0.000193s ]
SQL: SELECT `nickname`,`headimgurl` FROM `tp_users` WHERE ( user_id = 39628 AND is_enable = 1 ) LIMIT 1   [ RunTime:0.000190s ]

[ 2016-10-09T18:07:41+08:00 ] 127.0.0.1 /FrontUser/my_qr_code.html
SQL: SHOW COLUMNS FROM `tp_config` [ RunTime:0.002915s ]
SQL: SELECT * FROM `tp_config`  [ RunTime:0.000525s ]
SQL: SELECT `user_id` FROM `tp_users` WHERE ( user_id = 39628 ) LIMIT 1   [ RunTime:0.000336s ]
SQL: SHOW COLUMNS FROM `tp_config` [ RunTime:0.002833s ]
SQL: SELECT `config_value` FROM `tp_config` WHERE ( config_name= "jsapi_ticket" ) LIMIT 1   [ RunTime:0.000198s ]
SQL: SELECT `config_value` FROM `tp_config` WHERE ( config_name= "jsapi_ticket_expire_time" ) LIMIT 1   [ RunTime:0.000125s ]
DEBUG: -----------------auto_start--------------------
SQL: SHOW COLUMNS FROM `tp_treasure` [ RunTime:0.006047s ]
SQL: SELECT * FROM `tp_treasure` WHERE ( isuse = 1 AND is_open = 0 AND open_time > 0 AND open_time <=1476007661 ) ORDER BY addtime LIMIT 5   [ RunTime:0.000411s ]
DEBUG: -----------------auto_end--------------------
DEBUG: ---------------------auto_treasure_end_time-------------
SQL: SELECT * FROM `tp_treasure` WHERE ( isuse = 1 AND is_open = 0 AND open_time = 0 AND end_time < 1476007661 ) ORDER BY addtime LIMIT 5   [ RunTime:0.000462s ]
DEBUG: ---------------------auto_treasure_end_time-------------
SQL: SHOW COLUMNS FROM `tp_roll` [ RunTime:0.002897s ]
DEBUG: -------------------open_roll start-----------------
SQL: SELECT * FROM `tp_roll` WHERE ( isuse = 1 AND is_open != 1 AND end_time < 1476007661 ) ORDER BY addtime LIMIT 5   [ RunTime:0.000257s ]
DEBUG: -------------------open_roll end-----------------
DEBUG: -----------frozen_money --start-- left_money ------------
SQL: SELECT * FROM `tp_account` WHERE ( need_opt = 1 AND opt_time > 0 AND opt_time <= 1476007661 ) ORDER BY addtime LIMIT 10   [ RunTime:0.012641s ]
DEBUG: user_id:39627
SQL: SELECT `left_money`,`frozen_money` FROM `tp_users` WHERE ( user_id = 39627 AND is_enable = 1 ) LIMIT 1   [ RunTime:0.000209s ]
DEBUG: frozen_money:81500.00
DEBUG: after_frozen_money:-16000
DEBUG: -----------frozen_money --end-- left_money ------------
SQL: SELECT `mobile`,`role_type` FROM `tp_users` WHERE ( user_id = 39628 AND is_enable = 1 ) LIMIT 1   [ RunTime:0.000166s ]
SQL: SELECT `nickname`,`headimgurl` FROM `tp_users` WHERE ( user_id = 39628 AND is_enable = 1 ) LIMIT 1   [ RunTime:0.000143s ]

