[ 2017-03-08T10:29:46+08:00 ] 127.0.0.1 /acp
SQL: SHOW COLUMNS FROM `tp_config` [ RunTime:0.009118s ]
SQL: SELECT * FROM `tp_config`  [ RunTime:0.003352s ]

[ 2017-03-08T10:29:46+08:00 ] 127.0.0.1 /login/index/redirect/BnlXM1JmU3AHLw5sXGMHY1RiUy8GJVNuUiQDbwM7.html
SQL: SHOW COLUMNS FROM `tp_config` [ RunTime:0.002700s ]
SQL: SELECT * FROM `tp_config`  [ RunTime:0.000321s ]

[ 2017-03-08T10:29:51+08:00 ] 127.0.0.1 /login/index/redirect/BnlXM1JmU3AHLw5sXGMHY1RiUy8GJVNuUiQDbwM7.html
SQL: SHOW COLUMNS FROM `tp_config` [ RunTime:0.003008s ]
SQL: SELECT * FROM `tp_config`  [ RunTime:0.000370s ]
SQL: SHOW COLUMNS FROM `tp_users` [ RunTime:0.008399s ]
SQL: SELECT `user_id`,`username`,`role_type`,`password`,`is_enable`,`login_try_times`,`block_time`,`group_id` FROM `tp_users` WHERE ( username = 'admin@admin.com' ) LIMIT 1   [ RunTime:0.002971s ]
SQL: UPDATE `tp_users` SET `login_try_times`=0,`block_time`=0 WHERE ( user_id = 1 ) [ RunTime:0.000678s ]

[ 2017-03-08T10:29:51+08:00 ] 127.0.0.1 /acp/index.html
SQL: SHOW COLUMNS FROM `tp_config` [ RunTime:0.000979s ]
SQL: SELECT * FROM `tp_config`  [ RunTime:0.000345s ]
SQL: SHOW COLUMNS FROM `tp_users` [ RunTime:0.005612s ]
SQL: SELECT * FROM `tp_users` LEFT JOIN  tp_users_group on tp_users.group_id = tp_users_group.group_id WHERE ( tp_users.user_id = 1 )  [ RunTime:0.002623s ]
SQL: SHOW COLUMNS FROM `tp_users` [ RunTime:0.005996s ]
SQL: SELECT COUNT(*) AS tp_count FROM `tp_users` WHERE ( role_type = 3 AND reg_time > 1488902400 ) LIMIT 1   [ RunTime:0.003433s ]
SQL: SELECT COUNT(*) AS tp_count FROM `tp_users` WHERE ( role_type = 4 ) LIMIT 1   [ RunTime:0.017146s ]
SQL: SELECT COUNT(*) AS tp_count FROM `tp_order` WHERE ( addtime> 1488902400 ) LIMIT 1   [ RunTime:0.007772s ]
SQL: SELECT COUNT(*) AS tp_count FROM `tp_order` LIMIT 1   [ RunTime:0.000133s ]
SQL: SELECT `username`,`realname`,`nickname` FROM `tp_users` WHERE ( user_id=1 ) LIMIT 1   [ RunTime:0.000149s ]

[ 2017-03-08T10:29:54+08:00 ] 127.0.0.1 /AcpFinance/edit_account/mod_id/7
SQL: SHOW COLUMNS FROM `tp_config` [ RunTime:0.003044s ]
SQL: SELECT * FROM `tp_config`  [ RunTime:0.000445s ]
SQL: SHOW COLUMNS FROM `tp_users` [ RunTime:0.005600s ]
SQL: SELECT * FROM `tp_users` LEFT JOIN  tp_users_group on tp_users.group_id = tp_users_group.group_id WHERE ( tp_users.user_id = 1 )  [ RunTime:0.000430s ]
SQL: SELECT COUNT(*) AS tp_count FROM `tp_users` WHERE ( `role_type` = 3 ) AND ( `is_enable` = 1 ) LIMIT 1   [ RunTime:0.005460s ]
SQL: SELECT `id`,`nickname`,`realname`,`left_money`,`user_id` FROM `tp_users` WHERE ( `role_type` = 3 ) AND ( `is_enable` = 1 ) ORDER BY left_money DESC, user_id desc LIMIT 0, 10   [ RunTime:0.005315s ]

[ 2017-03-08T10:30:30+08:00 ] 127.0.0.1 /AcpFinance/recharge/mod_id/7
SQL: SHOW COLUMNS FROM `tp_config` [ RunTime:0.006507s ]
SQL: SELECT * FROM `tp_config`  [ RunTime:0.000635s ]
SQL: SHOW COLUMNS FROM `tp_users` [ RunTime:0.006265s ]
SQL: SELECT * FROM `tp_users` LEFT JOIN  tp_users_group on tp_users.group_id = tp_users_group.group_id WHERE ( tp_users.user_id = 1 )  [ RunTime:0.000425s ]

[ 2017-03-08T10:30:33+08:00 ] 127.0.0.1 /AcpFinance/edit_account/mod_id/7
SQL: SHOW COLUMNS FROM `tp_config` [ RunTime:0.003207s ]
SQL: SELECT * FROM `tp_config`  [ RunTime:0.000304s ]
SQL: SHOW COLUMNS FROM `tp_users` [ RunTime:0.007611s ]
SQL: SELECT * FROM `tp_users` LEFT JOIN  tp_users_group on tp_users.group_id = tp_users_group.group_id WHERE ( tp_users.user_id = 1 )  [ RunTime:0.000501s ]
SQL: SELECT COUNT(*) AS tp_count FROM `tp_users` WHERE ( `role_type` = 3 ) AND ( `is_enable` = 1 ) LIMIT 1   [ RunTime:0.005233s ]
SQL: SELECT `id`,`nickname`,`realname`,`left_money`,`user_id` FROM `tp_users` WHERE ( `role_type` = 3 ) AND ( `is_enable` = 1 ) ORDER BY left_money DESC, user_id desc LIMIT 0, 10   [ RunTime:0.005332s ]

