[ 2017-01-15T16:11:17+08:00 ] 127.0.0.1 /
SQL: SHOW COLUMNS FROM `tp_config` [ RunTime:0.024763s ]
SQL: SELECT * FROM `tp_config`  [ RunTime:0.003229s ]
SQL: SELECT `user_id` FROM `tp_users` WHERE ( user_id = 0 ) LIMIT 1   [ RunTime:0.011781s ]
SQL: SHOW COLUMNS FROM `tp_config` [ RunTime:0.003403s ]
SQL: SELECT `config_value` FROM `tp_config` WHERE ( config_name= "jsapi_ticket" ) LIMIT 1   [ RunTime:0.000239s ]
SQL: SELECT `config_value` FROM `tp_config` WHERE ( config_name= "jsapi_ticket_expire_time" ) LIMIT 1   [ RunTime:0.000123s ]
SQL: SHOW COLUMNS FROM `tp_config` [ RunTime:0.003003s ]
SQL: SELECT `config_value` FROM `tp_config` WHERE ( config_name= "access_token" ) LIMIT 1   [ RunTime:0.000201s ]
SQL: SELECT `config_value` FROM `tp_config` WHERE ( config_name= "access_token_expire_time" ) LIMIT 1   [ RunTime:0.000192s ]
SQL: UPDATE `tp_config` SET `config_value`='lrD1gvTXpIPx2jpZ_CQDUF13LjxJXQ-YERbxAjZ1Qzp5yIjm106x2MKrWqxDkE2uleDTbU4C2d7o-qhJKsxqfQmRUKAWrmbc0Hdv9pOvckzl8hALk82Xr93MrAggaSr7YVPiADAOLF' WHERE ( config_name="access_token" ) [ RunTime:0.002762s ]
SQL: UPDATE `tp_config` SET `config_value`=1484474876 WHERE ( config_name="access_token_expire_time" ) [ RunTime:0.000212s ]
SQL: UPDATE `tp_config` SET `config_value`='kgt8ON7yVITDhtdwci0qeYQAHREO0HbYL2-fFn3US2MZNq9dJrXMtsXH0Zx49Kebx07m1hYWSB2GQWTPSmFbZA' WHERE ( config_name="jsapi_ticket" ) [ RunTime:0.002775s ]
SQL: UPDATE `tp_config` SET `config_value`=1484474876 WHERE ( config_name="jsapi_ticket_expire_time" ) [ RunTime:0.000266s ]

[ 2017-01-15T16:11:17+08:00 ] 127.0.0.1 /FrontGuess/guess_index.html
SQL: SHOW COLUMNS FROM `tp_config` [ RunTime:0.002786s ]
SQL: SELECT * FROM `tp_config`  [ RunTime:0.000312s ]
SQL: SELECT `user_id` FROM `tp_users` WHERE ( user_id = 39628 ) LIMIT 1   [ RunTime:0.000391s ]
SQL: SHOW COLUMNS FROM `tp_config` [ RunTime:0.001218s ]
SQL: SELECT `config_value` FROM `tp_config` WHERE ( config_name= "jsapi_ticket" ) LIMIT 1   [ RunTime:0.000207s ]
SQL: SELECT `config_value` FROM `tp_config` WHERE ( config_name= "jsapi_ticket_expire_time" ) LIMIT 1   [ RunTime:0.000158s ]
SQL: SHOW COLUMNS FROM `tp_guess_user` [ RunTime:0.012111s ]
SQL: SELECT count(*) AS people_num,sum(add_money) AS total_money FROM `tp_guess_user` WHERE ( addtime >= 1484409600 AND addtime <= 1484496000 ) LIMIT 1   [ RunTime:0.029507s ]
SQL: SHOW COLUMNS FROM `tp_roll` [ RunTime:0.014628s ]
SQL: SELECT * FROM `tp_roll` WHERE ( isuse = 1 AND is_open = 0 AND start_time <= 1484467877 AND end_time >= 1484467877 ) LIMIT 1   [ RunTime:0.003005s ]
SQL: SELECT (sum(prize_money) - sum(add_money)) AS total_prize,`user_id` FROM `tp_guess_user` WHERE ( is_pay = 1 AND addtime >= 1483891200 AND addtime <= 1484496000 ) GROUP BY user_id HAVING total_prize > 0 ORDER BY total_prize DESC LIMIT 5   [ RunTime:0.022573s ]
SQL: SHOW COLUMNS FROM `tp_guess_type` [ RunTime:0.008906s ]
SQL: SELECT * FROM `tp_guess_type` WHERE ( isuse = 1 ) ORDER BY serial LIMIT 4   [ RunTime:0.003111s ]
SQL: SHOW COLUMNS FROM `tp_guess` [ RunTime:0.018729s ]
SQL: SELECT COUNT(*) AS tp_count FROM `tp_guess` WHERE ( guess_type_id = 14 AND is_over = 0 ) LIMIT 1   [ RunTime:0.012601s ]
SQL: SELECT COUNT(*) AS tp_count FROM `tp_guess` WHERE ( guess_type_id = 16 AND is_over = 0 ) LIMIT 1   [ RunTime:0.001397s ]
SQL: SELECT COUNT(*) AS tp_count FROM `tp_guess` WHERE ( guess_type_id = 15 AND is_over = 0 ) LIMIT 1   [ RunTime:0.001346s ]
SQL: SHOW COLUMNS FROM `tp_guess` [ RunTime:0.007064s ]
SQL: SELECT COUNT(*) AS tp_count FROM `tp_guess` WHERE ( isuse = 1 AND guess_type_id = 14 ) LIMIT 1   [ RunTime:0.001161s ]
SQL: SELECT COUNT(*) AS tp_count FROM `tp_guess` WHERE ( isuse = 1 AND guess_type_id = 14 AND is_over = 0 ) LIMIT 1   [ RunTime:0.000881s ]
SQL: SELECT * FROM `tp_guess` WHERE ( isuse = 1 AND start_time <= 1484467877 AND guess_type_id = 14 ) ORDER BY (case when first_field_time <= 1484467877 AND is_over = 0  then 0
            when first_field_time > "1484467877" AND  is_over = 0 then 1 
        else 2 end), serial LIMIT 0, 6   [ RunTime:0.007073s ]
SQL: SHOW COLUMNS FROM `tp_team` [ RunTime:0.008763s ]
SQL: SELECT * FROM `tp_team` WHERE ( team_id = 107 ) LIMIT 1   [ RunTime:0.003123s ]
SQL: SELECT * FROM `tp_team` WHERE ( team_id = 112 ) LIMIT 1   [ RunTime:0.000299s ]
SQL: SHOW COLUMNS FROM `tp_guess_field` [ RunTime:0.007812s ]
SQL: SELECT COUNT(*) AS tp_count FROM `tp_guess_field` WHERE ( isuse = 1 AND guess_id = 1792 ) LIMIT 1   [ RunTime:0.004027s ]
SQL: SELECT * FROM `tp_team` WHERE ( team_id = 109 ) LIMIT 1   [ RunTime:0.000221s ]
SQL: SELECT * FROM `tp_team` WHERE ( team_id = 77 ) LIMIT 1   [ RunTime:0.002367s ]
SQL: SELECT COUNT(*) AS tp_count FROM `tp_guess_field` WHERE ( isuse = 1 AND guess_id = 1793 ) LIMIT 1   [ RunTime:0.001364s ]
SQL: SELECT * FROM `tp_team` WHERE ( team_id = 39 ) LIMIT 1   [ RunTime:0.002309s ]
SQL: SELECT * FROM `tp_team` WHERE ( team_id = 37 ) LIMIT 1   [ RunTime:0.000381s ]
SQL: SELECT COUNT(*) AS tp_count FROM `tp_guess_field` WHERE ( isuse = 1 AND guess_id = 1794 ) LIMIT 1   [ RunTime:0.001019s ]
SQL: SELECT * FROM `tp_team` WHERE ( team_id = 102 ) LIMIT 1   [ RunTime:0.000175s ]
SQL: SELECT * FROM `tp_team` WHERE ( team_id = 67 ) LIMIT 1   [ RunTime:0.000147s ]
SQL: SELECT COUNT(*) AS tp_count FROM `tp_guess_field` WHERE ( isuse = 1 AND guess_id = 1795 ) LIMIT 1   [ RunTime:0.001145s ]
SQL: SELECT * FROM `tp_team` WHERE ( team_id = 23 ) LIMIT 1   [ RunTime:0.000219s ]
SQL: SELECT * FROM `tp_team` WHERE ( team_id = 214 ) LIMIT 1   [ RunTime:0.002462s ]
SQL: SELECT COUNT(*) AS tp_count FROM `tp_guess_field` WHERE ( isuse = 1 AND guess_id = 1796 ) LIMIT 1   [ RunTime:0.001270s ]
SQL: SELECT * FROM `tp_team` WHERE ( team_id = 109 ) LIMIT 1   [ RunTime:0.000192s ]
SQL: SELECT * FROM `tp_team` WHERE ( team_id = 360 ) LIMIT 1   [ RunTime:0.002195s ]
SQL: SELECT COUNT(*) AS tp_count FROM `tp_guess_field` WHERE ( isuse = 1 AND guess_id = 1797 ) LIMIT 1   [ RunTime:0.001628s ]
SQL: SHOW COLUMNS FROM `tp_notice` [ RunTime:0.008860s ]
SQL: SELECT `notice_id` FROM `tp_notice` WHERE ( notice_sort_id = 2 AND isuse = 1 ) ORDER BY addtime DESC LIMIT 1   [ RunTime:0.003248s ]
SQL: SHOW COLUMNS FROM `tp_notice_txt` [ RunTime:0.008928s ]
SQL: SELECT `contents` FROM `tp_notice_txt` WHERE ( notice_id=5 ) LIMIT 1   [ RunTime:0.001257s ]

[ 2017-01-15T16:11:22+08:00 ] 127.0.0.1 /acp
SQL: SHOW COLUMNS FROM `tp_config` [ RunTime:0.002842s ]
SQL: SELECT * FROM `tp_config`  [ RunTime:0.000308s ]

[ 2017-01-15T16:11:22+08:00 ] 127.0.0.1 /login/index/redirect/BnlXM1JmU3AHLw5sXGMHY1RiUy8GJVNuUiQDbwM7.html
SQL: SHOW COLUMNS FROM `tp_config` [ RunTime:0.006412s ]
SQL: SELECT * FROM `tp_config`  [ RunTime:0.000466s ]

[ 2017-01-15T16:11:31+08:00 ] 127.0.0.1 /login/index/redirect/BnlXM1JmU3AHLw5sXGMHY1RiUy8GJVNuUiQDbwM7.html
SQL: SHOW COLUMNS FROM `tp_config` [ RunTime:0.003651s ]
SQL: SELECT * FROM `tp_config`  [ RunTime:0.000310s ]
SQL: SHOW COLUMNS FROM `tp_users` [ RunTime:0.006738s ]
SQL: SELECT `user_id`,`username`,`role_type`,`password`,`is_enable`,`login_try_times`,`block_time`,`group_id` FROM `tp_users` WHERE ( username = 'admin@admin.com' ) LIMIT 1   [ RunTime:0.003977s ]
SQL: UPDATE `tp_users` SET `login_try_times`=0,`block_time`=0 WHERE ( user_id = 1 ) [ RunTime:0.000205s ]

[ 2017-01-15T16:11:31+08:00 ] 127.0.0.1 /acp/index.html
SQL: SHOW COLUMNS FROM `tp_config` [ RunTime:0.005554s ]
SQL: SELECT * FROM `tp_config`  [ RunTime:0.000317s ]
SQL: SHOW COLUMNS FROM `tp_users` [ RunTime:0.002413s ]
SQL: SELECT * FROM `tp_users` LEFT JOIN  tp_users_group on tp_users.group_id = tp_users_group.group_id WHERE ( tp_users.user_id = 1 )  [ RunTime:0.015041s ]
SQL: SHOW COLUMNS FROM `tp_users` [ RunTime:0.007415s ]
SQL: SELECT COUNT(*) AS tp_count FROM `tp_users` WHERE ( role_type = 3 AND reg_time > 1484409600 ) LIMIT 1   [ RunTime:0.006306s ]
SQL: SELECT COUNT(*) AS tp_count FROM `tp_users` WHERE ( role_type = 4 ) LIMIT 1   [ RunTime:0.020007s ]
SQL: SELECT COUNT(*) AS tp_count FROM `tp_order` WHERE ( addtime> 1484409600 ) LIMIT 1   [ RunTime:0.007711s ]
SQL: SELECT COUNT(*) AS tp_count FROM `tp_order` LIMIT 1   [ RunTime:0.000131s ]
SQL: SELECT `username`,`realname`,`nickname` FROM `tp_users` WHERE ( user_id=1 ) LIMIT 1   [ RunTime:0.000205s ]

[ 2017-01-15T16:11:41+08:00 ] 127.0.0.1 /AcpPayment/list_payment/mod_id/0
SQL: SHOW COLUMNS FROM `tp_config` [ RunTime:0.002955s ]
SQL: SELECT * FROM `tp_config`  [ RunTime:0.000442s ]
SQL: SHOW COLUMNS FROM `tp_users` [ RunTime:0.007106s ]
SQL: SELECT * FROM `tp_users` LEFT JOIN  tp_users_group on tp_users.group_id = tp_users_group.group_id WHERE ( tp_users.user_id = 1 )  [ RunTime:0.000367s ]
SQL: SELECT * FROM `tp_payway` WHERE ( isuse = 1 AND pay_tag <> 'cardpay' )  [ RunTime:0.011517s ]
SQL: SHOW COLUMNS FROM `tp_member_card` [ RunTime:0.007610s ]
SQL: SELECT * FROM `tp_member_card` WHERE ( is_deposited = 1 AND user_id = 1 AND isuse = 1 )  [ RunTime:0.000352s ]

[ 2017-01-15T16:11:43+08:00 ] 127.0.0.1 /AcpPayment/set_wxpay
SQL: SHOW COLUMNS FROM `tp_config` [ RunTime:0.002984s ]
SQL: SELECT * FROM `tp_config`  [ RunTime:0.000367s ]
SQL: SHOW COLUMNS FROM `tp_users` [ RunTime:0.002493s ]
SQL: SELECT * FROM `tp_users` LEFT JOIN  tp_users_group on tp_users.group_id = tp_users_group.group_id WHERE ( tp_users.user_id = 1 )  [ RunTime:0.000372s ]
SQL: SELECT * FROM `tp_payway` WHERE ( pay_tag = "wxpay" ) LIMIT 1   [ RunTime:0.000255s ]

[ 2017-01-15T16:11:49+08:00 ] 127.0.0.1 /AcpPayment/set_wxpay
SQL: SHOW COLUMNS FROM `tp_config` [ RunTime:0.002906s ]
SQL: SELECT * FROM `tp_config`  [ RunTime:0.000300s ]
SQL: SHOW COLUMNS FROM `tp_users` [ RunTime:0.004552s ]
SQL: SELECT * FROM `tp_users` LEFT JOIN  tp_users_group on tp_users.group_id = tp_users_group.group_id WHERE ( tp_users.user_id = 1 )  [ RunTime:0.000314s ]
SQL: SELECT * FROM `tp_payway` WHERE ( pay_tag = "wxpay" ) LIMIT 1   [ RunTime:0.000224s ]

[ 2017-01-15T16:11:56+08:00 ] 127.0.0.1 /AcpPayment/set_wxpay
SQL: SHOW COLUMNS FROM `tp_config` [ RunTime:0.008856s ]
SQL: SELECT * FROM `tp_config`  [ RunTime:0.000527s ]
SQL: SHOW COLUMNS FROM `tp_users` [ RunTime:0.006334s ]
SQL: SELECT * FROM `tp_users` LEFT JOIN  tp_users_group on tp_users.group_id = tp_users_group.group_id WHERE ( tp_users.user_id = 1 )  [ RunTime:0.000502s ]
SQL: SELECT * FROM `tp_payway` WHERE ( pay_tag = "wxpay" ) LIMIT 1   [ RunTime:0.000295s ]

