[ 2017-03-10T19:47:04+08:00 ] 127.0.0.1 /
SQL: SHOW COLUMNS FROM `tp_config` [ RunTime:0.026937s ]
SQL: SELECT * FROM `tp_config`  [ RunTime:0.003936s ]
SQL: SELECT `user_id` FROM `tp_users` WHERE ( user_id = 1 ) LIMIT 1   [ RunTime:0.006118s ]
SQL: SHOW COLUMNS FROM `tp_config` [ RunTime:0.007697s ]
SQL: SELECT `config_value` FROM `tp_config` WHERE ( config_name= "jsapi_ticket" ) LIMIT 1   [ RunTime:0.004187s ]
SQL: SELECT `config_value` FROM `tp_config` WHERE ( config_name= "jsapi_ticket_expire_time" ) LIMIT 1   [ RunTime:0.000417s ]
SQL: SHOW COLUMNS FROM `tp_config` [ RunTime:0.011444s ]
SQL: SELECT `config_value` FROM `tp_config` WHERE ( config_name= "access_token" ) LIMIT 1   [ RunTime:0.000367s ]
SQL: SELECT `config_value` FROM `tp_config` WHERE ( config_name= "access_token_expire_time" ) LIMIT 1   [ RunTime:0.000308s ]
SQL: UPDATE `tp_config` SET `config_value`='OP2a23bCEiwRvtzOSPycUTb6l1oB4aU50Vd03LYPTMEr6bE57zlHzL2MTeFMb38FlI8S-NzVGKfdhZA5MmFh9j03c37oY_2-nL5kfM4zsJwMf0HACbdSfEcol44MnlRxXLOcADAKYB' WHERE ( config_name="access_token" ) [ RunTime:0.002703s ]
SQL: UPDATE `tp_config` SET `config_value`=1489153423 WHERE ( config_name="access_token_expire_time" ) [ RunTime:0.000310s ]
SQL: UPDATE `tp_config` SET `config_value`='kgt8ON7yVITDhtdwci0qeYQAHREO0HbYL2-fFn3US2PII5APwylsfvk8VkesD9-WA_WzBvQDS4B3OS44mULlsA' WHERE ( config_name="jsapi_ticket" ) [ RunTime:0.000443s ]
SQL: UPDATE `tp_config` SET `config_value`=1489153423 WHERE ( config_name="jsapi_ticket_expire_time" ) [ RunTime:0.000252s ]

[ 2017-03-10T19:47:04+08:00 ] 127.0.0.1 /FrontGuess/guess_index.html
SQL: SHOW COLUMNS FROM `tp_config` [ RunTime:0.011708s ]
SQL: SELECT * FROM `tp_config`  [ RunTime:0.000562s ]
SQL: SELECT `user_id` FROM `tp_users` WHERE ( user_id = 1 ) LIMIT 1   [ RunTime:0.000272s ]
SQL: SHOW COLUMNS FROM `tp_config` [ RunTime:0.006330s ]
SQL: SELECT `config_value` FROM `tp_config` WHERE ( config_name= "jsapi_ticket" ) LIMIT 1   [ RunTime:0.000257s ]
SQL: SELECT `config_value` FROM `tp_config` WHERE ( config_name= "jsapi_ticket_expire_time" ) LIMIT 1   [ RunTime:0.000226s ]
SQL: SHOW COLUMNS FROM `tp_guess_user` [ RunTime:0.039617s ]
SQL: SELECT count(*) AS people_num,sum(add_money) AS total_money FROM `tp_guess_user` WHERE ( addtime >= 1489075200 AND addtime <= 1489161600 ) LIMIT 1   [ RunTime:0.027995s ]
SQL: SHOW COLUMNS FROM `tp_roll` [ RunTime:0.008463s ]
SQL: SELECT * FROM `tp_roll` WHERE ( isuse = 1 AND is_open = 0 AND start_time <= 1489146424 AND end_time >= 1489146424 ) LIMIT 1   [ RunTime:0.003113s ]
SQL: SELECT (sum(prize_money) - sum(add_money)) AS total_prize,`user_id` FROM `tp_guess_user` WHERE ( open_time != 0 AND is_pay = 1 AND addtime >= 1488729600 AND addtime <= 1489334400 ) GROUP BY user_id HAVING total_prize > 0 ORDER BY total_prize DESC LIMIT 5   [ RunTime:0.015442s ]
SQL: SHOW COLUMNS FROM `tp_guess_type` [ RunTime:0.007989s ]
SQL: SELECT * FROM `tp_guess_type` WHERE ( isuse = 1 ) ORDER BY serial LIMIT 4   [ RunTime:0.003290s ]
SQL: SHOW COLUMNS FROM `tp_guess` [ RunTime:0.013386s ]
SQL: SELECT COUNT(*) AS tp_count FROM `tp_guess` WHERE ( guess_type_id = 14 AND is_over = 0 ) LIMIT 1   [ RunTime:0.004313s ]
SQL: SELECT COUNT(*) AS tp_count FROM `tp_guess` WHERE ( guess_type_id = 16 AND is_over = 0 ) LIMIT 1   [ RunTime:0.000879s ]
SQL: SELECT COUNT(*) AS tp_count FROM `tp_guess` WHERE ( guess_type_id = 15 AND is_over = 0 ) LIMIT 1   [ RunTime:0.000710s ]
SQL: SHOW COLUMNS FROM `tp_guess` [ RunTime:0.006672s ]
SQL: SELECT COUNT(*) AS tp_count FROM `tp_guess` WHERE ( isuse = 1 AND guess_type_id = 14 ) LIMIT 1   [ RunTime:0.001417s ]
SQL: SELECT COUNT(*) AS tp_count FROM `tp_guess` WHERE ( isuse = 1 AND guess_type_id = 14 AND is_over = 0 ) LIMIT 1   [ RunTime:0.001097s ]
SQL: SELECT * FROM `tp_guess` WHERE ( isuse = 1 AND start_time <= 1489146424 AND guess_type_id = 14 ) ORDER BY (case when first_field_time <= 1489146424 AND is_over = 0  then 0
            when first_field_time > "1489146424" AND  is_over = 0 then 1 
        else 2 end), serial LIMIT 0, 6   [ RunTime:0.001658s ]
SQL: SHOW COLUMNS FROM `tp_team` [ RunTime:0.005122s ]
SQL: SELECT * FROM `tp_team` WHERE ( team_id = 10 ) LIMIT 1   [ RunTime:0.007064s ]
SQL: SELECT * FROM `tp_team` WHERE ( team_id = 14 ) LIMIT 1   [ RunTime:0.000209s ]
SQL: SHOW COLUMNS FROM `tp_guess_field` [ RunTime:0.007740s ]
SQL: SELECT COUNT(*) AS tp_count FROM `tp_guess_field` WHERE ( isuse = 1 AND guess_id = 1808 ) LIMIT 1   [ RunTime:0.004657s ]
SQL: SELECT * FROM `tp_team` WHERE ( team_id = 107 ) LIMIT 1   [ RunTime:0.002379s ]
SQL: SELECT * FROM `tp_team` WHERE ( team_id = 112 ) LIMIT 1   [ RunTime:0.000227s ]
SQL: SELECT COUNT(*) AS tp_count FROM `tp_guess_field` WHERE ( isuse = 1 AND guess_id = 1792 ) LIMIT 1   [ RunTime:0.001321s ]
SQL: SELECT * FROM `tp_team` WHERE ( team_id = 109 ) LIMIT 1   [ RunTime:0.000156s ]
SQL: SELECT * FROM `tp_team` WHERE ( team_id = 77 ) LIMIT 1   [ RunTime:0.004857s ]
SQL: SELECT COUNT(*) AS tp_count FROM `tp_guess_field` WHERE ( isuse = 1 AND guess_id = 1793 ) LIMIT 1   [ RunTime:0.001449s ]
SQL: SELECT * FROM `tp_team` WHERE ( team_id = 39 ) LIMIT 1   [ RunTime:0.000229s ]
SQL: SELECT * FROM `tp_team` WHERE ( team_id = 37 ) LIMIT 1   [ RunTime:0.000208s ]
SQL: SELECT COUNT(*) AS tp_count FROM `tp_guess_field` WHERE ( isuse = 1 AND guess_id = 1794 ) LIMIT 1   [ RunTime:0.001338s ]
SQL: SELECT * FROM `tp_team` WHERE ( team_id = 102 ) LIMIT 1   [ RunTime:0.000197s ]
SQL: SELECT * FROM `tp_team` WHERE ( team_id = 67 ) LIMIT 1   [ RunTime:0.000149s ]
SQL: SELECT COUNT(*) AS tp_count FROM `tp_guess_field` WHERE ( isuse = 1 AND guess_id = 1795 ) LIMIT 1   [ RunTime:0.001309s ]
SQL: SELECT * FROM `tp_team` WHERE ( team_id = 23 ) LIMIT 1   [ RunTime:0.000313s ]
SQL: SELECT * FROM `tp_team` WHERE ( team_id = 214 ) LIMIT 1   [ RunTime:0.002541s ]
SQL: SELECT COUNT(*) AS tp_count FROM `tp_guess_field` WHERE ( isuse = 1 AND guess_id = 1796 ) LIMIT 1   [ RunTime:0.001180s ]
SQL: SHOW COLUMNS FROM `tp_notice` [ RunTime:0.008082s ]
SQL: SELECT `notice_id` FROM `tp_notice` WHERE ( notice_sort_id = 2 AND isuse = 1 ) ORDER BY addtime DESC LIMIT 1   [ RunTime:0.003125s ]
SQL: SHOW COLUMNS FROM `tp_notice_txt` [ RunTime:0.005307s ]
SQL: SELECT `contents` FROM `tp_notice_txt` WHERE ( notice_id=5 ) LIMIT 1   [ RunTime:0.003346s ]

[ 2017-03-10T19:47:10+08:00 ] 127.0.0.1 /FrontUser/personal_data
SQL: SHOW COLUMNS FROM `tp_config` [ RunTime:0.002874s ]
SQL: SELECT * FROM `tp_config`  [ RunTime:0.000383s ]
SQL: SELECT `user_id` FROM `tp_users` WHERE ( user_id = 1 ) LIMIT 1   [ RunTime:0.000344s ]
SQL: SHOW COLUMNS FROM `tp_config` [ RunTime:0.002975s ]
SQL: SELECT `config_value` FROM `tp_config` WHERE ( config_name= "jsapi_ticket" ) LIMIT 1   [ RunTime:0.000378s ]
SQL: SELECT `config_value` FROM `tp_config` WHERE ( config_name= "jsapi_ticket_expire_time" ) LIMIT 1   [ RunTime:0.000124s ]
SQL: SELECT `mobile`,`role_type` FROM `tp_users` WHERE ( user_id = 1 AND is_enable = 1 ) LIMIT 1   [ RunTime:0.002208s ]
SQL: SELECT `nickname`,`realname`,`mobile`,`email`,`headimgurl`,`id`,`left_money`,`frozen_money`,`user_id` FROM `tp_users` WHERE ( user_id = 1 AND is_enable = 1 ) LIMIT 1   [ RunTime:0.003378s ]

[ 2017-03-10T19:47:15+08:00 ] 127.0.0.1 /FrontMall/mall.html
SQL: SHOW COLUMNS FROM `tp_config` [ RunTime:0.006331s ]
SQL: SELECT * FROM `tp_config`  [ RunTime:0.000790s ]
SQL: SELECT `user_id` FROM `tp_users` WHERE ( user_id = 1 ) LIMIT 1   [ RunTime:0.000242s ]
SQL: SHOW COLUMNS FROM `tp_config` [ RunTime:0.002962s ]
SQL: SELECT `config_value` FROM `tp_config` WHERE ( config_name= "jsapi_ticket" ) LIMIT 1   [ RunTime:0.000187s ]
SQL: SELECT `config_value` FROM `tp_config` WHERE ( config_name= "jsapi_ticket_expire_time" ) LIMIT 1   [ RunTime:0.000140s ]
SQL: SHOW COLUMNS FROM `tp_cust_flash` [ RunTime:0.004502s ]
SQL: SELECT * FROM `tp_cust_flash` WHERE ( isuse = 1 ) ORDER BY serial  [ RunTime:0.003307s ]
SQL: SHOW COLUMNS FROM `tp_class` [ RunTime:0.005161s ]
SQL: SELECT * FROM `tp_class` ORDER BY serial  [ RunTime:0.003298s ]
SQL: SHOW COLUMNS FROM `tp_item` [ RunTime:0.007817s ]
SQL: SELECT * FROM `tp_item` WHERE ( class_id = 1 AND isuse = 1 AND stock > 0 ) ORDER BY serial LIMIT 4   [ RunTime:0.003516s ]
SQL: SHOW COLUMNS FROM `tp_order_item` [ RunTime:0.004724s ]
SQL: SELECT COUNT(*) AS tp_count FROM `tp_order_item` WHERE ( item_id = 161 ) LIMIT 1   [ RunTime:0.003246s ]
SQL: SELECT COUNT(*) AS tp_count FROM `tp_order_item` WHERE ( item_id = 66 ) LIMIT 1   [ RunTime:0.003328s ]
SQL: SELECT COUNT(*) AS tp_count FROM `tp_order_item` WHERE ( item_id = 154 ) LIMIT 1   [ RunTime:0.000214s ]
SQL: SELECT COUNT(*) AS tp_count FROM `tp_order_item` WHERE ( item_id = 65 ) LIMIT 1   [ RunTime:0.000159s ]
SQL: SELECT * FROM `tp_item` WHERE ( class_id = 2 AND isuse = 1 AND stock > 0 ) ORDER BY serial LIMIT 4   [ RunTime:0.000338s ]
SQL: SELECT COUNT(*) AS tp_count FROM `tp_order_item` WHERE ( item_id = 101 ) LIMIT 1   [ RunTime:0.000170s ]
SQL: SELECT COUNT(*) AS tp_count FROM `tp_order_item` WHERE ( item_id = 100 ) LIMIT 1   [ RunTime:0.000144s ]
SQL: SELECT COUNT(*) AS tp_count FROM `tp_order_item` WHERE ( item_id = 103 ) LIMIT 1   [ RunTime:0.000124s ]
SQL: SELECT COUNT(*) AS tp_count FROM `tp_order_item` WHERE ( item_id = 104 ) LIMIT 1   [ RunTime:0.000121s ]
SQL: SELECT * FROM `tp_item` WHERE ( class_id = 3 AND isuse = 1 AND stock > 0 ) ORDER BY serial LIMIT 4   [ RunTime:0.000336s ]
SQL: SELECT COUNT(*) AS tp_count FROM `tp_order_item` WHERE ( item_id = 90 ) LIMIT 1   [ RunTime:0.000147s ]
SQL: SELECT COUNT(*) AS tp_count FROM `tp_order_item` WHERE ( item_id = 83 ) LIMIT 1   [ RunTime:0.000130s ]
SQL: SELECT COUNT(*) AS tp_count FROM `tp_order_item` WHERE ( item_id = 84 ) LIMIT 1   [ RunTime:0.000125s ]
SQL: SELECT COUNT(*) AS tp_count FROM `tp_order_item` WHERE ( item_id = 85 ) LIMIT 1   [ RunTime:0.000125s ]
SQL: SELECT * FROM `tp_item` WHERE ( class_id = 4 AND isuse = 1 AND stock > 0 ) ORDER BY serial LIMIT 4   [ RunTime:0.000319s ]
SQL: SELECT COUNT(*) AS tp_count FROM `tp_order_item` WHERE ( item_id = 122 ) LIMIT 1   [ RunTime:0.000157s ]
SQL: SELECT COUNT(*) AS tp_count FROM `tp_order_item` WHERE ( item_id = 123 ) LIMIT 1   [ RunTime:0.000135s ]
SQL: SELECT COUNT(*) AS tp_count FROM `tp_order_item` WHERE ( item_id = 124 ) LIMIT 1   [ RunTime:0.000128s ]
SQL: SELECT COUNT(*) AS tp_count FROM `tp_order_item` WHERE ( item_id = 125 ) LIMIT 1   [ RunTime:0.000122s ]
SQL: SHOW COLUMNS FROM `tp_notice` [ RunTime:0.002790s ]
SQL: SELECT `notice_id` FROM `tp_notice` WHERE ( notice_sort_id = 1 AND isuse = 1 ) ORDER BY addtime DESC LIMIT 1   [ RunTime:0.000211s ]
SQL: SHOW COLUMNS FROM `tp_notice_txt` [ RunTime:0.003353s ]
SQL: SELECT `contents` FROM `tp_notice_txt` WHERE ( notice_id=4 ) LIMIT 1   [ RunTime:0.000203s ]

[ 2017-03-10T19:47:22+08:00 ] 127.0.0.1 /FrontTreasure/treasure_index.html
SQL: SHOW COLUMNS FROM `tp_config` [ RunTime:0.002946s ]
SQL: SELECT * FROM `tp_config`  [ RunTime:0.000331s ]
SQL: SELECT `user_id` FROM `tp_users` WHERE ( user_id = 1 ) LIMIT 1   [ RunTime:0.000357s ]
SQL: SHOW COLUMNS FROM `tp_config` [ RunTime:0.003065s ]
SQL: SELECT `config_value` FROM `tp_config` WHERE ( config_name= "jsapi_ticket" ) LIMIT 1   [ RunTime:0.000187s ]
SQL: SELECT `config_value` FROM `tp_config` WHERE ( config_name= "jsapi_ticket_expire_time" ) LIMIT 1   [ RunTime:0.000120s ]
SQL: SHOW COLUMNS FROM `tp_treasure` [ RunTime:0.004429s ]
SQL: SELECT * FROM `tp_treasure` WHERE ( isuse = 1 AND start_time <= 1489146440 AND end_time >= 1489146440 AND is_open = 0 AND is_fuli = 0 ) ORDER BY prop_deg DESC, serial LIMIT 30   [ RunTime:0.003581s ]
SQL: SELECT * FROM `tp_treasure` WHERE ( isuse = 1 AND start_time <= 1489146440 AND end_time >= 1489146440 AND is_open = 0 AND is_fuli = 1 ) ORDER BY prop_deg DESC, serial LIMIT 30   [ RunTime:0.000431s ]
SQL: SHOW COLUMNS FROM `tp_draw_prize` [ RunTime:0.008145s ]
SQL: SELECT * FROM `tp_draw_prize` WHERE ( isuse = 1 ) ORDER BY addtime DESC LIMIT 30   [ RunTime:0.003161s ]
SQL: SHOW COLUMNS FROM `tp_users` [ RunTime:0.007036s ]
SQL: SELECT `nickname`,`headimgurl` FROM `tp_users` WHERE ( user_id = 40164 ) LIMIT 1   [ RunTime:0.002785s ]
SQL: SHOW COLUMNS FROM `tp_prize` [ RunTime:0.004632s ]
SQL: SELECT `prize_name`,`img_path` FROM `tp_prize` WHERE ( prize_id = 36 ) LIMIT 1   [ RunTime:0.000797s ]
SQL: SHOW COLUMNS FROM `tp_treasure` [ RunTime:0.004182s ]
SQL: SELECT `periods`,`total_person_times` FROM `tp_treasure` WHERE ( treasure_id = 292 ) LIMIT 1   [ RunTime:0.003847s ]
SQL: SHOW COLUMNS FROM `tp_treasure_user` [ RunTime:0.005673s ]
SQL: SELECT COUNT(*) AS tp_count FROM `tp_treasure_user` WHERE ( user_id = 40164 AND treasure_id = 292 ) LIMIT 1   [ RunTime:0.018624s ]
SQL: SELECT * FROM `tp_treasure_user` WHERE ( treasure_user_id = 44890 ) LIMIT 1   [ RunTime:0.003838s ]
SQL: SHOW COLUMNS FROM `tp_game` [ RunTime:0.008414s ]
SQL: SELECT `game_name` FROM `tp_game` WHERE ( game_id = 17 ) LIMIT 1   [ RunTime:0.001040s ]
SQL: SELECT `nickname`,`headimgurl` FROM `tp_users` WHERE ( user_id = 41775 ) LIMIT 1   [ RunTime:0.000607s ]
SQL: SELECT `prize_name`,`img_path` FROM `tp_prize` WHERE ( prize_id = 49 ) LIMIT 1   [ RunTime:0.000331s ]
SQL: SELECT `periods`,`total_person_times` FROM `tp_treasure` WHERE ( treasure_id = 296 ) LIMIT 1   [ RunTime:0.000262s ]
SQL: SELECT COUNT(*) AS tp_count FROM `tp_treasure_user` WHERE ( user_id = 41775 AND treasure_id = 296 ) LIMIT 1   [ RunTime:0.004638s ]
SQL: SELECT * FROM `tp_treasure_user` WHERE ( treasure_user_id = 45132 ) LIMIT 1   [ RunTime:0.000240s ]
SQL: SELECT `game_name` FROM `tp_game` WHERE ( game_id = 17 ) LIMIT 1   [ RunTime:0.000144s ]
SQL: SELECT `nickname`,`headimgurl` FROM `tp_users` WHERE ( user_id = 41775 ) LIMIT 1   [ RunTime:0.000126s ]
SQL: SELECT `prize_name`,`img_path` FROM `tp_prize` WHERE ( prize_id = 30 ) LIMIT 1   [ RunTime:0.000116s ]
SQL: SELECT `periods`,`total_person_times` FROM `tp_treasure` WHERE ( treasure_id = 295 ) LIMIT 1   [ RunTime:0.000114s ]
SQL: SELECT COUNT(*) AS tp_count FROM `tp_treasure_user` WHERE ( user_id = 41775 AND treasure_id = 295 ) LIMIT 1   [ RunTime:0.003677s ]
SQL: SELECT * FROM `tp_treasure_user` WHERE ( treasure_user_id = 45055 ) LIMIT 1   [ RunTime:0.003431s ]
SQL: SELECT `game_name` FROM `tp_game` WHERE ( game_id = 17 ) LIMIT 1   [ RunTime:0.000249s ]
SQL: SELECT `nickname`,`headimgurl` FROM `tp_users` WHERE ( user_id = 42023 ) LIMIT 1   [ RunTime:0.003062s ]
SQL: SELECT `prize_name`,`img_path` FROM `tp_prize` WHERE ( prize_id = 21 ) LIMIT 1   [ RunTime:0.000163s ]
SQL: SELECT `periods`,`total_person_times` FROM `tp_treasure` WHERE ( treasure_id = 293 ) LIMIT 1   [ RunTime:0.000117s ]
SQL: SELECT COUNT(*) AS tp_count FROM `tp_treasure_user` WHERE ( user_id = 42023 AND treasure_id = 293 ) LIMIT 1   [ RunTime:0.005601s ]
SQL: SELECT * FROM `tp_treasure_user` WHERE ( treasure_user_id = 44623 ) LIMIT 1   [ RunTime:0.003148s ]
SQL: SELECT `game_name` FROM `tp_game` WHERE ( game_id = 17 ) LIMIT 1   [ RunTime:0.000189s ]
SQL: SELECT `nickname`,`headimgurl` FROM `tp_users` WHERE ( user_id = 41775 ) LIMIT 1   [ RunTime:0.000150s ]
SQL: SELECT `prize_name`,`img_path` FROM `tp_prize` WHERE ( prize_id = 52 ) LIMIT 1   [ RunTime:0.000117s ]
SQL: SELECT `periods`,`total_person_times` FROM `tp_treasure` WHERE ( treasure_id = 284 ) LIMIT 1   [ RunTime:0.000117s ]
SQL: SELECT COUNT(*) AS tp_count FROM `tp_treasure_user` WHERE ( user_id = 41775 AND treasure_id = 284 ) LIMIT 1   [ RunTime:0.004078s ]
SQL: SELECT * FROM `tp_treasure_user` WHERE ( treasure_user_id = 44785 ) LIMIT 1   [ RunTime:0.003304s ]
SQL: SELECT `game_name` FROM `tp_game` WHERE ( game_id = 17 ) LIMIT 1   [ RunTime:0.000146s ]
SQL: SELECT `nickname`,`headimgurl` FROM `tp_users` WHERE ( user_id = 45214 ) LIMIT 1   [ RunTime:0.003410s ]
SQL: SELECT `prize_name`,`img_path` FROM `tp_prize` WHERE ( prize_id = 24 ) LIMIT 1   [ RunTime:0.000300s ]
SQL: SELECT `periods`,`total_person_times` FROM `tp_treasure` WHERE ( treasure_id = 291 ) LIMIT 1   [ RunTime:0.000240s ]
SQL: SELECT COUNT(*) AS tp_count FROM `tp_treasure_user` WHERE ( user_id = 45214 AND treasure_id = 291 ) LIMIT 1   [ RunTime:0.003087s ]
SQL: SELECT * FROM `tp_treasure_user` WHERE ( treasure_user_id = 44807 ) LIMIT 1   [ RunTime:0.000271s ]
SQL: SELECT `game_name` FROM `tp_game` WHERE ( game_id = 17 ) LIMIT 1   [ RunTime:0.000163s ]
SQL: SELECT `nickname`,`headimgurl` FROM `tp_users` WHERE ( user_id = 42372 ) LIMIT 1   [ RunTime:0.002577s ]
SQL: SELECT `prize_name`,`img_path` FROM `tp_prize` WHERE ( prize_id = 38 ) LIMIT 1   [ RunTime:0.000364s ]
SQL: SELECT `periods`,`total_person_times` FROM `tp_treasure` WHERE ( treasure_id = 290 ) LIMIT 1   [ RunTime:0.000201s ]
SQL: SELECT COUNT(*) AS tp_count FROM `tp_treasure_user` WHERE ( user_id = 42372 AND treasure_id = 290 ) LIMIT 1   [ RunTime:0.000317s ]
SQL: SELECT * FROM `tp_treasure_user` WHERE ( treasure_user_id = 44507 ) LIMIT 1   [ RunTime:0.002214s ]
SQL: SELECT `game_name` FROM `tp_game` WHERE ( game_id = 17 ) LIMIT 1   [ RunTime:0.000143s ]
SQL: SELECT `nickname`,`headimgurl` FROM `tp_users` WHERE ( user_id = 40879 ) LIMIT 1   [ RunTime:0.003360s ]
SQL: SELECT `prize_name`,`img_path` FROM `tp_prize` WHERE ( prize_id = 31 ) LIMIT 1   [ RunTime:0.000154s ]
SQL: SELECT `periods`,`total_person_times` FROM `tp_treasure` WHERE ( treasure_id = 289 ) LIMIT 1   [ RunTime:0.000125s ]
SQL: SELECT COUNT(*) AS tp_count FROM `tp_treasure_user` WHERE ( user_id = 40879 AND treasure_id = 289 ) LIMIT 1   [ RunTime:0.004238s ]
SQL: SELECT * FROM `tp_treasure_user` WHERE ( treasure_user_id = 44505 ) LIMIT 1   [ RunTime:0.000228s ]
SQL: SELECT `game_name` FROM `tp_game` WHERE ( game_id = 17 ) LIMIT 1   [ RunTime:0.000131s ]
SQL: SELECT `nickname`,`headimgurl` FROM `tp_users` WHERE ( user_id = 40672 ) LIMIT 1   [ RunTime:0.002585s ]
SQL: SELECT `prize_name`,`img_path` FROM `tp_prize` WHERE ( prize_id = 21 ) LIMIT 1   [ RunTime:0.000162s ]
SQL: SELECT `periods`,`total_person_times` FROM `tp_treasure` WHERE ( treasure_id = 286 ) LIMIT 1   [ RunTime:0.000128s ]
SQL: SELECT COUNT(*) AS tp_count FROM `tp_treasure_user` WHERE ( user_id = 40672 AND treasure_id = 286 ) LIMIT 1   [ RunTime:0.003935s ]
SQL: SELECT * FROM `tp_treasure_user` WHERE ( treasure_user_id = 44330 ) LIMIT 1   [ RunTime:0.003845s ]
SQL: SELECT `game_name` FROM `tp_game` WHERE ( game_id = 17 ) LIMIT 1   [ RunTime:0.000206s ]
SQL: SELECT `nickname`,`headimgurl` FROM `tp_users` WHERE ( user_id = 40382 ) LIMIT 1   [ RunTime:0.003678s ]
SQL: SELECT `prize_name`,`img_path` FROM `tp_prize` WHERE ( prize_id = 36 ) LIMIT 1   [ RunTime:0.000198s ]
SQL: SELECT `periods`,`total_person_times` FROM `tp_treasure` WHERE ( treasure_id = 288 ) LIMIT 1   [ RunTime:0.000167s ]
SQL: SELECT COUNT(*) AS tp_count FROM `tp_treasure_user` WHERE ( user_id = 40382 AND treasure_id = 288 ) LIMIT 1   [ RunTime:0.003500s ]
SQL: SELECT * FROM `tp_treasure_user` WHERE ( treasure_user_id = 44144 ) LIMIT 1   [ RunTime:0.003442s ]
SQL: SELECT `game_name` FROM `tp_game` WHERE ( game_id = 17 ) LIMIT 1   [ RunTime:0.000175s ]
SQL: SELECT `nickname`,`headimgurl` FROM `tp_users` WHERE ( user_id = 40262 ) LIMIT 1   [ RunTime:0.003363s ]
SQL: SELECT `prize_name`,`img_path` FROM `tp_prize` WHERE ( prize_id = 22 ) LIMIT 1   [ RunTime:0.000183s ]
SQL: SELECT `periods`,`total_person_times` FROM `tp_treasure` WHERE ( treasure_id = 264 ) LIMIT 1   [ RunTime:0.000162s ]
SQL: SELECT COUNT(*) AS tp_count FROM `tp_treasure_user` WHERE ( user_id = 40262 AND treasure_id = 264 ) LIMIT 1   [ RunTime:0.003625s ]
SQL: SELECT * FROM `tp_treasure_user` WHERE ( treasure_user_id = 44083 ) LIMIT 1   [ RunTime:0.002727s ]
SQL: SELECT `game_name` FROM `tp_game` WHERE ( game_id = 17 ) LIMIT 1   [ RunTime:0.000163s ]
SQL: SELECT `nickname`,`headimgurl` FROM `tp_users` WHERE ( user_id = 42665 ) LIMIT 1   [ RunTime:0.003291s ]
SQL: SELECT `prize_name`,`img_path` FROM `tp_prize` WHERE ( prize_id = 34 ) LIMIT 1   [ RunTime:0.000143s ]
SQL: SELECT `periods`,`total_person_times` FROM `tp_treasure` WHERE ( treasure_id = 274 ) LIMIT 1   [ RunTime:0.000126s ]
SQL: SELECT COUNT(*) AS tp_count FROM `tp_treasure_user` WHERE ( user_id = 42665 AND treasure_id = 274 ) LIMIT 1   [ RunTime:0.003688s ]
SQL: SELECT * FROM `tp_treasure_user` WHERE ( treasure_user_id = 43806 ) LIMIT 1   [ RunTime:0.000455s ]
SQL: SELECT `game_name` FROM `tp_game` WHERE ( game_id = 17 ) LIMIT 1   [ RunTime:0.000142s ]
SQL: SELECT `nickname`,`headimgurl` FROM `tp_users` WHERE ( user_id = 40382 ) LIMIT 1   [ RunTime:0.000135s ]
SQL: SELECT `prize_name`,`img_path` FROM `tp_prize` WHERE ( prize_id = 24 ) LIMIT 1   [ RunTime:0.000122s ]
SQL: SELECT `periods`,`total_person_times` FROM `tp_treasure` WHERE ( treasure_id = 268 ) LIMIT 1   [ RunTime:0.000119s ]
SQL: SELECT COUNT(*) AS tp_count FROM `tp_treasure_user` WHERE ( user_id = 40382 AND treasure_id = 268 ) LIMIT 1   [ RunTime:0.002722s ]
SQL: SELECT * FROM `tp_treasure_user` WHERE ( treasure_user_id = 43867 ) LIMIT 1   [ RunTime:0.003154s ]
SQL: SELECT `game_name` FROM `tp_game` WHERE ( game_id = 17 ) LIMIT 1   [ RunTime:0.000423s ]
SQL: SELECT `nickname`,`headimgurl` FROM `tp_users` WHERE ( user_id = 43082 ) LIMIT 1   [ RunTime:0.003027s ]
SQL: SELECT `prize_name`,`img_path` FROM `tp_prize` WHERE ( prize_id = 28 ) LIMIT 1   [ RunTime:0.000218s ]
SQL: SELECT `periods`,`total_person_times` FROM `tp_treasure` WHERE ( treasure_id = 282 ) LIMIT 1   [ RunTime:0.000152s ]
SQL: SELECT COUNT(*) AS tp_count FROM `tp_treasure_user` WHERE ( user_id = 43082 AND treasure_id = 282 ) LIMIT 1   [ RunTime:0.003441s ]
SQL: SELECT * FROM `tp_treasure_user` WHERE ( treasure_user_id = 43569 ) LIMIT 1   [ RunTime:0.000441s ]
SQL: SELECT `game_name` FROM `tp_game` WHERE ( game_id = 17 ) LIMIT 1   [ RunTime:0.000151s ]
SQL: SELECT `nickname`,`headimgurl` FROM `tp_users` WHERE ( user_id = 44385 ) LIMIT 1   [ RunTime:0.004381s ]
SQL: SELECT `prize_name`,`img_path` FROM `tp_prize` WHERE ( prize_id = 49 ) LIMIT 1   [ RunTime:0.000370s ]
SQL: SELECT `periods`,`total_person_times` FROM `tp_treasure` WHERE ( treasure_id = 285 ) LIMIT 1   [ RunTime:0.000586s ]
SQL: SELECT COUNT(*) AS tp_count FROM `tp_treasure_user` WHERE ( user_id = 44385 AND treasure_id = 285 ) LIMIT 1   [ RunTime:0.002946s ]
SQL: SELECT * FROM `tp_treasure_user` WHERE ( treasure_user_id = 43722 ) LIMIT 1   [ RunTime:0.002994s ]
SQL: SELECT `game_name` FROM `tp_game` WHERE ( game_id = 17 ) LIMIT 1   [ RunTime:0.000157s ]
SQL: SELECT `nickname`,`headimgurl` FROM `tp_users` WHERE ( user_id = 41775 ) LIMIT 1   [ RunTime:0.000139s ]
SQL: SELECT `prize_name`,`img_path` FROM `tp_prize` WHERE ( prize_id = 51 ) LIMIT 1   [ RunTime:0.000128s ]
SQL: SELECT `periods`,`total_person_times` FROM `tp_treasure` WHERE ( treasure_id = 287 ) LIMIT 1   [ RunTime:0.000124s ]
SQL: SELECT COUNT(*) AS tp_count FROM `tp_treasure_user` WHERE ( user_id = 41775 AND treasure_id = 287 ) LIMIT 1   [ RunTime:0.000203s ]
SQL: SELECT * FROM `tp_treasure_user` WHERE ( treasure_user_id = 43571 ) LIMIT 1   [ RunTime:0.000139s ]
SQL: SELECT `game_name` FROM `tp_game` WHERE ( game_id = 17 ) LIMIT 1   [ RunTime:0.000114s ]
SQL: SELECT `nickname`,`headimgurl` FROM `tp_users` WHERE ( user_id = 43082 ) LIMIT 1   [ RunTime:0.000119s ]
SQL: SELECT `prize_name`,`img_path` FROM `tp_prize` WHERE ( prize_id = 27 ) LIMIT 1   [ RunTime:0.000117s ]
SQL: SELECT `periods`,`total_person_times` FROM `tp_treasure` WHERE ( treasure_id = 280 ) LIMIT 1   [ RunTime:0.000120s ]
SQL: SELECT COUNT(*) AS tp_count FROM `tp_treasure_user` WHERE ( user_id = 43082 AND treasure_id = 280 ) LIMIT 1   [ RunTime:0.002299s ]
SQL: SELECT * FROM `tp_treasure_user` WHERE ( treasure_user_id = 43231 ) LIMIT 1   [ RunTime:0.003664s ]
SQL: SELECT `game_name` FROM `tp_game` WHERE ( game_id = 17 ) LIMIT 1   [ RunTime:0.000598s ]
SQL: SELECT `nickname`,`headimgurl` FROM `tp_users` WHERE ( user_id = 44385 ) LIMIT 1   [ RunTime:0.000264s ]
SQL: SELECT `prize_name`,`img_path` FROM `tp_prize` WHERE ( prize_id = 50 ) LIMIT 1   [ RunTime:0.000165s ]
SQL: SELECT `periods`,`total_person_times` FROM `tp_treasure` WHERE ( treasure_id = 276 ) LIMIT 1   [ RunTime:0.000131s ]
SQL: SELECT COUNT(*) AS tp_count FROM `tp_treasure_user` WHERE ( user_id = 44385 AND treasure_id = 276 ) LIMIT 1   [ RunTime:0.000340s ]
SQL: SELECT * FROM `tp_treasure_user` WHERE ( treasure_user_id = 43505 ) LIMIT 1   [ RunTime:0.002122s ]
SQL: SELECT `game_name` FROM `tp_game` WHERE ( game_id = 17 ) LIMIT 1   [ RunTime:0.000166s ]
SQL: SELECT `nickname`,`headimgurl` FROM `tp_users` WHERE ( user_id = 44972 ) LIMIT 1   [ RunTime:0.003457s ]
SQL: SELECT `prize_name`,`img_path` FROM `tp_prize` WHERE ( prize_id = 21 ) LIMIT 1   [ RunTime:0.000178s ]
SQL: SELECT `periods`,`total_person_times` FROM `tp_treasure` WHERE ( treasure_id = 281 ) LIMIT 1   [ RunTime:0.000140s ]
SQL: SELECT COUNT(*) AS tp_count FROM `tp_treasure_user` WHERE ( user_id = 44972 AND treasure_id = 281 ) LIMIT 1   [ RunTime:0.003030s ]
SQL: SELECT * FROM `tp_treasure_user` WHERE ( treasure_user_id = 43387 ) LIMIT 1   [ RunTime:0.003684s ]
SQL: SELECT `game_name` FROM `tp_game` WHERE ( game_id = 17 ) LIMIT 1   [ RunTime:0.000224s ]
SQL: SELECT `nickname`,`headimgurl` FROM `tp_users` WHERE ( user_id = 45214 ) LIMIT 1   [ RunTime:0.000166s ]
SQL: SELECT `prize_name`,`img_path` FROM `tp_prize` WHERE ( prize_id = 49 ) LIMIT 1   [ RunTime:0.000191s ]
SQL: SELECT `periods`,`total_person_times` FROM `tp_treasure` WHERE ( treasure_id = 283 ) LIMIT 1   [ RunTime:0.000288s ]
SQL: SELECT COUNT(*) AS tp_count FROM `tp_treasure_user` WHERE ( user_id = 45214 AND treasure_id = 283 ) LIMIT 1   [ RunTime:0.000313s ]
SQL: SELECT * FROM `tp_treasure_user` WHERE ( treasure_user_id = 43325 ) LIMIT 1   [ RunTime:0.002190s ]
SQL: SELECT `game_name` FROM `tp_game` WHERE ( game_id = 17 ) LIMIT 1   [ RunTime:0.000232s ]
SQL: SELECT `nickname`,`headimgurl` FROM `tp_users` WHERE ( user_id = 40164 ) LIMIT 1   [ RunTime:0.000145s ]
SQL: SELECT `prize_name`,`img_path` FROM `tp_prize` WHERE ( prize_id = 36 ) LIMIT 1   [ RunTime:0.000121s ]
SQL: SELECT `periods`,`total_person_times` FROM `tp_treasure` WHERE ( treasure_id = 271 ) LIMIT 1   [ RunTime:0.000137s ]
SQL: SELECT COUNT(*) AS tp_count FROM `tp_treasure_user` WHERE ( user_id = 40164 AND treasure_id = 271 ) LIMIT 1   [ RunTime:0.002878s ]
SQL: SELECT * FROM `tp_treasure_user` WHERE ( treasure_user_id = 42770 ) LIMIT 1   [ RunTime:0.002685s ]
SQL: SELECT `game_name` FROM `tp_game` WHERE ( game_id = 17 ) LIMIT 1   [ RunTime:0.000143s ]
SQL: SELECT `nickname`,`headimgurl` FROM `tp_users` WHERE ( user_id = 45214 ) LIMIT 1   [ RunTime:0.000124s ]
SQL: SELECT `prize_name`,`img_path` FROM `tp_prize` WHERE ( prize_id = 26 ) LIMIT 1   [ RunTime:0.000119s ]
SQL: SELECT `periods`,`total_person_times` FROM `tp_treasure` WHERE ( treasure_id = 272 ) LIMIT 1   [ RunTime:0.000118s ]
SQL: SELECT COUNT(*) AS tp_count FROM `tp_treasure_user` WHERE ( user_id = 45214 AND treasure_id = 272 ) LIMIT 1   [ RunTime:0.000258s ]
SQL: SELECT * FROM `tp_treasure_user` WHERE ( treasure_user_id = 42539 ) LIMIT 1   [ RunTime:0.002315s ]
SQL: SELECT `game_name` FROM `tp_game` WHERE ( game_id = 17 ) LIMIT 1   [ RunTime:0.000420s ]
SQL: SELECT `nickname`,`headimgurl` FROM `tp_users` WHERE ( user_id = 40164 ) LIMIT 1   [ RunTime:0.000265s ]
SQL: SELECT `prize_name`,`img_path` FROM `tp_prize` WHERE ( prize_id = 27 ) LIMIT 1   [ RunTime:0.000134s ]
SQL: SELECT `periods`,`total_person_times` FROM `tp_treasure` WHERE ( treasure_id = 279 ) LIMIT 1   [ RunTime:0.000152s ]
SQL: SELECT COUNT(*) AS tp_count FROM `tp_treasure_user` WHERE ( user_id = 40164 AND treasure_id = 279 ) LIMIT 1   [ RunTime:0.002704s ]
SQL: SELECT * FROM `tp_treasure_user` WHERE ( treasure_user_id = 42962 ) LIMIT 1   [ RunTime:0.000435s ]
SQL: SELECT `game_name` FROM `tp_game` WHERE ( game_id = 17 ) LIMIT 1   [ RunTime:0.000136s ]
SQL: SELECT `nickname`,`headimgurl` FROM `tp_users` WHERE ( user_id = 42023 ) LIMIT 1   [ RunTime:0.000134s ]
SQL: SELECT `prize_name`,`img_path` FROM `tp_prize` WHERE ( prize_id = 51 ) LIMIT 1   [ RunTime:0.000124s ]
SQL: SELECT `periods`,`total_person_times` FROM `tp_treasure` WHERE ( treasure_id = 277 ) LIMIT 1   [ RunTime:0.000117s ]
SQL: SELECT COUNT(*) AS tp_count FROM `tp_treasure_user` WHERE ( user_id = 42023 AND treasure_id = 277 ) LIMIT 1   [ RunTime:0.003287s ]
SQL: SELECT * FROM `tp_treasure_user` WHERE ( treasure_user_id = 42869 ) LIMIT 1   [ RunTime:0.000201s ]
SQL: SELECT `game_name` FROM `tp_game` WHERE ( game_id = 17 ) LIMIT 1   [ RunTime:0.000121s ]
SQL: SELECT `nickname`,`headimgurl` FROM `tp_users` WHERE ( user_id = 42321 ) LIMIT 1   [ RunTime:0.003061s ]
SQL: SELECT `prize_name`,`img_path` FROM `tp_prize` WHERE ( prize_id = 49 ) LIMIT 1   [ RunTime:0.000174s ]
SQL: SELECT `periods`,`total_person_times` FROM `tp_treasure` WHERE ( treasure_id = 278 ) LIMIT 1   [ RunTime:0.000140s ]
SQL: SELECT COUNT(*) AS tp_count FROM `tp_treasure_user` WHERE ( user_id = 42321 AND treasure_id = 278 ) LIMIT 1   [ RunTime:0.003105s ]
SQL: SELECT * FROM `tp_treasure_user` WHERE ( treasure_user_id = 42648 ) LIMIT 1   [ RunTime:0.003172s ]
SQL: SELECT `game_name` FROM `tp_game` WHERE ( game_id = 17 ) LIMIT 1   [ RunTime:0.000264s ]
SQL: SELECT `nickname`,`headimgurl` FROM `tp_users` WHERE ( user_id = 44039 ) LIMIT 1   [ RunTime:0.002978s ]
SQL: SELECT `prize_name`,`img_path` FROM `tp_prize` WHERE ( prize_id = 31 ) LIMIT 1   [ RunTime:0.000168s ]
SQL: SELECT `periods`,`total_person_times` FROM `tp_treasure` WHERE ( treasure_id = 267 ) LIMIT 1   [ RunTime:0.000121s ]
SQL: SELECT COUNT(*) AS tp_count FROM `tp_treasure_user` WHERE ( user_id = 44039 AND treasure_id = 267 ) LIMIT 1   [ RunTime:0.003245s ]
SQL: SELECT * FROM `tp_treasure_user` WHERE ( treasure_user_id = 42278 ) LIMIT 1   [ RunTime:0.000606s ]
SQL: SELECT `game_name` FROM `tp_game` WHERE ( game_id = 17 ) LIMIT 1   [ RunTime:0.000137s ]
SQL: SELECT `nickname`,`headimgurl` FROM `tp_users` WHERE ( user_id = 39769 ) LIMIT 1   [ RunTime:0.003845s ]
SQL: SELECT `prize_name`,`img_path` FROM `tp_prize` WHERE ( prize_id = 38 ) LIMIT 1   [ RunTime:0.000727s ]
SQL: SELECT `periods`,`total_person_times` FROM `tp_treasure` WHERE ( treasure_id = 273 ) LIMIT 1   [ RunTime:0.000216s ]
SQL: SELECT COUNT(*) AS tp_count FROM `tp_treasure_user` WHERE ( user_id = 39769 AND treasure_id = 273 ) LIMIT 1   [ RunTime:0.004952s ]
SQL: SELECT * FROM `tp_treasure_user` WHERE ( treasure_user_id = 42496 ) LIMIT 1   [ RunTime:0.003384s ]
SQL: SELECT `game_name` FROM `tp_game` WHERE ( game_id = 17 ) LIMIT 1   [ RunTime:0.000158s ]
SQL: SELECT `nickname`,`headimgurl` FROM `tp_users` WHERE ( user_id = 42665 ) LIMIT 1   [ RunTime:0.000139s ]
SQL: SELECT `prize_name`,`img_path` FROM `tp_prize` WHERE ( prize_id = 20 ) LIMIT 1   [ RunTime:0.000125s ]
SQL: SELECT `periods`,`total_person_times` FROM `tp_treasure` WHERE ( treasure_id = 270 ) LIMIT 1   [ RunTime:0.000118s ]
SQL: SELECT COUNT(*) AS tp_count FROM `tp_treasure_user` WHERE ( user_id = 42665 AND treasure_id = 270 ) LIMIT 1   [ RunTime:0.000336s ]
SQL: SELECT * FROM `tp_treasure_user` WHERE ( treasure_user_id = 41967 ) LIMIT 1   [ RunTime:0.002558s ]
SQL: SELECT `game_name` FROM `tp_game` WHERE ( game_id = 17 ) LIMIT 1   [ RunTime:0.000280s ]
SQL: SELECT `nickname`,`headimgurl` FROM `tp_users` WHERE ( user_id = 43513 ) LIMIT 1   [ RunTime:0.002920s ]
SQL: SELECT `prize_name`,`img_path` FROM `tp_prize` WHERE ( prize_id = 49 ) LIMIT 1   [ RunTime:0.000211s ]
SQL: SELECT `periods`,`total_person_times` FROM `tp_treasure` WHERE ( treasure_id = 275 ) LIMIT 1   [ RunTime:0.000160s ]
SQL: SELECT COUNT(*) AS tp_count FROM `tp_treasure_user` WHERE ( user_id = 43513 AND treasure_id = 275 ) LIMIT 1   [ RunTime:0.002910s ]
SQL: SELECT * FROM `tp_treasure_user` WHERE ( treasure_user_id = 42600 ) LIMIT 1   [ RunTime:0.003175s ]
SQL: SELECT `game_name` FROM `tp_game` WHERE ( game_id = 17 ) LIMIT 1   [ RunTime:0.000157s ]
SQL: SELECT `nickname`,`headimgurl` FROM `tp_users` WHERE ( user_id = 40164 ) LIMIT 1   [ RunTime:0.000128s ]
SQL: SELECT `prize_name`,`img_path` FROM `tp_prize` WHERE ( prize_id = 28 ) LIMIT 1   [ RunTime:0.000111s ]
SQL: SELECT `periods`,`total_person_times` FROM `tp_treasure` WHERE ( treasure_id = 269 ) LIMIT 1   [ RunTime:0.000113s ]
SQL: SELECT COUNT(*) AS tp_count FROM `tp_treasure_user` WHERE ( user_id = 40164 AND treasure_id = 269 ) LIMIT 1   [ RunTime:0.000758s ]
SQL: SELECT * FROM `tp_treasure_user` WHERE ( treasure_user_id = 42351 ) LIMIT 1   [ RunTime:0.002081s ]
SQL: SELECT `game_name` FROM `tp_game` WHERE ( game_id = 17 ) LIMIT 1   [ RunTime:0.000145s ]
SQL: SELECT t.treasure_id,t.total_person_times,tu.user_id,count(tu.treasure_user_id) AS num FROM tp_treasure t LEFT JOIN tp_treasure_user AS tu ON t.treasure_id = tu.treasure_id WHERE ( tu.addtime >= 1488729600 AND tu.addtime < 1489334400 AND t.is_open = 1 ) GROUP BY tu.user_id  [ RunTime:0.585487s ]
SQL: SHOW COLUMNS FROM `tp_draw_prize` [ RunTime:0.004308s ]
SQL: SELECT `user_id`,`treasure_id` FROM `tp_draw_prize` WHERE ( addtime >= 1488729600 AND addtime < 1489334400 )  [ RunTime:0.000388s ]

[ 2017-03-10T19:47:22+08:00 ] 127.0.0.1 /FrontTreasure/treasure_index.html
SQL: SHOW COLUMNS FROM `tp_config` [ RunTime:0.003206s ]
SQL: SELECT * FROM `tp_config`  [ RunTime:0.000395s ]
SQL: SELECT `user_id` FROM `tp_users` WHERE ( user_id = 1 ) LIMIT 1   [ RunTime:0.000306s ]
SQL: SHOW COLUMNS FROM `tp_config` [ RunTime:0.003236s ]
SQL: SELECT `config_value` FROM `tp_config` WHERE ( config_name= "jsapi_ticket" ) LIMIT 1   [ RunTime:0.000348s ]
SQL: SELECT `config_value` FROM `tp_config` WHERE ( config_name= "jsapi_ticket_expire_time" ) LIMIT 1   [ RunTime:0.000160s ]
SQL: SHOW COLUMNS FROM `tp_treasure` [ RunTime:0.006060s ]
SQL: SELECT * FROM `tp_treasure` WHERE ( isuse = 1 AND start_time <= 1489146441 AND end_time >= 1489146441 AND is_open = 0 AND is_fuli = 0 ) ORDER BY prop_deg DESC, serial LIMIT 30   [ RunTime:0.001334s ]
SQL: SELECT * FROM `tp_treasure` WHERE ( isuse = 1 AND start_time <= 1489146441 AND end_time >= 1489146441 AND is_open = 0 AND is_fuli = 1 ) ORDER BY prop_deg DESC, serial LIMIT 30   [ RunTime:0.000849s ]
SQL: SHOW COLUMNS FROM `tp_draw_prize` [ RunTime:0.004602s ]
SQL: SELECT * FROM `tp_draw_prize` WHERE ( isuse = 1 ) ORDER BY addtime DESC LIMIT 30   [ RunTime:0.000563s ]
SQL: SHOW COLUMNS FROM `tp_users` [ RunTime:0.007111s ]
SQL: SELECT `nickname`,`headimgurl` FROM `tp_users` WHERE ( user_id = 40164 ) LIMIT 1   [ RunTime:0.000261s ]
SQL: SHOW COLUMNS FROM `tp_prize` [ RunTime:0.003413s ]
SQL: SELECT `prize_name`,`img_path` FROM `tp_prize` WHERE ( prize_id = 36 ) LIMIT 1   [ RunTime:0.000232s ]
SQL: SHOW COLUMNS FROM `tp_treasure` [ RunTime:0.004095s ]
SQL: SELECT `periods`,`total_person_times` FROM `tp_treasure` WHERE ( treasure_id = 292 ) LIMIT 1   [ RunTime:0.000252s ]
SQL: SHOW COLUMNS FROM `tp_treasure_user` [ RunTime:0.006040s ]
SQL: SELECT COUNT(*) AS tp_count FROM `tp_treasure_user` WHERE ( user_id = 40164 AND treasure_id = 292 ) LIMIT 1   [ RunTime:0.001398s ]
SQL: SELECT * FROM `tp_treasure_user` WHERE ( treasure_user_id = 44890 ) LIMIT 1   [ RunTime:0.000332s ]
SQL: SHOW COLUMNS FROM `tp_game` [ RunTime:0.005942s ]
SQL: SELECT `game_name` FROM `tp_game` WHERE ( game_id = 17 ) LIMIT 1   [ RunTime:0.000244s ]
SQL: SELECT `nickname`,`headimgurl` FROM `tp_users` WHERE ( user_id = 41775 ) LIMIT 1   [ RunTime:0.000255s ]
SQL: SELECT `prize_name`,`img_path` FROM `tp_prize` WHERE ( prize_id = 49 ) LIMIT 1   [ RunTime:0.000173s ]
SQL: SELECT `periods`,`total_person_times` FROM `tp_treasure` WHERE ( treasure_id = 296 ) LIMIT 1   [ RunTime:0.000159s ]
SQL: SELECT COUNT(*) AS tp_count FROM `tp_treasure_user` WHERE ( user_id = 41775 AND treasure_id = 296 ) LIMIT 1   [ RunTime:0.000299s ]
SQL: SELECT * FROM `tp_treasure_user` WHERE ( treasure_user_id = 45132 ) LIMIT 1   [ RunTime:0.000155s ]
SQL: SELECT `game_name` FROM `tp_game` WHERE ( game_id = 17 ) LIMIT 1   [ RunTime:0.000122s ]
SQL: SELECT `nickname`,`headimgurl` FROM `tp_users` WHERE ( user_id = 41775 ) LIMIT 1   [ RunTime:0.000134s ]
SQL: SELECT `prize_name`,`img_path` FROM `tp_prize` WHERE ( prize_id = 30 ) LIMIT 1   [ RunTime:0.000130s ]
SQL: SELECT `periods`,`total_person_times` FROM `tp_treasure` WHERE ( treasure_id = 295 ) LIMIT 1   [ RunTime:0.000126s ]
SQL: SELECT COUNT(*) AS tp_count FROM `tp_treasure_user` WHERE ( user_id = 41775 AND treasure_id = 295 ) LIMIT 1   [ RunTime:0.000674s ]
SQL: SELECT * FROM `tp_treasure_user` WHERE ( treasure_user_id = 45055 ) LIMIT 1   [ RunTime:0.000309s ]
SQL: SELECT `game_name` FROM `tp_game` WHERE ( game_id = 17 ) LIMIT 1   [ RunTime:0.000572s ]
SQL: SELECT `nickname`,`headimgurl` FROM `tp_users` WHERE ( user_id = 42023 ) LIMIT 1   [ RunTime:0.000509s ]
SQL: SELECT `prize_name`,`img_path` FROM `tp_prize` WHERE ( prize_id = 21 ) LIMIT 1   [ RunTime:0.000245s ]
SQL: SELECT `periods`,`total_person_times` FROM `tp_treasure` WHERE ( treasure_id = 293 ) LIMIT 1   [ RunTime:0.000263s ]
SQL: SELECT COUNT(*) AS tp_count FROM `tp_treasure_user` WHERE ( user_id = 42023 AND treasure_id = 293 ) LIMIT 1   [ RunTime:0.000574s ]
SQL: SELECT * FROM `tp_treasure_user` WHERE ( treasure_user_id = 44623 ) LIMIT 1   [ RunTime:0.000145s ]
SQL: SELECT `game_name` FROM `tp_game` WHERE ( game_id = 17 ) LIMIT 1   [ RunTime:0.000112s ]
SQL: SELECT `nickname`,`headimgurl` FROM `tp_users` WHERE ( user_id = 41775 ) LIMIT 1   [ RunTime:0.000139s ]
SQL: SELECT `prize_name`,`img_path` FROM `tp_prize` WHERE ( prize_id = 52 ) LIMIT 1   [ RunTime:0.000138s ]
SQL: SELECT `periods`,`total_person_times` FROM `tp_treasure` WHERE ( treasure_id = 284 ) LIMIT 1   [ RunTime:0.000159s ]
SQL: SELECT COUNT(*) AS tp_count FROM `tp_treasure_user` WHERE ( user_id = 41775 AND treasure_id = 284 ) LIMIT 1   [ RunTime:0.000562s ]
SQL: SELECT * FROM `tp_treasure_user` WHERE ( treasure_user_id = 44785 ) LIMIT 1   [ RunTime:0.000164s ]
SQL: SELECT `game_name` FROM `tp_game` WHERE ( game_id = 17 ) LIMIT 1   [ RunTime:0.000132s ]
SQL: SELECT `nickname`,`headimgurl` FROM `tp_users` WHERE ( user_id = 45214 ) LIMIT 1   [ RunTime:0.000172s ]
SQL: SELECT `prize_name`,`img_path` FROM `tp_prize` WHERE ( prize_id = 24 ) LIMIT 1   [ RunTime:0.000158s ]
SQL: SELECT `periods`,`total_person_times` FROM `tp_treasure` WHERE ( treasure_id = 291 ) LIMIT 1   [ RunTime:0.000140s ]
SQL: SELECT COUNT(*) AS tp_count FROM `tp_treasure_user` WHERE ( user_id = 45214 AND treasure_id = 291 ) LIMIT 1   [ RunTime:0.000304s ]
SQL: SELECT * FROM `tp_treasure_user` WHERE ( treasure_user_id = 44807 ) LIMIT 1   [ RunTime:0.000179s ]
SQL: SELECT `game_name` FROM `tp_game` WHERE ( game_id = 17 ) LIMIT 1   [ RunTime:0.000162s ]
SQL: SELECT `nickname`,`headimgurl` FROM `tp_users` WHERE ( user_id = 42372 ) LIMIT 1   [ RunTime:0.000152s ]
SQL: SELECT `prize_name`,`img_path` FROM `tp_prize` WHERE ( prize_id = 38 ) LIMIT 1   [ RunTime:0.000143s ]
SQL: SELECT `periods`,`total_person_times` FROM `tp_treasure` WHERE ( treasure_id = 290 ) LIMIT 1   [ RunTime:0.000157s ]
SQL: SELECT COUNT(*) AS tp_count FROM `tp_treasure_user` WHERE ( user_id = 42372 AND treasure_id = 290 ) LIMIT 1   [ RunTime:0.000278s ]
SQL: SELECT * FROM `tp_treasure_user` WHERE ( treasure_user_id = 44507 ) LIMIT 1   [ RunTime:0.000170s ]
SQL: SELECT `game_name` FROM `tp_game` WHERE ( game_id = 17 ) LIMIT 1   [ RunTime:0.000152s ]
SQL: SELECT `nickname`,`headimgurl` FROM `tp_users` WHERE ( user_id = 40879 ) LIMIT 1   [ RunTime:0.000206s ]
SQL: SELECT `prize_name`,`img_path` FROM `tp_prize` WHERE ( prize_id = 31 ) LIMIT 1   [ RunTime:0.000161s ]
SQL: SELECT `periods`,`total_person_times` FROM `tp_treasure` WHERE ( treasure_id = 289 ) LIMIT 1   [ RunTime:0.000159s ]
SQL: SELECT COUNT(*) AS tp_count FROM `tp_treasure_user` WHERE ( user_id = 40879 AND treasure_id = 289 ) LIMIT 1   [ RunTime:0.000315s ]
SQL: SELECT * FROM `tp_treasure_user` WHERE ( treasure_user_id = 44505 ) LIMIT 1   [ RunTime:0.000156s ]
SQL: SELECT `game_name` FROM `tp_game` WHERE ( game_id = 17 ) LIMIT 1   [ RunTime:0.000148s ]
SQL: SELECT `nickname`,`headimgurl` FROM `tp_users` WHERE ( user_id = 40672 ) LIMIT 1   [ RunTime:0.000160s ]
SQL: SELECT `prize_name`,`img_path` FROM `tp_prize` WHERE ( prize_id = 21 ) LIMIT 1   [ RunTime:0.000149s ]
SQL: SELECT `periods`,`total_person_times` FROM `tp_treasure` WHERE ( treasure_id = 286 ) LIMIT 1   [ RunTime:0.000159s ]
SQL: SELECT COUNT(*) AS tp_count FROM `tp_treasure_user` WHERE ( user_id = 40672 AND treasure_id = 286 ) LIMIT 1   [ RunTime:0.000346s ]
SQL: SELECT * FROM `tp_treasure_user` WHERE ( treasure_user_id = 44330 ) LIMIT 1   [ RunTime:0.000181s ]
SQL: SELECT `game_name` FROM `tp_game` WHERE ( game_id = 17 ) LIMIT 1   [ RunTime:0.000138s ]
SQL: SELECT `nickname`,`headimgurl` FROM `tp_users` WHERE ( user_id = 40382 ) LIMIT 1   [ RunTime:0.000147s ]
SQL: SELECT `prize_name`,`img_path` FROM `tp_prize` WHERE ( prize_id = 36 ) LIMIT 1   [ RunTime:0.000125s ]
SQL: SELECT `periods`,`total_person_times` FROM `tp_treasure` WHERE ( treasure_id = 288 ) LIMIT 1   [ RunTime:0.000132s ]
SQL: SELECT COUNT(*) AS tp_count FROM `tp_treasure_user` WHERE ( user_id = 40382 AND treasure_id = 288 ) LIMIT 1   [ RunTime:0.000375s ]
SQL: SELECT * FROM `tp_treasure_user` WHERE ( treasure_user_id = 44144 ) LIMIT 1   [ RunTime:0.000159s ]
SQL: SELECT `game_name` FROM `tp_game` WHERE ( game_id = 17 ) LIMIT 1   [ RunTime:0.000154s ]
SQL: SELECT `nickname`,`headimgurl` FROM `tp_users` WHERE ( user_id = 40262 ) LIMIT 1   [ RunTime:0.000142s ]
SQL: SELECT `prize_name`,`img_path` FROM `tp_prize` WHERE ( prize_id = 22 ) LIMIT 1   [ RunTime:0.000231s ]
SQL: SELECT `periods`,`total_person_times` FROM `tp_treasure` WHERE ( treasure_id = 264 ) LIMIT 1   [ RunTime:0.000262s ]
SQL: SELECT COUNT(*) AS tp_count FROM `tp_treasure_user` WHERE ( user_id = 40262 AND treasure_id = 264 ) LIMIT 1   [ RunTime:0.000529s ]
SQL: SELECT * FROM `tp_treasure_user` WHERE ( treasure_user_id = 44083 ) LIMIT 1   [ RunTime:0.000251s ]
SQL: SELECT `game_name` FROM `tp_game` WHERE ( game_id = 17 ) LIMIT 1   [ RunTime:0.000250s ]
SQL: SELECT `nickname`,`headimgurl` FROM `tp_users` WHERE ( user_id = 42665 ) LIMIT 1   [ RunTime:0.000334s ]
SQL: SELECT `prize_name`,`img_path` FROM `tp_prize` WHERE ( prize_id = 34 ) LIMIT 1   [ RunTime:0.000249s ]
SQL: SELECT `periods`,`total_person_times` FROM `tp_treasure` WHERE ( treasure_id = 274 ) LIMIT 1   [ RunTime:0.000209s ]
SQL: SELECT COUNT(*) AS tp_count FROM `tp_treasure_user` WHERE ( user_id = 42665 AND treasure_id = 274 ) LIMIT 1   [ RunTime:0.000430s ]
SQL: SELECT * FROM `tp_treasure_user` WHERE ( treasure_user_id = 43806 ) LIMIT 1   [ RunTime:0.000198s ]
SQL: SELECT `game_name` FROM `tp_game` WHERE ( game_id = 17 ) LIMIT 1   [ RunTime:0.000149s ]
SQL: SELECT `nickname`,`headimgurl` FROM `tp_users` WHERE ( user_id = 40382 ) LIMIT 1   [ RunTime:0.000496s ]
SQL: SELECT `prize_name`,`img_path` FROM `tp_prize` WHERE ( prize_id = 24 ) LIMIT 1   [ RunTime:0.000216s ]
SQL: SELECT `periods`,`total_person_times` FROM `tp_treasure` WHERE ( treasure_id = 268 ) LIMIT 1   [ RunTime:0.000129s ]
SQL: SELECT COUNT(*) AS tp_count FROM `tp_treasure_user` WHERE ( user_id = 40382 AND treasure_id = 268 ) LIMIT 1   [ RunTime:0.000383s ]
SQL: SELECT * FROM `tp_treasure_user` WHERE ( treasure_user_id = 43867 ) LIMIT 1   [ RunTime:0.000248s ]
SQL: SELECT `game_name` FROM `tp_game` WHERE ( game_id = 17 ) LIMIT 1   [ RunTime:0.000162s ]
SQL: SELECT `nickname`,`headimgurl` FROM `tp_users` WHERE ( user_id = 43082 ) LIMIT 1   [ RunTime:0.000172s ]
SQL: SELECT `prize_name`,`img_path` FROM `tp_prize` WHERE ( prize_id = 28 ) LIMIT 1   [ RunTime:0.000153s ]
SQL: SELECT `periods`,`total_person_times` FROM `tp_treasure` WHERE ( treasure_id = 282 ) LIMIT 1   [ RunTime:0.000265s ]
SQL: SELECT COUNT(*) AS tp_count FROM `tp_treasure_user` WHERE ( user_id = 43082 AND treasure_id = 282 ) LIMIT 1   [ RunTime:0.000615s ]
SQL: SELECT * FROM `tp_treasure_user` WHERE ( treasure_user_id = 43569 ) LIMIT 1   [ RunTime:0.000189s ]
SQL: SELECT `game_name` FROM `tp_game` WHERE ( game_id = 17 ) LIMIT 1   [ RunTime:0.000150s ]
SQL: SELECT `nickname`,`headimgurl` FROM `tp_users` WHERE ( user_id = 44385 ) LIMIT 1   [ RunTime:0.000164s ]
SQL: SELECT `prize_name`,`img_path` FROM `tp_prize` WHERE ( prize_id = 49 ) LIMIT 1   [ RunTime:0.000163s ]
SQL: SELECT `periods`,`total_person_times` FROM `tp_treasure` WHERE ( treasure_id = 285 ) LIMIT 1   [ RunTime:0.000147s ]
SQL: SELECT COUNT(*) AS tp_count FROM `tp_treasure_user` WHERE ( user_id = 44385 AND treasure_id = 285 ) LIMIT 1   [ RunTime:0.000354s ]
SQL: SELECT * FROM `tp_treasure_user` WHERE ( treasure_user_id = 43722 ) LIMIT 1   [ RunTime:0.000185s ]
SQL: SELECT `game_name` FROM `tp_game` WHERE ( game_id = 17 ) LIMIT 1   [ RunTime:0.000156s ]
SQL: SELECT `nickname`,`headimgurl` FROM `tp_users` WHERE ( user_id = 41775 ) LIMIT 1   [ RunTime:0.000204s ]
SQL: SELECT `prize_name`,`img_path` FROM `tp_prize` WHERE ( prize_id = 51 ) LIMIT 1   [ RunTime:0.000164s ]
SQL: SELECT `periods`,`total_person_times` FROM `tp_treasure` WHERE ( treasure_id = 287 ) LIMIT 1   [ RunTime:0.000161s ]
SQL: SELECT COUNT(*) AS tp_count FROM `tp_treasure_user` WHERE ( user_id = 41775 AND treasure_id = 287 ) LIMIT 1   [ RunTime:0.000222s ]
SQL: SELECT * FROM `tp_treasure_user` WHERE ( treasure_user_id = 43571 ) LIMIT 1   [ RunTime:0.000168s ]
SQL: SELECT `game_name` FROM `tp_game` WHERE ( game_id = 17 ) LIMIT 1   [ RunTime:0.000145s ]
SQL: SELECT `nickname`,`headimgurl` FROM `tp_users` WHERE ( user_id = 43082 ) LIMIT 1   [ RunTime:0.000167s ]
SQL: SELECT `prize_name`,`img_path` FROM `tp_prize` WHERE ( prize_id = 27 ) LIMIT 1   [ RunTime:0.000155s ]
SQL: SELECT `periods`,`total_person_times` FROM `tp_treasure` WHERE ( treasure_id = 280 ) LIMIT 1   [ RunTime:0.000153s ]
SQL: SELECT COUNT(*) AS tp_count FROM `tp_treasure_user` WHERE ( user_id = 43082 AND treasure_id = 280 ) LIMIT 1   [ RunTime:0.000394s ]
SQL: SELECT * FROM `tp_treasure_user` WHERE ( treasure_user_id = 43231 ) LIMIT 1   [ RunTime:0.000173s ]
SQL: SELECT `game_name` FROM `tp_game` WHERE ( game_id = 17 ) LIMIT 1   [ RunTime:0.000169s ]
SQL: SELECT `nickname`,`headimgurl` FROM `tp_users` WHERE ( user_id = 44385 ) LIMIT 1   [ RunTime:0.000162s ]
SQL: SELECT `prize_name`,`img_path` FROM `tp_prize` WHERE ( prize_id = 50 ) LIMIT 1   [ RunTime:0.000150s ]
SQL: SELECT `periods`,`total_person_times` FROM `tp_treasure` WHERE ( treasure_id = 276 ) LIMIT 1   [ RunTime:0.000206s ]
SQL: SELECT COUNT(*) AS tp_count FROM `tp_treasure_user` WHERE ( user_id = 44385 AND treasure_id = 276 ) LIMIT 1   [ RunTime:0.000654s ]
SQL: SELECT * FROM `tp_treasure_user` WHERE ( treasure_user_id = 43505 ) LIMIT 1   [ RunTime:0.000308s ]
SQL: SELECT `game_name` FROM `tp_game` WHERE ( game_id = 17 ) LIMIT 1   [ RunTime:0.000533s ]
SQL: SELECT `nickname`,`headimgurl` FROM `tp_users` WHERE ( user_id = 44972 ) LIMIT 1   [ RunTime:0.000248s ]
SQL: SELECT `prize_name`,`img_path` FROM `tp_prize` WHERE ( prize_id = 21 ) LIMIT 1   [ RunTime:0.000263s ]
SQL: SELECT `periods`,`total_person_times` FROM `tp_treasure` WHERE ( treasure_id = 281 ) LIMIT 1   [ RunTime:0.000215s ]
SQL: SELECT COUNT(*) AS tp_count FROM `tp_treasure_user` WHERE ( user_id = 44972 AND treasure_id = 281 ) LIMIT 1   [ RunTime:0.000323s ]
SQL: SELECT * FROM `tp_treasure_user` WHERE ( treasure_user_id = 43387 ) LIMIT 1   [ RunTime:0.000156s ]
SQL: SELECT `game_name` FROM `tp_game` WHERE ( game_id = 17 ) LIMIT 1   [ RunTime:0.000150s ]
SQL: SELECT `nickname`,`headimgurl` FROM `tp_users` WHERE ( user_id = 45214 ) LIMIT 1   [ RunTime:0.000153s ]
SQL: SELECT `prize_name`,`img_path` FROM `tp_prize` WHERE ( prize_id = 49 ) LIMIT 1   [ RunTime:0.000151s ]
SQL: SELECT `periods`,`total_person_times` FROM `tp_treasure` WHERE ( treasure_id = 283 ) LIMIT 1   [ RunTime:0.000238s ]
SQL: SELECT COUNT(*) AS tp_count FROM `tp_treasure_user` WHERE ( user_id = 45214 AND treasure_id = 283 ) LIMIT 1   [ RunTime:0.000320s ]
SQL: SELECT * FROM `tp_treasure_user` WHERE ( treasure_user_id = 43325 ) LIMIT 1   [ RunTime:0.000174s ]
SQL: SELECT `game_name` FROM `tp_game` WHERE ( game_id = 17 ) LIMIT 1   [ RunTime:0.000144s ]
SQL: SELECT `nickname`,`headimgurl` FROM `tp_users` WHERE ( user_id = 40164 ) LIMIT 1   [ RunTime:0.000154s ]
SQL: SELECT `prize_name`,`img_path` FROM `tp_prize` WHERE ( prize_id = 36 ) LIMIT 1   [ RunTime:0.000171s ]
SQL: SELECT `periods`,`total_person_times` FROM `tp_treasure` WHERE ( treasure_id = 271 ) LIMIT 1   [ RunTime:0.000169s ]
SQL: SELECT COUNT(*) AS tp_count FROM `tp_treasure_user` WHERE ( user_id = 40164 AND treasure_id = 271 ) LIMIT 1   [ RunTime:0.000811s ]
SQL: SELECT * FROM `tp_treasure_user` WHERE ( treasure_user_id = 42770 ) LIMIT 1   [ RunTime:0.000176s ]
SQL: SELECT `game_name` FROM `tp_game` WHERE ( game_id = 17 ) LIMIT 1   [ RunTime:0.000159s ]
SQL: SELECT `nickname`,`headimgurl` FROM `tp_users` WHERE ( user_id = 45214 ) LIMIT 1   [ RunTime:0.000158s ]
SQL: SELECT `prize_name`,`img_path` FROM `tp_prize` WHERE ( prize_id = 26 ) LIMIT 1   [ RunTime:0.000153s ]
SQL: SELECT `periods`,`total_person_times` FROM `tp_treasure` WHERE ( treasure_id = 272 ) LIMIT 1   [ RunTime:0.000151s ]
SQL: SELECT COUNT(*) AS tp_count FROM `tp_treasure_user` WHERE ( user_id = 45214 AND treasure_id = 272 ) LIMIT 1   [ RunTime:0.000265s ]
SQL: SELECT * FROM `tp_treasure_user` WHERE ( treasure_user_id = 42539 ) LIMIT 1   [ RunTime:0.000166s ]
SQL: SELECT `game_name` FROM `tp_game` WHERE ( game_id = 17 ) LIMIT 1   [ RunTime:0.000151s ]
SQL: SELECT `nickname`,`headimgurl` FROM `tp_users` WHERE ( user_id = 40164 ) LIMIT 1   [ RunTime:0.000151s ]
SQL: SELECT `prize_name`,`img_path` FROM `tp_prize` WHERE ( prize_id = 27 ) LIMIT 1   [ RunTime:0.000138s ]
SQL: SELECT `periods`,`total_person_times` FROM `tp_treasure` WHERE ( treasure_id = 279 ) LIMIT 1   [ RunTime:0.000165s ]
SQL: SELECT COUNT(*) AS tp_count FROM `tp_treasure_user` WHERE ( user_id = 40164 AND treasure_id = 279 ) LIMIT 1   [ RunTime:0.000823s ]
SQL: SELECT * FROM `tp_treasure_user` WHERE ( treasure_user_id = 42962 ) LIMIT 1   [ RunTime:0.000179s ]
SQL: SELECT `game_name` FROM `tp_game` WHERE ( game_id = 17 ) LIMIT 1   [ RunTime:0.000150s ]
SQL: SELECT `nickname`,`headimgurl` FROM `tp_users` WHERE ( user_id = 42023 ) LIMIT 1   [ RunTime:0.000194s ]
SQL: SELECT `prize_name`,`img_path` FROM `tp_prize` WHERE ( prize_id = 51 ) LIMIT 1   [ RunTime:0.000150s ]
SQL: SELECT `periods`,`total_person_times` FROM `tp_treasure` WHERE ( treasure_id = 277 ) LIMIT 1   [ RunTime:0.000168s ]
SQL: SELECT COUNT(*) AS tp_count FROM `tp_treasure_user` WHERE ( user_id = 42023 AND treasure_id = 277 ) LIMIT 1   [ RunTime:0.000247s ]
SQL: SELECT * FROM `tp_treasure_user` WHERE ( treasure_user_id = 42869 ) LIMIT 1   [ RunTime:0.000183s ]
SQL: SELECT `game_name` FROM `tp_game` WHERE ( game_id = 17 ) LIMIT 1   [ RunTime:0.000149s ]
SQL: SELECT `nickname`,`headimgurl` FROM `tp_users` WHERE ( user_id = 42321 ) LIMIT 1   [ RunTime:0.000153s ]
SQL: SELECT `prize_name`,`img_path` FROM `tp_prize` WHERE ( prize_id = 49 ) LIMIT 1   [ RunTime:0.000140s ]
SQL: SELECT `periods`,`total_person_times` FROM `tp_treasure` WHERE ( treasure_id = 278 ) LIMIT 1   [ RunTime:0.000273s ]
SQL: SELECT COUNT(*) AS tp_count FROM `tp_treasure_user` WHERE ( user_id = 42321 AND treasure_id = 278 ) LIMIT 1   [ RunTime:0.000440s ]
SQL: SELECT * FROM `tp_treasure_user` WHERE ( treasure_user_id = 42648 ) LIMIT 1   [ RunTime:0.000306s ]
SQL: SELECT `game_name` FROM `tp_game` WHERE ( game_id = 17 ) LIMIT 1   [ RunTime:0.000294s ]
SQL: SELECT `nickname`,`headimgurl` FROM `tp_users` WHERE ( user_id = 44039 ) LIMIT 1   [ RunTime:0.000308s ]
SQL: SELECT `prize_name`,`img_path` FROM `tp_prize` WHERE ( prize_id = 31 ) LIMIT 1   [ RunTime:0.000273s ]
SQL: SELECT `periods`,`total_person_times` FROM `tp_treasure` WHERE ( treasure_id = 267 ) LIMIT 1   [ RunTime:0.000199s ]
SQL: SELECT COUNT(*) AS tp_count FROM `tp_treasure_user` WHERE ( user_id = 44039 AND treasure_id = 267 ) LIMIT 1   [ RunTime:0.000385s ]
SQL: SELECT * FROM `tp_treasure_user` WHERE ( treasure_user_id = 42278 ) LIMIT 1   [ RunTime:0.000177s ]
SQL: SELECT `game_name` FROM `tp_game` WHERE ( game_id = 17 ) LIMIT 1   [ RunTime:0.000160s ]
SQL: SELECT `nickname`,`headimgurl` FROM `tp_users` WHERE ( user_id = 39769 ) LIMIT 1   [ RunTime:0.000140s ]
SQL: SELECT `prize_name`,`img_path` FROM `tp_prize` WHERE ( prize_id = 38 ) LIMIT 1   [ RunTime:0.000143s ]
SQL: SELECT `periods`,`total_person_times` FROM `tp_treasure` WHERE ( treasure_id = 273 ) LIMIT 1   [ RunTime:0.000143s ]
SQL: SELECT COUNT(*) AS tp_count FROM `tp_treasure_user` WHERE ( user_id = 39769 AND treasure_id = 273 ) LIMIT 1   [ RunTime:0.000334s ]
SQL: SELECT * FROM `tp_treasure_user` WHERE ( treasure_user_id = 42496 ) LIMIT 1   [ RunTime:0.000626s ]
SQL: SELECT `game_name` FROM `tp_game` WHERE ( game_id = 17 ) LIMIT 1   [ RunTime:0.000208s ]
SQL: SELECT `nickname`,`headimgurl` FROM `tp_users` WHERE ( user_id = 42665 ) LIMIT 1   [ RunTime:0.000228s ]
SQL: SELECT `prize_name`,`img_path` FROM `tp_prize` WHERE ( prize_id = 20 ) LIMIT 1   [ RunTime:0.000516s ]
SQL: SELECT `periods`,`total_person_times` FROM `tp_treasure` WHERE ( treasure_id = 270 ) LIMIT 1   [ RunTime:0.000241s ]
SQL: SELECT COUNT(*) AS tp_count FROM `tp_treasure_user` WHERE ( user_id = 42665 AND treasure_id = 270 ) LIMIT 1   [ RunTime:0.000669s ]
SQL: SELECT * FROM `tp_treasure_user` WHERE ( treasure_user_id = 41967 ) LIMIT 1   [ RunTime:0.000239s ]
SQL: SELECT `game_name` FROM `tp_game` WHERE ( game_id = 17 ) LIMIT 1   [ RunTime:0.000119s ]
SQL: SELECT `nickname`,`headimgurl` FROM `tp_users` WHERE ( user_id = 43513 ) LIMIT 1   [ RunTime:0.000164s ]
SQL: SELECT `prize_name`,`img_path` FROM `tp_prize` WHERE ( prize_id = 49 ) LIMIT 1   [ RunTime:0.000135s ]
SQL: SELECT `periods`,`total_person_times` FROM `tp_treasure` WHERE ( treasure_id = 275 ) LIMIT 1   [ RunTime:0.000148s ]
SQL: SELECT COUNT(*) AS tp_count FROM `tp_treasure_user` WHERE ( user_id = 43513 AND treasure_id = 275 ) LIMIT 1   [ RunTime:0.000264s ]
SQL: SELECT * FROM `tp_treasure_user` WHERE ( treasure_user_id = 42600 ) LIMIT 1   [ RunTime:0.000181s ]
SQL: SELECT `game_name` FROM `tp_game` WHERE ( game_id = 17 ) LIMIT 1   [ RunTime:0.000195s ]
SQL: SELECT `nickname`,`headimgurl` FROM `tp_users` WHERE ( user_id = 40164 ) LIMIT 1   [ RunTime:0.000161s ]
SQL: SELECT `prize_name`,`img_path` FROM `tp_prize` WHERE ( prize_id = 28 ) LIMIT 1   [ RunTime:0.000141s ]
SQL: SELECT `periods`,`total_person_times` FROM `tp_treasure` WHERE ( treasure_id = 269 ) LIMIT 1   [ RunTime:0.000143s ]
SQL: SELECT COUNT(*) AS tp_count FROM `tp_treasure_user` WHERE ( user_id = 40164 AND treasure_id = 269 ) LIMIT 1   [ RunTime:0.000774s ]
SQL: SELECT * FROM `tp_treasure_user` WHERE ( treasure_user_id = 42351 ) LIMIT 1   [ RunTime:0.000174s ]
SQL: SELECT `game_name` FROM `tp_game` WHERE ( game_id = 17 ) LIMIT 1   [ RunTime:0.000127s ]
SQL: SELECT t.treasure_id,t.total_person_times,tu.user_id,count(tu.treasure_user_id) AS num FROM tp_treasure t LEFT JOIN tp_treasure_user AS tu ON t.treasure_id = tu.treasure_id WHERE ( tu.addtime >= 1488729600 AND tu.addtime < 1489334400 AND t.is_open = 1 ) GROUP BY tu.user_id  [ RunTime:0.109026s ]
SQL: SHOW COLUMNS FROM `tp_draw_prize` [ RunTime:0.004734s ]
SQL: SELECT `user_id`,`treasure_id` FROM `tp_draw_prize` WHERE ( addtime >= 1488729600 AND addtime < 1489334400 )  [ RunTime:0.000252s ]

[ 2017-03-10T19:47:24+08:00 ] 127.0.0.1 /FrontTreasure/draw_prize_record.html
SQL: SHOW COLUMNS FROM `tp_config` [ RunTime:0.006867s ]
SQL: SELECT * FROM `tp_config`  [ RunTime:0.000325s ]
SQL: SELECT `user_id` FROM `tp_users` WHERE ( user_id = 1 ) LIMIT 1   [ RunTime:0.000232s ]
SQL: SHOW COLUMNS FROM `tp_config` [ RunTime:0.006355s ]
SQL: SELECT `config_value` FROM `tp_config` WHERE ( config_name= "jsapi_ticket" ) LIMIT 1   [ RunTime:0.000313s ]
SQL: SELECT `config_value` FROM `tp_config` WHERE ( config_name= "jsapi_ticket_expire_time" ) LIMIT 1   [ RunTime:0.000434s ]
SQL: SHOW COLUMNS FROM `tp_draw_prize` [ RunTime:0.003526s ]
SQL: SELECT COUNT(*) AS tp_count FROM ( SELECT * FROM `tp_draw_prize` WHERE ( isuse = 1 ) GROUP BY prize_id ORDER BY addtime DESC  ) b LIMIT 1   [ RunTime:0.000501s ]
SQL: SELECT * FROM `tp_draw_prize` WHERE ( isuse = 1 ) GROUP BY prize_id ORDER BY addtime DESC LIMIT 0, 6   [ RunTime:0.000669s ]
SQL: SHOW COLUMNS FROM `tp_users` [ RunTime:0.009510s ]
SQL: SELECT `nickname`,`headimgurl` FROM `tp_users` WHERE ( user_id = 41775 ) LIMIT 1   [ RunTime:0.001052s ]
SQL: SHOW COLUMNS FROM `tp_prize` [ RunTime:0.006388s ]
SQL: SELECT `prize_name`,`img_path` FROM `tp_prize` WHERE ( prize_id = 52 ) LIMIT 1   [ RunTime:0.000212s ]
SQL: SHOW COLUMNS FROM `tp_treasure` [ RunTime:0.007670s ]
SQL: SELECT `periods`,`total_person_times` FROM `tp_treasure` WHERE ( treasure_id = 284 ) LIMIT 1   [ RunTime:0.000558s ]
SQL: SHOW COLUMNS FROM `tp_treasure_user` [ RunTime:0.009032s ]
SQL: SELECT COUNT(*) AS tp_count FROM `tp_treasure_user` WHERE ( user_id = 41775 AND treasure_id = 284 ) LIMIT 1   [ RunTime:0.000865s ]
SQL: SELECT * FROM `tp_treasure_user` WHERE ( treasure_user_id = 44785 ) LIMIT 1   [ RunTime:0.000381s ]
SQL: SHOW COLUMNS FROM `tp_game` [ RunTime:0.006744s ]
SQL: SELECT `game_name` FROM `tp_game` WHERE ( game_id = 17 ) LIMIT 1   [ RunTime:0.000312s ]
SQL: SELECT `nickname`,`headimgurl` FROM `tp_users` WHERE ( user_id = 44385 ) LIMIT 1   [ RunTime:0.000224s ]
SQL: SELECT `prize_name`,`img_path` FROM `tp_prize` WHERE ( prize_id = 50 ) LIMIT 1   [ RunTime:0.000190s ]
SQL: SELECT `periods`,`total_person_times` FROM `tp_treasure` WHERE ( treasure_id = 276 ) LIMIT 1   [ RunTime:0.000149s ]
SQL: SELECT COUNT(*) AS tp_count FROM `tp_treasure_user` WHERE ( user_id = 44385 AND treasure_id = 276 ) LIMIT 1   [ RunTime:0.000356s ]
SQL: SELECT * FROM `tp_treasure_user` WHERE ( treasure_user_id = 43505 ) LIMIT 1   [ RunTime:0.000175s ]
SQL: SELECT `game_name` FROM `tp_game` WHERE ( game_id = 17 ) LIMIT 1   [ RunTime:0.000138s ]
SQL: SELECT `nickname`,`headimgurl` FROM `tp_users` WHERE ( user_id = 42023 ) LIMIT 1   [ RunTime:0.000165s ]
SQL: SELECT `prize_name`,`img_path` FROM `tp_prize` WHERE ( prize_id = 51 ) LIMIT 1   [ RunTime:0.000137s ]
SQL: SELECT `periods`,`total_person_times` FROM `tp_treasure` WHERE ( treasure_id = 277 ) LIMIT 1   [ RunTime:0.000143s ]
SQL: SELECT COUNT(*) AS tp_count FROM `tp_treasure_user` WHERE ( user_id = 42023 AND treasure_id = 277 ) LIMIT 1   [ RunTime:0.000225s ]
SQL: SELECT * FROM `tp_treasure_user` WHERE ( treasure_user_id = 42869 ) LIMIT 1   [ RunTime:0.000181s ]
SQL: SELECT `game_name` FROM `tp_game` WHERE ( game_id = 17 ) LIMIT 1   [ RunTime:0.000139s ]
SQL: SELECT `nickname`,`headimgurl` FROM `tp_users` WHERE ( user_id = 43513 ) LIMIT 1   [ RunTime:0.000146s ]
SQL: SELECT `prize_name`,`img_path` FROM `tp_prize` WHERE ( prize_id = 49 ) LIMIT 1   [ RunTime:0.000137s ]
SQL: SELECT `periods`,`total_person_times` FROM `tp_treasure` WHERE ( treasure_id = 275 ) LIMIT 1   [ RunTime:0.000137s ]
SQL: SELECT COUNT(*) AS tp_count FROM `tp_treasure_user` WHERE ( user_id = 43513 AND treasure_id = 275 ) LIMIT 1   [ RunTime:0.000268s ]
SQL: SELECT * FROM `tp_treasure_user` WHERE ( treasure_user_id = 42600 ) LIMIT 1   [ RunTime:0.000186s ]
SQL: SELECT `game_name` FROM `tp_game` WHERE ( game_id = 17 ) LIMIT 1   [ RunTime:0.000171s ]
SQL: SELECT `nickname`,`headimgurl` FROM `tp_users` WHERE ( user_id = 40223 ) LIMIT 1   [ RunTime:0.002009s ]
SQL: SELECT `prize_name`,`img_path` FROM `tp_prize` WHERE ( prize_id = 48 ) LIMIT 1   [ RunTime:0.000185s ]
SQL: SELECT `periods`,`total_person_times` FROM `tp_treasure` WHERE ( treasure_id = 262 ) LIMIT 1   [ RunTime:0.000167s ]
SQL: SELECT COUNT(*) AS tp_count FROM `tp_treasure_user` WHERE ( user_id = 40223 AND treasure_id = 262 ) LIMIT 1   [ RunTime:0.000329s ]
SQL: SELECT * FROM `tp_treasure_user` WHERE ( treasure_user_id = 40912 ) LIMIT 1   [ RunTime:0.000163s ]
SQL: SELECT `game_name` FROM `tp_game` WHERE ( game_id = 17 ) LIMIT 1   [ RunTime:0.000126s ]
SQL: SELECT `nickname`,`headimgurl` FROM `tp_users` WHERE ( user_id = 41251 ) LIMIT 1   [ RunTime:0.002511s ]
SQL: SELECT `prize_name`,`img_path` FROM `tp_prize` WHERE ( prize_id = 47 ) LIMIT 1   [ RunTime:0.000912s ]
SQL: SELECT `periods`,`total_person_times` FROM `tp_treasure` WHERE ( treasure_id = 261 ) LIMIT 1   [ RunTime:0.000353s ]
SQL: SELECT COUNT(*) AS tp_count FROM `tp_treasure_user` WHERE ( user_id = 41251 AND treasure_id = 261 ) LIMIT 1   [ RunTime:0.002889s ]
SQL: SELECT * FROM `tp_treasure_user` WHERE ( treasure_user_id = 40646 ) LIMIT 1   [ RunTime:0.003232s ]
SQL: SELECT `game_name` FROM `tp_game` WHERE ( game_id = 17 ) LIMIT 1   [ RunTime:0.000237s ]

