[ 2017-03-14T20:20:22+08:00 ] 127.0.0.1 /
SQL: SHOW COLUMNS FROM `tp_config` [ RunTime:0.025272s ]
SQL: SELECT * FROM `tp_config`  [ RunTime:0.005199s ]
SQL: SELECT `user_id` FROM `tp_users` WHERE ( user_id = 0 ) LIMIT 1   [ RunTime:0.007275s ]
SQL: SHOW COLUMNS FROM `tp_config` [ RunTime:0.001753s ]
SQL: SELECT `config_value` FROM `tp_config` WHERE ( config_name= "jsapi_ticket" ) LIMIT 1   [ RunTime:0.003522s ]
SQL: SELECT `config_value` FROM `tp_config` WHERE ( config_name= "jsapi_ticket_expire_time" ) LIMIT 1   [ RunTime:0.000203s ]
SQL: SHOW COLUMNS FROM `tp_config` [ RunTime:0.003869s ]
SQL: SELECT `config_value` FROM `tp_config` WHERE ( config_name= "access_token" ) LIMIT 1   [ RunTime:0.000244s ]
SQL: SELECT `config_value` FROM `tp_config` WHERE ( config_name= "access_token_expire_time" ) LIMIT 1   [ RunTime:0.000211s ]
SQL: UPDATE `tp_config` SET `config_value`='1zIUFMPhmRHF74lE06rBigwyv2S6ZyQdOTWW01Xl01CZ5wjGUjst6Rx_Ff6aGxx-dL1yTvJcu4UtynmdoW4BrcYsRDafHdPfibjgPvtpz28CDz2Ak_1IpiAwcGw_xBj4AZJbACADCM' WHERE ( config_name="access_token" ) [ RunTime:0.006366s ]
SQL: UPDATE `tp_config` SET `config_value`=1489501022 WHERE ( config_name="access_token_expire_time" ) [ RunTime:0.000245s ]
SQL: UPDATE `tp_config` SET `config_value`='kgt8ON7yVITDhtdwci0qeYQAHREO0HbYL2-fFn3US2PzkFOWKS4G-HmMo-wk_g0-pkL_xvB807eD7grp0HKYlQ' WHERE ( config_name="jsapi_ticket" ) [ RunTime:0.000280s ]
SQL: UPDATE `tp_config` SET `config_value`=1489501022 WHERE ( config_name="jsapi_ticket_expire_time" ) [ RunTime:0.000127s ]

[ 2017-03-14T20:20:23+08:00 ] 127.0.0.1 /FrontGuess/guess_index.html
SQL: SHOW COLUMNS FROM `tp_config` [ RunTime:0.006283s ]
SQL: SELECT * FROM `tp_config`  [ RunTime:0.000368s ]
SQL: SELECT `user_id` FROM `tp_users` WHERE ( user_id = 39628 ) LIMIT 1   [ RunTime:0.002656s ]
SQL: SHOW COLUMNS FROM `tp_config` [ RunTime:0.005721s ]
SQL: SELECT `config_value` FROM `tp_config` WHERE ( config_name= "jsapi_ticket" ) LIMIT 1   [ RunTime:0.000212s ]
SQL: SELECT `config_value` FROM `tp_config` WHERE ( config_name= "jsapi_ticket_expire_time" ) LIMIT 1   [ RunTime:0.000146s ]
SQL: SHOW COLUMNS FROM `tp_guess_user` [ RunTime:0.003467s ]
SQL: SELECT count(*) AS people_num,sum(add_money) AS total_money FROM `tp_guess_user` WHERE ( addtime >= 1489420800 AND addtime <= 1489507200 ) LIMIT 1   [ RunTime:0.023479s ]
SQL: SHOW COLUMNS FROM `tp_roll` [ RunTime:0.003512s ]
SQL: SELECT * FROM `tp_roll` WHERE ( isuse = 1 AND is_open = 0 AND start_time <= 1489494022 AND end_time >= 1489494022 ) LIMIT 1   [ RunTime:0.003617s ]
SQL: SELECT (sum(prize_money) - sum(add_money)) AS total_prize,`user_id` FROM `tp_guess_user` WHERE ( open_time != 0 AND is_pay = 1 AND addtime >= 1489334400 AND addtime <= 1489939200 ) GROUP BY user_id HAVING total_prize > 0 ORDER BY total_prize DESC LIMIT 5   [ RunTime:0.014892s ]
SQL: SHOW COLUMNS FROM `tp_guess_type` [ RunTime:0.007063s ]
SQL: SELECT * FROM `tp_guess_type` WHERE ( isuse = 1 ) ORDER BY serial LIMIT 4   [ RunTime:0.003713s ]
SQL: SHOW COLUMNS FROM `tp_guess` [ RunTime:0.004343s ]
SQL: SELECT COUNT(*) AS tp_count FROM `tp_guess` WHERE ( guess_type_id = 14 AND is_over = 0 ) LIMIT 1   [ RunTime:0.004421s ]
SQL: SELECT COUNT(*) AS tp_count FROM `tp_guess` WHERE ( guess_type_id = 16 AND is_over = 0 ) LIMIT 1   [ RunTime:0.000777s ]
SQL: SELECT COUNT(*) AS tp_count FROM `tp_guess` WHERE ( guess_type_id = 15 AND is_over = 0 ) LIMIT 1   [ RunTime:0.001029s ]
SQL: SHOW COLUMNS FROM `tp_guess` [ RunTime:0.003886s ]
SQL: SELECT COUNT(*) AS tp_count FROM `tp_guess` WHERE ( isuse = 1 AND guess_type_id = 14 ) LIMIT 1   [ RunTime:0.000849s ]
SQL: SELECT COUNT(*) AS tp_count FROM `tp_guess` WHERE ( isuse = 1 AND guess_type_id = 14 AND is_over = 0 ) LIMIT 1   [ RunTime:0.001011s ]
SQL: SELECT * FROM `tp_guess` WHERE ( isuse = 1 AND start_time <= 1489494022 AND guess_type_id = 14 ) ORDER BY (case when first_field_time <= 1489494022 AND is_over = 0  then 0
            when first_field_time > "1489494022" AND  is_over = 0 then 1 
        else 2 end), serial LIMIT 0, 6   [ RunTime:0.006644s ]
SQL: SHOW COLUMNS FROM `tp_team` [ RunTime:0.003803s ]
SQL: SELECT * FROM `tp_team` WHERE ( team_id = 10 ) LIMIT 1   [ RunTime:0.003399s ]
SQL: SELECT * FROM `tp_team` WHERE ( team_id = 14 ) LIMIT 1   [ RunTime:0.000261s ]
SQL: SHOW COLUMNS FROM `tp_guess_field` [ RunTime:0.006518s ]
SQL: SELECT COUNT(*) AS tp_count FROM `tp_guess_field` WHERE ( isuse = 1 AND guess_id = 1808 ) LIMIT 1   [ RunTime:0.004311s ]
SQL: SELECT * FROM `tp_team` WHERE ( team_id = 107 ) LIMIT 1   [ RunTime:0.002759s ]
SQL: SELECT * FROM `tp_team` WHERE ( team_id = 112 ) LIMIT 1   [ RunTime:0.000236s ]
SQL: SELECT COUNT(*) AS tp_count FROM `tp_guess_field` WHERE ( isuse = 1 AND guess_id = 1792 ) LIMIT 1   [ RunTime:0.001098s ]
SQL: SELECT * FROM `tp_team` WHERE ( team_id = 109 ) LIMIT 1   [ RunTime:0.000169s ]
SQL: SELECT * FROM `tp_team` WHERE ( team_id = 77 ) LIMIT 1   [ RunTime:0.001450s ]
SQL: SELECT COUNT(*) AS tp_count FROM `tp_guess_field` WHERE ( isuse = 1 AND guess_id = 1793 ) LIMIT 1   [ RunTime:0.001348s ]
SQL: SELECT * FROM `tp_team` WHERE ( team_id = 39 ) LIMIT 1   [ RunTime:0.000240s ]
SQL: SELECT * FROM `tp_team` WHERE ( team_id = 37 ) LIMIT 1   [ RunTime:0.000140s ]
SQL: SELECT COUNT(*) AS tp_count FROM `tp_guess_field` WHERE ( isuse = 1 AND guess_id = 1794 ) LIMIT 1   [ RunTime:0.001684s ]
SQL: SELECT * FROM `tp_team` WHERE ( team_id = 102 ) LIMIT 1   [ RunTime:0.000288s ]
SQL: SELECT * FROM `tp_team` WHERE ( team_id = 67 ) LIMIT 1   [ RunTime:0.000187s ]
SQL: SELECT COUNT(*) AS tp_count FROM `tp_guess_field` WHERE ( isuse = 1 AND guess_id = 1795 ) LIMIT 1   [ RunTime:0.001160s ]
SQL: SELECT * FROM `tp_team` WHERE ( team_id = 23 ) LIMIT 1   [ RunTime:0.000159s ]
SQL: SELECT * FROM `tp_team` WHERE ( team_id = 214 ) LIMIT 1   [ RunTime:0.002076s ]
SQL: SELECT COUNT(*) AS tp_count FROM `tp_guess_field` WHERE ( isuse = 1 AND guess_id = 1796 ) LIMIT 1   [ RunTime:0.000980s ]
SQL: SHOW COLUMNS FROM `tp_notice` [ RunTime:0.007313s ]
SQL: SELECT `notice_id` FROM `tp_notice` WHERE ( notice_sort_id = 2 AND isuse = 1 ) ORDER BY addtime DESC LIMIT 1   [ RunTime:0.003735s ]
SQL: SHOW COLUMNS FROM `tp_notice_txt` [ RunTime:0.004288s ]
SQL: SELECT `contents` FROM `tp_notice_txt` WHERE ( notice_id=5 ) LIMIT 1   [ RunTime:0.003400s ]

[ 2017-03-14T20:20:29+08:00 ] 127.0.0.1 /FrontGuess/guess_index
SQL: SHOW COLUMNS FROM `tp_config` [ RunTime:0.008737s ]
SQL: SELECT * FROM `tp_config`  [ RunTime:0.000477s ]
SQL: SELECT `user_id` FROM `tp_users` WHERE ( user_id = 39628 ) LIMIT 1   [ RunTime:0.000281s ]
SQL: SHOW COLUMNS FROM `tp_config` [ RunTime:0.003137s ]
SQL: SELECT `config_value` FROM `tp_config` WHERE ( config_name= "jsapi_ticket" ) LIMIT 1   [ RunTime:0.000351s ]
SQL: SELECT `config_value` FROM `tp_config` WHERE ( config_name= "jsapi_ticket_expire_time" ) LIMIT 1   [ RunTime:0.000237s ]
SQL: SHOW COLUMNS FROM `tp_guess_user` [ RunTime:0.002979s ]
SQL: SELECT count(*) AS people_num,sum(add_money) AS total_money FROM `tp_guess_user` WHERE ( addtime >= 1489420800 AND addtime <= 1489507200 ) LIMIT 1   [ RunTime:0.008097s ]
SQL: SHOW COLUMNS FROM `tp_roll` [ RunTime:0.005931s ]
SQL: SELECT * FROM `tp_roll` WHERE ( isuse = 1 AND is_open = 0 AND start_time <= 1489494029 AND end_time >= 1489494029 ) LIMIT 1   [ RunTime:0.003178s ]
SQL: SELECT (sum(prize_money) - sum(add_money)) AS total_prize,`user_id` FROM `tp_guess_user` WHERE ( open_time != 0 AND is_pay = 1 AND addtime >= 1489334400 AND addtime <= 1489939200 ) GROUP BY user_id HAVING total_prize > 0 ORDER BY total_prize DESC LIMIT 5   [ RunTime:0.008511s ]
SQL: SHOW COLUMNS FROM `tp_guess_type` [ RunTime:0.003003s ]
SQL: SELECT * FROM `tp_guess_type` WHERE ( isuse = 1 ) ORDER BY serial LIMIT 4   [ RunTime:0.000313s ]
SQL: SHOW COLUMNS FROM `tp_guess` [ RunTime:0.006538s ]
SQL: SELECT COUNT(*) AS tp_count FROM `tp_guess` WHERE ( guess_type_id = 14 AND is_over = 0 ) LIMIT 1   [ RunTime:0.001168s ]
SQL: SELECT COUNT(*) AS tp_count FROM `tp_guess` WHERE ( guess_type_id = 16 AND is_over = 0 ) LIMIT 1   [ RunTime:0.000788s ]
SQL: SELECT COUNT(*) AS tp_count FROM `tp_guess` WHERE ( guess_type_id = 15 AND is_over = 0 ) LIMIT 1   [ RunTime:0.000843s ]
SQL: SHOW COLUMNS FROM `tp_guess` [ RunTime:0.005902s ]
SQL: SELECT COUNT(*) AS tp_count FROM `tp_guess` WHERE ( isuse = 1 AND guess_type_id = 14 ) LIMIT 1   [ RunTime:0.000928s ]
SQL: SELECT COUNT(*) AS tp_count FROM `tp_guess` WHERE ( isuse = 1 AND guess_type_id = 14 AND is_over = 0 ) LIMIT 1   [ RunTime:0.001049s ]
SQL: SELECT * FROM `tp_guess` WHERE ( isuse = 1 AND start_time <= 1489494029 AND guess_type_id = 14 ) ORDER BY (case when first_field_time <= 1489494029 AND is_over = 0  then 0
            when first_field_time > "1489494029" AND  is_over = 0 then 1 
        else 2 end), serial LIMIT 0, 6   [ RunTime:0.002373s ]
SQL: SHOW COLUMNS FROM `tp_team` [ RunTime:0.005705s ]
SQL: SELECT * FROM `tp_team` WHERE ( team_id = 10 ) LIMIT 1   [ RunTime:0.003373s ]
SQL: SELECT * FROM `tp_team` WHERE ( team_id = 14 ) LIMIT 1   [ RunTime:0.000247s ]
SQL: SHOW COLUMNS FROM `tp_guess_field` [ RunTime:0.006945s ]
SQL: SELECT COUNT(*) AS tp_count FROM `tp_guess_field` WHERE ( isuse = 1 AND guess_id = 1808 ) LIMIT 1   [ RunTime:0.001890s ]
SQL: SELECT * FROM `tp_team` WHERE ( team_id = 107 ) LIMIT 1   [ RunTime:0.002271s ]
SQL: SELECT * FROM `tp_team` WHERE ( team_id = 112 ) LIMIT 1   [ RunTime:0.000314s ]
SQL: SELECT COUNT(*) AS tp_count FROM `tp_guess_field` WHERE ( isuse = 1 AND guess_id = 1792 ) LIMIT 1   [ RunTime:0.001758s ]
SQL: SELECT * FROM `tp_team` WHERE ( team_id = 109 ) LIMIT 1   [ RunTime:0.000319s ]
SQL: SELECT * FROM `tp_team` WHERE ( team_id = 77 ) LIMIT 1   [ RunTime:0.002511s ]
SQL: SELECT COUNT(*) AS tp_count FROM `tp_guess_field` WHERE ( isuse = 1 AND guess_id = 1793 ) LIMIT 1   [ RunTime:0.001730s ]
SQL: SELECT * FROM `tp_team` WHERE ( team_id = 39 ) LIMIT 1   [ RunTime:0.000334s ]
SQL: SELECT * FROM `tp_team` WHERE ( team_id = 37 ) LIMIT 1   [ RunTime:0.000538s ]
SQL: SELECT COUNT(*) AS tp_count FROM `tp_guess_field` WHERE ( isuse = 1 AND guess_id = 1794 ) LIMIT 1   [ RunTime:0.001038s ]
SQL: SELECT * FROM `tp_team` WHERE ( team_id = 102 ) LIMIT 1   [ RunTime:0.000166s ]
SQL: SELECT * FROM `tp_team` WHERE ( team_id = 67 ) LIMIT 1   [ RunTime:0.000128s ]
SQL: SELECT COUNT(*) AS tp_count FROM `tp_guess_field` WHERE ( isuse = 1 AND guess_id = 1795 ) LIMIT 1   [ RunTime:0.001019s ]
SQL: SELECT * FROM `tp_team` WHERE ( team_id = 23 ) LIMIT 1   [ RunTime:0.000157s ]
SQL: SELECT * FROM `tp_team` WHERE ( team_id = 214 ) LIMIT 1   [ RunTime:0.001991s ]
SQL: SELECT COUNT(*) AS tp_count FROM `tp_guess_field` WHERE ( isuse = 1 AND guess_id = 1796 ) LIMIT 1   [ RunTime:0.001632s ]
SQL: SHOW COLUMNS FROM `tp_notice` [ RunTime:0.002724s ]
SQL: SELECT `notice_id` FROM `tp_notice` WHERE ( notice_sort_id = 2 AND isuse = 1 ) ORDER BY addtime DESC LIMIT 1   [ RunTime:0.000922s ]
SQL: SHOW COLUMNS FROM `tp_notice_txt` [ RunTime:0.004905s ]
SQL: SELECT `contents` FROM `tp_notice_txt` WHERE ( notice_id=5 ) LIMIT 1   [ RunTime:0.003420s ]

[ 2017-03-14T20:21:22+08:00 ] 127.0.0.1 /FrontGuess/guess_index
SQL: SHOW COLUMNS FROM `tp_config` [ RunTime:0.010948s ]
SQL: SELECT * FROM `tp_config`  [ RunTime:0.000438s ]
SQL: SELECT `user_id` FROM `tp_users` WHERE ( user_id = 39628 ) LIMIT 1   [ RunTime:0.000379s ]
SQL: SHOW COLUMNS FROM `tp_config` [ RunTime:0.008008s ]
SQL: SELECT `config_value` FROM `tp_config` WHERE ( config_name= "jsapi_ticket" ) LIMIT 1   [ RunTime:0.000400s ]
SQL: SELECT `config_value` FROM `tp_config` WHERE ( config_name= "jsapi_ticket_expire_time" ) LIMIT 1   [ RunTime:0.000264s ]
SQL: SHOW COLUMNS FROM `tp_guess_user` [ RunTime:0.006572s ]
SQL: SELECT count(*) AS people_num,sum(add_money) AS total_money FROM `tp_guess_user` WHERE ( addtime >= 1489420800 AND addtime <= 1489507200 ) LIMIT 1   [ RunTime:0.006020s ]
SQL: SHOW COLUMNS FROM `tp_roll` [ RunTime:0.006005s ]
SQL: SELECT * FROM `tp_roll` WHERE ( isuse = 1 AND is_open = 0 AND start_time <= 1489494081 AND end_time >= 1489494081 ) LIMIT 1   [ RunTime:0.003409s ]
SQL: SELECT (sum(prize_money) - sum(add_money)) AS total_prize,`user_id` FROM `tp_guess_user` WHERE ( open_time != 0 AND is_pay = 1 AND addtime >= 1489334400 AND addtime <= 1489939200 ) GROUP BY user_id HAVING total_prize > 0 ORDER BY total_prize DESC LIMIT 5   [ RunTime:0.012203s ]

[ 2017-03-14T20:21:49+08:00 ] 127.0.0.1 /FrontGuess/guess_index
SQL: SHOW COLUMNS FROM `tp_config` [ RunTime:0.006325s ]
SQL: SELECT * FROM `tp_config`  [ RunTime:0.000331s ]
SQL: SELECT `user_id` FROM `tp_users` WHERE ( user_id = 39628 ) LIMIT 1   [ RunTime:0.000315s ]
SQL: SHOW COLUMNS FROM `tp_config` [ RunTime:0.003042s ]
SQL: SELECT `config_value` FROM `tp_config` WHERE ( config_name= "jsapi_ticket" ) LIMIT 1   [ RunTime:0.000266s ]
SQL: SELECT `config_value` FROM `tp_config` WHERE ( config_name= "jsapi_ticket_expire_time" ) LIMIT 1   [ RunTime:0.000155s ]
SQL: SHOW COLUMNS FROM `tp_guess_user` [ RunTime:0.002999s ]
SQL: SELECT count(*) AS people_num,sum(add_money) AS total_money FROM `tp_guess_user` WHERE ( addtime >= 1489420800 AND addtime <= 1489507200 ) LIMIT 1   [ RunTime:0.006299s ]
SQL: SHOW COLUMNS FROM `tp_roll` [ RunTime:0.002947s ]
SQL: SELECT * FROM `tp_roll` WHERE ( isuse = 1 AND is_open = 0 AND start_time <= 1489494109 AND end_time >= 1489494109 ) LIMIT 1   [ RunTime:0.000253s ]
SQL: SELECT (sum(prize_money) - sum(add_money)) AS total_prize,`user_id` FROM `tp_guess_user` WHERE ( open_time != 0 AND is_pay = 1 ) GROUP BY user_id HAVING total_prize > 0 ORDER BY total_prize DESC LIMIT 5   [ RunTime:0.036028s ]

[ 2017-03-14T20:21:57+08:00 ] 127.0.0.1 /FrontGuess/guess_index
SQL: SHOW COLUMNS FROM `tp_config` [ RunTime:0.002931s ]
SQL: SELECT * FROM `tp_config`  [ RunTime:0.000300s ]
SQL: SELECT `user_id` FROM `tp_users` WHERE ( user_id = 39628 ) LIMIT 1   [ RunTime:0.000248s ]
SQL: SHOW COLUMNS FROM `tp_config` [ RunTime:0.006260s ]
SQL: SELECT `config_value` FROM `tp_config` WHERE ( config_name= "jsapi_ticket" ) LIMIT 1   [ RunTime:0.000234s ]
SQL: SELECT `config_value` FROM `tp_config` WHERE ( config_name= "jsapi_ticket_expire_time" ) LIMIT 1   [ RunTime:0.000149s ]
SQL: SHOW COLUMNS FROM `tp_guess_user` [ RunTime:0.006321s ]
SQL: SELECT count(*) AS people_num,sum(add_money) AS total_money FROM `tp_guess_user` WHERE ( addtime >= 1489420800 AND addtime <= 1489507200 ) LIMIT 1   [ RunTime:0.007098s ]
SQL: SHOW COLUMNS FROM `tp_roll` [ RunTime:0.006281s ]
SQL: SELECT * FROM `tp_roll` WHERE ( isuse = 1 AND is_open = 0 AND start_time <= 1489494116 AND end_time >= 1489494116 ) LIMIT 1   [ RunTime:0.000305s ]
SQL: SELECT (sum(prize_money) - sum(add_money)) AS total_prize,`user_id` FROM `tp_guess_user` WHERE ( open_time != 0 AND is_pay = 1 ) GROUP BY user_id HAVING total_prize > 0 ORDER BY total_prize DESC LIMIT 5   [ RunTime:0.018424s ]
SQL: SELECT `nickname`,`realname`,`username`,`headimgurl`,`id` FROM `tp_users` WHERE ( user_id = 39627 AND is_enable = 1 ) LIMIT 1   [ RunTime:0.002525s ]
SQL: SELECT `nickname`,`realname`,`username`,`headimgurl`,`id` FROM `tp_users` WHERE ( user_id = 40223 AND is_enable = 1 ) LIMIT 1   [ RunTime:0.003348s ]
SQL: SELECT `nickname`,`realname`,`username`,`headimgurl`,`id` FROM `tp_users` WHERE ( user_id = 40896 AND is_enable = 1 ) LIMIT 1   [ RunTime:0.003679s ]
SQL: SELECT `nickname`,`realname`,`username`,`headimgurl`,`id` FROM `tp_users` WHERE ( user_id = 39625 AND is_enable = 1 ) LIMIT 1   [ RunTime:0.003025s ]
SQL: SELECT `nickname`,`realname`,`username`,`headimgurl`,`id` FROM `tp_users` WHERE ( user_id = 41285 AND is_enable = 1 ) LIMIT 1   [ RunTime:0.003449s ]
SQL: SHOW COLUMNS FROM `tp_guess_type` [ RunTime:0.007180s ]
SQL: SELECT * FROM `tp_guess_type` WHERE ( isuse = 1 ) ORDER BY serial LIMIT 4   [ RunTime:0.000254s ]
SQL: SHOW COLUMNS FROM `tp_guess` [ RunTime:0.004249s ]
SQL: SELECT COUNT(*) AS tp_count FROM `tp_guess` WHERE ( guess_type_id = 14 AND is_over = 0 ) LIMIT 1   [ RunTime:0.000873s ]
SQL: SELECT COUNT(*) AS tp_count FROM `tp_guess` WHERE ( guess_type_id = 16 AND is_over = 0 ) LIMIT 1   [ RunTime:0.000855s ]
SQL: SELECT COUNT(*) AS tp_count FROM `tp_guess` WHERE ( guess_type_id = 15 AND is_over = 0 ) LIMIT 1   [ RunTime:0.000775s ]
SQL: SHOW COLUMNS FROM `tp_guess` [ RunTime:0.004018s ]
SQL: SELECT COUNT(*) AS tp_count FROM `tp_guess` WHERE ( isuse = 1 AND guess_type_id = 14 ) LIMIT 1   [ RunTime:0.001532s ]
SQL: SELECT COUNT(*) AS tp_count FROM `tp_guess` WHERE ( isuse = 1 AND guess_type_id = 14 AND is_over = 0 ) LIMIT 1   [ RunTime:0.001088s ]
SQL: SELECT * FROM `tp_guess` WHERE ( isuse = 1 AND start_time <= 1489494116 AND guess_type_id = 14 ) ORDER BY (case when first_field_time <= 1489494116 AND is_over = 0  then 0
            when first_field_time > "1489494116" AND  is_over = 0 then 1 
        else 2 end), serial LIMIT 0, 6   [ RunTime:0.001154s ]
SQL: SHOW COLUMNS FROM `tp_team` [ RunTime:0.003799s ]
SQL: SELECT * FROM `tp_team` WHERE ( team_id = 10 ) LIMIT 1   [ RunTime:0.003377s ]
SQL: SELECT * FROM `tp_team` WHERE ( team_id = 14 ) LIMIT 1   [ RunTime:0.000270s ]
SQL: SHOW COLUMNS FROM `tp_guess_field` [ RunTime:0.006986s ]
SQL: SELECT COUNT(*) AS tp_count FROM `tp_guess_field` WHERE ( isuse = 1 AND guess_id = 1808 ) LIMIT 1   [ RunTime:0.001427s ]
SQL: SELECT * FROM `tp_team` WHERE ( team_id = 107 ) LIMIT 1   [ RunTime:0.002277s ]
SQL: SELECT * FROM `tp_team` WHERE ( team_id = 112 ) LIMIT 1   [ RunTime:0.000405s ]
SQL: SELECT COUNT(*) AS tp_count FROM `tp_guess_field` WHERE ( isuse = 1 AND guess_id = 1792 ) LIMIT 1   [ RunTime:0.001164s ]
SQL: SELECT * FROM `tp_team` WHERE ( team_id = 109 ) LIMIT 1   [ RunTime:0.000194s ]
SQL: SELECT * FROM `tp_team` WHERE ( team_id = 77 ) LIMIT 1   [ RunTime:0.002343s ]
SQL: SELECT COUNT(*) AS tp_count FROM `tp_guess_field` WHERE ( isuse = 1 AND guess_id = 1793 ) LIMIT 1   [ RunTime:0.001261s ]
SQL: SELECT * FROM `tp_team` WHERE ( team_id = 39 ) LIMIT 1   [ RunTime:0.000197s ]
SQL: SELECT * FROM `tp_team` WHERE ( team_id = 37 ) LIMIT 1   [ RunTime:0.000217s ]
SQL: SELECT COUNT(*) AS tp_count FROM `tp_guess_field` WHERE ( isuse = 1 AND guess_id = 1794 ) LIMIT 1   [ RunTime:0.001153s ]
SQL: SELECT * FROM `tp_team` WHERE ( team_id = 102 ) LIMIT 1   [ RunTime:0.000301s ]
SQL: SELECT * FROM `tp_team` WHERE ( team_id = 67 ) LIMIT 1   [ RunTime:0.000196s ]
SQL: SELECT COUNT(*) AS tp_count FROM `tp_guess_field` WHERE ( isuse = 1 AND guess_id = 1795 ) LIMIT 1   [ RunTime:0.002083s ]
SQL: SELECT * FROM `tp_team` WHERE ( team_id = 23 ) LIMIT 1   [ RunTime:0.000333s ]
SQL: SELECT * FROM `tp_team` WHERE ( team_id = 214 ) LIMIT 1   [ RunTime:0.001997s ]
SQL: SELECT COUNT(*) AS tp_count FROM `tp_guess_field` WHERE ( isuse = 1 AND guess_id = 1796 ) LIMIT 1   [ RunTime:0.001308s ]
SQL: SHOW COLUMNS FROM `tp_notice` [ RunTime:0.004208s ]
SQL: SELECT `notice_id` FROM `tp_notice` WHERE ( notice_sort_id = 2 AND isuse = 1 ) ORDER BY addtime DESC LIMIT 1   [ RunTime:0.003339s ]
SQL: SHOW COLUMNS FROM `tp_notice_txt` [ RunTime:0.003836s ]
SQL: SELECT `contents` FROM `tp_notice_txt` WHERE ( notice_id=5 ) LIMIT 1   [ RunTime:0.003464s ]

[ 2017-03-14T20:22:19+08:00 ] 127.0.0.1 /FrontGuess/guess_index
SQL: SHOW COLUMNS FROM `tp_config` [ RunTime:0.006112s ]
SQL: SELECT * FROM `tp_config`  [ RunTime:0.000328s ]
SQL: SELECT `user_id` FROM `tp_users` WHERE ( user_id = 39628 ) LIMIT 1   [ RunTime:0.000241s ]
SQL: SHOW COLUMNS FROM `tp_config` [ RunTime:0.006962s ]
SQL: SELECT `config_value` FROM `tp_config` WHERE ( config_name= "jsapi_ticket" ) LIMIT 1   [ RunTime:0.000894s ]
SQL: SELECT `config_value` FROM `tp_config` WHERE ( config_name= "jsapi_ticket_expire_time" ) LIMIT 1   [ RunTime:0.000572s ]
SQL: SHOW COLUMNS FROM `tp_guess_user` [ RunTime:0.007022s ]
SQL: SELECT count(*) AS people_num,sum(add_money) AS total_money FROM `tp_guess_user` WHERE ( addtime >= 1489420800 AND addtime <= 1489507200 ) LIMIT 1   [ RunTime:0.006501s ]
SQL: SHOW COLUMNS FROM `tp_roll` [ RunTime:0.006891s ]
SQL: SELECT * FROM `tp_roll` WHERE ( isuse = 1 AND is_open = 0 AND start_time <= 1489494138 AND end_time >= 1489494138 ) LIMIT 1   [ RunTime:0.000362s ]
SQL: SELECT (sum(prize_money) - sum(add_money)) AS total_prize,`user_id` FROM `tp_guess_user` WHERE ( is_pay = 1 ) GROUP BY user_id HAVING total_prize > 0 ORDER BY total_prize DESC LIMIT 5   [ RunTime:0.023326s ]
SQL: SELECT `nickname`,`realname`,`username`,`headimgurl`,`id` FROM `tp_users` WHERE ( user_id = 40223 AND is_enable = 1 ) LIMIT 1   [ RunTime:0.002188s ]
SQL: SELECT `nickname`,`realname`,`username`,`headimgurl`,`id` FROM `tp_users` WHERE ( user_id = 40896 AND is_enable = 1 ) LIMIT 1   [ RunTime:0.003433s ]
SQL: SELECT `nickname`,`realname`,`username`,`headimgurl`,`id` FROM `tp_users` WHERE ( user_id = 40540 AND is_enable = 1 ) LIMIT 1   [ RunTime:0.003549s ]
SQL: SELECT `nickname`,`realname`,`username`,`headimgurl`,`id` FROM `tp_users` WHERE ( user_id = 41285 AND is_enable = 1 ) LIMIT 1   [ RunTime:0.002942s ]
SQL: SELECT `nickname`,`realname`,`username`,`headimgurl`,`id` FROM `tp_users` WHERE ( user_id = 43276 AND is_enable = 1 ) LIMIT 1   [ RunTime:0.003590s ]
SQL: SHOW COLUMNS FROM `tp_guess_type` [ RunTime:0.004049s ]
SQL: SELECT * FROM `tp_guess_type` WHERE ( isuse = 1 ) ORDER BY serial LIMIT 4   [ RunTime:0.000276s ]
SQL: SHOW COLUMNS FROM `tp_guess` [ RunTime:0.007215s ]
SQL: SELECT COUNT(*) AS tp_count FROM `tp_guess` WHERE ( guess_type_id = 14 AND is_over = 0 ) LIMIT 1   [ RunTime:0.002414s ]
SQL: SELECT COUNT(*) AS tp_count FROM `tp_guess` WHERE ( guess_type_id = 16 AND is_over = 0 ) LIMIT 1   [ RunTime:0.001784s ]
SQL: SELECT COUNT(*) AS tp_count FROM `tp_guess` WHERE ( guess_type_id = 15 AND is_over = 0 ) LIMIT 1   [ RunTime:0.001002s ]
SQL: SHOW COLUMNS FROM `tp_guess` [ RunTime:0.005210s ]
SQL: SELECT COUNT(*) AS tp_count FROM `tp_guess` WHERE ( isuse = 1 AND guess_type_id = 14 ) LIMIT 1   [ RunTime:0.002288s ]
SQL: SELECT COUNT(*) AS tp_count FROM `tp_guess` WHERE ( isuse = 1 AND guess_type_id = 14 AND is_over = 0 ) LIMIT 1   [ RunTime:0.001577s ]
SQL: SELECT * FROM `tp_guess` WHERE ( isuse = 1 AND start_time <= 1489494138 AND guess_type_id = 14 ) ORDER BY (case when first_field_time <= 1489494138 AND is_over = 0  then 0
            when first_field_time > "1489494138" AND  is_over = 0 then 1 
        else 2 end), serial LIMIT 0, 6   [ RunTime:0.001781s ]
SQL: SHOW COLUMNS FROM `tp_team` [ RunTime:0.007477s ]
SQL: SELECT * FROM `tp_team` WHERE ( team_id = 10 ) LIMIT 1   [ RunTime:0.002865s ]
SQL: SELECT * FROM `tp_team` WHERE ( team_id = 14 ) LIMIT 1   [ RunTime:0.000431s ]
SQL: SHOW COLUMNS FROM `tp_guess_field` [ RunTime:0.009118s ]
SQL: SELECT COUNT(*) AS tp_count FROM `tp_guess_field` WHERE ( isuse = 1 AND guess_id = 1808 ) LIMIT 1   [ RunTime:0.001417s ]
SQL: SELECT * FROM `tp_team` WHERE ( team_id = 107 ) LIMIT 1   [ RunTime:0.002334s ]
SQL: SELECT * FROM `tp_team` WHERE ( team_id = 112 ) LIMIT 1   [ RunTime:0.000490s ]
SQL: SELECT COUNT(*) AS tp_count FROM `tp_guess_field` WHERE ( isuse = 1 AND guess_id = 1792 ) LIMIT 1   [ RunTime:0.001059s ]
SQL: SELECT * FROM `tp_team` WHERE ( team_id = 109 ) LIMIT 1   [ RunTime:0.000217s ]
SQL: SELECT * FROM `tp_team` WHERE ( team_id = 77 ) LIMIT 1   [ RunTime:0.002266s ]
SQL: SELECT COUNT(*) AS tp_count FROM `tp_guess_field` WHERE ( isuse = 1 AND guess_id = 1793 ) LIMIT 1   [ RunTime:0.000971s ]
SQL: SELECT * FROM `tp_team` WHERE ( team_id = 39 ) LIMIT 1   [ RunTime:0.000188s ]
SQL: SELECT * FROM `tp_team` WHERE ( team_id = 37 ) LIMIT 1   [ RunTime:0.000178s ]
SQL: SELECT COUNT(*) AS tp_count FROM `tp_guess_field` WHERE ( isuse = 1 AND guess_id = 1794 ) LIMIT 1   [ RunTime:0.000996s ]
SQL: SELECT * FROM `tp_team` WHERE ( team_id = 102 ) LIMIT 1   [ RunTime:0.000195s ]
SQL: SELECT * FROM `tp_team` WHERE ( team_id = 67 ) LIMIT 1   [ RunTime:0.000148s ]
SQL: SELECT COUNT(*) AS tp_count FROM `tp_guess_field` WHERE ( isuse = 1 AND guess_id = 1795 ) LIMIT 1   [ RunTime:0.001258s ]
SQL: SELECT * FROM `tp_team` WHERE ( team_id = 23 ) LIMIT 1   [ RunTime:0.000265s ]
SQL: SELECT * FROM `tp_team` WHERE ( team_id = 214 ) LIMIT 1   [ RunTime:0.002251s ]
SQL: SELECT COUNT(*) AS tp_count FROM `tp_guess_field` WHERE ( isuse = 1 AND guess_id = 1796 ) LIMIT 1   [ RunTime:0.001202s ]
SQL: SHOW COLUMNS FROM `tp_notice` [ RunTime:0.006182s ]
SQL: SELECT `notice_id` FROM `tp_notice` WHERE ( notice_sort_id = 2 AND isuse = 1 ) ORDER BY addtime DESC LIMIT 1   [ RunTime:0.003597s ]
SQL: SHOW COLUMNS FROM `tp_notice_txt` [ RunTime:0.006862s ]
SQL: SELECT `contents` FROM `tp_notice_txt` WHERE ( notice_id=5 ) LIMIT 1   [ RunTime:0.003460s ]

[ 2017-03-14T20:22:38+08:00 ] 127.0.0.1 /FrontGuess/guess_index
SQL: SHOW COLUMNS FROM `tp_config` [ RunTime:0.006958s ]
SQL: SELECT * FROM `tp_config`  [ RunTime:0.000913s ]
SQL: SELECT `user_id` FROM `tp_users` WHERE ( user_id = 39628 ) LIMIT 1   [ RunTime:0.000296s ]
SQL: SHOW COLUMNS FROM `tp_config` [ RunTime:0.007763s ]
SQL: SELECT `config_value` FROM `tp_config` WHERE ( config_name= "jsapi_ticket" ) LIMIT 1   [ RunTime:0.000919s ]
SQL: SELECT `config_value` FROM `tp_config` WHERE ( config_name= "jsapi_ticket_expire_time" ) LIMIT 1   [ RunTime:0.000643s ]
SQL: SHOW COLUMNS FROM `tp_guess_user` [ RunTime:0.008044s ]
SQL: SELECT count(*) AS people_num,sum(add_money) AS total_money FROM `tp_guess_user` WHERE ( addtime >= 1489420800 AND addtime <= 1489507200 ) LIMIT 1   [ RunTime:0.005926s ]
SQL: SHOW COLUMNS FROM `tp_roll` [ RunTime:0.003115s ]
SQL: SELECT * FROM `tp_roll` WHERE ( isuse = 1 AND is_open = 0 AND start_time <= 1489494158 AND end_time >= 1489494158 ) LIMIT 1   [ RunTime:0.000357s ]
SQL: SELECT (sum(prize_money) - sum(add_money)) AS total_prize,`user_id` FROM `tp_guess_user` WHERE ( open_time > 0 AND is_pay = 1 ) GROUP BY user_id HAVING total_prize > 0 ORDER BY total_prize DESC LIMIT 5   [ RunTime:0.029590s ]
SQL: SELECT `nickname`,`realname`,`username`,`headimgurl`,`id` FROM `tp_users` WHERE ( user_id = 39627 AND is_enable = 1 ) LIMIT 1   [ RunTime:0.000296s ]
SQL: SELECT `nickname`,`realname`,`username`,`headimgurl`,`id` FROM `tp_users` WHERE ( user_id = 40223 AND is_enable = 1 ) LIMIT 1   [ RunTime:0.000261s ]
SQL: SELECT `nickname`,`realname`,`username`,`headimgurl`,`id` FROM `tp_users` WHERE ( user_id = 40896 AND is_enable = 1 ) LIMIT 1   [ RunTime:0.000190s ]
SQL: SELECT `nickname`,`realname`,`username`,`headimgurl`,`id` FROM `tp_users` WHERE ( user_id = 39625 AND is_enable = 1 ) LIMIT 1   [ RunTime:0.000163s ]
SQL: SELECT `nickname`,`realname`,`username`,`headimgurl`,`id` FROM `tp_users` WHERE ( user_id = 41285 AND is_enable = 1 ) LIMIT 1   [ RunTime:0.000197s ]
SQL: SHOW COLUMNS FROM `tp_guess_type` [ RunTime:0.006290s ]
SQL: SELECT * FROM `tp_guess_type` WHERE ( isuse = 1 ) ORDER BY serial LIMIT 4   [ RunTime:0.001779s ]
SQL: SHOW COLUMNS FROM `tp_guess` [ RunTime:0.007753s ]
SQL: SELECT COUNT(*) AS tp_count FROM `tp_guess` WHERE ( guess_type_id = 14 AND is_over = 0 ) LIMIT 1   [ RunTime:0.003455s ]
SQL: SELECT COUNT(*) AS tp_count FROM `tp_guess` WHERE ( guess_type_id = 16 AND is_over = 0 ) LIMIT 1   [ RunTime:0.002332s ]
SQL: SELECT COUNT(*) AS tp_count FROM `tp_guess` WHERE ( guess_type_id = 15 AND is_over = 0 ) LIMIT 1   [ RunTime:0.001218s ]
SQL: SHOW COLUMNS FROM `tp_guess` [ RunTime:0.006233s ]
SQL: SELECT COUNT(*) AS tp_count FROM `tp_guess` WHERE ( isuse = 1 AND guess_type_id = 14 ) LIMIT 1   [ RunTime:0.001631s ]
SQL: SELECT COUNT(*) AS tp_count FROM `tp_guess` WHERE ( isuse = 1 AND guess_type_id = 14 AND is_over = 0 ) LIMIT 1   [ RunTime:0.001629s ]
SQL: SELECT * FROM `tp_guess` WHERE ( isuse = 1 AND start_time <= 1489494158 AND guess_type_id = 14 ) ORDER BY (case when first_field_time <= 1489494158 AND is_over = 0  then 0
            when first_field_time > "1489494158" AND  is_over = 0 then 1 
        else 2 end), serial LIMIT 0, 6   [ RunTime:0.001335s ]
SQL: SHOW COLUMNS FROM `tp_team` [ RunTime:0.006007s ]
SQL: SELECT * FROM `tp_team` WHERE ( team_id = 10 ) LIMIT 1   [ RunTime:0.000246s ]
SQL: SELECT * FROM `tp_team` WHERE ( team_id = 14 ) LIMIT 1   [ RunTime:0.000243s ]
SQL: SHOW COLUMNS FROM `tp_guess_field` [ RunTime:0.003288s ]
SQL: SELECT COUNT(*) AS tp_count FROM `tp_guess_field` WHERE ( isuse = 1 AND guess_id = 1808 ) LIMIT 1   [ RunTime:0.001509s ]
SQL: SELECT * FROM `tp_team` WHERE ( team_id = 107 ) LIMIT 1   [ RunTime:0.000324s ]
SQL: SELECT * FROM `tp_team` WHERE ( team_id = 112 ) LIMIT 1   [ RunTime:0.000328s ]
SQL: SELECT COUNT(*) AS tp_count FROM `tp_guess_field` WHERE ( isuse = 1 AND guess_id = 1792 ) LIMIT 1   [ RunTime:0.001204s ]
SQL: SELECT * FROM `tp_team` WHERE ( team_id = 109 ) LIMIT 1   [ RunTime:0.000433s ]
SQL: SELECT * FROM `tp_team` WHERE ( team_id = 77 ) LIMIT 1   [ RunTime:0.000288s ]
SQL: SELECT COUNT(*) AS tp_count FROM `tp_guess_field` WHERE ( isuse = 1 AND guess_id = 1793 ) LIMIT 1   [ RunTime:0.001300s ]
SQL: SELECT * FROM `tp_team` WHERE ( team_id = 39 ) LIMIT 1   [ RunTime:0.000240s ]
SQL: SELECT * FROM `tp_team` WHERE ( team_id = 37 ) LIMIT 1   [ RunTime:0.000158s ]
SQL: SELECT COUNT(*) AS tp_count FROM `tp_guess_field` WHERE ( isuse = 1 AND guess_id = 1794 ) LIMIT 1   [ RunTime:0.001051s ]
SQL: SELECT * FROM `tp_team` WHERE ( team_id = 102 ) LIMIT 1   [ RunTime:0.000205s ]
SQL: SELECT * FROM `tp_team` WHERE ( team_id = 67 ) LIMIT 1   [ RunTime:0.000190s ]
SQL: SELECT COUNT(*) AS tp_count FROM `tp_guess_field` WHERE ( isuse = 1 AND guess_id = 1795 ) LIMIT 1   [ RunTime:0.000949s ]
SQL: SELECT * FROM `tp_team` WHERE ( team_id = 23 ) LIMIT 1   [ RunTime:0.000182s ]
SQL: SELECT * FROM `tp_team` WHERE ( team_id = 214 ) LIMIT 1   [ RunTime:0.000152s ]
SQL: SELECT COUNT(*) AS tp_count FROM `tp_guess_field` WHERE ( isuse = 1 AND guess_id = 1796 ) LIMIT 1   [ RunTime:0.000933s ]
SQL: SHOW COLUMNS FROM `tp_notice` [ RunTime:0.006102s ]
SQL: SELECT `notice_id` FROM `tp_notice` WHERE ( notice_sort_id = 2 AND isuse = 1 ) ORDER BY addtime DESC LIMIT 1   [ RunTime:0.000431s ]
SQL: SHOW COLUMNS FROM `tp_notice_txt` [ RunTime:0.002841s ]
SQL: SELECT `contents` FROM `tp_notice_txt` WHERE ( notice_id=5 ) LIMIT 1   [ RunTime:0.000311s ]

[ 2017-03-14T20:47:09+08:00 ] 127.0.0.1 /FrontGuess/guess_index
SQL: SHOW COLUMNS FROM `tp_config` [ RunTime:0.011161s ]
SQL: SELECT * FROM `tp_config`  [ RunTime:0.000463s ]
SQL: SELECT `user_id` FROM `tp_users` WHERE ( user_id = 39628 ) LIMIT 1   [ RunTime:0.000439s ]
SQL: SHOW COLUMNS FROM `tp_config` [ RunTime:0.004441s ]
SQL: SELECT `config_value` FROM `tp_config` WHERE ( config_name= "jsapi_ticket" ) LIMIT 1   [ RunTime:0.000338s ]
SQL: SELECT `config_value` FROM `tp_config` WHERE ( config_name= "jsapi_ticket_expire_time" ) LIMIT 1   [ RunTime:0.000272s ]
SQL: SHOW COLUMNS FROM `tp_guess_user` [ RunTime:0.006847s ]
SQL: SELECT count(*) AS people_num,sum(add_money) AS total_money FROM `tp_guess_user` WHERE ( addtime >= 1489420800 AND addtime <= 1489507200 ) LIMIT 1   [ RunTime:0.009803s ]
SQL: SHOW COLUMNS FROM `tp_roll` [ RunTime:0.006726s ]
SQL: SELECT * FROM `tp_roll` WHERE ( isuse = 1 AND is_open = 0 AND start_time <= 1489495629 AND end_time >= 1489495629 ) LIMIT 1   [ RunTime:0.000392s ]
SQL: SELECT (sum(u.prize_money) - sum(u.add_money)) AS total_prize,u.user_id FROM tp_guess_user u LEFT JOIN tp_guess_field_question AS q ON q.guess_field_question_id = u.guess_field_question_id WHERE ( q.is_over = 1 AND u.is_pay = 1 AND u.addtime >= 1489334400 AND u.addtime <= 1489939200 ) GROUP BY u.user_id HAVING total_prize > 0 ORDER BY total_prize DESC LIMIT 5   [ RunTime:0.014463s ]
SQL: SHOW COLUMNS FROM `tp_guess_type` [ RunTime:0.002902s ]
SQL: SELECT * FROM `tp_guess_type` WHERE ( isuse = 1 ) ORDER BY serial LIMIT 4   [ RunTime:0.000243s ]
SQL: SHOW COLUMNS FROM `tp_guess` [ RunTime:0.003699s ]
SQL: SELECT COUNT(*) AS tp_count FROM `tp_guess` WHERE ( guess_type_id = 14 AND is_over = 0 ) LIMIT 1   [ RunTime:0.001254s ]
SQL: SELECT COUNT(*) AS tp_count FROM `tp_guess` WHERE ( guess_type_id = 16 AND is_over = 0 ) LIMIT 1   [ RunTime:0.001239s ]
SQL: SELECT COUNT(*) AS tp_count FROM `tp_guess` WHERE ( guess_type_id = 15 AND is_over = 0 ) LIMIT 1   [ RunTime:0.001715s ]
SQL: SHOW COLUMNS FROM `tp_guess` [ RunTime:0.007025s ]
SQL: SELECT COUNT(*) AS tp_count FROM `tp_guess` WHERE ( isuse = 1 AND guess_type_id = 14 ) LIMIT 1   [ RunTime:0.001995s ]
SQL: SELECT COUNT(*) AS tp_count FROM `tp_guess` WHERE ( isuse = 1 AND guess_type_id = 14 AND is_over = 0 ) LIMIT 1   [ RunTime:0.001409s ]
SQL: SELECT * FROM `tp_guess` WHERE ( isuse = 1 AND start_time <= 1489495629 AND guess_type_id = 14 ) ORDER BY (case when first_field_time <= 1489495629 AND is_over = 0  then 0
            when first_field_time > "1489495629" AND  is_over = 0 then 1 
        else 2 end), serial LIMIT 0, 6   [ RunTime:0.001873s ]
SQL: SHOW COLUMNS FROM `tp_team` [ RunTime:0.001128s ]
SQL: SELECT * FROM `tp_team` WHERE ( team_id = 10 ) LIMIT 1   [ RunTime:0.003504s ]
SQL: SELECT * FROM `tp_team` WHERE ( team_id = 14 ) LIMIT 1   [ RunTime:0.000324s ]
SQL: SHOW COLUMNS FROM `tp_guess_field` [ RunTime:0.007556s ]
SQL: SELECT COUNT(*) AS tp_count FROM `tp_guess_field` WHERE ( isuse = 1 AND guess_id = 1808 ) LIMIT 1   [ RunTime:0.001904s ]
SQL: SELECT * FROM `tp_team` WHERE ( team_id = 107 ) LIMIT 1   [ RunTime:0.002229s ]
SQL: SELECT * FROM `tp_team` WHERE ( team_id = 112 ) LIMIT 1   [ RunTime:0.000412s ]
SQL: SELECT COUNT(*) AS tp_count FROM `tp_guess_field` WHERE ( isuse = 1 AND guess_id = 1792 ) LIMIT 1   [ RunTime:0.001968s ]
SQL: SELECT * FROM `tp_team` WHERE ( team_id = 109 ) LIMIT 1   [ RunTime:0.000345s ]
SQL: SELECT * FROM `tp_team` WHERE ( team_id = 77 ) LIMIT 1   [ RunTime:0.002150s ]
SQL: SELECT COUNT(*) AS tp_count FROM `tp_guess_field` WHERE ( isuse = 1 AND guess_id = 1793 ) LIMIT 1   [ RunTime:0.002160s ]
SQL: SELECT * FROM `tp_team` WHERE ( team_id = 39 ) LIMIT 1   [ RunTime:0.000909s ]
SQL: SELECT * FROM `tp_team` WHERE ( team_id = 37 ) LIMIT 1   [ RunTime:0.000363s ]
SQL: SELECT COUNT(*) AS tp_count FROM `tp_guess_field` WHERE ( isuse = 1 AND guess_id = 1794 ) LIMIT 1   [ RunTime:0.002025s ]
SQL: SELECT * FROM `tp_team` WHERE ( team_id = 102 ) LIMIT 1   [ RunTime:0.000310s ]
SQL: SELECT * FROM `tp_team` WHERE ( team_id = 67 ) LIMIT 1   [ RunTime:0.000184s ]
SQL: SELECT COUNT(*) AS tp_count FROM `tp_guess_field` WHERE ( isuse = 1 AND guess_id = 1795 ) LIMIT 1   [ RunTime:0.001282s ]
SQL: SELECT * FROM `tp_team` WHERE ( team_id = 23 ) LIMIT 1   [ RunTime:0.000245s ]
SQL: SELECT * FROM `tp_team` WHERE ( team_id = 214 ) LIMIT 1   [ RunTime:0.000932s ]
SQL: SELECT COUNT(*) AS tp_count FROM `tp_guess_field` WHERE ( isuse = 1 AND guess_id = 1796 ) LIMIT 1   [ RunTime:0.001702s ]
SQL: SHOW COLUMNS FROM `tp_notice` [ RunTime:0.007334s ]
SQL: SELECT `notice_id` FROM `tp_notice` WHERE ( notice_sort_id = 2 AND isuse = 1 ) ORDER BY addtime DESC LIMIT 1   [ RunTime:0.000239s ]
SQL: SHOW COLUMNS FROM `tp_notice_txt` [ RunTime:0.003393s ]
SQL: SELECT `contents` FROM `tp_notice_txt` WHERE ( notice_id=5 ) LIMIT 1   [ RunTime:0.000341s ]

[ 2017-03-14T20:49:05+08:00 ] 127.0.0.1 /FrontGuess/guess_index
SQL: SHOW COLUMNS FROM `tp_config` [ RunTime:0.011841s ]
SQL: SELECT * FROM `tp_config`  [ RunTime:0.002837s ]
SQL: SELECT `user_id` FROM `tp_users` WHERE ( user_id = 39628 ) LIMIT 1   [ RunTime:0.000365s ]
SQL: SHOW COLUMNS FROM `tp_config` [ RunTime:0.003328s ]
SQL: SELECT `config_value` FROM `tp_config` WHERE ( config_name= "jsapi_ticket" ) LIMIT 1   [ RunTime:0.000256s ]
SQL: SELECT `config_value` FROM `tp_config` WHERE ( config_name= "jsapi_ticket_expire_time" ) LIMIT 1   [ RunTime:0.000177s ]
SQL: SHOW COLUMNS FROM `tp_config` [ RunTime:0.006232s ]
SQL: SELECT `config_value` FROM `tp_config` WHERE ( config_name= "access_token" ) LIMIT 1   [ RunTime:0.000206s ]
SQL: SELECT `config_value` FROM `tp_config` WHERE ( config_name= "access_token_expire_time" ) LIMIT 1   [ RunTime:0.000132s ]
SQL: UPDATE `tp_config` SET `config_value`='F3SXB5DPPwTgdtSjupN5FEGAsZeY6cDZNa7wtbffYVWq5Ms9h0GkVUiG9TWOBSKNtjbqKlvRdWVcanrgIcbqJSZXRypRq6LdM1QHyD44pJZVeB5338YQXmmzXDYqhuh7IEIeAJAMIM' WHERE ( config_name="access_token" ) [ RunTime:0.000334s ]
SQL: UPDATE `tp_config` SET `config_value`=1489502744 WHERE ( config_name="access_token_expire_time" ) [ RunTime:0.000124s ]
SQL: UPDATE `tp_config` SET `config_value`='kgt8ON7yVITDhtdwci0qeYQAHREO0HbYL2-fFn3US2PzkFOWKS4G-HmMo-wk_g0-pkL_xvB807eD7grp0HKYlQ' WHERE ( config_name="jsapi_ticket" ) [ RunTime:0.000264s ]
SQL: UPDATE `tp_config` SET `config_value`=1489502744 WHERE ( config_name="jsapi_ticket_expire_time" ) [ RunTime:0.000221s ]
SQL: SHOW COLUMNS FROM `tp_guess_user` [ RunTime:0.006866s ]
SQL: SELECT count(*) AS people_num,sum(add_money) AS total_money FROM `tp_guess_user` WHERE ( addtime >= 1489420800 AND addtime <= 1489507200 ) LIMIT 1   [ RunTime:0.049714s ]
SQL: SHOW COLUMNS FROM `tp_roll` [ RunTime:0.003855s ]
SQL: SELECT * FROM `tp_roll` WHERE ( isuse = 1 AND is_open = 0 AND start_time <= 1489495744 AND end_time >= 1489495744 ) LIMIT 1   [ RunTime:0.003182s ]
SQL: SELECT (sum(u.prize_money) - sum(u.add_money)) AS total_prize,u.user_id FROM tp_guess_user u LEFT JOIN tp_guess_field_question AS q ON q.guess_field_question_id = u.guess_field_question_id WHERE ( q.is_over = 1 AND u.is_pay = 1 AND u.addtime >= 1489334400 AND u.addtime <= 1489939200 ) GROUP BY u.user_id HAVING total_prize > 0 ORDER BY total_prize DESC LIMIT 5   [ RunTime:0.019563s ]
SQL: SHOW COLUMNS FROM `tp_guess_type` [ RunTime:0.007041s ]
SQL: SELECT * FROM `tp_guess_type` WHERE ( isuse = 1 ) ORDER BY serial LIMIT 4   [ RunTime:0.003306s ]
SQL: SHOW COLUMNS FROM `tp_guess` [ RunTime:0.007075s ]
SQL: SELECT COUNT(*) AS tp_count FROM `tp_guess` WHERE ( guess_type_id = 14 AND is_over = 0 ) LIMIT 1   [ RunTime:0.005278s ]
SQL: SELECT COUNT(*) AS tp_count FROM `tp_guess` WHERE ( guess_type_id = 16 AND is_over = 0 ) LIMIT 1   [ RunTime:0.001578s ]
SQL: SELECT COUNT(*) AS tp_count FROM `tp_guess` WHERE ( guess_type_id = 15 AND is_over = 0 ) LIMIT 1   [ RunTime:0.001563s ]
SQL: SHOW COLUMNS FROM `tp_guess` [ RunTime:0.007114s ]
SQL: SELECT COUNT(*) AS tp_count FROM `tp_guess` WHERE ( isuse = 1 AND guess_type_id = 14 ) LIMIT 1   [ RunTime:0.001833s ]
SQL: SELECT COUNT(*) AS tp_count FROM `tp_guess` WHERE ( isuse = 1 AND guess_type_id = 14 AND is_over = 0 ) LIMIT 1   [ RunTime:0.002985s ]
SQL: SELECT * FROM `tp_guess` WHERE ( isuse = 1 AND start_time <= 1489495744 AND guess_type_id = 14 ) ORDER BY (case when first_field_time <= 1489495744 AND is_over = 0  then 0
            when first_field_time > "1489495744" AND  is_over = 0 then 1 
        else 2 end), serial LIMIT 0, 2   [ RunTime:0.002540s ]
SQL: SELECT * FROM `tp_guess` WHERE ( isuse = 1 AND start_time <= 1489495744 AND guess_type_id = 14 ) ORDER BY (case when first_field_time <= 1489495744 AND is_over = 0  then 0
            when first_field_time > "1489495744" AND  is_over = 0 then 1 
        else 2 end), over_time DESC LIMIT 2, 4   [ RunTime:0.002092s ]
SQL: SHOW COLUMNS FROM `tp_team` [ RunTime:0.004007s ]
SQL: SELECT * FROM `tp_team` WHERE ( team_id = 665 ) LIMIT 1   [ RunTime:0.003380s ]
SQL: SELECT * FROM `tp_team` WHERE ( team_id = 675 ) LIMIT 1   [ RunTime:0.000334s ]
SQL: SHOW COLUMNS FROM `tp_guess_field` [ RunTime:0.003393s ]
SQL: SELECT COUNT(*) AS tp_count FROM `tp_guess_field` WHERE ( isuse = 1 AND guess_id = 3823 ) LIMIT 1   [ RunTime:0.006343s ]
SQL: SELECT * FROM `tp_team` WHERE ( team_id = 928 ) LIMIT 1   [ RunTime:0.003045s ]
SQL: SELECT * FROM `tp_team` WHERE ( team_id = 666 ) LIMIT 1   [ RunTime:0.000335s ]
SQL: SELECT COUNT(*) AS tp_count FROM `tp_guess_field` WHERE ( isuse = 1 AND guess_id = 3824 ) LIMIT 1   [ RunTime:0.003297s ]
SQL: SELECT * FROM `tp_team` WHERE ( team_id = 110 ) LIMIT 1   [ RunTime:0.004837s ]
SQL: SELECT * FROM `tp_team` WHERE ( team_id = 675 ) LIMIT 1   [ RunTime:0.000275s ]
SQL: SELECT COUNT(*) AS tp_count FROM `tp_guess_field` WHERE ( isuse = 1 AND guess_id = 3822 ) LIMIT 1   [ RunTime:0.002815s ]
SQL: SELECT * FROM `tp_team` WHERE ( team_id = 156 ) LIMIT 1   [ RunTime:0.002539s ]
SQL: SELECT * FROM `tp_team` WHERE ( team_id = 995 ) LIMIT 1   [ RunTime:0.003593s ]
SQL: SELECT COUNT(*) AS tp_count FROM `tp_guess_field` WHERE ( isuse = 1 AND guess_id = 3817 ) LIMIT 1   [ RunTime:0.003681s ]
SQL: SELECT * FROM `tp_team` WHERE ( team_id = 646 ) LIMIT 1   [ RunTime:0.000241s ]
SQL: SELECT * FROM `tp_team` WHERE ( team_id = 1022 ) LIMIT 1   [ RunTime:0.002170s ]
SQL: SELECT COUNT(*) AS tp_count FROM `tp_guess_field` WHERE ( isuse = 1 AND guess_id = 3802 ) LIMIT 1   [ RunTime:0.003197s ]
SQL: SELECT * FROM `tp_team` WHERE ( team_id = 936 ) LIMIT 1   [ RunTime:0.000235s ]
SQL: SELECT * FROM `tp_team` WHERE ( team_id = 937 ) LIMIT 1   [ RunTime:0.000161s ]
SQL: SELECT COUNT(*) AS tp_count FROM `tp_guess_field` WHERE ( isuse = 1 AND guess_id = 3792 ) LIMIT 1   [ RunTime:0.002268s ]
SQL: SHOW COLUMNS FROM `tp_notice` [ RunTime:0.004252s ]
SQL: SELECT `notice_id` FROM `tp_notice` WHERE ( notice_sort_id = 2 AND isuse = 1 ) ORDER BY addtime DESC LIMIT 1   [ RunTime:0.003615s ]
SQL: SHOW COLUMNS FROM `tp_notice_txt` [ RunTime:0.003839s ]
SQL: SELECT `contents` FROM `tp_notice_txt` WHERE ( notice_id=5 ) LIMIT 1   [ RunTime:0.001061s ]

[ 2017-03-14T20:49:23+08:00 ] 127.0.0.1 /FrontGuess/guess_index
SQL: SHOW COLUMNS FROM `tp_config` [ RunTime:0.003057s ]
SQL: SELECT * FROM `tp_config`  [ RunTime:0.000298s ]
SQL: SELECT `user_id` FROM `tp_users` WHERE ( user_id = 39628 ) LIMIT 1   [ RunTime:0.000404s ]
SQL: SHOW COLUMNS FROM `tp_config` [ RunTime:0.006493s ]
SQL: SELECT `config_value` FROM `tp_config` WHERE ( config_name= "jsapi_ticket" ) LIMIT 1   [ RunTime:0.000221s ]
SQL: SELECT `config_value` FROM `tp_config` WHERE ( config_name= "jsapi_ticket_expire_time" ) LIMIT 1   [ RunTime:0.000255s ]
SQL: SHOW COLUMNS FROM `tp_guess_user` [ RunTime:0.006921s ]
SQL: SELECT count(*) AS people_num,sum(add_money) AS total_money FROM `tp_guess_user` WHERE ( addtime >= 1489420800 AND addtime <= 1489507200 ) LIMIT 1   [ RunTime:0.013910s ]
SQL: SHOW COLUMNS FROM `tp_roll` [ RunTime:0.004297s ]
SQL: SELECT * FROM `tp_roll` WHERE ( isuse = 1 AND is_open = 0 AND start_time <= 1489495763 AND end_time >= 1489495763 ) LIMIT 1   [ RunTime:0.000530s ]
SQL: SELECT (sum(u.prize_money) - sum(u.add_money)) AS total_prize,u.user_id FROM tp_guess_user u LEFT JOIN tp_guess_field_question AS q ON q.guess_field_question_id = u.guess_field_question_id WHERE ( q.is_over = 1 AND u.is_pay = 1 AND u.addtime >= 1489334400 AND u.addtime <= 1489939200 ) GROUP BY u.user_id HAVING total_prize > 0 ORDER BY total_prize DESC LIMIT 5   [ RunTime:0.019216s ]

[ 2017-03-14T20:49:32+08:00 ] 127.0.0.1 /FrontGuess/guess_index
SQL: SHOW COLUMNS FROM `tp_config` [ RunTime:0.006514s ]
SQL: SELECT * FROM `tp_config`  [ RunTime:0.000355s ]
SQL: SELECT `user_id` FROM `tp_users` WHERE ( user_id = 39628 ) LIMIT 1   [ RunTime:0.000243s ]
SQL: SHOW COLUMNS FROM `tp_config` [ RunTime:0.002963s ]
SQL: SELECT `config_value` FROM `tp_config` WHERE ( config_name= "jsapi_ticket" ) LIMIT 1   [ RunTime:0.000220s ]
SQL: SELECT `config_value` FROM `tp_config` WHERE ( config_name= "jsapi_ticket_expire_time" ) LIMIT 1   [ RunTime:0.000166s ]
SQL: SHOW COLUMNS FROM `tp_guess_user` [ RunTime:0.006076s ]
SQL: SELECT count(*) AS people_num,sum(add_money) AS total_money FROM `tp_guess_user` WHERE ( addtime >= 1489420800 AND addtime <= 1489507200 ) LIMIT 1   [ RunTime:0.014687s ]
SQL: SHOW COLUMNS FROM `tp_roll` [ RunTime:0.006309s ]
SQL: SELECT * FROM `tp_roll` WHERE ( isuse = 1 AND is_open = 0 AND start_time <= 1489495772 AND end_time >= 1489495772 ) LIMIT 1   [ RunTime:0.000314s ]
SQL: SELECT (sum(u.prize_money) - sum(u.add_money)) AS total_prize,u.user_id FROM tp_guess_user u LEFT JOIN tp_guess_field_question AS q ON q.guess_field_question_id = u.guess_field_question_id WHERE ( q.is_over = 1 AND u.is_pay = 1 AND u.addtime >= 1489334400 AND u.addtime <= 1489939200 ) GROUP BY u.user_id ORDER BY total_prize DESC LIMIT 5   [ RunTime:0.018707s ]

[ 2017-03-14T20:52:14+08:00 ] 127.0.0.1 /FrontGuess/guess_index
SQL: SHOW COLUMNS FROM `tp_config` [ RunTime:0.003833s ]
SQL: SELECT * FROM `tp_config`  [ RunTime:0.000335s ]
SQL: SELECT `user_id` FROM `tp_users` WHERE ( user_id = 39628 ) LIMIT 1   [ RunTime:0.000313s ]
SQL: SHOW COLUMNS FROM `tp_config` [ RunTime:0.003986s ]
SQL: SELECT `config_value` FROM `tp_config` WHERE ( config_name= "jsapi_ticket" ) LIMIT 1   [ RunTime:0.000235s ]
SQL: SELECT `config_value` FROM `tp_config` WHERE ( config_name= "jsapi_ticket_expire_time" ) LIMIT 1   [ RunTime:0.000185s ]
SQL: SHOW COLUMNS FROM `tp_guess_user` [ RunTime:0.006908s ]
SQL: SELECT count(*) AS people_num,sum(add_money) AS total_money FROM `tp_guess_user` WHERE ( addtime >= 1489420800 AND addtime <= 1489507200 ) LIMIT 1   [ RunTime:0.015011s ]
SQL: SHOW COLUMNS FROM `tp_roll` [ RunTime:0.007125s ]
SQL: SELECT * FROM `tp_roll` WHERE ( isuse = 1 AND is_open = 0 AND start_time <= 1489495934 AND end_time >= 1489495934 ) LIMIT 1   [ RunTime:0.000314s ]
SQL: SELECT (sum(u.prize_money) - sum(u.add_money)) AS total_prize,u.user_id FROM tp_guess_user u LEFT JOIN tp_guess_field_question AS q ON q.guess_field_question_id = u.guess_field_question_id WHERE ( q.is_over = 1 AND u.is_pay = 1 AND u.addtime >= 1489334400 AND u.addtime <= 1489939200 ) GROUP BY u.user_id HAVING total_prize > 0 ORDER BY total_prize DESC LIMIT 5   [ RunTime:0.019146s ]

[ 2017-03-14T20:52:54+08:00 ] 127.0.0.1 /FrontGuess/guess_index
SQL: SHOW COLUMNS FROM `tp_config` [ RunTime:0.003874s ]
SQL: SELECT * FROM `tp_config`  [ RunTime:0.000259s ]
SQL: SELECT `user_id` FROM `tp_users` WHERE ( user_id = 39628 ) LIMIT 1   [ RunTime:0.000285s ]
SQL: SHOW COLUMNS FROM `tp_config` [ RunTime:0.003365s ]
SQL: SELECT `config_value` FROM `tp_config` WHERE ( config_name= "jsapi_ticket" ) LIMIT 1   [ RunTime:0.000245s ]
SQL: SELECT `config_value` FROM `tp_config` WHERE ( config_name= "jsapi_ticket_expire_time" ) LIMIT 1   [ RunTime:0.000186s ]
SQL: SHOW COLUMNS FROM `tp_guess_user` [ RunTime:0.006879s ]
SQL: SELECT count(*) AS people_num,sum(add_money) AS total_money FROM `tp_guess_user` WHERE ( addtime >= 1489420800 AND addtime <= 1489507200 ) LIMIT 1   [ RunTime:0.015188s ]
SQL: SHOW COLUMNS FROM `tp_roll` [ RunTime:0.006461s ]
SQL: SELECT * FROM `tp_roll` WHERE ( isuse = 1 AND is_open = 0 AND start_time <= 1489495972 AND end_time >= 1489495972 ) LIMIT 1   [ RunTime:0.000438s ]
SQL: SELECT (sum(u.prize_money) - sum(u.add_money)) AS total_prize,u.user_id FROM tp_guess_user u LEFT JOIN tp_guess_field_question AS q ON q.guess_field_question_id = u.guess_field_question_id WHERE ( q.is_over = 1 AND u.is_pay = 1 ) GROUP BY u.user_id HAVING total_prize > 0 ORDER BY total_prize DESC LIMIT 5   [ RunTime:1.102793s ]

[ 2017-03-14T20:53:34+08:00 ] 127.0.0.1 /FrontGuess/guess_index
SQL: SHOW COLUMNS FROM `tp_config` [ RunTime:0.010416s ]
SQL: SELECT * FROM `tp_config`  [ RunTime:0.000703s ]
SQL: SELECT `user_id` FROM `tp_users` WHERE ( user_id = 39628 ) LIMIT 1   [ RunTime:0.000294s ]
SQL: SHOW COLUMNS FROM `tp_config` [ RunTime:0.003464s ]
SQL: SELECT `config_value` FROM `tp_config` WHERE ( config_name= "jsapi_ticket" ) LIMIT 1   [ RunTime:0.000206s ]
SQL: SELECT `config_value` FROM `tp_config` WHERE ( config_name= "jsapi_ticket_expire_time" ) LIMIT 1   [ RunTime:0.000145s ]
SQL: SHOW COLUMNS FROM `tp_guess_user` [ RunTime:0.003253s ]
SQL: SELECT count(*) AS people_num,sum(add_money) AS total_money FROM `tp_guess_user` WHERE ( addtime >= 1489420800 AND addtime <= 1489507200 ) LIMIT 1   [ RunTime:0.017246s ]
SQL: SHOW COLUMNS FROM `tp_roll` [ RunTime:0.006737s ]
SQL: SELECT * FROM `tp_roll` WHERE ( isuse = 1 AND is_open = 0 AND start_time <= 1489496013 AND end_time >= 1489496013 ) LIMIT 1   [ RunTime:0.000312s ]
SQL: SELECT (sum(u.prize_money) - sum(u.add_money)) AS total_prize,u.user_id FROM tp_guess_user u LEFT JOIN tp_guess_field_question AS q ON q.guess_field_question_id = u.guess_field_question_id WHERE ( q.is_over = 1 AND u.is_pay = 1 ) GROUP BY u.user_id HAVING total_prize > 0 ORDER BY total_prize DESC LIMIT 5   [ RunTime:0.800170s ]

[ 2017-03-14T20:53:39+08:00 ] 127.0.0.1 /FrontGuess/guess_index
SQL: SHOW COLUMNS FROM `tp_config` [ RunTime:0.006056s ]
SQL: SELECT * FROM `tp_config`  [ RunTime:0.000467s ]
SQL: SELECT `user_id` FROM `tp_users` WHERE ( user_id = 39628 ) LIMIT 1   [ RunTime:0.000292s ]
SQL: SHOW COLUMNS FROM `tp_config` [ RunTime:0.002994s ]
SQL: SELECT `config_value` FROM `tp_config` WHERE ( config_name= "jsapi_ticket" ) LIMIT 1   [ RunTime:0.000243s ]
SQL: SELECT `config_value` FROM `tp_config` WHERE ( config_name= "jsapi_ticket_expire_time" ) LIMIT 1   [ RunTime:0.000173s ]
SQL: SHOW COLUMNS FROM `tp_guess_user` [ RunTime:0.006206s ]
SQL: SELECT count(*) AS people_num,sum(add_money) AS total_money FROM `tp_guess_user` WHERE ( addtime >= 1489420800 AND addtime <= 1489507200 ) LIMIT 1   [ RunTime:0.015188s ]
SQL: SHOW COLUMNS FROM `tp_roll` [ RunTime:0.006125s ]
SQL: SELECT * FROM `tp_roll` WHERE ( isuse = 1 AND is_open = 0 AND start_time <= 1489496018 AND end_time >= 1489496018 ) LIMIT 1   [ RunTime:0.000441s ]
SQL: SELECT (sum(u.prize_money) - sum(u.add_money)) AS total_prize,u.user_id FROM tp_guess_user u LEFT JOIN tp_guess_field_question AS q ON q.guess_field_question_id = u.guess_field_question_id WHERE ( q.is_over = 1 AND u.is_pay = 1 ) GROUP BY u.user_id HAVING total_prize > 0 ORDER BY total_prize DESC LIMIT 5   [ RunTime:0.776282s ]
SQL: SELECT `nickname`,`realname`,`username`,`headimgurl`,`id` FROM `tp_users` WHERE ( user_id = 40223 AND is_enable = 1 ) LIMIT 1   [ RunTime:0.002215s ]
SQL: SELECT `nickname`,`realname`,`username`,`headimgurl`,`id` FROM `tp_users` WHERE ( user_id = 40199 AND is_enable = 1 ) LIMIT 1   [ RunTime:0.003390s ]
SQL: SELECT `nickname`,`realname`,`username`,`headimgurl`,`id` FROM `tp_users` WHERE ( user_id = 45657 AND is_enable = 1 ) LIMIT 1   [ RunTime:0.003683s ]
SQL: SELECT `nickname`,`realname`,`username`,`headimgurl`,`id` FROM `tp_users` WHERE ( user_id = 40192 AND is_enable = 1 ) LIMIT 1   [ RunTime:0.000318s ]
SQL: SELECT `nickname`,`realname`,`username`,`headimgurl`,`id` FROM `tp_users` WHERE ( user_id = 41285 AND is_enable = 1 ) LIMIT 1   [ RunTime:0.002356s ]
SQL: SHOW COLUMNS FROM `tp_guess_type` [ RunTime:0.003865s ]
SQL: SELECT * FROM `tp_guess_type` WHERE ( isuse = 1 ) ORDER BY serial LIMIT 4   [ RunTime:0.000326s ]
SQL: SHOW COLUMNS FROM `tp_guess` [ RunTime:0.003494s ]
SQL: SELECT COUNT(*) AS tp_count FROM `tp_guess` WHERE ( guess_type_id = 14 AND is_over = 0 ) LIMIT 1   [ RunTime:0.001489s ]
SQL: SELECT COUNT(*) AS tp_count FROM `tp_guess` WHERE ( guess_type_id = 16 AND is_over = 0 ) LIMIT 1   [ RunTime:0.001566s ]
SQL: SELECT COUNT(*) AS tp_count FROM `tp_guess` WHERE ( guess_type_id = 15 AND is_over = 0 ) LIMIT 1   [ RunTime:0.001781s ]
SQL: SHOW COLUMNS FROM `tp_guess` [ RunTime:0.006832s ]
SQL: SELECT COUNT(*) AS tp_count FROM `tp_guess` WHERE ( isuse = 1 AND guess_type_id = 14 ) LIMIT 1   [ RunTime:0.001657s ]
SQL: SELECT COUNT(*) AS tp_count FROM `tp_guess` WHERE ( isuse = 1 AND guess_type_id = 14 AND is_over = 0 ) LIMIT 1   [ RunTime:0.001812s ]
SQL: SELECT * FROM `tp_guess` WHERE ( isuse = 1 AND start_time <= 1489496018 AND guess_type_id = 14 ) ORDER BY (case when first_field_time <= 1489496018 AND is_over = 0  then 0
            when first_field_time > "1489496018" AND  is_over = 0 then 1 
        else 2 end), serial LIMIT 0, 2   [ RunTime:0.002094s ]
SQL: SELECT * FROM `tp_guess` WHERE ( isuse = 1 AND start_time <= 1489496018 AND guess_type_id = 14 ) ORDER BY (case when first_field_time <= 1489496018 AND is_over = 0  then 0
            when first_field_time > "1489496018" AND  is_over = 0 then 1 
        else 2 end), over_time DESC LIMIT 2, 4   [ RunTime:0.003272s ]
SQL: SHOW COLUMNS FROM `tp_team` [ RunTime:0.006061s ]
SQL: SELECT * FROM `tp_team` WHERE ( team_id = 665 ) LIMIT 1   [ RunTime:0.003262s ]
SQL: SELECT * FROM `tp_team` WHERE ( team_id = 675 ) LIMIT 1   [ RunTime:0.000207s ]
SQL: SHOW COLUMNS FROM `tp_guess_field` [ RunTime:0.006672s ]
SQL: SELECT COUNT(*) AS tp_count FROM `tp_guess_field` WHERE ( isuse = 1 AND guess_id = 3823 ) LIMIT 1   [ RunTime:0.002918s ]
SQL: SELECT * FROM `tp_team` WHERE ( team_id = 928 ) LIMIT 1   [ RunTime:0.002400s ]
SQL: SELECT * FROM `tp_team` WHERE ( team_id = 666 ) LIMIT 1   [ RunTime:0.000374s ]
SQL: SELECT COUNT(*) AS tp_count FROM `tp_guess_field` WHERE ( isuse = 1 AND guess_id = 3824 ) LIMIT 1   [ RunTime:0.004508s ]
SQL: SELECT * FROM `tp_team` WHERE ( team_id = 110 ) LIMIT 1   [ RunTime:0.002433s ]
SQL: SELECT * FROM `tp_team` WHERE ( team_id = 675 ) LIMIT 1   [ RunTime:0.000346s ]
SQL: SELECT COUNT(*) AS tp_count FROM `tp_guess_field` WHERE ( isuse = 1 AND guess_id = 3822 ) LIMIT 1   [ RunTime:0.004257s ]
SQL: SELECT * FROM `tp_team` WHERE ( team_id = 156 ) LIMIT 1   [ RunTime:0.002363s ]
SQL: SELECT * FROM `tp_team` WHERE ( team_id = 995 ) LIMIT 1   [ RunTime:0.003482s ]
SQL: SELECT COUNT(*) AS tp_count FROM `tp_guess_field` WHERE ( isuse = 1 AND guess_id = 3817 ) LIMIT 1   [ RunTime:0.004191s ]
SQL: SELECT * FROM `tp_team` WHERE ( team_id = 646 ) LIMIT 1   [ RunTime:0.000318s ]
SQL: SELECT * FROM `tp_team` WHERE ( team_id = 1022 ) LIMIT 1   [ RunTime:0.002442s ]
SQL: SELECT COUNT(*) AS tp_count FROM `tp_guess_field` WHERE ( isuse = 1 AND guess_id = 3802 ) LIMIT 1   [ RunTime:0.003300s ]
SQL: SELECT * FROM `tp_team` WHERE ( team_id = 936 ) LIMIT 1   [ RunTime:0.000228s ]
SQL: SELECT * FROM `tp_team` WHERE ( team_id = 937 ) LIMIT 1   [ RunTime:0.000202s ]
SQL: SELECT COUNT(*) AS tp_count FROM `tp_guess_field` WHERE ( isuse = 1 AND guess_id = 3792 ) LIMIT 1   [ RunTime:0.002557s ]
SQL: SHOW COLUMNS FROM `tp_notice` [ RunTime:0.004183s ]
SQL: SELECT `notice_id` FROM `tp_notice` WHERE ( notice_sort_id = 2 AND isuse = 1 ) ORDER BY addtime DESC LIMIT 1   [ RunTime:0.003304s ]
SQL: SHOW COLUMNS FROM `tp_notice_txt` [ RunTime:0.003821s ]
SQL: SELECT `contents` FROM `tp_notice_txt` WHERE ( notice_id=5 ) LIMIT 1   [ RunTime:0.003454s ]

[ 2017-03-14T20:54:17+08:00 ] 127.0.0.1 /FrontGuess/guess_index
SQL: SHOW COLUMNS FROM `tp_config` [ RunTime:0.005945s ]
SQL: SELECT * FROM `tp_config`  [ RunTime:0.000441s ]
SQL: SELECT `user_id` FROM `tp_users` WHERE ( user_id = 39628 ) LIMIT 1   [ RunTime:0.000345s ]
SQL: SHOW COLUMNS FROM `tp_config` [ RunTime:0.006112s ]
SQL: SELECT `config_value` FROM `tp_config` WHERE ( config_name= "jsapi_ticket" ) LIMIT 1   [ RunTime:0.000303s ]
SQL: SELECT `config_value` FROM `tp_config` WHERE ( config_name= "jsapi_ticket_expire_time" ) LIMIT 1   [ RunTime:0.000355s ]
SQL: SHOW COLUMNS FROM `tp_guess_user` [ RunTime:0.006454s ]
SQL: SELECT count(*) AS people_num,sum(add_money) AS total_money FROM `tp_guess_user` WHERE ( addtime >= 1489420800 AND addtime <= 1489507200 ) LIMIT 1   [ RunTime:0.014535s ]
SQL: SHOW COLUMNS FROM `tp_roll` [ RunTime:0.002747s ]
SQL: SELECT * FROM `tp_roll` WHERE ( isuse = 1 AND is_open = 0 AND start_time <= 1489496057 AND end_time >= 1489496057 ) LIMIT 1   [ RunTime:0.000275s ]
SQL: SELECT (sum(u.prize_money) - sum(u.add_money)) AS total_prize,u.user_id FROM tp_guess_user u LEFT JOIN tp_guess_field_question AS q ON q.guess_field_question_id = u.guess_field_question_id WHERE ( q.is_over = 1 AND u.is_pay = 1 AND u.addtime >= 1489334400 AND u.addtime <= 1489939200 ) GROUP BY u.user_id HAVING total_prize > 0 ORDER BY total_prize DESC LIMIT 5   [ RunTime:0.017699s ]

[ 2017-03-14T20:54:18+08:00 ] 127.0.0.1 /FrontGuess/guess_index
SQL: SHOW COLUMNS FROM `tp_config` [ RunTime:0.006421s ]
SQL: SELECT * FROM `tp_config`  [ RunTime:0.000509s ]
SQL: SELECT `user_id` FROM `tp_users` WHERE ( user_id = 39628 ) LIMIT 1   [ RunTime:0.000274s ]
SQL: SHOW COLUMNS FROM `tp_config` [ RunTime:0.002888s ]
SQL: SELECT `config_value` FROM `tp_config` WHERE ( config_name= "jsapi_ticket" ) LIMIT 1   [ RunTime:0.000211s ]
SQL: SELECT `config_value` FROM `tp_config` WHERE ( config_name= "jsapi_ticket_expire_time" ) LIMIT 1   [ RunTime:0.000153s ]
SQL: SHOW COLUMNS FROM `tp_guess_user` [ RunTime:0.006203s ]
SQL: SELECT count(*) AS people_num,sum(add_money) AS total_money FROM `tp_guess_user` WHERE ( addtime >= 1489420800 AND addtime <= 1489507200 ) LIMIT 1   [ RunTime:0.013835s ]
SQL: SHOW COLUMNS FROM `tp_roll` [ RunTime:0.005970s ]
SQL: SELECT * FROM `tp_roll` WHERE ( isuse = 1 AND is_open = 0 AND start_time <= 1489496058 AND end_time >= 1489496058 ) LIMIT 1   [ RunTime:0.000290s ]
SQL: SELECT (sum(u.prize_money) - sum(u.add_money)) AS total_prize,u.user_id FROM tp_guess_user u LEFT JOIN tp_guess_field_question AS q ON q.guess_field_question_id = u.guess_field_question_id WHERE ( q.is_over = 1 AND u.is_pay = 1 AND u.addtime >= 1489334400 AND u.addtime <= 1489939200 ) GROUP BY u.user_id HAVING total_prize > 0 ORDER BY total_prize DESC LIMIT 5   [ RunTime:0.017853s ]

[ 2017-03-14T20:57:18+08:00 ] 127.0.0.1 /FrontGuess/guess_index
SQL: SHOW COLUMNS FROM `tp_config` [ RunTime:0.003982s ]
SQL: SELECT * FROM `tp_config`  [ RunTime:0.000335s ]
SQL: SELECT `user_id` FROM `tp_users` WHERE ( user_id = 39628 ) LIMIT 1   [ RunTime:0.000378s ]
SQL: SHOW COLUMNS FROM `tp_config` [ RunTime:0.004294s ]
SQL: SELECT `config_value` FROM `tp_config` WHERE ( config_name= "jsapi_ticket" ) LIMIT 1   [ RunTime:0.000215s ]
SQL: SELECT `config_value` FROM `tp_config` WHERE ( config_name= "jsapi_ticket_expire_time" ) LIMIT 1   [ RunTime:0.000159s ]
SQL: SHOW COLUMNS FROM `tp_guess_user` [ RunTime:0.007423s ]
SQL: SELECT count(*) AS people_num,sum(add_money) AS total_money FROM `tp_guess_user` WHERE ( addtime >= 1489420800 AND addtime <= 1489507200 ) LIMIT 1   [ RunTime:0.013226s ]
SQL: SHOW COLUMNS FROM `tp_roll` [ RunTime:0.007473s ]
SQL: SELECT * FROM `tp_roll` WHERE ( isuse = 1 AND is_open = 0 AND start_time <= 1489496238 AND end_time >= 1489496238 ) LIMIT 1   [ RunTime:0.000412s ]
SQL: SELECT (sum(u.prize_money) - sum(u.add_money)) AS total_prize,u.user_id FROM tp_guess_user u LEFT JOIN tp_guess_field_question AS q ON q.guess_field_question_id = u.guess_field_question_id WHERE ( q.is_over = 1 AND u.is_pay = 1 AND u.addtime >= 1489334400 AND u.addtime <= 1489939200 ) GROUP BY u.user_id HAVING total_prize > 0 ORDER BY total_prize DESC LIMIT 5   [ RunTime:0.019333s ]
SQL: SHOW COLUMNS FROM `tp_guess_type` [ RunTime:0.007191s ]
SQL: SELECT * FROM `tp_guess_type` WHERE ( isuse = 1 ) ORDER BY serial LIMIT 4   [ RunTime:0.000302s ]
SQL: SHOW COLUMNS FROM `tp_guess` [ RunTime:0.006565s ]
SQL: SELECT COUNT(*) AS tp_count FROM `tp_guess` WHERE ( guess_type_id = 14 AND is_over = 0 ) LIMIT 1   [ RunTime:0.002582s ]
SQL: SELECT COUNT(*) AS tp_count FROM `tp_guess` WHERE ( guess_type_id = 16 AND is_over = 0 ) LIMIT 1   [ RunTime:0.002022s ]
SQL: SELECT COUNT(*) AS tp_count FROM `tp_guess` WHERE ( guess_type_id = 15 AND is_over = 0 ) LIMIT 1   [ RunTime:0.002124s ]
SQL: SHOW COLUMNS FROM `tp_guess` [ RunTime:0.006478s ]
SQL: SELECT COUNT(*) AS tp_count FROM `tp_guess` WHERE ( isuse = 1 AND guess_type_id = 14 ) LIMIT 1   [ RunTime:0.002242s ]
SQL: SELECT COUNT(*) AS tp_count FROM `tp_guess` WHERE ( isuse = 1 AND guess_type_id = 14 AND is_over = 0 ) LIMIT 1   [ RunTime:0.002337s ]
SQL: SELECT * FROM `tp_guess` WHERE ( isuse = 1 AND start_time <= 1489496238 AND guess_type_id = 14 ) ORDER BY (case when first_field_time <= 1489496238 AND is_over = 0  then 0
            when first_field_time > "1489496238" AND  is_over = 0 then 1 
        else 2 end), serial LIMIT 0, 2   [ RunTime:0.002011s ]
SQL: SELECT * FROM `tp_guess` WHERE ( isuse = 1 AND start_time <= 1489496238 AND guess_type_id = 14 ) ORDER BY (case when first_field_time <= 1489496238 AND is_over = 0  then 0
            when first_field_time > "1489496238" AND  is_over = 0 then 1 
        else 2 end), over_time DESC LIMIT 2, 4   [ RunTime:0.002984s ]
SQL: SHOW COLUMNS FROM `tp_team` [ RunTime:0.003987s ]
SQL: SELECT * FROM `tp_team` WHERE ( team_id = 665 ) LIMIT 1   [ RunTime:0.003354s ]
SQL: SELECT * FROM `tp_team` WHERE ( team_id = 675 ) LIMIT 1   [ RunTime:0.000201s ]
SQL: SHOW COLUMNS FROM `tp_guess_field` [ RunTime:0.007996s ]
SQL: SELECT COUNT(*) AS tp_count FROM `tp_guess_field` WHERE ( isuse = 1 AND guess_id = 3823 ) LIMIT 1   [ RunTime:0.004251s ]
SQL: SELECT * FROM `tp_team` WHERE ( team_id = 928 ) LIMIT 1   [ RunTime:0.002188s ]
SQL: SELECT * FROM `tp_team` WHERE ( team_id = 666 ) LIMIT 1   [ RunTime:0.000248s ]
SQL: SELECT COUNT(*) AS tp_count FROM `tp_guess_field` WHERE ( isuse = 1 AND guess_id = 3824 ) LIMIT 1   [ RunTime:0.002477s ]
SQL: SELECT * FROM `tp_team` WHERE ( team_id = 110 ) LIMIT 1   [ RunTime:0.002203s ]
SQL: SELECT * FROM `tp_team` WHERE ( team_id = 675 ) LIMIT 1   [ RunTime:0.000343s ]
SQL: SELECT COUNT(*) AS tp_count FROM `tp_guess_field` WHERE ( isuse = 1 AND guess_id = 3822 ) LIMIT 1   [ RunTime:0.005117s ]
SQL: SELECT * FROM `tp_team` WHERE ( team_id = 156 ) LIMIT 1   [ RunTime:0.002440s ]
SQL: SELECT * FROM `tp_team` WHERE ( team_id = 995 ) LIMIT 1   [ RunTime:0.003177s ]
SQL: SELECT COUNT(*) AS tp_count FROM `tp_guess_field` WHERE ( isuse = 1 AND guess_id = 3817 ) LIMIT 1   [ RunTime:0.002881s ]
SQL: SELECT * FROM `tp_team` WHERE ( team_id = 646 ) LIMIT 1   [ RunTime:0.000307s ]
SQL: SELECT * FROM `tp_team` WHERE ( team_id = 1022 ) LIMIT 1   [ RunTime:0.002188s ]
SQL: SELECT COUNT(*) AS tp_count FROM `tp_guess_field` WHERE ( isuse = 1 AND guess_id = 3802 ) LIMIT 1   [ RunTime:0.002898s ]
SQL: SELECT * FROM `tp_team` WHERE ( team_id = 936 ) LIMIT 1   [ RunTime:0.000209s ]
SQL: SELECT * FROM `tp_team` WHERE ( team_id = 937 ) LIMIT 1   [ RunTime:0.000163s ]
SQL: SELECT COUNT(*) AS tp_count FROM `tp_guess_field` WHERE ( isuse = 1 AND guess_id = 3792 ) LIMIT 1   [ RunTime:0.002562s ]
SQL: SHOW COLUMNS FROM `tp_notice` [ RunTime:0.006090s ]
SQL: SELECT `notice_id` FROM `tp_notice` WHERE ( notice_sort_id = 2 AND isuse = 1 ) ORDER BY addtime DESC LIMIT 1   [ RunTime:0.002883s ]
SQL: SHOW COLUMNS FROM `tp_notice_txt` [ RunTime:0.007172s ]
SQL: SELECT `contents` FROM `tp_notice_txt` WHERE ( notice_id=5 ) LIMIT 1   [ RunTime:0.003165s ]

[ 2017-03-14T21:10:21+08:00 ] 127.0.0.1 /FrontGuess/guess_index
SQL: SHOW COLUMNS FROM `tp_config` [ RunTime:0.007538s ]
SQL: SELECT * FROM `tp_config`  [ RunTime:0.000535s ]
SQL: SELECT `user_id` FROM `tp_users` WHERE ( user_id = 39628 ) LIMIT 1   [ RunTime:0.001291s ]
SQL: SHOW COLUMNS FROM `tp_config` [ RunTime:0.013518s ]
SQL: SELECT `config_value` FROM `tp_config` WHERE ( config_name= "jsapi_ticket" ) LIMIT 1   [ RunTime:0.000588s ]
SQL: SELECT `config_value` FROM `tp_config` WHERE ( config_name= "jsapi_ticket_expire_time" ) LIMIT 1   [ RunTime:0.000549s ]
SQL: SHOW COLUMNS FROM `tp_guess_user` [ RunTime:0.004643s ]
SQL: SELECT count(*) AS people_num,sum(add_money) AS total_money FROM `tp_guess_user` WHERE ( addtime >= 1489420800 AND addtime <= 1489507200 ) LIMIT 1   [ RunTime:0.018850s ]
SQL: SHOW COLUMNS FROM `tp_roll` [ RunTime:0.005686s ]
SQL: SELECT * FROM `tp_roll` WHERE ( isuse = 1 AND is_open = 0 AND start_time <= 1489497021 AND end_time >= 1489497021 ) LIMIT 1   [ RunTime:0.000510s ]
SQL: SELECT (sum(u.prize_money) - sum(u.add_money)) AS total_prize,u.user_id FROM tp_guess_user u LEFT JOIN tp_guess_field_question AS q ON q.guess_field_question_id = u.guess_field_question_id WHERE ( q.is_over = 1 AND u.is_pay = 1 AND u.addtime >= 1489334400 AND u.addtime <= 1489939200 ) GROUP BY u.user_id HAVING total_prize > 0 ORDER BY total_prize DESC LIMIT 5   [ RunTime:0.026482s ]
SQL: SHOW COLUMNS FROM `tp_guess_type` [ RunTime:0.004122s ]
SQL: SELECT * FROM `tp_guess_type` WHERE ( isuse = 1 ) ORDER BY serial LIMIT 4   [ RunTime:0.000272s ]
SQL: SHOW COLUMNS FROM `tp_guess` [ RunTime:0.006906s ]
SQL: SELECT COUNT(*) AS tp_count FROM `tp_guess` WHERE ( guess_type_id = 14 AND is_over = 0 ) LIMIT 1   [ RunTime:0.002925s ]
SQL: SELECT COUNT(*) AS tp_count FROM `tp_guess` WHERE ( guess_type_id = 16 AND is_over = 0 ) LIMIT 1   [ RunTime:0.001947s ]
SQL: SELECT COUNT(*) AS tp_count FROM `tp_guess` WHERE ( guess_type_id = 15 AND is_over = 0 ) LIMIT 1   [ RunTime:0.001843s ]
SQL: SHOW COLUMNS FROM `tp_guess` [ RunTime:0.006907s ]
SQL: SELECT COUNT(*) AS tp_count FROM `tp_guess` WHERE ( isuse = 1 AND guess_type_id = 14 ) LIMIT 1   [ RunTime:0.003097s ]
SQL: SELECT COUNT(*) AS tp_count FROM `tp_guess` WHERE ( isuse = 1 AND guess_type_id = 14 AND is_over = 0 ) LIMIT 1   [ RunTime:0.001747s ]
SQL: SELECT * FROM `tp_guess` WHERE ( isuse = 1 AND start_time <= 1489497021 AND guess_type_id = 14 ) ORDER BY (case when first_field_time <= 1489497021 AND is_over = 0  then 0
            when first_field_time > "1489497021" AND  is_over = 0 then 1 
        else 2 end), serial LIMIT 0, 2   [ RunTime:0.002296s ]
SQL: SELECT * FROM `tp_guess` WHERE ( isuse = 1 AND start_time <= 1489497021 AND guess_type_id = 14 ) ORDER BY (case when first_field_time <= 1489497021 AND is_over = 0  then 0
            when first_field_time > "1489497021" AND  is_over = 0 then 1 
        else 2 end), over_time DESC LIMIT 2, 4   [ RunTime:0.002224s ]
SQL: SHOW COLUMNS FROM `tp_team` [ RunTime:0.007190s ]
SQL: SELECT * FROM `tp_team` WHERE ( team_id = 665 ) LIMIT 1   [ RunTime:0.003308s ]
SQL: SELECT * FROM `tp_team` WHERE ( team_id = 675 ) LIMIT 1   [ RunTime:0.000230s ]
SQL: SHOW COLUMNS FROM `tp_guess_field` [ RunTime:0.006856s ]
SQL: SELECT COUNT(*) AS tp_count FROM `tp_guess_field` WHERE ( isuse = 1 AND guess_id = 3823 ) LIMIT 1   [ RunTime:0.003175s ]
SQL: SELECT * FROM `tp_team` WHERE ( team_id = 928 ) LIMIT 1   [ RunTime:0.002199s ]
SQL: SELECT * FROM `tp_team` WHERE ( team_id = 666 ) LIMIT 1   [ RunTime:0.000183s ]
SQL: SELECT COUNT(*) AS tp_count FROM `tp_guess_field` WHERE ( isuse = 1 AND guess_id = 3824 ) LIMIT 1   [ RunTime:0.002709s ]
SQL: SELECT * FROM `tp_team` WHERE ( team_id = 110 ) LIMIT 1   [ RunTime:0.002313s ]
SQL: SELECT * FROM `tp_team` WHERE ( team_id = 675 ) LIMIT 1   [ RunTime:0.000239s ]
SQL: SELECT COUNT(*) AS tp_count FROM `tp_guess_field` WHERE ( isuse = 1 AND guess_id = 3822 ) LIMIT 1   [ RunTime:0.005451s ]
SQL: SELECT * FROM `tp_team` WHERE ( team_id = 156 ) LIMIT 1   [ RunTime:0.002532s ]
SQL: SELECT * FROM `tp_team` WHERE ( team_id = 995 ) LIMIT 1   [ RunTime:0.003464s ]
SQL: SELECT COUNT(*) AS tp_count FROM `tp_guess_field` WHERE ( isuse = 1 AND guess_id = 3817 ) LIMIT 1   [ RunTime:0.003475s ]
SQL: SELECT * FROM `tp_team` WHERE ( team_id = 646 ) LIMIT 1   [ RunTime:0.000241s ]
SQL: SELECT * FROM `tp_team` WHERE ( team_id = 1022 ) LIMIT 1   [ RunTime:0.002121s ]
SQL: SELECT COUNT(*) AS tp_count FROM `tp_guess_field` WHERE ( isuse = 1 AND guess_id = 3802 ) LIMIT 1   [ RunTime:0.003177s ]
SQL: SELECT * FROM `tp_team` WHERE ( team_id = 936 ) LIMIT 1   [ RunTime:0.000255s ]
SQL: SELECT * FROM `tp_team` WHERE ( team_id = 937 ) LIMIT 1   [ RunTime:0.000178s ]
SQL: SELECT COUNT(*) AS tp_count FROM `tp_guess_field` WHERE ( isuse = 1 AND guess_id = 3792 ) LIMIT 1   [ RunTime:0.003209s ]
SQL: SHOW COLUMNS FROM `tp_notice` [ RunTime:0.007301s ]
SQL: SELECT `notice_id` FROM `tp_notice` WHERE ( notice_sort_id = 2 AND isuse = 1 ) ORDER BY addtime DESC LIMIT 1   [ RunTime:0.003240s ]
SQL: SHOW COLUMNS FROM `tp_notice_txt` [ RunTime:0.007253s ]
SQL: SELECT `contents` FROM `tp_notice_txt` WHERE ( notice_id=5 ) LIMIT 1   [ RunTime:0.003097s ]

